CRITICAL - 2022-11-30 01:41:35 --> Undefined variable: googleButton
in APPPATH\Views\v_login.php on line 246.
 1 APPPATH\Views\v_login.php(246): CodeIgniter\Debug\Exceptions->errorHandler(8, 'Undefined variable: googleButton', 'APPPATH\\Views\\v_login.php', 246, [])
 2 SYSTEMPATH\View\View.php(213): include('APPPATH\\Views\\v_login.php')
 3 SYSTEMPATH\View\View.php(216): CodeIgniter\View\View->CodeIgniter\View\{closure}()
 4 SYSTEMPATH\Common.php(1135): CodeIgniter\View\View->render('v_login', [], true)
 5 APPPATH\Controllers\Home.php(29): view('v_login')
 6 SYSTEMPATH\CodeIgniter.php(896): App\Controllers\Home->login()
 7 SYSTEMPATH\CodeIgniter.php(466): CodeIgniter\CodeIgniter->runController(Object(App\Controllers\Home))
 8 SYSTEMPATH\CodeIgniter.php(349): CodeIgniter\CodeIgniter->handleRequest(null, Object(Config\Cache), false)
 9 FCPATH\index.php(55): CodeIgniter\CodeIgniter->run()
10 SYSTEMPATH\Commands\Server\rewrite.php(43): require_once('FCPATH\\index.php')
CRITICAL - 2022-11-30 01:44:22 --> Undefined variable: googleButton
in APPPATH\Views\v_login.php on line 247.
 1 APPPATH\Views\v_login.php(247): CodeIgniter\Debug\Exceptions->errorHandler(8, 'Undefined variable: googleButton', 'APPPATH\\Views\\v_login.php', 247, [])
 2 SYSTEMPATH\View\View.php(213): include('APPPATH\\Views\\v_login.php')
 3 SYSTEMPATH\View\View.php(216): CodeIgniter\View\View->CodeIgniter\View\{closure}()
 4 SYSTEMPATH\Common.php(1135): CodeIgniter\View\View->render('v_login', [], true)
 5 APPPATH\Controllers\Home.php(29): view('v_login')
 6 SYSTEMPATH\CodeIgniter.php(896): App\Controllers\Home->login()
 7 SYSTEMPATH\CodeIgniter.php(466): CodeIgniter\CodeIgniter->runController(Object(App\Controllers\Home))
 8 SYSTEMPATH\CodeIgniter.php(349): CodeIgniter\CodeIgniter->handleRequest(null, Object(Config\Cache), false)
 9 FCPATH\index.php(55): CodeIgniter\CodeIgniter->run()
10 SYSTEMPATH\Commands\Server\rewrite.php(43): require_once('FCPATH\\index.php')
CRITICAL - 2022-11-30 01:49:27 --> Undefined variable: googleButton
in APPPATH\Views\v_login.php on line 247.
 1 APPPATH\Views\v_login.php(247): CodeIgniter\Debug\Exceptions->errorHandler(8, 'Undefined variable: googleButton', 'APPPATH\\Views\\v_login.php', 247, [])
 2 SYSTEMPATH\View\View.php(213): include('APPPATH\\Views\\v_login.php')
 3 SYSTEMPATH\View\View.php(216): CodeIgniter\View\View->CodeIgniter\View\{closure}()
 4 SYSTEMPATH\Common.php(1135): CodeIgniter\View\View->render('v_login', [], true)
 5 APPPATH\Controllers\Home.php(49): view('v_login')
 6 SYSTEMPATH\CodeIgniter.php(896): App\Controllers\Home->login()
 7 SYSTEMPATH\CodeIgniter.php(466): CodeIgniter\CodeIgniter->runController(Object(App\Controllers\Home))
 8 SYSTEMPATH\CodeIgniter.php(349): CodeIgniter\CodeIgniter->handleRequest(null, Object(Config\Cache), false)
 9 FCPATH\index.php(55): CodeIgniter\CodeIgniter->run()
10 SYSTEMPATH\Commands\Server\rewrite.php(43): require_once('FCPATH\\index.php')
CRITICAL - 2022-11-30 01:51:45 --> Invalid code
in APPPATH\Libraries\vendor\google\apiclient\src\Google\Client.php on line 207.
 1 APPPATH\Controllers\Home.php(54): Google_Client->fetchAccessTokenWithAuthCode(null)
 2 SYSTEMPATH\CodeIgniter.php(896): App\Controllers\Home->loginWithGoogle()
 3 SYSTEMPATH\CodeIgniter.php(466): CodeIgniter\CodeIgniter->runController(Object(App\Controllers\Home))
 4 SYSTEMPATH\CodeIgniter.php(349): CodeIgniter\CodeIgniter->handleRequest(null, Object(Config\Cache), false)
 5 FCPATH\index.php(55): CodeIgniter\CodeIgniter->run()
 6 SYSTEMPATH\Commands\Server\rewrite.php(43): require_once('FCPATH\\index.php')
CRITICAL - 2022-11-30 01:54:08 --> Invalid code
in APPPATH\Libraries\vendor\google\apiclient\src\Google\Client.php on line 207.
 1 APPPATH\Controllers\Home.php(54): Google_Client->fetchAccessTokenWithAuthCode(null)
 2 SYSTEMPATH\CodeIgniter.php(896): App\Controllers\Home->loginWithGoogle()
 3 SYSTEMPATH\CodeIgniter.php(466): CodeIgniter\CodeIgniter->runController(Object(App\Controllers\Home))
 4 SYSTEMPATH\CodeIgniter.php(349): CodeIgniter\CodeIgniter->handleRequest(null, Object(Config\Cache), false)
 5 FCPATH\index.php(55): CodeIgniter\CodeIgniter->run()
 6 SYSTEMPATH\Commands\Server\rewrite.php(43): require_once('FCPATH\\index.php')
CRITICAL - 2022-11-30 01:54:13 --> Undefined variable: googleButton
in APPPATH\Views\v_login.php on line 247.
 1 APPPATH\Views\v_login.php(247): CodeIgniter\Debug\Exceptions->errorHandler(8, 'Undefined variable: googleButton', 'APPPATH\\Views\\v_login.php', 247, [])
 2 SYSTEMPATH\View\View.php(213): include('APPPATH\\Views\\v_login.php')
 3 SYSTEMPATH\View\View.php(216): CodeIgniter\View\View->CodeIgniter\View\{closure}()
 4 SYSTEMPATH\Common.php(1135): CodeIgniter\View\View->render('v_login', [], true)
 5 APPPATH\Controllers\Home.php(49): view('v_login')
 6 SYSTEMPATH\CodeIgniter.php(896): App\Controllers\Home->login()
 7 SYSTEMPATH\CodeIgniter.php(466): CodeIgniter\CodeIgniter->runController(Object(App\Controllers\Home))
 8 SYSTEMPATH\CodeIgniter.php(349): CodeIgniter\CodeIgniter->handleRequest(null, Object(Config\Cache), false)
 9 FCPATH\index.php(55): CodeIgniter\CodeIgniter->run()
10 SYSTEMPATH\Commands\Server\rewrite.php(43): require_once('FCPATH\\index.php')
CRITICAL - 2022-11-30 02:27:36 --> Maximum execution time of 60 seconds exceeded
in APPPATH\Libraries\vendor\guzzlehttp\guzzle\src\Handler\CurlHandler.php on line 45.
 1 [internal function]: CodeIgniter\Debug\Exceptions->shutdownHandler()
CRITICAL - 2022-11-30 02:34:04 --> cURL error 52: Empty reply from server (see https://curl.haxx.se/libcurl/c/libcurl-errors.html) for https://www.googleapis.com/oauth2/v2/userinfo
in APPPATH\Libraries\vendor\guzzlehttp\guzzle\src\Handler\CurlFactory.php on line 210.
 1 APPPATH\Libraries\vendor\guzzlehttp\guzzle\src\Handler\CurlFactory.php(158): GuzzleHttp\Handler\CurlFactory::createRejection(Object(GuzzleHttp\Handler\EasyHandle), [...])
 2 APPPATH\Libraries\vendor\guzzlehttp\guzzle\src\Handler\CurlFactory.php(110): GuzzleHttp\Handler\CurlFactory::finishError(Object(GuzzleHttp\Handler\CurlHandler), Object(GuzzleHttp\Handler\EasyHandle), Object(GuzzleHttp\Handler\CurlFactory))
 3 APPPATH\Libraries\vendor\guzzlehttp\guzzle\src\Handler\CurlHandler.php(47): GuzzleHttp\Handler\CurlFactory::finish(Object(GuzzleHttp\Handler\CurlHandler), Object(GuzzleHttp\Handler\EasyHandle), Object(GuzzleHttp\Handler\CurlFactory))
 4 APPPATH\Libraries\vendor\guzzlehttp\guzzle\src\Handler\Proxy.php(28): GuzzleHttp\Handler\CurlHandler->__invoke(Object(GuzzleHttp\Psr7\Request), [...])
 5 APPPATH\Libraries\vendor\guzzlehttp\guzzle\src\Handler\Proxy.php(48): GuzzleHttp\Handler\Proxy::GuzzleHttp\Handler\{closure}(Object(GuzzleHttp\Psr7\Request), [...])
 6 APPPATH\Libraries\vendor\google\auth\src\Middleware\ScopedAccessTokenMiddleware.php(125): GuzzleHttp\Handler\Proxy::GuzzleHttp\Handler\{closure}(Object(GuzzleHttp\Psr7\Request), [...])
 7 APPPATH\Libraries\vendor\guzzlehttp\guzzle\src\PrepareBodyMiddleware.php(35): Google\Auth\Middleware\ScopedAccessTokenMiddleware->Google\Auth\Middleware\{closure}(Object(GuzzleHttp\Psr7\Request), [...])
 8 APPPATH\Libraries\vendor\guzzlehttp\guzzle\src\Middleware.php(31): GuzzleHttp\PrepareBodyMiddleware->__invoke(Object(GuzzleHttp\Psr7\Request), [...])
 9 APPPATH\Libraries\vendor\guzzlehttp\guzzle\src\RedirectMiddleware.php(71): GuzzleHttp\Middleware::GuzzleHttp\{closure}(Object(GuzzleHttp\Psr7\Request), [...])
10 APPPATH\Libraries\vendor\guzzlehttp\guzzle\src\Middleware.php(63): GuzzleHttp\RedirectMiddleware->__invoke(Object(GuzzleHttp\Psr7\Request), [...])
11 APPPATH\Libraries\vendor\guzzlehttp\guzzle\src\HandlerStack.php(75): GuzzleHttp\Middleware::GuzzleHttp\{closure}(Object(GuzzleHttp\Psr7\Request), [...])
12 APPPATH\Libraries\vendor\guzzlehttp\guzzle\src\Client.php(331): GuzzleHttp\HandlerStack->__invoke(Object(GuzzleHttp\Psr7\Request), [...])
13 APPPATH\Libraries\vendor\guzzlehttp\guzzle\src\Client.php(107): GuzzleHttp\Client->transfer(Object(GuzzleHttp\Psr7\Request), [...])
14 APPPATH\Libraries\vendor\guzzlehttp\guzzle\src\Client.php(123): GuzzleHttp\Client->sendAsync(Object(GuzzleHttp\Psr7\Request), [...])
15 APPPATH\Libraries\vendor\google\auth\src\HttpHandler\Guzzle6HttpHandler.php(47): GuzzleHttp\Client->send(Object(GuzzleHttp\Psr7\Request), [...])
16 APPPATH\Libraries\vendor\google\apiclient\src\Google\Http\REST.php(78): Google\Auth\HttpHandler\Guzzle6HttpHandler->__invoke(Object(GuzzleHttp\Psr7\Request))
17 APPPATH\Libraries\vendor\google\apiclient\src\Google\Task\Runner.php(176): Google_Http_REST::doExecute(Object(GuzzleHttp\Client), Object(GuzzleHttp\Psr7\Request), 'Google\\Service\\Oauth2\\Userinfo')
18 APPPATH\Libraries\vendor\google\apiclient\src\Google\Http\REST.php(61): Google_Task_Runner->run()
19 APPPATH\Libraries\vendor\google\apiclient\src\Google\Client.php(866): Google_Http_REST::execute(Object(GuzzleHttp\Client), Object(GuzzleHttp\Psr7\Request), 'Google\\Service\\Oauth2\\Userinfo', [], null)
20 APPPATH\Libraries\vendor\google\apiclient\src\Google\Service\Resource.php(232): Google_Client->execute(Object(GuzzleHttp\Psr7\Request), 'Google\\Service\\Oauth2\\Userinfo')
21 APPPATH\Libraries\vendor\google\apiclient-services\src\Oauth2\Resource\Userinfo.php(42): Google_Service_Resource->call('get', [...], 'Google\\Service\\Oauth2\\Userinfo')
22 APPPATH\Controllers\Home.php(60): Google\Service\Oauth2\Resource\Userinfo->get()
23 SYSTEMPATH\CodeIgniter.php(896): App\Controllers\Home->loginWithGoogle()
24 SYSTEMPATH\CodeIgniter.php(466): CodeIgniter\CodeIgniter->runController(Object(App\Controllers\Home))
25 SYSTEMPATH\CodeIgniter.php(349): CodeIgniter\CodeIgniter->handleRequest(null, Object(Config\Cache), false)
26 FCPATH\index.php(55): CodeIgniter\CodeIgniter->run()
27 SYSTEMPATH\Commands\Server\rewrite.php(43): require_once('FCPATH\\index.php')
CRITICAL - 2022-11-30 03:05:21 --> syntax error, unexpected ';', expecting ')'
in APPPATH\Views\v_login.php on line 250.
 1 SYSTEMPATH\View\View.php(216): CodeIgniter\View\View->CodeIgniter\View\{closure}()
 2 SYSTEMPATH\Common.php(1135): CodeIgniter\View\View->render('v_login', [], true)
 3 APPPATH\Controllers\Home.php(49): view('v_login', [...])
 4 SYSTEMPATH\CodeIgniter.php(896): App\Controllers\Home->login()
 5 SYSTEMPATH\CodeIgniter.php(466): CodeIgniter\CodeIgniter->runController(Object(App\Controllers\Home))
 6 SYSTEMPATH\CodeIgniter.php(349): CodeIgniter\CodeIgniter->handleRequest(null, Object(Config\Cache), false)
 7 FCPATH\index.php(55): CodeIgniter\CodeIgniter->run()
 8 SYSTEMPATH\Commands\Server\rewrite.php(43): require_once('FCPATH\\index.php')
ERROR - 2022-11-30 06:17:04 --> Error connecting to the database: No connection could be made because the target machine actively refused it.

CRITICAL - 2022-11-30 06:17:04 --> Unable to connect to the database.
Main connection [MySQLi]: No connection could be made because the target machine actively refused it.

in SYSTEMPATH\Database\BaseConnection.php on line 416.
 1 SYSTEMPATH\Database\BaseConnection.php(586): CodeIgniter\Database\BaseConnection->initialize()
 2 SYSTEMPATH\Database\BaseBuilder.php(1718): CodeIgniter\Database\BaseConnection->query('SELECT *
FROM `user`
WHERE `oauth_id` = :oauth_id:', [...], false)
 3 APPPATH\Models\M_login.php(19): CodeIgniter\Database\BaseBuilder->getWhere([...])
 4 APPPATH\Controllers\Home.php(65): App\Models\M_login->isAlreadyRegister('116113486905623875501')
 5 SYSTEMPATH\CodeIgniter.php(896): App\Controllers\Home->loginWithGoogle()
 6 SYSTEMPATH\CodeIgniter.php(466): CodeIgniter\CodeIgniter->runController(Object(App\Controllers\Home))
 7 SYSTEMPATH\CodeIgniter.php(349): CodeIgniter\CodeIgniter->handleRequest(null, Object(Config\Cache), false)
 8 FCPATH\index.php(55): CodeIgniter\CodeIgniter->run()
 9 SYSTEMPATH\Commands\Server\rewrite.php(43): require_once('FCPATH\\index.php')
CRITICAL - 2022-11-30 06:17:25 --> Client error: `POST https://oauth2.googleapis.com/token` resulted in a `400 Bad Request` response:
{
  "error": "invalid_grant",
  "error_description": "Bad Request"
}

in APPPATH\Libraries\vendor\guzzlehttp\guzzle\src\Exception\RequestException.php on line 113.
 1 APPPATH\Libraries\vendor\guzzlehttp\guzzle\src\Middleware.php(69): GuzzleHttp\Exception\RequestException::create(Object(GuzzleHttp\Psr7\Request), Object(GuzzleHttp\Psr7\Response), null, [], null)
 2 APPPATH\Libraries\vendor\guzzlehttp\promises\src\Promise.php(204): GuzzleHttp\Middleware::GuzzleHttp\{closure}(Object(GuzzleHttp\Psr7\Response))
 3 APPPATH\Libraries\vendor\guzzlehttp\promises\src\Promise.php(153): GuzzleHttp\Promise\Promise::callHandler(1, Object(GuzzleHttp\Psr7\Response), null)
 4 APPPATH\Libraries\vendor\guzzlehttp\promises\src\TaskQueue.php(48): GuzzleHttp\Promise\Promise::GuzzleHttp\Promise\{closure}()
 5 APPPATH\Libraries\vendor\guzzlehttp\promises\src\Promise.php(248): GuzzleHttp\Promise\TaskQueue->run(true)
 6 APPPATH\Libraries\vendor\guzzlehttp\promises\src\Promise.php(224): GuzzleHttp\Promise\Promise->invokeWaitFn()
 7 APPPATH\Libraries\vendor\guzzlehttp\promises\src\Promise.php(269): GuzzleHttp\Promise\Promise->waitIfPending()
 8 APPPATH\Libraries\vendor\guzzlehttp\promises\src\Promise.php(226): GuzzleHttp\Promise\Promise->invokeWaitList()
 9 APPPATH\Libraries\vendor\guzzlehttp\promises\src\Promise.php(62): GuzzleHttp\Promise\Promise->waitIfPending()
10 APPPATH\Libraries\vendor\guzzlehttp\guzzle\src\Client.php(123): GuzzleHttp\Promise\Promise->wait()
11 APPPATH\Libraries\vendor\google\auth\src\HttpHandler\Guzzle6HttpHandler.php(47): GuzzleHttp\Client->send(Object(GuzzleHttp\Psr7\Request), [...])
12 APPPATH\Libraries\vendor\google\auth\src\OAuth2.php(544): Google\Auth\HttpHandler\Guzzle6HttpHandler->__invoke(Object(GuzzleHttp\Psr7\Request))
13 APPPATH\Libraries\vendor\google\apiclient\src\Google\Client.php(215): Google\Auth\OAuth2->fetchAuthToken(Object(Google\Auth\HttpHandler\Guzzle7HttpHandler))
14 APPPATH\Controllers\Home.php(54): Google_Client->fetchAccessTokenWithAuthCode('4/0AfgeXvtk_cZieDld2iOqnfB8GyAI9bw5oUMgLetbVQvJHsHUATN49NMlrAjpkHARJdL9sg')
15 SYSTEMPATH\CodeIgniter.php(896): App\Controllers\Home->loginWithGoogle()
16 SYSTEMPATH\CodeIgniter.php(466): CodeIgniter\CodeIgniter->runController(Object(App\Controllers\Home))
17 SYSTEMPATH\CodeIgniter.php(349): CodeIgniter\CodeIgniter->handleRequest(null, Object(Config\Cache), false)
18 FCPATH\index.php(55): CodeIgniter\CodeIgniter->run()
19 SYSTEMPATH\Commands\Server\rewrite.php(43): require_once('FCPATH\\index.php')
CRITICAL - 2022-11-30 06:17:35 --> Client error: `POST https://oauth2.googleapis.com/token` resulted in a `400 Bad Request` response:
{
  "error": "invalid_grant",
  "error_description": "Bad Request"
}

in APPPATH\Libraries\vendor\guzzlehttp\guzzle\src\Exception\RequestException.php on line 113.
 1 APPPATH\Libraries\vendor\guzzlehttp\guzzle\src\Middleware.php(69): GuzzleHttp\Exception\RequestException::create(Object(GuzzleHttp\Psr7\Request), Object(GuzzleHttp\Psr7\Response), null, [], null)
 2 APPPATH\Libraries\vendor\guzzlehttp\promises\src\Promise.php(204): GuzzleHttp\Middleware::GuzzleHttp\{closure}(Object(GuzzleHttp\Psr7\Response))
 3 APPPATH\Libraries\vendor\guzzlehttp\promises\src\Promise.php(153): GuzzleHttp\Promise\Promise::callHandler(1, Object(GuzzleHttp\Psr7\Response), null)
 4 APPPATH\Libraries\vendor\guzzlehttp\promises\src\TaskQueue.php(48): GuzzleHttp\Promise\Promise::GuzzleHttp\Promise\{closure}()
 5 APPPATH\Libraries\vendor\guzzlehttp\promises\src\Promise.php(248): GuzzleHttp\Promise\TaskQueue->run(true)
 6 APPPATH\Libraries\vendor\guzzlehttp\promises\src\Promise.php(224): GuzzleHttp\Promise\Promise->invokeWaitFn()
 7 APPPATH\Libraries\vendor\guzzlehttp\promises\src\Promise.php(269): GuzzleHttp\Promise\Promise->waitIfPending()
 8 APPPATH\Libraries\vendor\guzzlehttp\promises\src\Promise.php(226): GuzzleHttp\Promise\Promise->invokeWaitList()
 9 APPPATH\Libraries\vendor\guzzlehttp\promises\src\Promise.php(62): GuzzleHttp\Promise\Promise->waitIfPending()
10 APPPATH\Libraries\vendor\guzzlehttp\guzzle\src\Client.php(123): GuzzleHttp\Promise\Promise->wait()
11 APPPATH\Libraries\vendor\google\auth\src\HttpHandler\Guzzle6HttpHandler.php(47): GuzzleHttp\Client->send(Object(GuzzleHttp\Psr7\Request), [...])
12 APPPATH\Libraries\vendor\google\auth\src\OAuth2.php(544): Google\Auth\HttpHandler\Guzzle6HttpHandler->__invoke(Object(GuzzleHttp\Psr7\Request))
13 APPPATH\Libraries\vendor\google\apiclient\src\Google\Client.php(215): Google\Auth\OAuth2->fetchAuthToken(Object(Google\Auth\HttpHandler\Guzzle7HttpHandler))
14 APPPATH\Controllers\Home.php(54): Google_Client->fetchAccessTokenWithAuthCode('4/0AfgeXvtk_cZieDld2iOqnfB8GyAI9bw5oUMgLetbVQvJHsHUATN49NMlrAjpkHARJdL9sg')
15 SYSTEMPATH\CodeIgniter.php(896): App\Controllers\Home->loginWithGoogle()
16 SYSTEMPATH\CodeIgniter.php(466): CodeIgniter\CodeIgniter->runController(Object(App\Controllers\Home))
17 SYSTEMPATH\CodeIgniter.php(349): CodeIgniter\CodeIgniter->handleRequest(null, Object(Config\Cache), false)
18 FCPATH\index.php(55): CodeIgniter\CodeIgniter->run()
19 SYSTEMPATH\Commands\Server\rewrite.php(43): require_once('FCPATH\\index.php')
