CRITICAL - 2023-01-29 06:59:46 --> Undefined variable: notes
in APPPATH\Views\keranjang.php on line 97.
 1 APPPATH\Views\keranjang.php(97): CodeIgniter\Debug\Exceptions->errorHandler(8, 'Undefined variable: notes', 'APPPATH\\Views\\keranjang.php', 97, [...])
 2 SYSTEMPATH\View\View.php(213): include('APPPATH\\Views\\keranjang.php')
 3 SYSTEMPATH\View\View.php(216): CodeIgniter\View\View->CodeIgniter\View\{closure}()
 4 SYSTEMPATH\Common.php(1135): CodeIgniter\View\View->render('keranjang', [], true)
 5 APPPATH\Controllers\Keranjang.php(57): view('keranjang', [...])
 6 SYSTEMPATH\CodeIgniter.php(896): App\Controllers\Keranjang->keranjang()
 7 SYSTEMPATH\CodeIgniter.php(466): CodeIgniter\CodeIgniter->runController(Object(App\Controllers\Keranjang))
 8 SYSTEMPATH\CodeIgniter.php(349): CodeIgniter\CodeIgniter->handleRequest(null, Object(Config\Cache), false)
 9 FCPATH\index.php(55): CodeIgniter\CodeIgniter->run()
10 SYSTEMPATH\Commands\Server\rewrite.php(43): require_once('FCPATH\\index.php')
CRITICAL - 2023-01-29 07:00:07 --> Undefined variable: notes
in APPPATH\Views\keranjang.php on line 97.
 1 APPPATH\Views\keranjang.php(97): CodeIgniter\Debug\Exceptions->errorHandler(8, 'Undefined variable: notes', 'APPPATH\\Views\\keranjang.php', 97, [...])
 2 SYSTEMPATH\View\View.php(213): include('APPPATH\\Views\\keranjang.php')
 3 SYSTEMPATH\View\View.php(216): CodeIgniter\View\View->CodeIgniter\View\{closure}()
 4 SYSTEMPATH\Common.php(1135): CodeIgniter\View\View->render('keranjang', [], true)
 5 APPPATH\Controllers\Keranjang.php(57): view('keranjang', [...])
 6 SYSTEMPATH\CodeIgniter.php(896): App\Controllers\Keranjang->keranjang()
 7 SYSTEMPATH\CodeIgniter.php(466): CodeIgniter\CodeIgniter->runController(Object(App\Controllers\Keranjang))
 8 SYSTEMPATH\CodeIgniter.php(349): CodeIgniter\CodeIgniter->handleRequest(null, Object(Config\Cache), false)
 9 FCPATH\index.php(55): CodeIgniter\CodeIgniter->run()
10 SYSTEMPATH\Commands\Server\rewrite.php(43): require_once('FCPATH\\index.php')
CRITICAL - 2023-01-29 07:00:31 --> Undefined index: notes_pesanan
in APPPATH\Controllers\Keranjang.php on line 172.
 1 APPPATH\Controllers\Keranjang.php(172): CodeIgniter\Debug\Exceptions->errorHandler(8, 'Undefined index: notes_pesanan', 'APPPATH\\Controllers\\Keranjang.php', 172, [...])
 2 SYSTEMPATH\CodeIgniter.php(896): App\Controllers\Keranjang->simpan('$1')
 3 SYSTEMPATH\CodeIgniter.php(466): CodeIgniter\CodeIgniter->runController(Object(App\Controllers\Keranjang))
 4 SYSTEMPATH\CodeIgniter.php(349): CodeIgniter\CodeIgniter->handleRequest(null, Object(Config\Cache), false)
 5 FCPATH\index.php(55): CodeIgniter\CodeIgniter->run()
 6 SYSTEMPATH\Commands\Server\rewrite.php(43): require_once('FCPATH\\index.php')
CRITICAL - 2023-01-29 07:10:06 --> Array to string conversion
in APPPATH\Views\keranjang.php on line 98.
 1 APPPATH\Views\keranjang.php(98): CodeIgniter\Debug\Exceptions->errorHandler(8, 'Array to string conversion', 'APPPATH\\Views\\keranjang.php', 98, [...])
 2 SYSTEMPATH\View\View.php(213): include('APPPATH\\Views\\keranjang.php')
 3 SYSTEMPATH\View\View.php(216): CodeIgniter\View\View->CodeIgniter\View\{closure}()
 4 SYSTEMPATH\Common.php(1135): CodeIgniter\View\View->render('keranjang', [], true)
 5 APPPATH\Controllers\Keranjang.php(57): view('keranjang', [...])
 6 SYSTEMPATH\CodeIgniter.php(896): App\Controllers\Keranjang->keranjang()
 7 SYSTEMPATH\CodeIgniter.php(466): CodeIgniter\CodeIgniter->runController(Object(App\Controllers\Keranjang))
 8 SYSTEMPATH\CodeIgniter.php(349): CodeIgniter\CodeIgniter->handleRequest(null, Object(Config\Cache), false)
 9 FCPATH\index.php(55): CodeIgniter\CodeIgniter->run()
10 SYSTEMPATH\Commands\Server\rewrite.php(43): require_once('FCPATH\\index.php')
CRITICAL - 2023-01-29 07:16:35 --> Undefined variable: notes_pesanan
in APPPATH\Views\keranjang.php on line 97.
 1 APPPATH\Views\keranjang.php(97): CodeIgniter\Debug\Exceptions->errorHandler(8, 'Undefined variable: notes_pesanan', 'APPPATH\\Views\\keranjang.php', 97, [...])
 2 SYSTEMPATH\View\View.php(213): include('APPPATH\\Views\\keranjang.php')
 3 SYSTEMPATH\View\View.php(216): CodeIgniter\View\View->CodeIgniter\View\{closure}()
 4 SYSTEMPATH\Common.php(1135): CodeIgniter\View\View->render('keranjang', [], true)
 5 APPPATH\Controllers\Keranjang.php(57): view('keranjang', [...])
 6 SYSTEMPATH\CodeIgniter.php(896): App\Controllers\Keranjang->keranjang()
 7 SYSTEMPATH\CodeIgniter.php(466): CodeIgniter\CodeIgniter->runController(Object(App\Controllers\Keranjang))
 8 SYSTEMPATH\CodeIgniter.php(349): CodeIgniter\CodeIgniter->handleRequest(null, Object(Config\Cache), false)
 9 FCPATH\index.php(55): CodeIgniter\CodeIgniter->run()
10 SYSTEMPATH\Commands\Server\rewrite.php(43): require_once('FCPATH\\index.php')
CRITICAL - 2023-01-29 07:24:17 --> array_values() expects parameter 1 to be array, null given
in APPPATH\Controllers\Keranjang.php on line 55.
 1 [internal function]: CodeIgniter\Debug\Exceptions->errorHandler(2, 'array_values() expects parameter 1 to be array, null given', 'APPPATH\\Controllers\\Keranjang.php', 55, [])
 2 APPPATH\Controllers\Keranjang.php(55): array_values(null)
 3 SYSTEMPATH\CodeIgniter.php(896): App\Controllers\Keranjang->keranjang()
 4 SYSTEMPATH\CodeIgniter.php(466): CodeIgniter\CodeIgniter->runController(Object(App\Controllers\Keranjang))
 5 SYSTEMPATH\CodeIgniter.php(349): CodeIgniter\CodeIgniter->handleRequest(null, Object(Config\Cache), false)
 6 FCPATH\index.php(55): CodeIgniter\CodeIgniter->run()
 7 SYSTEMPATH\Commands\Server\rewrite.php(43): require_once('FCPATH\\index.php')
CRITICAL - 2023-01-29 07:37:09 --> Uninitialized string offset: 1
in APPPATH\Controllers\Keranjang.php on line 119.
 1 APPPATH\Controllers\Keranjang.php(119): CodeIgniter\Debug\Exceptions->errorHandler(8, 'Uninitialized string offset: 1', 'APPPATH\\Controllers\\Keranjang.php', 119, [...])
 2 SYSTEMPATH\CodeIgniter.php(896): App\Controllers\Keranjang->update('$1')
 3 SYSTEMPATH\CodeIgniter.php(466): CodeIgniter\CodeIgniter->runController(Object(App\Controllers\Keranjang))
 4 SYSTEMPATH\CodeIgniter.php(349): CodeIgniter\CodeIgniter->handleRequest(null, Object(Config\Cache), false)
 5 FCPATH\index.php(55): CodeIgniter\CodeIgniter->run()
 6 SYSTEMPATH\Commands\Server\rewrite.php(43): require_once('FCPATH\\index.php')
CRITICAL - 2023-01-29 07:37:28 --> Uninitialized string offset: 1
in APPPATH\Controllers\Keranjang.php on line 119.
 1 APPPATH\Controllers\Keranjang.php(119): CodeIgniter\Debug\Exceptions->errorHandler(8, 'Uninitialized string offset: 1', 'APPPATH\\Controllers\\Keranjang.php', 119, [...])
 2 SYSTEMPATH\CodeIgniter.php(896): App\Controllers\Keranjang->update('$1')
 3 SYSTEMPATH\CodeIgniter.php(466): CodeIgniter\CodeIgniter->runController(Object(App\Controllers\Keranjang))
 4 SYSTEMPATH\CodeIgniter.php(349): CodeIgniter\CodeIgniter->handleRequest(null, Object(Config\Cache), false)
 5 FCPATH\index.php(55): CodeIgniter\CodeIgniter->run()
 6 SYSTEMPATH\Commands\Server\rewrite.php(43): require_once('FCPATH\\index.php')
CRITICAL - 2023-01-29 07:37:59 --> Uninitialized string offset: 1
in APPPATH\Controllers\Keranjang.php on line 119.
 1 APPPATH\Controllers\Keranjang.php(119): CodeIgniter\Debug\Exceptions->errorHandler(8, 'Uninitialized string offset: 1', 'APPPATH\\Controllers\\Keranjang.php', 119, [...])
 2 SYSTEMPATH\CodeIgniter.php(896): App\Controllers\Keranjang->update('$1')
 3 SYSTEMPATH\CodeIgniter.php(466): CodeIgniter\CodeIgniter->runController(Object(App\Controllers\Keranjang))
 4 SYSTEMPATH\CodeIgniter.php(349): CodeIgniter\CodeIgniter->handleRequest(null, Object(Config\Cache), false)
 5 FCPATH\index.php(55): CodeIgniter\CodeIgniter->run()
 6 SYSTEMPATH\Commands\Server\rewrite.php(43): require_once('FCPATH\\index.php')
CRITICAL - 2023-01-29 07:58:14 --> Argument 1 passed to session() must be of the type string or null, array given, called in C:\xampp\htdocs\mansure\app\Controllers\Keranjang.php on line 120
in SYSTEMPATH\Common.php on line 930.
 1 APPPATH\Controllers\Keranjang.php(120): session([...], 'notes_pesanan')
 2 SYSTEMPATH\CodeIgniter.php(896): App\Controllers\Keranjang->update('$1')
 3 SYSTEMPATH\CodeIgniter.php(466): CodeIgniter\CodeIgniter->runController(Object(App\Controllers\Keranjang))
 4 SYSTEMPATH\CodeIgniter.php(349): CodeIgniter\CodeIgniter->handleRequest(null, Object(Config\Cache), false)
 5 FCPATH\index.php(55): CodeIgniter\CodeIgniter->run()
 6 SYSTEMPATH\Commands\Server\rewrite.php(43): require_once('FCPATH\\index.php')
CRITICAL - 2023-01-29 08:03:29 --> Array to string conversion
in APPPATH\Views\keranjang.php on line 97.
 1 APPPATH\Views\keranjang.php(97): CodeIgniter\Debug\Exceptions->errorHandler(8, 'Array to string conversion', 'APPPATH\\Views\\keranjang.php', 97, [...])
 2 SYSTEMPATH\View\View.php(213): include('APPPATH\\Views\\keranjang.php')
 3 SYSTEMPATH\View\View.php(216): CodeIgniter\View\View->CodeIgniter\View\{closure}()
 4 SYSTEMPATH\Common.php(1135): CodeIgniter\View\View->render('keranjang', [], true)
 5 APPPATH\Controllers\Keranjang.php(57): view('keranjang', [...])
 6 SYSTEMPATH\CodeIgniter.php(896): App\Controllers\Keranjang->keranjang()
 7 SYSTEMPATH\CodeIgniter.php(466): CodeIgniter\CodeIgniter->runController(Object(App\Controllers\Keranjang))
 8 SYSTEMPATH\CodeIgniter.php(349): CodeIgniter\CodeIgniter->handleRequest(null, Object(Config\Cache), false)
 9 FCPATH\index.php(55): CodeIgniter\CodeIgniter->run()
10 SYSTEMPATH\Commands\Server\rewrite.php(43): require_once('FCPATH\\index.php')
CRITICAL - 2023-01-29 08:03:32 --> Array to string conversion
in APPPATH\Views\keranjang.php on line 97.
 1 APPPATH\Views\keranjang.php(97): CodeIgniter\Debug\Exceptions->errorHandler(8, 'Array to string conversion', 'APPPATH\\Views\\keranjang.php', 97, [...])
 2 SYSTEMPATH\View\View.php(213): include('APPPATH\\Views\\keranjang.php')
 3 SYSTEMPATH\View\View.php(216): CodeIgniter\View\View->CodeIgniter\View\{closure}()
 4 SYSTEMPATH\Common.php(1135): CodeIgniter\View\View->render('keranjang', [], true)
 5 APPPATH\Controllers\Keranjang.php(57): view('keranjang', [...])
 6 SYSTEMPATH\CodeIgniter.php(896): App\Controllers\Keranjang->keranjang()
 7 SYSTEMPATH\CodeIgniter.php(466): CodeIgniter\CodeIgniter->runController(Object(App\Controllers\Keranjang))
 8 SYSTEMPATH\CodeIgniter.php(349): CodeIgniter\CodeIgniter->handleRequest(null, Object(Config\Cache), false)
 9 FCPATH\index.php(55): CodeIgniter\CodeIgniter->run()
10 SYSTEMPATH\Commands\Server\rewrite.php(43): require_once('FCPATH\\index.php')
CRITICAL - 2023-01-29 08:06:22 --> Undefined variable: notes_pesanan
in APPPATH\Views\keranjang.php on line 97.
 1 APPPATH\Views\keranjang.php(97): CodeIgniter\Debug\Exceptions->errorHandler(8, 'Undefined variable: notes_pesanan', 'APPPATH\\Views\\keranjang.php', 97, [...])
 2 SYSTEMPATH\View\View.php(213): include('APPPATH\\Views\\keranjang.php')
 3 SYSTEMPATH\View\View.php(216): CodeIgniter\View\View->CodeIgniter\View\{closure}()
 4 SYSTEMPATH\Common.php(1135): CodeIgniter\View\View->render('keranjang', [], true)
 5 APPPATH\Controllers\Keranjang.php(57): view('keranjang', [...])
 6 SYSTEMPATH\CodeIgniter.php(896): App\Controllers\Keranjang->keranjang()
 7 SYSTEMPATH\CodeIgniter.php(466): CodeIgniter\CodeIgniter->runController(Object(App\Controllers\Keranjang))
 8 SYSTEMPATH\CodeIgniter.php(349): CodeIgniter\CodeIgniter->handleRequest(null, Object(Config\Cache), false)
 9 FCPATH\index.php(55): CodeIgniter\CodeIgniter->run()
10 SYSTEMPATH\Commands\Server\rewrite.php(43): require_once('FCPATH\\index.php')
CRITICAL - 2023-01-29 08:06:42 --> Undefined variable: notes_pesanan
in APPPATH\Views\keranjang.php on line 97.
 1 APPPATH\Views\keranjang.php(97): CodeIgniter\Debug\Exceptions->errorHandler(8, 'Undefined variable: notes_pesanan', 'APPPATH\\Views\\keranjang.php', 97, [...])
 2 SYSTEMPATH\View\View.php(213): include('APPPATH\\Views\\keranjang.php')
 3 SYSTEMPATH\View\View.php(216): CodeIgniter\View\View->CodeIgniter\View\{closure}()
 4 SYSTEMPATH\Common.php(1135): CodeIgniter\View\View->render('keranjang', [], true)
 5 APPPATH\Controllers\Keranjang.php(57): view('keranjang', [...])
 6 SYSTEMPATH\CodeIgniter.php(896): App\Controllers\Keranjang->keranjang()
 7 SYSTEMPATH\CodeIgniter.php(466): CodeIgniter\CodeIgniter->runController(Object(App\Controllers\Keranjang))
 8 SYSTEMPATH\CodeIgniter.php(349): CodeIgniter\CodeIgniter->handleRequest(null, Object(Config\Cache), false)
 9 FCPATH\index.php(55): CodeIgniter\CodeIgniter->run()
10 SYSTEMPATH\Commands\Server\rewrite.php(43): require_once('FCPATH\\index.php')
CRITICAL - 2023-01-29 09:06:43 --> array_values() expects parameter 1 to be array, null given
in APPPATH\Controllers\Keranjang.php on line 55.
 1 [internal function]: CodeIgniter\Debug\Exceptions->errorHandler(2, 'array_values() expects parameter 1 to be array, null given', 'APPPATH\\Controllers\\Keranjang.php', 55, [])
 2 APPPATH\Controllers\Keranjang.php(55): array_values(null)
 3 SYSTEMPATH\CodeIgniter.php(896): App\Controllers\Keranjang->keranjang()
 4 SYSTEMPATH\CodeIgniter.php(466): CodeIgniter\CodeIgniter->runController(Object(App\Controllers\Keranjang))
 5 SYSTEMPATH\CodeIgniter.php(349): CodeIgniter\CodeIgniter->handleRequest(null, Object(Config\Cache), false)
 6 FCPATH\index.php(55): CodeIgniter\CodeIgniter->run()
 7 SYSTEMPATH\Commands\Server\rewrite.php(43): require_once('FCPATH\\index.php')
CRITICAL - 2023-01-29 09:16:55 --> array_values() expects parameter 1 to be array, string given
in APPPATH\Controllers\Keranjang.php on line 103.
 1 [internal function]: CodeIgniter\Debug\Exceptions->errorHandler(2, 'array_values() expects parameter 1 to be array, string given', 'APPPATH\\Controllers\\Keranjang.php', 103, [...])
 2 APPPATH\Controllers\Keranjang.php(103): array_values('cobaya')
 3 SYSTEMPATH\CodeIgniter.php(896): App\Controllers\Keranjang->update('$1')
 4 SYSTEMPATH\CodeIgniter.php(466): CodeIgniter\CodeIgniter->runController(Object(App\Controllers\Keranjang))
 5 SYSTEMPATH\CodeIgniter.php(349): CodeIgniter\CodeIgniter->handleRequest(null, Object(Config\Cache), false)
 6 FCPATH\index.php(55): CodeIgniter\CodeIgniter->run()
 7 SYSTEMPATH\Commands\Server\rewrite.php(43): require_once('FCPATH\\index.php')
CRITICAL - 2023-01-29 09:34:49 --> Array to string conversion
in APPPATH\Views\keranjang.php on line 127.
 1 APPPATH\Views\keranjang.php(127): CodeIgniter\Debug\Exceptions->errorHandler(8, 'Array to string conversion', 'APPPATH\\Views\\keranjang.php', 127, [...])
 2 SYSTEMPATH\View\View.php(213): include('APPPATH\\Views\\keranjang.php')
 3 SYSTEMPATH\View\View.php(216): CodeIgniter\View\View->CodeIgniter\View\{closure}()
 4 SYSTEMPATH\Common.php(1135): CodeIgniter\View\View->render('keranjang', [], true)
 5 APPPATH\Controllers\Keranjang.php(57): view('keranjang', [...])
 6 SYSTEMPATH\CodeIgniter.php(896): App\Controllers\Keranjang->keranjang()
 7 SYSTEMPATH\CodeIgniter.php(466): CodeIgniter\CodeIgniter->runController(Object(App\Controllers\Keranjang))
 8 SYSTEMPATH\CodeIgniter.php(349): CodeIgniter\CodeIgniter->handleRequest(null, Object(Config\Cache), false)
 9 FCPATH\index.php(55): CodeIgniter\CodeIgniter->run()
10 SYSTEMPATH\Commands\Server\rewrite.php(43): require_once('FCPATH\\index.php')
CRITICAL - 2023-01-29 09:38:08 --> array_values() expects parameter 1 to be array, null given
in APPPATH\Controllers\Keranjang.php on line 55.
 1 [internal function]: CodeIgniter\Debug\Exceptions->errorHandler(2, 'array_values() expects parameter 1 to be array, null given', 'APPPATH\\Controllers\\Keranjang.php', 55, [])
 2 APPPATH\Controllers\Keranjang.php(55): array_values(null)
 3 SYSTEMPATH\CodeIgniter.php(896): App\Controllers\Keranjang->keranjang()
 4 SYSTEMPATH\CodeIgniter.php(466): CodeIgniter\CodeIgniter->runController(Object(App\Controllers\Keranjang))
 5 SYSTEMPATH\CodeIgniter.php(349): CodeIgniter\CodeIgniter->handleRequest(null, Object(Config\Cache), false)
 6 FCPATH\index.php(55): CodeIgniter\CodeIgniter->run()
 7 SYSTEMPATH\Commands\Server\rewrite.php(43): require_once('FCPATH\\index.php')
CRITICAL - 2023-01-29 09:41:55 --> array_values() expects parameter 1 to be array, null given
in APPPATH\Controllers\Keranjang.php on line 55.
 1 [internal function]: CodeIgniter\Debug\Exceptions->errorHandler(2, 'array_values() expects parameter 1 to be array, null given', 'APPPATH\\Controllers\\Keranjang.php', 55, [])
 2 APPPATH\Controllers\Keranjang.php(55): array_values(null)
 3 SYSTEMPATH\CodeIgniter.php(896): App\Controllers\Keranjang->keranjang()
 4 SYSTEMPATH\CodeIgniter.php(466): CodeIgniter\CodeIgniter->runController(Object(App\Controllers\Keranjang))
 5 SYSTEMPATH\CodeIgniter.php(349): CodeIgniter\CodeIgniter->handleRequest(null, Object(Config\Cache), false)
 6 FCPATH\index.php(55): CodeIgniter\CodeIgniter->run()
 7 SYSTEMPATH\Commands\Server\rewrite.php(43): require_once('FCPATH\\index.php')
CRITICAL - 2023-01-29 09:45:58 --> array_values() expects parameter 1 to be array, null given
in APPPATH\Controllers\Keranjang.php on line 142.
 1 [internal function]: CodeIgniter\Debug\Exceptions->errorHandler(2, 'array_values() expects parameter 1 to be array, null given', 'APPPATH\\Controllers\\Keranjang.php', 142, [...])
 2 APPPATH\Controllers\Keranjang.php(142): array_values(null)
 3 APPPATH\Controllers\Keranjang.php(52): App\Controllers\Keranjang->total()
 4 SYSTEMPATH\CodeIgniter.php(896): App\Controllers\Keranjang->keranjang()
 5 SYSTEMPATH\CodeIgniter.php(466): CodeIgniter\CodeIgniter->runController(Object(App\Controllers\Keranjang))
 6 SYSTEMPATH\CodeIgniter.php(349): CodeIgniter\CodeIgniter->handleRequest(null, Object(Config\Cache), false)
 7 FCPATH\index.php(55): CodeIgniter\CodeIgniter->run()
 8 SYSTEMPATH\Commands\Server\rewrite.php(43): require_once('FCPATH\\index.php')
CRITICAL - 2023-01-29 09:47:03 --> array_values() expects parameter 1 to be array, null given
in APPPATH\Controllers\Keranjang.php on line 52.
 1 [internal function]: CodeIgniter\Debug\Exceptions->errorHandler(2, 'array_values() expects parameter 1 to be array, null given', 'APPPATH\\Controllers\\Keranjang.php', 52, [...])
 2 APPPATH\Controllers\Keranjang.php(52): array_values(null)
 3 SYSTEMPATH\CodeIgniter.php(896): App\Controllers\Keranjang->keranjang()
 4 SYSTEMPATH\CodeIgniter.php(466): CodeIgniter\CodeIgniter->runController(Object(App\Controllers\Keranjang))
 5 SYSTEMPATH\CodeIgniter.php(349): CodeIgniter\CodeIgniter->handleRequest(null, Object(Config\Cache), false)
 6 FCPATH\index.php(55): CodeIgniter\CodeIgniter->run()
 7 SYSTEMPATH\Commands\Server\rewrite.php(43): require_once('FCPATH\\index.php')
CRITICAL - 2023-01-29 09:50:34 --> array_values() expects parameter 1 to be array, null given
in APPPATH\Controllers\Keranjang.php on line 52.
 1 [internal function]: CodeIgniter\Debug\Exceptions->errorHandler(2, 'array_values() expects parameter 1 to be array, null given', 'APPPATH\\Controllers\\Keranjang.php', 52, [...])
 2 APPPATH\Controllers\Keranjang.php(52): array_values(null)
 3 SYSTEMPATH\CodeIgniter.php(896): App\Controllers\Keranjang->keranjang()
 4 SYSTEMPATH\CodeIgniter.php(466): CodeIgniter\CodeIgniter->runController(Object(App\Controllers\Keranjang))
 5 SYSTEMPATH\CodeIgniter.php(349): CodeIgniter\CodeIgniter->handleRequest(null, Object(Config\Cache), false)
 6 FCPATH\index.php(55): CodeIgniter\CodeIgniter->run()
 7 SYSTEMPATH\Commands\Server\rewrite.php(43): require_once('FCPATH\\index.php')
CRITICAL - 2023-01-29 09:50:38 --> array_values() expects parameter 1 to be array, null given
in APPPATH\Controllers\Keranjang.php on line 52.
 1 [internal function]: CodeIgniter\Debug\Exceptions->errorHandler(2, 'array_values() expects parameter 1 to be array, null given', 'APPPATH\\Controllers\\Keranjang.php', 52, [...])
 2 APPPATH\Controllers\Keranjang.php(52): array_values(null)
 3 SYSTEMPATH\CodeIgniter.php(896): App\Controllers\Keranjang->keranjang()
 4 SYSTEMPATH\CodeIgniter.php(466): CodeIgniter\CodeIgniter->runController(Object(App\Controllers\Keranjang))
 5 SYSTEMPATH\CodeIgniter.php(349): CodeIgniter\CodeIgniter->handleRequest(null, Object(Config\Cache), false)
 6 FCPATH\index.php(55): CodeIgniter\CodeIgniter->run()
 7 SYSTEMPATH\Commands\Server\rewrite.php(43): require_once('FCPATH\\index.php')
CRITICAL - 2023-01-29 10:19:43 --> array_values() expects parameter 1 to be array, null given
in APPPATH\Controllers\Keranjang.php on line 52.
 1 [internal function]: CodeIgniter\Debug\Exceptions->errorHandler(2, 'array_values() expects parameter 1 to be array, null given', 'APPPATH\\Controllers\\Keranjang.php', 52, [...])
 2 APPPATH\Controllers\Keranjang.php(52): array_values(null)
 3 SYSTEMPATH\CodeIgniter.php(896): App\Controllers\Keranjang->keranjang()
 4 SYSTEMPATH\CodeIgniter.php(466): CodeIgniter\CodeIgniter->runController(Object(App\Controllers\Keranjang))
 5 SYSTEMPATH\CodeIgniter.php(349): CodeIgniter\CodeIgniter->handleRequest(null, Object(Config\Cache), false)
 6 FCPATH\index.php(55): CodeIgniter\CodeIgniter->run()
 7 SYSTEMPATH\Commands\Server\rewrite.php(43): require_once('FCPATH\\index.php')
CRITICAL - 2023-01-29 10:20:08 --> array_values() expects parameter 1 to be array, null given
in APPPATH\Controllers\Keranjang.php on line 51.
 1 [internal function]: CodeIgniter\Debug\Exceptions->errorHandler(2, 'array_values() expects parameter 1 to be array, null given', 'APPPATH\\Controllers\\Keranjang.php', 51, [])
 2 APPPATH\Controllers\Keranjang.php(51): array_values(null)
 3 SYSTEMPATH\CodeIgniter.php(896): App\Controllers\Keranjang->keranjang()
 4 SYSTEMPATH\CodeIgniter.php(466): CodeIgniter\CodeIgniter->runController(Object(App\Controllers\Keranjang))
 5 SYSTEMPATH\CodeIgniter.php(349): CodeIgniter\CodeIgniter->handleRequest(null, Object(Config\Cache), false)
 6 FCPATH\index.php(55): CodeIgniter\CodeIgniter->run()
 7 SYSTEMPATH\Commands\Server\rewrite.php(43): require_once('FCPATH\\index.php')
CRITICAL - 2023-01-29 10:27:00 --> array_values() expects parameter 1 to be array, null given
in APPPATH\Controllers\Keranjang.php on line 51.
 1 [internal function]: CodeIgniter\Debug\Exceptions->errorHandler(2, 'array_values() expects parameter 1 to be array, null given', 'APPPATH\\Controllers\\Keranjang.php', 51, [])
 2 APPPATH\Controllers\Keranjang.php(51): array_values(null)
 3 SYSTEMPATH\CodeIgniter.php(896): App\Controllers\Keranjang->keranjang()
 4 SYSTEMPATH\CodeIgniter.php(466): CodeIgniter\CodeIgniter->runController(Object(App\Controllers\Keranjang))
 5 SYSTEMPATH\CodeIgniter.php(349): CodeIgniter\CodeIgniter->handleRequest(null, Object(Config\Cache), false)
 6 FCPATH\index.php(55): CodeIgniter\CodeIgniter->run()
 7 SYSTEMPATH\Commands\Server\rewrite.php(43): require_once('FCPATH\\index.php')
CRITICAL - 2023-01-29 10:27:08 --> array_values() expects parameter 1 to be array, null given
in APPPATH\Controllers\Keranjang.php on line 51.
 1 [internal function]: CodeIgniter\Debug\Exceptions->errorHandler(2, 'array_values() expects parameter 1 to be array, null given', 'APPPATH\\Controllers\\Keranjang.php', 51, [])
 2 APPPATH\Controllers\Keranjang.php(51): array_values(null)
 3 SYSTEMPATH\CodeIgniter.php(896): App\Controllers\Keranjang->keranjang()
 4 SYSTEMPATH\CodeIgniter.php(466): CodeIgniter\CodeIgniter->runController(Object(App\Controllers\Keranjang))
 5 SYSTEMPATH\CodeIgniter.php(349): CodeIgniter\CodeIgniter->handleRequest(null, Object(Config\Cache), false)
 6 FCPATH\index.php(55): CodeIgniter\CodeIgniter->run()
 7 SYSTEMPATH\Commands\Server\rewrite.php(43): require_once('FCPATH\\index.php')
CRITICAL - 2023-01-29 10:27:31 --> array_values() expects parameter 1 to be array, null given
in APPPATH\Controllers\Keranjang.php on line 51.
 1 [internal function]: CodeIgniter\Debug\Exceptions->errorHandler(2, 'array_values() expects parameter 1 to be array, null given', 'APPPATH\\Controllers\\Keranjang.php', 51, [])
 2 APPPATH\Controllers\Keranjang.php(51): array_values(null)
 3 SYSTEMPATH\CodeIgniter.php(896): App\Controllers\Keranjang->keranjang()
 4 SYSTEMPATH\CodeIgniter.php(466): CodeIgniter\CodeIgniter->runController(Object(App\Controllers\Keranjang))
 5 SYSTEMPATH\CodeIgniter.php(349): CodeIgniter\CodeIgniter->handleRequest(null, Object(Config\Cache), false)
 6 FCPATH\index.php(55): CodeIgniter\CodeIgniter->run()
 7 SYSTEMPATH\Commands\Server\rewrite.php(43): require_once('FCPATH\\index.php')
CRITICAL - 2023-01-29 10:30:09 --> array_values() expects parameter 1 to be array, null given
in APPPATH\Controllers\Keranjang.php on line 51.
 1 [internal function]: CodeIgniter\Debug\Exceptions->errorHandler(2, 'array_values() expects parameter 1 to be array, null given', 'APPPATH\\Controllers\\Keranjang.php', 51, [])
 2 APPPATH\Controllers\Keranjang.php(51): array_values(null)
 3 SYSTEMPATH\CodeIgniter.php(896): App\Controllers\Keranjang->keranjang()
 4 SYSTEMPATH\CodeIgniter.php(466): CodeIgniter\CodeIgniter->runController(Object(App\Controllers\Keranjang))
 5 SYSTEMPATH\CodeIgniter.php(349): CodeIgniter\CodeIgniter->handleRequest(null, Object(Config\Cache), false)
 6 FCPATH\index.php(55): CodeIgniter\CodeIgniter->run()
 7 SYSTEMPATH\Commands\Server\rewrite.php(43): require_once('FCPATH\\index.php')
CRITICAL - 2023-01-29 10:32:14 --> array_values() expects parameter 1 to be array, null given
in APPPATH\Controllers\Keranjang.php on line 51.
 1 [internal function]: CodeIgniter\Debug\Exceptions->errorHandler(2, 'array_values() expects parameter 1 to be array, null given', 'APPPATH\\Controllers\\Keranjang.php', 51, [])
 2 APPPATH\Controllers\Keranjang.php(51): array_values(null)
 3 SYSTEMPATH\CodeIgniter.php(896): App\Controllers\Keranjang->keranjang()
 4 SYSTEMPATH\CodeIgniter.php(466): CodeIgniter\CodeIgniter->runController(Object(App\Controllers\Keranjang))
 5 SYSTEMPATH\CodeIgniter.php(349): CodeIgniter\CodeIgniter->handleRequest(null, Object(Config\Cache), false)
 6 FCPATH\index.php(55): CodeIgniter\CodeIgniter->run()
 7 SYSTEMPATH\Commands\Server\rewrite.php(43): require_once('FCPATH\\index.php')
CRITICAL - 2023-01-29 10:33:42 --> array_values() expects parameter 1 to be array, null given
in APPPATH\Controllers\Keranjang.php on line 51.
 1 [internal function]: CodeIgniter\Debug\Exceptions->errorHandler(2, 'array_values() expects parameter 1 to be array, null given', 'APPPATH\\Controllers\\Keranjang.php', 51, [])
 2 APPPATH\Controllers\Keranjang.php(51): array_values(null)
 3 SYSTEMPATH\CodeIgniter.php(896): App\Controllers\Keranjang->keranjang()
 4 SYSTEMPATH\CodeIgniter.php(466): CodeIgniter\CodeIgniter->runController(Object(App\Controllers\Keranjang))
 5 SYSTEMPATH\CodeIgniter.php(349): CodeIgniter\CodeIgniter->handleRequest(null, Object(Config\Cache), false)
 6 FCPATH\index.php(55): CodeIgniter\CodeIgniter->run()
 7 SYSTEMPATH\Commands\Server\rewrite.php(43): require_once('FCPATH\\index.php')
CRITICAL - 2023-01-29 10:33:44 --> array_values() expects parameter 1 to be array, null given
in APPPATH\Controllers\Keranjang.php on line 51.
 1 [internal function]: CodeIgniter\Debug\Exceptions->errorHandler(2, 'array_values() expects parameter 1 to be array, null given', 'APPPATH\\Controllers\\Keranjang.php', 51, [])
 2 APPPATH\Controllers\Keranjang.php(51): array_values(null)
 3 SYSTEMPATH\CodeIgniter.php(896): App\Controllers\Keranjang->keranjang()
 4 SYSTEMPATH\CodeIgniter.php(466): CodeIgniter\CodeIgniter->runController(Object(App\Controllers\Keranjang))
 5 SYSTEMPATH\CodeIgniter.php(349): CodeIgniter\CodeIgniter->handleRequest(null, Object(Config\Cache), false)
 6 FCPATH\index.php(55): CodeIgniter\CodeIgniter->run()
 7 SYSTEMPATH\Commands\Server\rewrite.php(43): require_once('FCPATH\\index.php')
CRITICAL - 2023-01-29 10:37:51 --> array_values() expects parameter 1 to be array, null given
in APPPATH\Controllers\Keranjang.php on line 151.
 1 [internal function]: CodeIgniter\Debug\Exceptions->errorHandler(2, 'array_values() expects parameter 1 to be array, null given', 'APPPATH\\Controllers\\Keranjang.php', 151, [...])
 2 APPPATH\Controllers\Keranjang.php(151): array_values(null)
 3 APPPATH\Controllers\Keranjang.php(55): App\Controllers\Keranjang->total()
 4 SYSTEMPATH\CodeIgniter.php(896): App\Controllers\Keranjang->keranjang()
 5 SYSTEMPATH\CodeIgniter.php(466): CodeIgniter\CodeIgniter->runController(Object(App\Controllers\Keranjang))
 6 SYSTEMPATH\CodeIgniter.php(349): CodeIgniter\CodeIgniter->handleRequest(null, Object(Config\Cache), false)
 7 FCPATH\index.php(55): CodeIgniter\CodeIgniter->run()
 8 SYSTEMPATH\Commands\Server\rewrite.php(43): require_once('FCPATH\\index.php')
CRITICAL - 2023-01-29 10:39:07 --> array_values() expects parameter 1 to be array, null given
in APPPATH\Controllers\Keranjang.php on line 151.
 1 [internal function]: CodeIgniter\Debug\Exceptions->errorHandler(2, 'array_values() expects parameter 1 to be array, null given', 'APPPATH\\Controllers\\Keranjang.php', 151, [...])
 2 APPPATH\Controllers\Keranjang.php(151): array_values(null)
 3 APPPATH\Controllers\Keranjang.php(55): App\Controllers\Keranjang->total()
 4 SYSTEMPATH\CodeIgniter.php(896): App\Controllers\Keranjang->keranjang()
 5 SYSTEMPATH\CodeIgniter.php(466): CodeIgniter\CodeIgniter->runController(Object(App\Controllers\Keranjang))
 6 SYSTEMPATH\CodeIgniter.php(349): CodeIgniter\CodeIgniter->handleRequest(null, Object(Config\Cache), false)
 7 FCPATH\index.php(55): CodeIgniter\CodeIgniter->run()
 8 SYSTEMPATH\Commands\Server\rewrite.php(43): require_once('FCPATH\\index.php')
CRITICAL - 2023-01-29 10:39:44 --> array_values() expects parameter 1 to be array, null given
in APPPATH\Controllers\Keranjang.php on line 153.
 1 [internal function]: CodeIgniter\Debug\Exceptions->errorHandler(2, 'array_values() expects parameter 1 to be array, null given', 'APPPATH\\Controllers\\Keranjang.php', 153, [...])
 2 APPPATH\Controllers\Keranjang.php(153): array_values(null)
 3 APPPATH\Controllers\Keranjang.php(55): App\Controllers\Keranjang->total()
 4 SYSTEMPATH\CodeIgniter.php(896): App\Controllers\Keranjang->keranjang()
 5 SYSTEMPATH\CodeIgniter.php(466): CodeIgniter\CodeIgniter->runController(Object(App\Controllers\Keranjang))
 6 SYSTEMPATH\CodeIgniter.php(349): CodeIgniter\CodeIgniter->handleRequest(null, Object(Config\Cache), false)
 7 FCPATH\index.php(55): CodeIgniter\CodeIgniter->run()
 8 SYSTEMPATH\Commands\Server\rewrite.php(43): require_once('FCPATH\\index.php')
CRITICAL - 2023-01-29 10:40:36 --> Undefined index: harga
in APPPATH\Controllers\Keranjang.php on line 154.
 1 APPPATH\Controllers\Keranjang.php(154): CodeIgniter\Debug\Exceptions->errorHandler(8, 'Undefined index: harga', 'APPPATH\\Controllers\\Keranjang.php', 154, [...])
 2 APPPATH\Controllers\Keranjang.php(55): App\Controllers\Keranjang->total()
 3 SYSTEMPATH\CodeIgniter.php(896): App\Controllers\Keranjang->keranjang()
 4 SYSTEMPATH\CodeIgniter.php(466): CodeIgniter\CodeIgniter->runController(Object(App\Controllers\Keranjang))
 5 SYSTEMPATH\CodeIgniter.php(349): CodeIgniter\CodeIgniter->handleRequest(null, Object(Config\Cache), false)
 6 FCPATH\index.php(55): CodeIgniter\CodeIgniter->run()
 7 SYSTEMPATH\Commands\Server\rewrite.php(43): require_once('FCPATH\\index.php')
CRITICAL - 2023-01-29 10:40:48 --> array_values() expects parameter 1 to be array, null given
in APPPATH\Controllers\Keranjang.php on line 153.
 1 [internal function]: CodeIgniter\Debug\Exceptions->errorHandler(2, 'array_values() expects parameter 1 to be array, null given', 'APPPATH\\Controllers\\Keranjang.php', 153, [...])
 2 APPPATH\Controllers\Keranjang.php(153): array_values(null)
 3 APPPATH\Controllers\Keranjang.php(55): App\Controllers\Keranjang->total()
 4 SYSTEMPATH\CodeIgniter.php(896): App\Controllers\Keranjang->keranjang()
 5 SYSTEMPATH\CodeIgniter.php(466): CodeIgniter\CodeIgniter->runController(Object(App\Controllers\Keranjang))
 6 SYSTEMPATH\CodeIgniter.php(349): CodeIgniter\CodeIgniter->handleRequest(null, Object(Config\Cache), false)
 7 FCPATH\index.php(55): CodeIgniter\CodeIgniter->run()
 8 SYSTEMPATH\Commands\Server\rewrite.php(43): require_once('FCPATH\\index.php')
CRITICAL - 2023-01-29 10:41:44 --> array_values() expects parameter 1 to be array, null given
in APPPATH\Controllers\Keranjang.php on line 153.
 1 [internal function]: CodeIgniter\Debug\Exceptions->errorHandler(2, 'array_values() expects parameter 1 to be array, null given', 'APPPATH\\Controllers\\Keranjang.php', 153, [...])
 2 APPPATH\Controllers\Keranjang.php(153): array_values(null)
 3 APPPATH\Controllers\Keranjang.php(55): App\Controllers\Keranjang->total()
 4 SYSTEMPATH\CodeIgniter.php(896): App\Controllers\Keranjang->keranjang()
 5 SYSTEMPATH\CodeIgniter.php(466): CodeIgniter\CodeIgniter->runController(Object(App\Controllers\Keranjang))
 6 SYSTEMPATH\CodeIgniter.php(349): CodeIgniter\CodeIgniter->handleRequest(null, Object(Config\Cache), false)
 7 FCPATH\index.php(55): CodeIgniter\CodeIgniter->run()
 8 SYSTEMPATH\Commands\Server\rewrite.php(43): require_once('FCPATH\\index.php')
CRITICAL - 2023-01-29 10:43:54 --> array_values() expects parameter 1 to be array, null given
in APPPATH\Controllers\Keranjang.php on line 153.
 1 [internal function]: CodeIgniter\Debug\Exceptions->errorHandler(2, 'array_values() expects parameter 1 to be array, null given', 'APPPATH\\Controllers\\Keranjang.php', 153, [...])
 2 APPPATH\Controllers\Keranjang.php(153): array_values(null)
 3 APPPATH\Controllers\Keranjang.php(55): App\Controllers\Keranjang->total()
 4 SYSTEMPATH\CodeIgniter.php(896): App\Controllers\Keranjang->keranjang()
 5 SYSTEMPATH\CodeIgniter.php(466): CodeIgniter\CodeIgniter->runController(Object(App\Controllers\Keranjang))
 6 SYSTEMPATH\CodeIgniter.php(349): CodeIgniter\CodeIgniter->handleRequest(null, Object(Config\Cache), false)
 7 FCPATH\index.php(55): CodeIgniter\CodeIgniter->run()
 8 SYSTEMPATH\Commands\Server\rewrite.php(43): require_once('FCPATH\\index.php')
CRITICAL - 2023-01-29 10:44:13 --> array_values() expects parameter 1 to be array, null given
in APPPATH\Controllers\Keranjang.php on line 153.
 1 [internal function]: CodeIgniter\Debug\Exceptions->errorHandler(2, 'array_values() expects parameter 1 to be array, null given', 'APPPATH\\Controllers\\Keranjang.php', 153, [...])
 2 APPPATH\Controllers\Keranjang.php(153): array_values(null)
 3 APPPATH\Controllers\Keranjang.php(55): App\Controllers\Keranjang->total()
 4 SYSTEMPATH\CodeIgniter.php(896): App\Controllers\Keranjang->keranjang()
 5 SYSTEMPATH\CodeIgniter.php(466): CodeIgniter\CodeIgniter->runController(Object(App\Controllers\Keranjang))
 6 SYSTEMPATH\CodeIgniter.php(349): CodeIgniter\CodeIgniter->handleRequest(null, Object(Config\Cache), false)
 7 FCPATH\index.php(55): CodeIgniter\CodeIgniter->run()
 8 SYSTEMPATH\Commands\Server\rewrite.php(43): require_once('FCPATH\\index.php')
CRITICAL - 2023-01-29 10:46:19 --> array_values() expects parameter 1 to be array, null given
in APPPATH\Controllers\Keranjang.php on line 51.
 1 [internal function]: CodeIgniter\Debug\Exceptions->errorHandler(2, 'array_values() expects parameter 1 to be array, null given', 'APPPATH\\Controllers\\Keranjang.php', 51, [])
 2 APPPATH\Controllers\Keranjang.php(51): array_values(null)
 3 SYSTEMPATH\CodeIgniter.php(896): App\Controllers\Keranjang->keranjang()
 4 SYSTEMPATH\CodeIgniter.php(466): CodeIgniter\CodeIgniter->runController(Object(App\Controllers\Keranjang))
 5 SYSTEMPATH\CodeIgniter.php(349): CodeIgniter\CodeIgniter->handleRequest(null, Object(Config\Cache), false)
 6 FCPATH\index.php(55): CodeIgniter\CodeIgniter->run()
 7 SYSTEMPATH\Commands\Server\rewrite.php(43): require_once('FCPATH\\index.php')
