CRITICAL - 2023-01-30 05:28:28 --> array_values() expects parameter 1 to be array, null given
in APPPATH\Controllers\Keranjang.php on line 152.
 1 [internal function]: CodeIgniter\Debug\Exceptions->errorHandler(2, 'array_values() expects parameter 1 to be array, null given', 'APPPATH\\Controllers\\Keranjang.php', 152, [...])
 2 APPPATH\Controllers\Keranjang.php(152): array_values(null)
 3 APPPATH\Controllers\Keranjang.php(54): App\Controllers\Keranjang->total()
 4 SYSTEMPATH\CodeIgniter.php(896): App\Controllers\Keranjang->keranjang()
 5 SYSTEMPATH\CodeIgniter.php(466): CodeIgniter\CodeIgniter->runController(Object(App\Controllers\Keranjang))
 6 SYSTEMPATH\CodeIgniter.php(349): CodeIgniter\CodeIgniter->handleRequest(null, Object(Config\Cache), false)
 7 FCPATH\index.php(55): CodeIgniter\CodeIgniter->run()
 8 SYSTEMPATH\Commands\Server\rewrite.php(43): require_once('FCPATH\\index.php')
CRITICAL - 2023-01-30 05:30:43 --> Undefined index: harga
in APPPATH\Controllers\Keranjang.php on line 154.
 1 APPPATH\Controllers\Keranjang.php(154): CodeIgniter\Debug\Exceptions->errorHandler(8, 'Undefined index: harga', 'APPPATH\\Controllers\\Keranjang.php', 154, [...])
 2 APPPATH\Controllers\Keranjang.php(54): App\Controllers\Keranjang->total()
 3 SYSTEMPATH\CodeIgniter.php(896): App\Controllers\Keranjang->keranjang()
 4 SYSTEMPATH\CodeIgniter.php(466): CodeIgniter\CodeIgniter->runController(Object(App\Controllers\Keranjang))
 5 SYSTEMPATH\CodeIgniter.php(349): CodeIgniter\CodeIgniter->handleRequest(null, Object(Config\Cache), false)
 6 FCPATH\index.php(55): CodeIgniter\CodeIgniter->run()
 7 SYSTEMPATH\Commands\Server\rewrite.php(43): require_once('FCPATH\\index.php')
CRITICAL - 2023-01-30 05:31:15 --> array_values() expects parameter 1 to be array, null given
in APPPATH\Controllers\Keranjang.php on line 152.
 1 [internal function]: CodeIgniter\Debug\Exceptions->errorHandler(2, 'array_values() expects parameter 1 to be array, null given', 'APPPATH\\Controllers\\Keranjang.php', 152, [...])
 2 APPPATH\Controllers\Keranjang.php(152): array_values(null)
 3 APPPATH\Controllers\Keranjang.php(54): App\Controllers\Keranjang->total()
 4 SYSTEMPATH\CodeIgniter.php(896): App\Controllers\Keranjang->keranjang()
 5 SYSTEMPATH\CodeIgniter.php(466): CodeIgniter\CodeIgniter->runController(Object(App\Controllers\Keranjang))
 6 SYSTEMPATH\CodeIgniter.php(349): CodeIgniter\CodeIgniter->handleRequest(null, Object(Config\Cache), false)
 7 FCPATH\index.php(55): CodeIgniter\CodeIgniter->run()
 8 SYSTEMPATH\Commands\Server\rewrite.php(43): require_once('FCPATH\\index.php')
CRITICAL - 2023-01-30 05:31:39 --> array_values() expects parameter 1 to be array, null given
in APPPATH\Controllers\Keranjang.php on line 151.
 1 [internal function]: CodeIgniter\Debug\Exceptions->errorHandler(2, 'array_values() expects parameter 1 to be array, null given', 'APPPATH\\Controllers\\Keranjang.php', 151, [...])
 2 APPPATH\Controllers\Keranjang.php(151): array_values(null)
 3 APPPATH\Controllers\Keranjang.php(54): App\Controllers\Keranjang->total()
 4 SYSTEMPATH\CodeIgniter.php(896): App\Controllers\Keranjang->keranjang()
 5 SYSTEMPATH\CodeIgniter.php(466): CodeIgniter\CodeIgniter->runController(Object(App\Controllers\Keranjang))
 6 SYSTEMPATH\CodeIgniter.php(349): CodeIgniter\CodeIgniter->handleRequest(null, Object(Config\Cache), false)
 7 FCPATH\index.php(55): CodeIgniter\CodeIgniter->run()
 8 SYSTEMPATH\Commands\Server\rewrite.php(43): require_once('FCPATH\\index.php')
