CRITICAL - 2022-12-04 03:28:45 --> Undefined variable: products
in APPPATH\Views\menu.php on line 139.
 1 APPPATH\Views\menu.php(139): CodeIgniter\Debug\Exceptions->errorHandler(8, 'Undefined variable: products', 'APPPATH\\Views\\menu.php', 139, [])
 2 APPPATH\Views\pasta.php(2): include('APPPATH\\Views\\menu.php')
 3 SYSTEMPATH\View\View.php(213): include('APPPATH\\Views\\pasta.php')
 4 SYSTEMPATH\View\View.php(216): CodeIgniter\View\View->CodeIgniter\View\{closure}()
 5 SYSTEMPATH\Common.php(1135): CodeIgniter\View\View->render('pasta', [], true)
 6 APPPATH\Controllers\Menu.php(22): view('pasta')
 7 SYSTEMPATH\CodeIgniter.php(896): App\Controllers\Menu->pasta()
 8 SYSTEMPATH\CodeIgniter.php(466): CodeIgniter\CodeIgniter->runController(Object(App\Controllers\Menu))
 9 SYSTEMPATH\CodeIgniter.php(349): CodeIgniter\CodeIgniter->handleRequest(null, Object(Config\Cache), false)
10 FCPATH\index.php(55): CodeIgniter\CodeIgniter->run()
11 SYSTEMPATH\Commands\Server\rewrite.php(43): require_once('FCPATH\\index.php')
CRITICAL - 2022-12-04 03:28:53 --> Undefined variable: products
in APPPATH\Views\menu.php on line 139.
 1 APPPATH\Views\menu.php(139): CodeIgniter\Debug\Exceptions->errorHandler(8, 'Undefined variable: products', 'APPPATH\\Views\\menu.php', 139, [])
 2 APPPATH\Views\uncaanmansure.php(2): include('APPPATH\\Views\\menu.php')
 3 SYSTEMPATH\View\View.php(213): include('APPPATH\\Views\\uncaanmansure.php')
 4 SYSTEMPATH\View\View.php(216): CodeIgniter\View\View->CodeIgniter\View\{closure}()
 5 SYSTEMPATH\Common.php(1135): CodeIgniter\View\View->render('uncaanmansure', [], true)
 6 APPPATH\Controllers\Menu.php(17): view('uncaanmansure')
 7 SYSTEMPATH\CodeIgniter.php(896): App\Controllers\Menu->uncaanmansure()
 8 SYSTEMPATH\CodeIgniter.php(466): CodeIgniter\CodeIgniter->runController(Object(App\Controllers\Menu))
 9 SYSTEMPATH\CodeIgniter.php(349): CodeIgniter\CodeIgniter->handleRequest(null, Object(Config\Cache), false)
10 FCPATH\index.php(55): CodeIgniter\CodeIgniter->run()
11 SYSTEMPATH\Commands\Server\rewrite.php(43): require_once('FCPATH\\index.php')
CRITICAL - 2022-12-04 03:54:26 --> include(dashboard.php): failed to open stream: No such file or directory
in APPPATH\Views\tambahuser_kasir.php on line 2.
 1 APPPATH\Views\tambahuser_kasir.php(2): CodeIgniter\Debug\Exceptions->errorHandler(2, 'include(dashboard.php): failed to open stream: No such file or directory', 'APPPATH\\Views\\tambahuser_kasir.php', 2, [...])
 2 APPPATH\Views\tambahuser_kasir.php(2): include()
 3 SYSTEMPATH\View\View.php(213): include('APPPATH\\Views\\tambahuser_kasir.php')
 4 SYSTEMPATH\View\View.php(216): CodeIgniter\View\View->CodeIgniter\View\{closure}()
 5 SYSTEMPATH\Common.php(1135): CodeIgniter\View\View->render('tambahuser_kasir', [], true)
 6 APPPATH\Controllers\Login.php(15): view('tambahuser_kasir', [...])
 7 SYSTEMPATH\CodeIgniter.php(896): App\Controllers\Login->tambahuser()
 8 SYSTEMPATH\CodeIgniter.php(466): CodeIgniter\CodeIgniter->runController(Object(App\Controllers\Login))
 9 SYSTEMPATH\CodeIgniter.php(349): CodeIgniter\CodeIgniter->handleRequest(null, Object(Config\Cache), false)
10 FCPATH\index.php(55): CodeIgniter\CodeIgniter->run()
11 SYSTEMPATH\Commands\Server\rewrite.php(43): require_once('FCPATH\\index.php')
CRITICAL - 2022-12-04 03:55:11 --> include(dashboard.php): failed to open stream: No such file or directory
in APPPATH\Views\tambahuser_kasir.php on line 2.
 1 APPPATH\Views\tambahuser_kasir.php(2): CodeIgniter\Debug\Exceptions->errorHandler(2, 'include(dashboard.php): failed to open stream: No such file or directory', 'APPPATH\\Views\\tambahuser_kasir.php', 2, [...])
 2 APPPATH\Views\tambahuser_kasir.php(2): include()
 3 SYSTEMPATH\View\View.php(213): include('APPPATH\\Views\\tambahuser_kasir.php')
 4 SYSTEMPATH\View\View.php(216): CodeIgniter\View\View->CodeIgniter\View\{closure}()
 5 SYSTEMPATH\Common.php(1135): CodeIgniter\View\View->render('tambahuser_kasir', [], true)
 6 APPPATH\Controllers\Login.php(15): view('tambahuser_kasir', [...])
 7 SYSTEMPATH\CodeIgniter.php(896): App\Controllers\Login->tambahuser()
 8 SYSTEMPATH\CodeIgniter.php(466): CodeIgniter\CodeIgniter->runController(Object(App\Controllers\Login))
 9 SYSTEMPATH\CodeIgniter.php(349): CodeIgniter\CodeIgniter->handleRequest(null, Object(Config\Cache), false)
10 FCPATH\index.php(55): CodeIgniter\CodeIgniter->run()
11 SYSTEMPATH\Commands\Server\rewrite.php(43): require_once('FCPATH\\index.php')
CRITICAL - 2022-12-04 03:55:31 --> include(dashboard.php): failed to open stream: No such file or directory
in APPPATH\Views\tambahuser_kasir.php on line 2.
 1 APPPATH\Views\tambahuser_kasir.php(2): CodeIgniter\Debug\Exceptions->errorHandler(2, 'include(dashboard.php): failed to open stream: No such file or directory', 'APPPATH\\Views\\tambahuser_kasir.php', 2, [...])
 2 APPPATH\Views\tambahuser_kasir.php(2): include()
 3 SYSTEMPATH\View\View.php(213): include('APPPATH\\Views\\tambahuser_kasir.php')
 4 SYSTEMPATH\View\View.php(216): CodeIgniter\View\View->CodeIgniter\View\{closure}()
 5 SYSTEMPATH\Common.php(1135): CodeIgniter\View\View->render('tambahuser_kasir', [], true)
 6 APPPATH\Controllers\Login.php(15): view('tambahuser_kasir', [...])
 7 SYSTEMPATH\CodeIgniter.php(896): App\Controllers\Login->tambahuser()
 8 SYSTEMPATH\CodeIgniter.php(466): CodeIgniter\CodeIgniter->runController(Object(App\Controllers\Login))
 9 SYSTEMPATH\CodeIgniter.php(349): CodeIgniter\CodeIgniter->handleRequest(null, Object(Config\Cache), false)
10 FCPATH\index.php(55): CodeIgniter\CodeIgniter->run()
11 SYSTEMPATH\Commands\Server\rewrite.php(43): require_once('FCPATH\\index.php')
CRITICAL - 2022-12-04 03:58:21 --> Invalid file: tambahuser_kasir.php
in SYSTEMPATH\Exceptions\FrameworkException.php on line 33.
 1 SYSTEMPATH\View\View.php(201): CodeIgniter\Exceptions\FrameworkException::forInvalidFile('tambahuser_kasir.php')
 2 SYSTEMPATH\Common.php(1135): CodeIgniter\View\View->render('tambahuser_kasir', [], true)
 3 APPPATH\Controllers\Login.php(16): view('tambahuser_kasir', [...])
 4 SYSTEMPATH\CodeIgniter.php(896): App\Controllers\Login->tambahuser()
 5 SYSTEMPATH\CodeIgniter.php(466): CodeIgniter\CodeIgniter->runController(Object(App\Controllers\Login))
 6 SYSTEMPATH\CodeIgniter.php(349): CodeIgniter\CodeIgniter->handleRequest(null, Object(Config\Cache), false)
 7 FCPATH\index.php(55): CodeIgniter\CodeIgniter->run()
 8 SYSTEMPATH\Commands\Server\rewrite.php(43): require_once('FCPATH\\index.php')
CRITICAL - 2022-12-04 07:11:16 --> Undefined variable: pager
in APPPATH\Views\layout\home_kasir.php on line 84.
 1 APPPATH\Views\layout\home_kasir.php(84): CodeIgniter\Debug\Exceptions->errorHandler(8, 'Undefined variable: pager', 'APPPATH\\Views\\layout\\home_kasir.php', 84, [...])
 2 SYSTEMPATH\View\View.php(213): include('APPPATH\\Views\\layout\\home_kasir.php')
 3 SYSTEMPATH\View\View.php(216): CodeIgniter\View\View->CodeIgniter\View\{closure}()
 4 SYSTEMPATH\Common.php(1135): CodeIgniter\View\View->render('layout/home_kasir', [], true)
 5 APPPATH\Controllers\kasir\Menukasir.php(34): view('layout/home_kasir', [...])
 6 SYSTEMPATH\CodeIgniter.php(896): App\Controllers\kasir\Menukasir->index()
 7 SYSTEMPATH\CodeIgniter.php(466): CodeIgniter\CodeIgniter->runController(Object(App\Controllers\kasir\Menukasir))
 8 SYSTEMPATH\CodeIgniter.php(349): CodeIgniter\CodeIgniter->handleRequest(null, Object(Config\Cache), false)
 9 FCPATH\index.php(55): CodeIgniter\CodeIgniter->run()
10 SYSTEMPATH\Commands\Server\rewrite.php(43): require_once('FCPATH\\index.php')
CRITICAL - 2022-12-04 07:16:05 --> Undefined property: App\Controllers\kasir\Menukasir::$products
in APPPATH\Controllers\kasir\Menukasir.php on line 37.
 1 APPPATH\Controllers\kasir\Menukasir.php(37): CodeIgniter\Debug\Exceptions->errorHandler(8, 'Undefined property: App\\Controllers\\kasir\\Menukasir::$products', 'APPPATH\\Controllers\\kasir\\Menukasir.php', 37, [...])
 2 SYSTEMPATH\CodeIgniter.php(896): App\Controllers\kasir\Menukasir->index()
 3 SYSTEMPATH\CodeIgniter.php(466): CodeIgniter\CodeIgniter->runController(Object(App\Controllers\kasir\Menukasir))
 4 SYSTEMPATH\CodeIgniter.php(349): CodeIgniter\CodeIgniter->handleRequest(null, Object(Config\Cache), false)
 5 FCPATH\index.php(55): CodeIgniter\CodeIgniter->run()
 6 SYSTEMPATH\Commands\Server\rewrite.php(43): require_once('FCPATH\\index.php')
CRITICAL - 2022-12-04 07:17:31 --> Undefined property: App\Controllers\kasir\Menukasir::$products
in APPPATH\Controllers\kasir\Menukasir.php on line 37.
 1 APPPATH\Controllers\kasir\Menukasir.php(37): CodeIgniter\Debug\Exceptions->errorHandler(8, 'Undefined property: App\\Controllers\\kasir\\Menukasir::$products', 'APPPATH\\Controllers\\kasir\\Menukasir.php', 37, [...])
 2 SYSTEMPATH\CodeIgniter.php(896): App\Controllers\kasir\Menukasir->index()
 3 SYSTEMPATH\CodeIgniter.php(466): CodeIgniter\CodeIgniter->runController(Object(App\Controllers\kasir\Menukasir))
 4 SYSTEMPATH\CodeIgniter.php(349): CodeIgniter\CodeIgniter->handleRequest(null, Object(Config\Cache), false)
 5 FCPATH\index.php(55): CodeIgniter\CodeIgniter->run()
 6 SYSTEMPATH\Commands\Server\rewrite.php(43): require_once('FCPATH\\index.php')
