CRITICAL - 2023-01-31 06:23:52 --> array_values() expects parameter 1 to be array, null given
in APPPATH\Controllers\Keranjang.php on line 153.
 1 [internal function]: CodeIgniter\Debug\Exceptions->errorHandler(2, 'array_values() expects parameter 1 to be array, null given', 'APPPATH\\Controllers\\Keranjang.php', 153, [...])
 2 APPPATH\Controllers\Keranjang.php(153): array_values(null)
 3 APPPATH\Controllers\Keranjang.php(54): App\Controllers\Keranjang->total()
 4 SYSTEMPATH\CodeIgniter.php(896): App\Controllers\Keranjang->keranjang()
 5 SYSTEMPATH\CodeIgniter.php(466): CodeIgniter\CodeIgniter->runController(Object(App\Controllers\Keranjang))
 6 SYSTEMPATH\CodeIgniter.php(349): CodeIgniter\CodeIgniter->handleRequest(null, Object(Config\Cache), false)
 7 FCPATH\index.php(55): CodeIgniter\CodeIgniter->run()
 8 SYSTEMPATH\Commands\Server\rewrite.php(43): require_once('FCPATH\\index.php')
CRITICAL - 2023-01-31 06:24:03 --> Undefined index: harga
in APPPATH\Controllers\Keranjang.php on line 156.
 1 APPPATH\Controllers\Keranjang.php(156): CodeIgniter\Debug\Exceptions->errorHandler(8, 'Undefined index: harga', 'APPPATH\\Controllers\\Keranjang.php', 156, [...])
 2 APPPATH\Controllers\Keranjang.php(54): App\Controllers\Keranjang->total()
 3 SYSTEMPATH\CodeIgniter.php(896): App\Controllers\Keranjang->keranjang()
 4 SYSTEMPATH\CodeIgniter.php(466): CodeIgniter\CodeIgniter->runController(Object(App\Controllers\Keranjang))
 5 SYSTEMPATH\CodeIgniter.php(349): CodeIgniter\CodeIgniter->handleRequest(null, Object(Config\Cache), false)
 6 FCPATH\index.php(55): CodeIgniter\CodeIgniter->run()
 7 SYSTEMPATH\Commands\Server\rewrite.php(43): require_once('FCPATH\\index.php')
CRITICAL - 2023-01-31 06:25:01 --> Undefined index: notes_pesanan
in APPPATH\Views\keranjang.php on line 102.
 1 APPPATH\Views\keranjang.php(102): CodeIgniter\Debug\Exceptions->errorHandler(8, 'Undefined index: notes_pesanan', 'APPPATH\\Views\\keranjang.php', 102, [...])
 2 SYSTEMPATH\View\View.php(213): include('APPPATH\\Views\\keranjang.php')
 3 SYSTEMPATH\View\View.php(216): CodeIgniter\View\View->CodeIgniter\View\{closure}()
 4 SYSTEMPATH\Common.php(1135): CodeIgniter\View\View->render('keranjang', [], true)
 5 APPPATH\Controllers\Keranjang.php(55): view('keranjang', [...])
 6 SYSTEMPATH\CodeIgniter.php(896): App\Controllers\Keranjang->keranjang()
 7 SYSTEMPATH\CodeIgniter.php(466): CodeIgniter\CodeIgniter->runController(Object(App\Controllers\Keranjang))
 8 SYSTEMPATH\CodeIgniter.php(349): CodeIgniter\CodeIgniter->handleRequest(null, Object(Config\Cache), false)
 9 FCPATH\index.php(55): CodeIgniter\CodeIgniter->run()
10 SYSTEMPATH\Commands\Server\rewrite.php(43): require_once('FCPATH\\index.php')
CRITICAL - 2023-01-31 06:28:54 --> Undefined index: notes_pesanan
in APPPATH\Views\keranjang.php on line 102.
 1 APPPATH\Views\keranjang.php(102): CodeIgniter\Debug\Exceptions->errorHandler(8, 'Undefined index: notes_pesanan', 'APPPATH\\Views\\keranjang.php', 102, [...])
 2 SYSTEMPATH\View\View.php(213): include('APPPATH\\Views\\keranjang.php')
 3 SYSTEMPATH\View\View.php(216): CodeIgniter\View\View->CodeIgniter\View\{closure}()
 4 SYSTEMPATH\Common.php(1135): CodeIgniter\View\View->render('keranjang', [], true)
 5 APPPATH\Controllers\Keranjang.php(55): view('keranjang', [...])
 6 SYSTEMPATH\CodeIgniter.php(896): App\Controllers\Keranjang->keranjang()
 7 SYSTEMPATH\CodeIgniter.php(466): CodeIgniter\CodeIgniter->runController(Object(App\Controllers\Keranjang))
 8 SYSTEMPATH\CodeIgniter.php(349): CodeIgniter\CodeIgniter->handleRequest(null, Object(Config\Cache), false)
 9 FCPATH\index.php(55): CodeIgniter\CodeIgniter->run()
10 SYSTEMPATH\Commands\Server\rewrite.php(43): require_once('FCPATH\\index.php')
CRITICAL - 2023-01-31 06:29:24 --> Undefined index: notes_pesanan
in APPPATH\Views\keranjang.php on line 102.
 1 APPPATH\Views\keranjang.php(102): CodeIgniter\Debug\Exceptions->errorHandler(8, 'Undefined index: notes_pesanan', 'APPPATH\\Views\\keranjang.php', 102, [...])
 2 SYSTEMPATH\View\View.php(213): include('APPPATH\\Views\\keranjang.php')
 3 SYSTEMPATH\View\View.php(216): CodeIgniter\View\View->CodeIgniter\View\{closure}()
 4 SYSTEMPATH\Common.php(1135): CodeIgniter\View\View->render('keranjang', [], true)
 5 APPPATH\Controllers\Keranjang.php(55): view('keranjang', [...])
 6 SYSTEMPATH\CodeIgniter.php(896): App\Controllers\Keranjang->keranjang()
 7 SYSTEMPATH\CodeIgniter.php(466): CodeIgniter\CodeIgniter->runController(Object(App\Controllers\Keranjang))
 8 SYSTEMPATH\CodeIgniter.php(349): CodeIgniter\CodeIgniter->handleRequest(null, Object(Config\Cache), false)
 9 FCPATH\index.php(55): CodeIgniter\CodeIgniter->run()
10 SYSTEMPATH\Commands\Server\rewrite.php(43): require_once('FCPATH\\index.php')
CRITICAL - 2023-01-31 06:31:12 --> Undefined index: notes_pesanan
in APPPATH\Views\keranjang.php on line 102.
 1 APPPATH\Views\keranjang.php(102): CodeIgniter\Debug\Exceptions->errorHandler(8, 'Undefined index: notes_pesanan', 'APPPATH\\Views\\keranjang.php', 102, [...])
 2 SYSTEMPATH\View\View.php(213): include('APPPATH\\Views\\keranjang.php')
 3 SYSTEMPATH\View\View.php(216): CodeIgniter\View\View->CodeIgniter\View\{closure}()
 4 SYSTEMPATH\Common.php(1135): CodeIgniter\View\View->render('keranjang', [], true)
 5 APPPATH\Controllers\Keranjang.php(16): view('keranjang', [...])
 6 SYSTEMPATH\CodeIgniter.php(896): App\Controllers\Keranjang->keranjang()
 7 SYSTEMPATH\CodeIgniter.php(466): CodeIgniter\CodeIgniter->runController(Object(App\Controllers\Keranjang))
 8 SYSTEMPATH\CodeIgniter.php(349): CodeIgniter\CodeIgniter->handleRequest(null, Object(Config\Cache), false)
 9 FCPATH\index.php(55): CodeIgniter\CodeIgniter->run()
10 SYSTEMPATH\Commands\Server\rewrite.php(43): require_once('FCPATH\\index.php')
CRITICAL - 2023-01-31 06:37:49 --> Undefined index: notes_pesanan
in APPPATH\Views\keranjang.php on line 96.
 1 APPPATH\Views\keranjang.php(96): CodeIgniter\Debug\Exceptions->errorHandler(8, 'Undefined index: notes_pesanan', 'APPPATH\\Views\\keranjang.php', 96, [...])
 2 SYSTEMPATH\View\View.php(213): include('APPPATH\\Views\\keranjang.php')
 3 SYSTEMPATH\View\View.php(216): CodeIgniter\View\View->CodeIgniter\View\{closure}()
 4 SYSTEMPATH\Common.php(1135): CodeIgniter\View\View->render('keranjang', [], true)
 5 APPPATH\Controllers\Keranjang.php(16): view('keranjang', [...])
 6 SYSTEMPATH\CodeIgniter.php(896): App\Controllers\Keranjang->keranjang()
 7 SYSTEMPATH\CodeIgniter.php(466): CodeIgniter\CodeIgniter->runController(Object(App\Controllers\Keranjang))
 8 SYSTEMPATH\CodeIgniter.php(349): CodeIgniter\CodeIgniter->handleRequest(null, Object(Config\Cache), false)
 9 FCPATH\index.php(55): CodeIgniter\CodeIgniter->run()
10 SYSTEMPATH\Commands\Server\rewrite.php(43): require_once('FCPATH\\index.php')
CRITICAL - 2023-01-31 06:40:27 --> Undefined index: notes_pesanan
in APPPATH\Views\keranjang.php on line 97.
 1 APPPATH\Views\keranjang.php(97): CodeIgniter\Debug\Exceptions->errorHandler(8, 'Undefined index: notes_pesanan', 'APPPATH\\Views\\keranjang.php', 97, [...])
 2 SYSTEMPATH\View\View.php(213): include('APPPATH\\Views\\keranjang.php')
 3 SYSTEMPATH\View\View.php(216): CodeIgniter\View\View->CodeIgniter\View\{closure}()
 4 SYSTEMPATH\Common.php(1135): CodeIgniter\View\View->render('keranjang', [], true)
 5 APPPATH\Controllers\Keranjang.php(16): view('keranjang', [...])
 6 SYSTEMPATH\CodeIgniter.php(896): App\Controllers\Keranjang->keranjang()
 7 SYSTEMPATH\CodeIgniter.php(466): CodeIgniter\CodeIgniter->runController(Object(App\Controllers\Keranjang))
 8 SYSTEMPATH\CodeIgniter.php(349): CodeIgniter\CodeIgniter->handleRequest(null, Object(Config\Cache), false)
 9 FCPATH\index.php(55): CodeIgniter\CodeIgniter->run()
10 SYSTEMPATH\Commands\Server\rewrite.php(43): require_once('FCPATH\\index.php')
CRITICAL - 2023-01-31 07:12:48 --> Undefined index: notes_pesanan
in APPPATH\Views\keranjang.php on line 97.
 1 APPPATH\Views\keranjang.php(97): CodeIgniter\Debug\Exceptions->errorHandler(8, 'Undefined index: notes_pesanan', 'APPPATH\\Views\\keranjang.php', 97, [...])
 2 SYSTEMPATH\View\View.php(213): include('APPPATH\\Views\\keranjang.php')
 3 SYSTEMPATH\View\View.php(216): CodeIgniter\View\View->CodeIgniter\View\{closure}()
 4 SYSTEMPATH\Common.php(1135): CodeIgniter\View\View->render('keranjang', [], true)
 5 APPPATH\Controllers\Keranjang.php(16): view('keranjang', [...])
 6 SYSTEMPATH\CodeIgniter.php(896): App\Controllers\Keranjang->keranjang()
 7 SYSTEMPATH\CodeIgniter.php(466): CodeIgniter\CodeIgniter->runController(Object(App\Controllers\Keranjang))
 8 SYSTEMPATH\CodeIgniter.php(349): CodeIgniter\CodeIgniter->handleRequest(null, Object(Config\Cache), false)
 9 FCPATH\index.php(55): CodeIgniter\CodeIgniter->run()
10 SYSTEMPATH\Commands\Server\rewrite.php(43): require_once('FCPATH\\index.php')
CRITICAL - 2023-01-31 07:13:49 --> Undefined index: notes_pesanan
in APPPATH\Views\keranjang.php on line 97.
 1 APPPATH\Views\keranjang.php(97): CodeIgniter\Debug\Exceptions->errorHandler(8, 'Undefined index: notes_pesanan', 'APPPATH\\Views\\keranjang.php', 97, [...])
 2 SYSTEMPATH\View\View.php(213): include('APPPATH\\Views\\keranjang.php')
 3 SYSTEMPATH\View\View.php(216): CodeIgniter\View\View->CodeIgniter\View\{closure}()
 4 SYSTEMPATH\Common.php(1135): CodeIgniter\View\View->render('keranjang', [], true)
 5 APPPATH\Controllers\Keranjang.php(16): view('keranjang', [...])
 6 SYSTEMPATH\CodeIgniter.php(896): App\Controllers\Keranjang->keranjang()
 7 SYSTEMPATH\CodeIgniter.php(466): CodeIgniter\CodeIgniter->runController(Object(App\Controllers\Keranjang))
 8 SYSTEMPATH\CodeIgniter.php(349): CodeIgniter\CodeIgniter->handleRequest(null, Object(Config\Cache), false)
 9 FCPATH\index.php(55): CodeIgniter\CodeIgniter->run()
10 SYSTEMPATH\Commands\Server\rewrite.php(43): require_once('FCPATH\\index.php')
CRITICAL - 2023-01-31 07:14:32 --> Undefined index: notes_pesanan
in APPPATH\Views\keranjang.php on line 97.
 1 APPPATH\Views\keranjang.php(97): CodeIgniter\Debug\Exceptions->errorHandler(8, 'Undefined index: notes_pesanan', 'APPPATH\\Views\\keranjang.php', 97, [...])
 2 SYSTEMPATH\View\View.php(213): include('APPPATH\\Views\\keranjang.php')
 3 SYSTEMPATH\View\View.php(216): CodeIgniter\View\View->CodeIgniter\View\{closure}()
 4 SYSTEMPATH\Common.php(1135): CodeIgniter\View\View->render('keranjang', [], true)
 5 APPPATH\Controllers\Keranjang.php(16): view('keranjang', [...])
 6 SYSTEMPATH\CodeIgniter.php(896): App\Controllers\Keranjang->keranjang()
 7 SYSTEMPATH\CodeIgniter.php(466): CodeIgniter\CodeIgniter->runController(Object(App\Controllers\Keranjang))
 8 SYSTEMPATH\CodeIgniter.php(349): CodeIgniter\CodeIgniter->handleRequest(null, Object(Config\Cache), false)
 9 FCPATH\index.php(55): CodeIgniter\CodeIgniter->run()
10 SYSTEMPATH\Commands\Server\rewrite.php(43): require_once('FCPATH\\index.php')
CRITICAL - 2023-01-31 07:14:52 --> Undefined index: notes_pesanan
in APPPATH\Views\keranjang.php on line 97.
 1 APPPATH\Views\keranjang.php(97): CodeIgniter\Debug\Exceptions->errorHandler(8, 'Undefined index: notes_pesanan', 'APPPATH\\Views\\keranjang.php', 97, [...])
 2 SYSTEMPATH\View\View.php(213): include('APPPATH\\Views\\keranjang.php')
 3 SYSTEMPATH\View\View.php(216): CodeIgniter\View\View->CodeIgniter\View\{closure}()
 4 SYSTEMPATH\Common.php(1135): CodeIgniter\View\View->render('keranjang', [], true)
 5 APPPATH\Controllers\Keranjang.php(16): view('keranjang', [...])
 6 SYSTEMPATH\CodeIgniter.php(896): App\Controllers\Keranjang->keranjang()
 7 SYSTEMPATH\CodeIgniter.php(466): CodeIgniter\CodeIgniter->runController(Object(App\Controllers\Keranjang))
 8 SYSTEMPATH\CodeIgniter.php(349): CodeIgniter\CodeIgniter->handleRequest(null, Object(Config\Cache), false)
 9 FCPATH\index.php(55): CodeIgniter\CodeIgniter->run()
10 SYSTEMPATH\Commands\Server\rewrite.php(43): require_once('FCPATH\\index.php')
CRITICAL - 2023-01-31 07:15:54 --> Undefined index: notes_pesanan
in APPPATH\Views\keranjang.php on line 97.
 1 APPPATH\Views\keranjang.php(97): CodeIgniter\Debug\Exceptions->errorHandler(8, 'Undefined index: notes_pesanan', 'APPPATH\\Views\\keranjang.php', 97, [...])
 2 SYSTEMPATH\View\View.php(213): include('APPPATH\\Views\\keranjang.php')
 3 SYSTEMPATH\View\View.php(216): CodeIgniter\View\View->CodeIgniter\View\{closure}()
 4 SYSTEMPATH\Common.php(1135): CodeIgniter\View\View->render('keranjang', [], true)
 5 APPPATH\Controllers\Keranjang.php(16): view('keranjang', [...])
 6 SYSTEMPATH\CodeIgniter.php(896): App\Controllers\Keranjang->keranjang()
 7 SYSTEMPATH\CodeIgniter.php(466): CodeIgniter\CodeIgniter->runController(Object(App\Controllers\Keranjang))
 8 SYSTEMPATH\CodeIgniter.php(349): CodeIgniter\CodeIgniter->handleRequest(null, Object(Config\Cache), false)
 9 FCPATH\index.php(55): CodeIgniter\CodeIgniter->run()
10 SYSTEMPATH\Commands\Server\rewrite.php(43): require_once('FCPATH\\index.php')
CRITICAL - 2023-01-31 07:16:27 --> Undefined index: notes_pesanan
in APPPATH\Views\keranjang.php on line 97.
 1 APPPATH\Views\keranjang.php(97): CodeIgniter\Debug\Exceptions->errorHandler(8, 'Undefined index: notes_pesanan', 'APPPATH\\Views\\keranjang.php', 97, [...])
 2 SYSTEMPATH\View\View.php(213): include('APPPATH\\Views\\keranjang.php')
 3 SYSTEMPATH\View\View.php(216): CodeIgniter\View\View->CodeIgniter\View\{closure}()
 4 SYSTEMPATH\Common.php(1135): CodeIgniter\View\View->render('keranjang', [], true)
 5 APPPATH\Controllers\Keranjang.php(16): view('keranjang', [...])
 6 SYSTEMPATH\CodeIgniter.php(896): App\Controllers\Keranjang->keranjang()
 7 SYSTEMPATH\CodeIgniter.php(466): CodeIgniter\CodeIgniter->runController(Object(App\Controllers\Keranjang))
 8 SYSTEMPATH\CodeIgniter.php(349): CodeIgniter\CodeIgniter->handleRequest(null, Object(Config\Cache), false)
 9 FCPATH\index.php(55): CodeIgniter\CodeIgniter->run()
10 SYSTEMPATH\Commands\Server\rewrite.php(43): require_once('FCPATH\\index.php')
CRITICAL - 2023-01-31 07:17:18 --> Undefined index: notes_pesanan
in APPPATH\Views\keranjang.php on line 97.
 1 APPPATH\Views\keranjang.php(97): CodeIgniter\Debug\Exceptions->errorHandler(8, 'Undefined index: notes_pesanan', 'APPPATH\\Views\\keranjang.php', 97, [...])
 2 SYSTEMPATH\View\View.php(213): include('APPPATH\\Views\\keranjang.php')
 3 SYSTEMPATH\View\View.php(216): CodeIgniter\View\View->CodeIgniter\View\{closure}()
 4 SYSTEMPATH\Common.php(1135): CodeIgniter\View\View->render('keranjang', [], true)
 5 APPPATH\Controllers\Keranjang.php(16): view('keranjang', [...])
 6 SYSTEMPATH\CodeIgniter.php(896): App\Controllers\Keranjang->keranjang()
 7 SYSTEMPATH\CodeIgniter.php(466): CodeIgniter\CodeIgniter->runController(Object(App\Controllers\Keranjang))
 8 SYSTEMPATH\CodeIgniter.php(349): CodeIgniter\CodeIgniter->handleRequest(null, Object(Config\Cache), false)
 9 FCPATH\index.php(55): CodeIgniter\CodeIgniter->run()
10 SYSTEMPATH\Commands\Server\rewrite.php(43): require_once('FCPATH\\index.php')
CRITICAL - 2023-01-31 07:25:13 --> Undefined index: notes_pesanan
in APPPATH\Views\keranjang.php on line 97.
 1 APPPATH\Views\keranjang.php(97): CodeIgniter\Debug\Exceptions->errorHandler(8, 'Undefined index: notes_pesanan', 'APPPATH\\Views\\keranjang.php', 97, [...])
 2 SYSTEMPATH\View\View.php(213): include('APPPATH\\Views\\keranjang.php')
 3 SYSTEMPATH\View\View.php(216): CodeIgniter\View\View->CodeIgniter\View\{closure}()
 4 SYSTEMPATH\Common.php(1135): CodeIgniter\View\View->render('keranjang', [], true)
 5 APPPATH\Controllers\Keranjang.php(16): view('keranjang', [...])
 6 SYSTEMPATH\CodeIgniter.php(896): App\Controllers\Keranjang->keranjang()
 7 SYSTEMPATH\CodeIgniter.php(466): CodeIgniter\CodeIgniter->runController(Object(App\Controllers\Keranjang))
 8 SYSTEMPATH\CodeIgniter.php(349): CodeIgniter\CodeIgniter->handleRequest(null, Object(Config\Cache), false)
 9 FCPATH\index.php(55): CodeIgniter\CodeIgniter->run()
10 SYSTEMPATH\Commands\Server\rewrite.php(43): require_once('FCPATH\\index.php')
CRITICAL - 2023-01-31 07:26:05 --> Undefined index: notes_pesanan
in APPPATH\Views\keranjang.php on line 97.
 1 APPPATH\Views\keranjang.php(97): CodeIgniter\Debug\Exceptions->errorHandler(8, 'Undefined index: notes_pesanan', 'APPPATH\\Views\\keranjang.php', 97, [...])
 2 SYSTEMPATH\View\View.php(213): include('APPPATH\\Views\\keranjang.php')
 3 SYSTEMPATH\View\View.php(216): CodeIgniter\View\View->CodeIgniter\View\{closure}()
 4 SYSTEMPATH\Common.php(1135): CodeIgniter\View\View->render('keranjang', [], true)
 5 APPPATH\Controllers\Keranjang.php(16): view('keranjang', [...])
 6 SYSTEMPATH\CodeIgniter.php(896): App\Controllers\Keranjang->keranjang()
 7 SYSTEMPATH\CodeIgniter.php(466): CodeIgniter\CodeIgniter->runController(Object(App\Controllers\Keranjang))
 8 SYSTEMPATH\CodeIgniter.php(349): CodeIgniter\CodeIgniter->handleRequest(null, Object(Config\Cache), false)
 9 FCPATH\index.php(55): CodeIgniter\CodeIgniter->run()
10 SYSTEMPATH\Commands\Server\rewrite.php(43): require_once('FCPATH\\index.php')
CRITICAL - 2023-01-31 07:26:26 --> array_values() expects parameter 1 to be array, null given
in APPPATH\Controllers\Keranjang.php on line 60.
 1 [internal function]: CodeIgniter\Debug\Exceptions->errorHandler(2, 'array_values() expects parameter 1 to be array, null given', 'APPPATH\\Controllers\\Keranjang.php', 60, [...])
 2 APPPATH\Controllers\Keranjang.php(60): array_values(null)
 3 SYSTEMPATH\CodeIgniter.php(896): App\Controllers\Keranjang->update('$1')
 4 SYSTEMPATH\CodeIgniter.php(466): CodeIgniter\CodeIgniter->runController(Object(App\Controllers\Keranjang))
 5 SYSTEMPATH\CodeIgniter.php(349): CodeIgniter\CodeIgniter->handleRequest(null, Object(Config\Cache), false)
 6 FCPATH\index.php(55): CodeIgniter\CodeIgniter->run()
 7 SYSTEMPATH\Commands\Server\rewrite.php(43): require_once('FCPATH\\index.php')
CRITICAL - 2023-01-31 07:26:38 --> array_values() expects parameter 1 to be array, null given
in APPPATH\Controllers\Keranjang.php on line 60.
 1 [internal function]: CodeIgniter\Debug\Exceptions->errorHandler(2, 'array_values() expects parameter 1 to be array, null given', 'APPPATH\\Controllers\\Keranjang.php', 60, [...])
 2 APPPATH\Controllers\Keranjang.php(60): array_values(null)
 3 SYSTEMPATH\CodeIgniter.php(896): App\Controllers\Keranjang->update('$1')
 4 SYSTEMPATH\CodeIgniter.php(466): CodeIgniter\CodeIgniter->runController(Object(App\Controllers\Keranjang))
 5 SYSTEMPATH\CodeIgniter.php(349): CodeIgniter\CodeIgniter->handleRequest(null, Object(Config\Cache), false)
 6 FCPATH\index.php(55): CodeIgniter\CodeIgniter->run()
 7 SYSTEMPATH\Commands\Server\rewrite.php(43): require_once('FCPATH\\index.php')
CRITICAL - 2023-01-31 07:27:16 --> array_values() expects parameter 1 to be array, null given
in APPPATH\Controllers\Keranjang.php on line 60.
 1 [internal function]: CodeIgniter\Debug\Exceptions->errorHandler(2, 'array_values() expects parameter 1 to be array, null given', 'APPPATH\\Controllers\\Keranjang.php', 60, [...])
 2 APPPATH\Controllers\Keranjang.php(60): array_values(null)
 3 SYSTEMPATH\CodeIgniter.php(896): App\Controllers\Keranjang->update('$1')
 4 SYSTEMPATH\CodeIgniter.php(466): CodeIgniter\CodeIgniter->runController(Object(App\Controllers\Keranjang))
 5 SYSTEMPATH\CodeIgniter.php(349): CodeIgniter\CodeIgniter->handleRequest(null, Object(Config\Cache), false)
 6 FCPATH\index.php(55): CodeIgniter\CodeIgniter->run()
 7 SYSTEMPATH\Commands\Server\rewrite.php(43): require_once('FCPATH\\index.php')
CRITICAL - 2023-01-31 07:27:25 --> array_values() expects parameter 1 to be array, null given
in APPPATH\Controllers\Keranjang.php on line 60.
 1 [internal function]: CodeIgniter\Debug\Exceptions->errorHandler(2, 'array_values() expects parameter 1 to be array, null given', 'APPPATH\\Controllers\\Keranjang.php', 60, [...])
 2 APPPATH\Controllers\Keranjang.php(60): array_values(null)
 3 SYSTEMPATH\CodeIgniter.php(896): App\Controllers\Keranjang->update('$1')
 4 SYSTEMPATH\CodeIgniter.php(466): CodeIgniter\CodeIgniter->runController(Object(App\Controllers\Keranjang))
 5 SYSTEMPATH\CodeIgniter.php(349): CodeIgniter\CodeIgniter->handleRequest(null, Object(Config\Cache), false)
 6 FCPATH\index.php(55): CodeIgniter\CodeIgniter->run()
 7 SYSTEMPATH\Commands\Server\rewrite.php(43): require_once('FCPATH\\index.php')
CRITICAL - 2023-01-31 07:28:03 --> array_values() expects parameter 1 to be array, null given
in APPPATH\Controllers\Keranjang.php on line 60.
 1 [internal function]: CodeIgniter\Debug\Exceptions->errorHandler(2, 'array_values() expects parameter 1 to be array, null given', 'APPPATH\\Controllers\\Keranjang.php', 60, [...])
 2 APPPATH\Controllers\Keranjang.php(60): array_values(null)
 3 SYSTEMPATH\CodeIgniter.php(896): App\Controllers\Keranjang->update('$1')
 4 SYSTEMPATH\CodeIgniter.php(466): CodeIgniter\CodeIgniter->runController(Object(App\Controllers\Keranjang))
 5 SYSTEMPATH\CodeIgniter.php(349): CodeIgniter\CodeIgniter->handleRequest(null, Object(Config\Cache), false)
 6 FCPATH\index.php(55): CodeIgniter\CodeIgniter->run()
 7 SYSTEMPATH\Commands\Server\rewrite.php(43): require_once('FCPATH\\index.php')
CRITICAL - 2023-01-31 07:28:21 --> Undefined index: notes_pesanan
in APPPATH\Views\keranjang.php on line 97.
 1 APPPATH\Views\keranjang.php(97): CodeIgniter\Debug\Exceptions->errorHandler(8, 'Undefined index: notes_pesanan', 'APPPATH\\Views\\keranjang.php', 97, [...])
 2 SYSTEMPATH\View\View.php(213): include('APPPATH\\Views\\keranjang.php')
 3 SYSTEMPATH\View\View.php(216): CodeIgniter\View\View->CodeIgniter\View\{closure}()
 4 SYSTEMPATH\Common.php(1135): CodeIgniter\View\View->render('keranjang', [], true)
 5 APPPATH\Controllers\Keranjang.php(16): view('keranjang', [...])
 6 SYSTEMPATH\CodeIgniter.php(896): App\Controllers\Keranjang->keranjang()
 7 SYSTEMPATH\CodeIgniter.php(466): CodeIgniter\CodeIgniter->runController(Object(App\Controllers\Keranjang))
 8 SYSTEMPATH\CodeIgniter.php(349): CodeIgniter\CodeIgniter->handleRequest(null, Object(Config\Cache), false)
 9 FCPATH\index.php(55): CodeIgniter\CodeIgniter->run()
10 SYSTEMPATH\Commands\Server\rewrite.php(43): require_once('FCPATH\\index.php')
CRITICAL - 2023-01-31 07:28:22 --> Undefined index: notes_pesanan
in APPPATH\Views\keranjang.php on line 97.
 1 APPPATH\Views\keranjang.php(97): CodeIgniter\Debug\Exceptions->errorHandler(8, 'Undefined index: notes_pesanan', 'APPPATH\\Views\\keranjang.php', 97, [...])
 2 SYSTEMPATH\View\View.php(213): include('APPPATH\\Views\\keranjang.php')
 3 SYSTEMPATH\View\View.php(216): CodeIgniter\View\View->CodeIgniter\View\{closure}()
 4 SYSTEMPATH\Common.php(1135): CodeIgniter\View\View->render('keranjang', [], true)
 5 APPPATH\Controllers\Keranjang.php(16): view('keranjang', [...])
 6 SYSTEMPATH\CodeIgniter.php(896): App\Controllers\Keranjang->keranjang()
 7 SYSTEMPATH\CodeIgniter.php(466): CodeIgniter\CodeIgniter->runController(Object(App\Controllers\Keranjang))
 8 SYSTEMPATH\CodeIgniter.php(349): CodeIgniter\CodeIgniter->handleRequest(null, Object(Config\Cache), false)
 9 FCPATH\index.php(55): CodeIgniter\CodeIgniter->run()
10 SYSTEMPATH\Commands\Server\rewrite.php(43): require_once('FCPATH\\index.php')
CRITICAL - 2023-01-31 07:28:28 --> Undefined index: notes_pesanan
in APPPATH\Views\keranjang.php on line 97.
 1 APPPATH\Views\keranjang.php(97): CodeIgniter\Debug\Exceptions->errorHandler(8, 'Undefined index: notes_pesanan', 'APPPATH\\Views\\keranjang.php', 97, [...])
 2 SYSTEMPATH\View\View.php(213): include('APPPATH\\Views\\keranjang.php')
 3 SYSTEMPATH\View\View.php(216): CodeIgniter\View\View->CodeIgniter\View\{closure}()
 4 SYSTEMPATH\Common.php(1135): CodeIgniter\View\View->render('keranjang', [], true)
 5 APPPATH\Controllers\Keranjang.php(16): view('keranjang', [...])
 6 SYSTEMPATH\CodeIgniter.php(896): App\Controllers\Keranjang->keranjang()
 7 SYSTEMPATH\CodeIgniter.php(466): CodeIgniter\CodeIgniter->runController(Object(App\Controllers\Keranjang))
 8 SYSTEMPATH\CodeIgniter.php(349): CodeIgniter\CodeIgniter->handleRequest(null, Object(Config\Cache), false)
 9 FCPATH\index.php(55): CodeIgniter\CodeIgniter->run()
10 SYSTEMPATH\Commands\Server\rewrite.php(43): require_once('FCPATH\\index.php')
CRITICAL - 2023-01-31 07:29:17 --> Undefined index: harga
in APPPATH\Controllers\Keranjang.php on line 154.
 1 APPPATH\Controllers\Keranjang.php(154): CodeIgniter\Debug\Exceptions->errorHandler(8, 'Undefined index: harga', 'APPPATH\\Controllers\\Keranjang.php', 154, [...])
 2 APPPATH\Controllers\Keranjang.php(54): App\Controllers\Keranjang->total()
 3 SYSTEMPATH\CodeIgniter.php(896): App\Controllers\Keranjang->keranjang()
 4 SYSTEMPATH\CodeIgniter.php(466): CodeIgniter\CodeIgniter->runController(Object(App\Controllers\Keranjang))
 5 SYSTEMPATH\CodeIgniter.php(349): CodeIgniter\CodeIgniter->handleRequest(null, Object(Config\Cache), false)
 6 FCPATH\index.php(55): CodeIgniter\CodeIgniter->run()
 7 SYSTEMPATH\Commands\Server\rewrite.php(43): require_once('FCPATH\\index.php')
CRITICAL - 2023-01-31 07:29:38 --> Undefined index: notes_pesanan
in APPPATH\Views\keranjang.php on line 97.
 1 APPPATH\Views\keranjang.php(97): CodeIgniter\Debug\Exceptions->errorHandler(8, 'Undefined index: notes_pesanan', 'APPPATH\\Views\\keranjang.php', 97, [...])
 2 SYSTEMPATH\View\View.php(213): include('APPPATH\\Views\\keranjang.php')
 3 SYSTEMPATH\View\View.php(216): CodeIgniter\View\View->CodeIgniter\View\{closure}()
 4 SYSTEMPATH\Common.php(1135): CodeIgniter\View\View->render('keranjang', [], true)
 5 APPPATH\Controllers\Keranjang.php(55): view('keranjang', [...])
 6 SYSTEMPATH\CodeIgniter.php(896): App\Controllers\Keranjang->keranjang()
 7 SYSTEMPATH\CodeIgniter.php(466): CodeIgniter\CodeIgniter->runController(Object(App\Controllers\Keranjang))
 8 SYSTEMPATH\CodeIgniter.php(349): CodeIgniter\CodeIgniter->handleRequest(null, Object(Config\Cache), false)
 9 FCPATH\index.php(55): CodeIgniter\CodeIgniter->run()
10 SYSTEMPATH\Commands\Server\rewrite.php(43): require_once('FCPATH\\index.php')
CRITICAL - 2023-01-31 07:32:16 --> Undefined index: notes_pesanan
in APPPATH\Views\keranjang.php on line 97.
 1 APPPATH\Views\keranjang.php(97): CodeIgniter\Debug\Exceptions->errorHandler(8, 'Undefined index: notes_pesanan', 'APPPATH\\Views\\keranjang.php', 97, [...])
 2 SYSTEMPATH\View\View.php(213): include('APPPATH\\Views\\keranjang.php')
 3 SYSTEMPATH\View\View.php(216): CodeIgniter\View\View->CodeIgniter\View\{closure}()
 4 SYSTEMPATH\Common.php(1135): CodeIgniter\View\View->render('keranjang', [], true)
 5 APPPATH\Controllers\Keranjang.php(53): view('keranjang', [...])
 6 SYSTEMPATH\CodeIgniter.php(896): App\Controllers\Keranjang->keranjang()
 7 SYSTEMPATH\CodeIgniter.php(466): CodeIgniter\CodeIgniter->runController(Object(App\Controllers\Keranjang))
 8 SYSTEMPATH\CodeIgniter.php(349): CodeIgniter\CodeIgniter->handleRequest(null, Object(Config\Cache), false)
 9 FCPATH\index.php(55): CodeIgniter\CodeIgniter->run()
10 SYSTEMPATH\Commands\Server\rewrite.php(43): require_once('FCPATH\\index.php')
CRITICAL - 2023-01-31 07:32:31 --> Undefined index: notes_pesanan
in APPPATH\Views\keranjang.php on line 97.
 1 APPPATH\Views\keranjang.php(97): CodeIgniter\Debug\Exceptions->errorHandler(8, 'Undefined index: notes_pesanan', 'APPPATH\\Views\\keranjang.php', 97, [...])
 2 SYSTEMPATH\View\View.php(213): include('APPPATH\\Views\\keranjang.php')
 3 SYSTEMPATH\View\View.php(216): CodeIgniter\View\View->CodeIgniter\View\{closure}()
 4 SYSTEMPATH\Common.php(1135): CodeIgniter\View\View->render('keranjang', [], true)
 5 APPPATH\Controllers\Keranjang.php(53): view('keranjang', [...])
 6 SYSTEMPATH\CodeIgniter.php(896): App\Controllers\Keranjang->keranjang()
 7 SYSTEMPATH\CodeIgniter.php(466): CodeIgniter\CodeIgniter->runController(Object(App\Controllers\Keranjang))
 8 SYSTEMPATH\CodeIgniter.php(349): CodeIgniter\CodeIgniter->handleRequest(null, Object(Config\Cache), false)
 9 FCPATH\index.php(55): CodeIgniter\CodeIgniter->run()
10 SYSTEMPATH\Commands\Server\rewrite.php(43): require_once('FCPATH\\index.php')
CRITICAL - 2023-01-31 07:32:55 --> Undefined index: notes_pesanan
in APPPATH\Views\keranjang.php on line 97.
 1 APPPATH\Views\keranjang.php(97): CodeIgniter\Debug\Exceptions->errorHandler(8, 'Undefined index: notes_pesanan', 'APPPATH\\Views\\keranjang.php', 97, [...])
 2 SYSTEMPATH\View\View.php(213): include('APPPATH\\Views\\keranjang.php')
 3 SYSTEMPATH\View\View.php(216): CodeIgniter\View\View->CodeIgniter\View\{closure}()
 4 SYSTEMPATH\Common.php(1135): CodeIgniter\View\View->render('keranjang', [], true)
 5 APPPATH\Controllers\Keranjang.php(53): view('keranjang', [...])
 6 SYSTEMPATH\CodeIgniter.php(896): App\Controllers\Keranjang->keranjang()
 7 SYSTEMPATH\CodeIgniter.php(466): CodeIgniter\CodeIgniter->runController(Object(App\Controllers\Keranjang))
 8 SYSTEMPATH\CodeIgniter.php(349): CodeIgniter\CodeIgniter->handleRequest(null, Object(Config\Cache), false)
 9 FCPATH\index.php(55): CodeIgniter\CodeIgniter->run()
10 SYSTEMPATH\Commands\Server\rewrite.php(43): require_once('FCPATH\\index.php')
CRITICAL - 2023-01-31 07:33:13 --> Function name must be a string
in APPPATH\Views\keranjang.php on line 97.
 1 SYSTEMPATH\View\View.php(213): include()
 2 SYSTEMPATH\View\View.php(216): CodeIgniter\View\View->CodeIgniter\View\{closure}()
 3 SYSTEMPATH\Common.php(1135): CodeIgniter\View\View->render('keranjang', [], true)
 4 APPPATH\Controllers\Keranjang.php(53): view('keranjang', [...])
 5 SYSTEMPATH\CodeIgniter.php(896): App\Controllers\Keranjang->keranjang()
 6 SYSTEMPATH\CodeIgniter.php(466): CodeIgniter\CodeIgniter->runController(Object(App\Controllers\Keranjang))
 7 SYSTEMPATH\CodeIgniter.php(349): CodeIgniter\CodeIgniter->handleRequest(null, Object(Config\Cache), false)
 8 FCPATH\index.php(55): CodeIgniter\CodeIgniter->run()
 9 SYSTEMPATH\Commands\Server\rewrite.php(43): require_once('FCPATH\\index.php')
CRITICAL - 2023-01-31 07:33:26 --> Function name must be a string
in APPPATH\Views\keranjang.php on line 97.
 1 SYSTEMPATH\View\View.php(213): include()
 2 SYSTEMPATH\View\View.php(216): CodeIgniter\View\View->CodeIgniter\View\{closure}()
 3 SYSTEMPATH\Common.php(1135): CodeIgniter\View\View->render('keranjang', [], true)
 4 APPPATH\Controllers\Keranjang.php(53): view('keranjang', [...])
 5 SYSTEMPATH\CodeIgniter.php(896): App\Controllers\Keranjang->keranjang()
 6 SYSTEMPATH\CodeIgniter.php(466): CodeIgniter\CodeIgniter->runController(Object(App\Controllers\Keranjang))
 7 SYSTEMPATH\CodeIgniter.php(349): CodeIgniter\CodeIgniter->handleRequest(null, Object(Config\Cache), false)
 8 FCPATH\index.php(55): CodeIgniter\CodeIgniter->run()
 9 SYSTEMPATH\Commands\Server\rewrite.php(43): require_once('FCPATH\\index.php')
CRITICAL - 2023-01-31 07:34:00 --> Function name must be a string
in APPPATH\Views\keranjang.php on line 97.
 1 SYSTEMPATH\View\View.php(213): include()
 2 SYSTEMPATH\View\View.php(216): CodeIgniter\View\View->CodeIgniter\View\{closure}()
 3 SYSTEMPATH\Common.php(1135): CodeIgniter\View\View->render('keranjang', [], true)
 4 APPPATH\Controllers\Keranjang.php(53): view('keranjang', [...])
 5 SYSTEMPATH\CodeIgniter.php(896): App\Controllers\Keranjang->keranjang()
 6 SYSTEMPATH\CodeIgniter.php(466): CodeIgniter\CodeIgniter->runController(Object(App\Controllers\Keranjang))
 7 SYSTEMPATH\CodeIgniter.php(349): CodeIgniter\CodeIgniter->handleRequest(null, Object(Config\Cache), false)
 8 FCPATH\index.php(55): CodeIgniter\CodeIgniter->run()
 9 SYSTEMPATH\Commands\Server\rewrite.php(43): require_once('FCPATH\\index.php')
CRITICAL - 2023-01-31 07:35:19 --> Uninitialized string offset: 1
in APPPATH\Controllers\Keranjang.php on line 106.
 1 APPPATH\Controllers\Keranjang.php(106): CodeIgniter\Debug\Exceptions->errorHandler(8, 'Uninitialized string offset: 1', 'APPPATH\\Controllers\\Keranjang.php', 106, [...])
 2 SYSTEMPATH\CodeIgniter.php(896): App\Controllers\Keranjang->update('$1')
 3 SYSTEMPATH\CodeIgniter.php(466): CodeIgniter\CodeIgniter->runController(Object(App\Controllers\Keranjang))
 4 SYSTEMPATH\CodeIgniter.php(349): CodeIgniter\CodeIgniter->handleRequest(null, Object(Config\Cache), false)
 5 FCPATH\index.php(55): CodeIgniter\CodeIgniter->run()
 6 SYSTEMPATH\Commands\Server\rewrite.php(43): require_once('FCPATH\\index.php')
CRITICAL - 2023-01-31 07:35:52 --> array_values() expects parameter 1 to be array, string given
in APPPATH\Controllers\Keranjang.php on line 99.
 1 [internal function]: CodeIgniter\Debug\Exceptions->errorHandler(2, 'array_values() expects parameter 1 to be array, string given', 'APPPATH\\Controllers\\Keranjang.php', 99, [...])
 2 APPPATH\Controllers\Keranjang.php(99): array_values('ncjdnjd')
 3 SYSTEMPATH\CodeIgniter.php(896): App\Controllers\Keranjang->update('$1')
 4 SYSTEMPATH\CodeIgniter.php(466): CodeIgniter\CodeIgniter->runController(Object(App\Controllers\Keranjang))
 5 SYSTEMPATH\CodeIgniter.php(349): CodeIgniter\CodeIgniter->handleRequest(null, Object(Config\Cache), false)
 6 FCPATH\index.php(55): CodeIgniter\CodeIgniter->run()
 7 SYSTEMPATH\Commands\Server\rewrite.php(43): require_once('FCPATH\\index.php')
CRITICAL - 2023-01-31 07:36:00 --> array_values() expects parameter 1 to be array, string given
in APPPATH\Controllers\Keranjang.php on line 99.
 1 [internal function]: CodeIgniter\Debug\Exceptions->errorHandler(2, 'array_values() expects parameter 1 to be array, string given', 'APPPATH\\Controllers\\Keranjang.php', 99, [...])
 2 APPPATH\Controllers\Keranjang.php(99): array_values('ncjdnjd')
 3 SYSTEMPATH\CodeIgniter.php(896): App\Controllers\Keranjang->update('$1')
 4 SYSTEMPATH\CodeIgniter.php(466): CodeIgniter\CodeIgniter->runController(Object(App\Controllers\Keranjang))
 5 SYSTEMPATH\CodeIgniter.php(349): CodeIgniter\CodeIgniter->handleRequest(null, Object(Config\Cache), false)
 6 FCPATH\index.php(55): CodeIgniter\CodeIgniter->run()
 7 SYSTEMPATH\Commands\Server\rewrite.php(43): require_once('FCPATH\\index.php')
CRITICAL - 2023-01-31 07:36:14 --> array_values() expects parameter 1 to be array, string given
in APPPATH\Controllers\Keranjang.php on line 99.
 1 [internal function]: CodeIgniter\Debug\Exceptions->errorHandler(2, 'array_values() expects parameter 1 to be array, string given', 'APPPATH\\Controllers\\Keranjang.php', 99, [...])
 2 APPPATH\Controllers\Keranjang.php(99): array_values('ncjdnjd')
 3 SYSTEMPATH\CodeIgniter.php(896): App\Controllers\Keranjang->update('$1')
 4 SYSTEMPATH\CodeIgniter.php(466): CodeIgniter\CodeIgniter->runController(Object(App\Controllers\Keranjang))
 5 SYSTEMPATH\CodeIgniter.php(349): CodeIgniter\CodeIgniter->handleRequest(null, Object(Config\Cache), false)
 6 FCPATH\index.php(55): CodeIgniter\CodeIgniter->run()
 7 SYSTEMPATH\Commands\Server\rewrite.php(43): require_once('FCPATH\\index.php')
CRITICAL - 2023-01-31 07:36:22 --> Uninitialized string offset: 0
in APPPATH\Controllers\Keranjang.php on line 106.
 1 APPPATH\Controllers\Keranjang.php(106): CodeIgniter\Debug\Exceptions->errorHandler(8, 'Uninitialized string offset: 0', 'APPPATH\\Controllers\\Keranjang.php', 106, [...])
 2 SYSTEMPATH\CodeIgniter.php(896): App\Controllers\Keranjang->update('$1')
 3 SYSTEMPATH\CodeIgniter.php(466): CodeIgniter\CodeIgniter->runController(Object(App\Controllers\Keranjang))
 4 SYSTEMPATH\CodeIgniter.php(349): CodeIgniter\CodeIgniter->handleRequest(null, Object(Config\Cache), false)
 5 FCPATH\index.php(55): CodeIgniter\CodeIgniter->run()
 6 SYSTEMPATH\Commands\Server\rewrite.php(43): require_once('FCPATH\\index.php')
CRITICAL - 2023-01-31 07:36:24 --> Uninitialized string offset: 0
in APPPATH\Controllers\Keranjang.php on line 106.
 1 APPPATH\Controllers\Keranjang.php(106): CodeIgniter\Debug\Exceptions->errorHandler(8, 'Uninitialized string offset: 0', 'APPPATH\\Controllers\\Keranjang.php', 106, [...])
 2 SYSTEMPATH\CodeIgniter.php(896): App\Controllers\Keranjang->update('$1')
 3 SYSTEMPATH\CodeIgniter.php(466): CodeIgniter\CodeIgniter->runController(Object(App\Controllers\Keranjang))
 4 SYSTEMPATH\CodeIgniter.php(349): CodeIgniter\CodeIgniter->handleRequest(null, Object(Config\Cache), false)
 5 FCPATH\index.php(55): CodeIgniter\CodeIgniter->run()
 6 SYSTEMPATH\Commands\Server\rewrite.php(43): require_once('FCPATH\\index.php')
CRITICAL - 2023-01-31 07:39:54 --> Uninitialized string offset: 0
in APPPATH\Controllers\Keranjang.php on line 106.
 1 APPPATH\Controllers\Keranjang.php(106): CodeIgniter\Debug\Exceptions->errorHandler(8, 'Uninitialized string offset: 0', 'APPPATH\\Controllers\\Keranjang.php', 106, [...])
 2 SYSTEMPATH\CodeIgniter.php(896): App\Controllers\Keranjang->update('$1')
 3 SYSTEMPATH\CodeIgniter.php(466): CodeIgniter\CodeIgniter->runController(Object(App\Controllers\Keranjang))
 4 SYSTEMPATH\CodeIgniter.php(349): CodeIgniter\CodeIgniter->handleRequest(null, Object(Config\Cache), false)
 5 FCPATH\index.php(55): CodeIgniter\CodeIgniter->run()
 6 SYSTEMPATH\Commands\Server\rewrite.php(43): require_once('FCPATH\\index.php')
CRITICAL - 2023-01-31 07:40:31 --> Undefined offset: 2
in APPPATH\Controllers\Keranjang.php on line 105.
 1 APPPATH\Controllers\Keranjang.php(105): CodeIgniter\Debug\Exceptions->errorHandler(8, 'Undefined offset: 2', 'APPPATH\\Controllers\\Keranjang.php', 105, [...])
 2 SYSTEMPATH\CodeIgniter.php(896): App\Controllers\Keranjang->update('$1')
 3 SYSTEMPATH\CodeIgniter.php(466): CodeIgniter\CodeIgniter->runController(Object(App\Controllers\Keranjang))
 4 SYSTEMPATH\CodeIgniter.php(349): CodeIgniter\CodeIgniter->handleRequest(null, Object(Config\Cache), false)
 5 FCPATH\index.php(55): CodeIgniter\CodeIgniter->run()
 6 SYSTEMPATH\Commands\Server\rewrite.php(43): require_once('FCPATH\\index.php')
CRITICAL - 2023-01-31 07:41:10 --> Undefined variable: notes_pesanan
in APPPATH\Controllers\Keranjang.php on line 118.
 1 APPPATH\Controllers\Keranjang.php(118): CodeIgniter\Debug\Exceptions->errorHandler(8, 'Undefined variable: notes_pesanan', 'APPPATH\\Controllers\\Keranjang.php', 118, [...])
 2 SYSTEMPATH\CodeIgniter.php(896): App\Controllers\Keranjang->update('$1')
 3 SYSTEMPATH\CodeIgniter.php(466): CodeIgniter\CodeIgniter->runController(Object(App\Controllers\Keranjang))
 4 SYSTEMPATH\CodeIgniter.php(349): CodeIgniter\CodeIgniter->handleRequest(null, Object(Config\Cache), false)
 5 FCPATH\index.php(55): CodeIgniter\CodeIgniter->run()
 6 SYSTEMPATH\Commands\Server\rewrite.php(43): require_once('FCPATH\\index.php')
CRITICAL - 2023-01-31 07:41:17 --> Undefined variable: notes_pesanan
in APPPATH\Controllers\Keranjang.php on line 118.
 1 APPPATH\Controllers\Keranjang.php(118): CodeIgniter\Debug\Exceptions->errorHandler(8, 'Undefined variable: notes_pesanan', 'APPPATH\\Controllers\\Keranjang.php', 118, [...])
 2 SYSTEMPATH\CodeIgniter.php(896): App\Controllers\Keranjang->update('$1')
 3 SYSTEMPATH\CodeIgniter.php(466): CodeIgniter\CodeIgniter->runController(Object(App\Controllers\Keranjang))
 4 SYSTEMPATH\CodeIgniter.php(349): CodeIgniter\CodeIgniter->handleRequest(null, Object(Config\Cache), false)
 5 FCPATH\index.php(55): CodeIgniter\CodeIgniter->run()
 6 SYSTEMPATH\Commands\Server\rewrite.php(43): require_once('FCPATH\\index.php')
CRITICAL - 2023-01-31 07:45:47 --> array_values() expects parameter 1 to be array, null given
in APPPATH\Controllers\Keranjang.php on line 51.
 1 [internal function]: CodeIgniter\Debug\Exceptions->errorHandler(2, 'array_values() expects parameter 1 to be array, null given', 'APPPATH\\Controllers\\Keranjang.php', 51, [])
 2 APPPATH\Controllers\Keranjang.php(51): array_values(null)
 3 SYSTEMPATH\CodeIgniter.php(896): App\Controllers\Keranjang->keranjang()
 4 SYSTEMPATH\CodeIgniter.php(466): CodeIgniter\CodeIgniter->runController(Object(App\Controllers\Keranjang))
 5 SYSTEMPATH\CodeIgniter.php(349): CodeIgniter\CodeIgniter->handleRequest(null, Object(Config\Cache), false)
 6 FCPATH\index.php(55): CodeIgniter\CodeIgniter->run()
 7 SYSTEMPATH\Commands\Server\rewrite.php(43): require_once('FCPATH\\index.php')
CRITICAL - 2023-01-31 07:46:08 --> array_values() expects parameter 1 to be array, null given
in APPPATH\Controllers\Keranjang.php on line 51.
 1 [internal function]: CodeIgniter\Debug\Exceptions->errorHandler(2, 'array_values() expects parameter 1 to be array, null given', 'APPPATH\\Controllers\\Keranjang.php', 51, [])
 2 APPPATH\Controllers\Keranjang.php(51): array_values(null)
 3 SYSTEMPATH\CodeIgniter.php(896): App\Controllers\Keranjang->keranjang()
 4 SYSTEMPATH\CodeIgniter.php(466): CodeIgniter\CodeIgniter->runController(Object(App\Controllers\Keranjang))
 5 SYSTEMPATH\CodeIgniter.php(349): CodeIgniter\CodeIgniter->handleRequest(null, Object(Config\Cache), false)
 6 FCPATH\index.php(55): CodeIgniter\CodeIgniter->run()
 7 SYSTEMPATH\Commands\Server\rewrite.php(43): require_once('FCPATH\\index.php')
CRITICAL - 2023-01-31 08:39:28 --> Undefined variable: session
in APPPATH\Views\keranjang.php on line 97.
 1 APPPATH\Views\keranjang.php(97): CodeIgniter\Debug\Exceptions->errorHandler(8, 'Undefined variable: session', 'APPPATH\\Views\\keranjang.php', 97, [...])
 2 SYSTEMPATH\View\View.php(213): include('APPPATH\\Views\\keranjang.php')
 3 SYSTEMPATH\View\View.php(216): CodeIgniter\View\View->CodeIgniter\View\{closure}()
 4 SYSTEMPATH\Common.php(1135): CodeIgniter\View\View->render('keranjang', [], true)
 5 APPPATH\Controllers\Keranjang.php(16): view('keranjang', [...])
 6 SYSTEMPATH\CodeIgniter.php(896): App\Controllers\Keranjang->keranjang()
 7 SYSTEMPATH\CodeIgniter.php(466): CodeIgniter\CodeIgniter->runController(Object(App\Controllers\Keranjang))
 8 SYSTEMPATH\CodeIgniter.php(349): CodeIgniter\CodeIgniter->handleRequest(null, Object(Config\Cache), false)
 9 FCPATH\index.php(55): CodeIgniter\CodeIgniter->run()
10 SYSTEMPATH\Commands\Server\rewrite.php(43): require_once('FCPATH\\index.php')
CRITICAL - 2023-01-31 08:39:40 --> Undefined variable: session
in APPPATH\Views\keranjang.php on line 97.
 1 APPPATH\Views\keranjang.php(97): CodeIgniter\Debug\Exceptions->errorHandler(8, 'Undefined variable: session', 'APPPATH\\Views\\keranjang.php', 97, [...])
 2 SYSTEMPATH\View\View.php(213): include('APPPATH\\Views\\keranjang.php')
 3 SYSTEMPATH\View\View.php(216): CodeIgniter\View\View->CodeIgniter\View\{closure}()
 4 SYSTEMPATH\Common.php(1135): CodeIgniter\View\View->render('keranjang', [], true)
 5 APPPATH\Controllers\Keranjang.php(16): view('keranjang', [...])
 6 SYSTEMPATH\CodeIgniter.php(896): App\Controllers\Keranjang->keranjang()
 7 SYSTEMPATH\CodeIgniter.php(466): CodeIgniter\CodeIgniter->runController(Object(App\Controllers\Keranjang))
 8 SYSTEMPATH\CodeIgniter.php(349): CodeIgniter\CodeIgniter->handleRequest(null, Object(Config\Cache), false)
 9 FCPATH\index.php(55): CodeIgniter\CodeIgniter->run()
10 SYSTEMPATH\Commands\Server\rewrite.php(43): require_once('FCPATH\\index.php')
CRITICAL - 2023-01-31 08:39:42 --> Undefined variable: session
in APPPATH\Views\keranjang.php on line 97.
 1 APPPATH\Views\keranjang.php(97): CodeIgniter\Debug\Exceptions->errorHandler(8, 'Undefined variable: session', 'APPPATH\\Views\\keranjang.php', 97, [...])
 2 SYSTEMPATH\View\View.php(213): include('APPPATH\\Views\\keranjang.php')
 3 SYSTEMPATH\View\View.php(216): CodeIgniter\View\View->CodeIgniter\View\{closure}()
 4 SYSTEMPATH\Common.php(1135): CodeIgniter\View\View->render('keranjang', [], true)
 5 APPPATH\Controllers\Keranjang.php(16): view('keranjang', [...])
 6 SYSTEMPATH\CodeIgniter.php(896): App\Controllers\Keranjang->keranjang()
 7 SYSTEMPATH\CodeIgniter.php(466): CodeIgniter\CodeIgniter->runController(Object(App\Controllers\Keranjang))
 8 SYSTEMPATH\CodeIgniter.php(349): CodeIgniter\CodeIgniter->handleRequest(null, Object(Config\Cache), false)
 9 FCPATH\index.php(55): CodeIgniter\CodeIgniter->run()
10 SYSTEMPATH\Commands\Server\rewrite.php(43): require_once('FCPATH\\index.php')
CRITICAL - 2023-01-31 08:44:04 --> Uninitialized string offset: 1
in APPPATH\Controllers\Keranjang.php on line 66.
 1 APPPATH\Controllers\Keranjang.php(66): CodeIgniter\Debug\Exceptions->errorHandler(8, 'Uninitialized string offset: 1', 'APPPATH\\Controllers\\Keranjang.php', 66, [...])
 2 SYSTEMPATH\CodeIgniter.php(896): App\Controllers\Keranjang->update('$1')
 3 SYSTEMPATH\CodeIgniter.php(466): CodeIgniter\CodeIgniter->runController(Object(App\Controllers\Keranjang))
 4 SYSTEMPATH\CodeIgniter.php(349): CodeIgniter\CodeIgniter->handleRequest(null, Object(Config\Cache), false)
 5 FCPATH\index.php(55): CodeIgniter\CodeIgniter->run()
 6 SYSTEMPATH\Commands\Server\rewrite.php(43): require_once('FCPATH\\index.php')
CRITICAL - 2023-01-31 08:45:12 --> Undefined index: notes_pesanan
in APPPATH\Views\keranjang.php on line 97.
 1 APPPATH\Views\keranjang.php(97): CodeIgniter\Debug\Exceptions->errorHandler(8, 'Undefined index: notes_pesanan', 'APPPATH\\Views\\keranjang.php', 97, [...])
 2 SYSTEMPATH\View\View.php(213): include('APPPATH\\Views\\keranjang.php')
 3 SYSTEMPATH\View\View.php(216): CodeIgniter\View\View->CodeIgniter\View\{closure}()
 4 SYSTEMPATH\Common.php(1135): CodeIgniter\View\View->render('keranjang', [], true)
 5 APPPATH\Controllers\Keranjang.php(16): view('keranjang', [...])
 6 SYSTEMPATH\CodeIgniter.php(896): App\Controllers\Keranjang->keranjang()
 7 SYSTEMPATH\CodeIgniter.php(466): CodeIgniter\CodeIgniter->runController(Object(App\Controllers\Keranjang))
 8 SYSTEMPATH\CodeIgniter.php(349): CodeIgniter\CodeIgniter->handleRequest(null, Object(Config\Cache), false)
 9 FCPATH\index.php(55): CodeIgniter\CodeIgniter->run()
10 SYSTEMPATH\Commands\Server\rewrite.php(43): require_once('FCPATH\\index.php')
CRITICAL - 2023-01-31 08:45:58 --> Undefined index: notes_pesanan
in APPPATH\Views\keranjang.php on line 97.
 1 APPPATH\Views\keranjang.php(97): CodeIgniter\Debug\Exceptions->errorHandler(8, 'Undefined index: notes_pesanan', 'APPPATH\\Views\\keranjang.php', 97, [...])
 2 SYSTEMPATH\View\View.php(213): include('APPPATH\\Views\\keranjang.php')
 3 SYSTEMPATH\View\View.php(216): CodeIgniter\View\View->CodeIgniter\View\{closure}()
 4 SYSTEMPATH\Common.php(1135): CodeIgniter\View\View->render('keranjang', [], true)
 5 APPPATH\Controllers\Keranjang.php(16): view('keranjang', [...])
 6 SYSTEMPATH\CodeIgniter.php(896): App\Controllers\Keranjang->keranjang()
 7 SYSTEMPATH\CodeIgniter.php(466): CodeIgniter\CodeIgniter->runController(Object(App\Controllers\Keranjang))
 8 SYSTEMPATH\CodeIgniter.php(349): CodeIgniter\CodeIgniter->handleRequest(null, Object(Config\Cache), false)
 9 FCPATH\index.php(55): CodeIgniter\CodeIgniter->run()
10 SYSTEMPATH\Commands\Server\rewrite.php(43): require_once('FCPATH\\index.php')
CRITICAL - 2023-01-31 08:46:08 --> Undefined index: notes_pesanan
in APPPATH\Views\keranjang.php on line 97.
 1 APPPATH\Views\keranjang.php(97): CodeIgniter\Debug\Exceptions->errorHandler(8, 'Undefined index: notes_pesanan', 'APPPATH\\Views\\keranjang.php', 97, [...])
 2 SYSTEMPATH\View\View.php(213): include('APPPATH\\Views\\keranjang.php')
 3 SYSTEMPATH\View\View.php(216): CodeIgniter\View\View->CodeIgniter\View\{closure}()
 4 SYSTEMPATH\Common.php(1135): CodeIgniter\View\View->render('keranjang', [], true)
 5 APPPATH\Controllers\Keranjang.php(16): view('keranjang', [...])
 6 SYSTEMPATH\CodeIgniter.php(896): App\Controllers\Keranjang->keranjang()
 7 SYSTEMPATH\CodeIgniter.php(466): CodeIgniter\CodeIgniter->runController(Object(App\Controllers\Keranjang))
 8 SYSTEMPATH\CodeIgniter.php(349): CodeIgniter\CodeIgniter->handleRequest(null, Object(Config\Cache), false)
 9 FCPATH\index.php(55): CodeIgniter\CodeIgniter->run()
10 SYSTEMPATH\Commands\Server\rewrite.php(43): require_once('FCPATH\\index.php')
CRITICAL - 2023-01-31 08:46:14 --> Undefined index: notes_pesanan
in APPPATH\Views\keranjang.php on line 97.
 1 APPPATH\Views\keranjang.php(97): CodeIgniter\Debug\Exceptions->errorHandler(8, 'Undefined index: notes_pesanan', 'APPPATH\\Views\\keranjang.php', 97, [...])
 2 SYSTEMPATH\View\View.php(213): include('APPPATH\\Views\\keranjang.php')
 3 SYSTEMPATH\View\View.php(216): CodeIgniter\View\View->CodeIgniter\View\{closure}()
 4 SYSTEMPATH\Common.php(1135): CodeIgniter\View\View->render('keranjang', [], true)
 5 APPPATH\Controllers\Keranjang.php(16): view('keranjang', [...])
 6 SYSTEMPATH\CodeIgniter.php(896): App\Controllers\Keranjang->keranjang()
 7 SYSTEMPATH\CodeIgniter.php(466): CodeIgniter\CodeIgniter->runController(Object(App\Controllers\Keranjang))
 8 SYSTEMPATH\CodeIgniter.php(349): CodeIgniter\CodeIgniter->handleRequest(null, Object(Config\Cache), false)
 9 FCPATH\index.php(55): CodeIgniter\CodeIgniter->run()
10 SYSTEMPATH\Commands\Server\rewrite.php(43): require_once('FCPATH\\index.php')
CRITICAL - 2023-01-31 08:47:59 --> Uninitialized string offset: 0
in APPPATH\Controllers\Keranjang.php on line 66.
 1 APPPATH\Controllers\Keranjang.php(66): CodeIgniter\Debug\Exceptions->errorHandler(8, 'Uninitialized string offset: 0', 'APPPATH\\Controllers\\Keranjang.php', 66, [...])
 2 SYSTEMPATH\CodeIgniter.php(896): App\Controllers\Keranjang->update('$1')
 3 SYSTEMPATH\CodeIgniter.php(466): CodeIgniter\CodeIgniter->runController(Object(App\Controllers\Keranjang))
 4 SYSTEMPATH\CodeIgniter.php(349): CodeIgniter\CodeIgniter->handleRequest(null, Object(Config\Cache), false)
 5 FCPATH\index.php(55): CodeIgniter\CodeIgniter->run()
 6 SYSTEMPATH\Commands\Server\rewrite.php(43): require_once('FCPATH\\index.php')
CRITICAL - 2023-01-31 08:48:02 --> Undefined index: notes_pesanan
in APPPATH\Views\keranjang.php on line 97.
 1 APPPATH\Views\keranjang.php(97): CodeIgniter\Debug\Exceptions->errorHandler(8, 'Undefined index: notes_pesanan', 'APPPATH\\Views\\keranjang.php', 97, [...])
 2 SYSTEMPATH\View\View.php(213): include('APPPATH\\Views\\keranjang.php')
 3 SYSTEMPATH\View\View.php(216): CodeIgniter\View\View->CodeIgniter\View\{closure}()
 4 SYSTEMPATH\Common.php(1135): CodeIgniter\View\View->render('keranjang', [], true)
 5 APPPATH\Controllers\Keranjang.php(16): view('keranjang', [...])
 6 SYSTEMPATH\CodeIgniter.php(896): App\Controllers\Keranjang->keranjang()
 7 SYSTEMPATH\CodeIgniter.php(466): CodeIgniter\CodeIgniter->runController(Object(App\Controllers\Keranjang))
 8 SYSTEMPATH\CodeIgniter.php(349): CodeIgniter\CodeIgniter->handleRequest(null, Object(Config\Cache), false)
 9 FCPATH\index.php(55): CodeIgniter\CodeIgniter->run()
10 SYSTEMPATH\Commands\Server\rewrite.php(43): require_once('FCPATH\\index.php')
CRITICAL - 2023-01-31 08:48:04 --> Undefined index: notes_pesanan
in APPPATH\Views\keranjang.php on line 97.
 1 APPPATH\Views\keranjang.php(97): CodeIgniter\Debug\Exceptions->errorHandler(8, 'Undefined index: notes_pesanan', 'APPPATH\\Views\\keranjang.php', 97, [...])
 2 SYSTEMPATH\View\View.php(213): include('APPPATH\\Views\\keranjang.php')
 3 SYSTEMPATH\View\View.php(216): CodeIgniter\View\View->CodeIgniter\View\{closure}()
 4 SYSTEMPATH\Common.php(1135): CodeIgniter\View\View->render('keranjang', [], true)
 5 APPPATH\Controllers\Keranjang.php(16): view('keranjang', [...])
 6 SYSTEMPATH\CodeIgniter.php(896): App\Controllers\Keranjang->keranjang()
 7 SYSTEMPATH\CodeIgniter.php(466): CodeIgniter\CodeIgniter->runController(Object(App\Controllers\Keranjang))
 8 SYSTEMPATH\CodeIgniter.php(349): CodeIgniter\CodeIgniter->handleRequest(null, Object(Config\Cache), false)
 9 FCPATH\index.php(55): CodeIgniter\CodeIgniter->run()
10 SYSTEMPATH\Commands\Server\rewrite.php(43): require_once('FCPATH\\index.php')
CRITICAL - 2023-01-31 08:48:13 --> Undefined index: notes_pesanan
in APPPATH\Views\keranjang.php on line 97.
 1 APPPATH\Views\keranjang.php(97): CodeIgniter\Debug\Exceptions->errorHandler(8, 'Undefined index: notes_pesanan', 'APPPATH\\Views\\keranjang.php', 97, [...])
 2 SYSTEMPATH\View\View.php(213): include('APPPATH\\Views\\keranjang.php')
 3 SYSTEMPATH\View\View.php(216): CodeIgniter\View\View->CodeIgniter\View\{closure}()
 4 SYSTEMPATH\Common.php(1135): CodeIgniter\View\View->render('keranjang', [], true)
 5 APPPATH\Controllers\Keranjang.php(16): view('keranjang', [...])
 6 SYSTEMPATH\CodeIgniter.php(896): App\Controllers\Keranjang->keranjang()
 7 SYSTEMPATH\CodeIgniter.php(466): CodeIgniter\CodeIgniter->runController(Object(App\Controllers\Keranjang))
 8 SYSTEMPATH\CodeIgniter.php(349): CodeIgniter\CodeIgniter->handleRequest(null, Object(Config\Cache), false)
 9 FCPATH\index.php(55): CodeIgniter\CodeIgniter->run()
10 SYSTEMPATH\Commands\Server\rewrite.php(43): require_once('FCPATH\\index.php')
CRITICAL - 2023-01-31 08:48:26 --> Array to string conversion
in APPPATH\Views\keranjang.php on line 97.
 1 APPPATH\Views\keranjang.php(97): CodeIgniter\Debug\Exceptions->errorHandler(8, 'Array to string conversion', 'APPPATH\\Views\\keranjang.php', 97, [...])
 2 SYSTEMPATH\View\View.php(213): include('APPPATH\\Views\\keranjang.php')
 3 SYSTEMPATH\View\View.php(216): CodeIgniter\View\View->CodeIgniter\View\{closure}()
 4 SYSTEMPATH\Common.php(1135): CodeIgniter\View\View->render('keranjang', [], true)
 5 APPPATH\Controllers\Keranjang.php(16): view('keranjang', [...])
 6 SYSTEMPATH\CodeIgniter.php(896): App\Controllers\Keranjang->keranjang()
 7 SYSTEMPATH\CodeIgniter.php(466): CodeIgniter\CodeIgniter->runController(Object(App\Controllers\Keranjang))
 8 SYSTEMPATH\CodeIgniter.php(349): CodeIgniter\CodeIgniter->handleRequest(null, Object(Config\Cache), false)
 9 FCPATH\index.php(55): CodeIgniter\CodeIgniter->run()
10 SYSTEMPATH\Commands\Server\rewrite.php(43): require_once('FCPATH\\index.php')
CRITICAL - 2023-01-31 08:48:37 --> Array to string conversion
in APPPATH\Views\keranjang.php on line 97.
 1 APPPATH\Views\keranjang.php(97): CodeIgniter\Debug\Exceptions->errorHandler(8, 'Array to string conversion', 'APPPATH\\Views\\keranjang.php', 97, [...])
 2 SYSTEMPATH\View\View.php(213): include('APPPATH\\Views\\keranjang.php')
 3 SYSTEMPATH\View\View.php(216): CodeIgniter\View\View->CodeIgniter\View\{closure}()
 4 SYSTEMPATH\Common.php(1135): CodeIgniter\View\View->render('keranjang', [], true)
 5 APPPATH\Controllers\Keranjang.php(16): view('keranjang', [...])
 6 SYSTEMPATH\CodeIgniter.php(896): App\Controllers\Keranjang->keranjang()
 7 SYSTEMPATH\CodeIgniter.php(466): CodeIgniter\CodeIgniter->runController(Object(App\Controllers\Keranjang))
 8 SYSTEMPATH\CodeIgniter.php(349): CodeIgniter\CodeIgniter->handleRequest(null, Object(Config\Cache), false)
 9 FCPATH\index.php(55): CodeIgniter\CodeIgniter->run()
10 SYSTEMPATH\Commands\Server\rewrite.php(43): require_once('FCPATH\\index.php')
CRITICAL - 2023-01-31 08:48:53 --> Array to string conversion
in APPPATH\Views\keranjang.php on line 97.
 1 APPPATH\Views\keranjang.php(97): CodeIgniter\Debug\Exceptions->errorHandler(8, 'Array to string conversion', 'APPPATH\\Views\\keranjang.php', 97, [...])
 2 SYSTEMPATH\View\View.php(213): include('APPPATH\\Views\\keranjang.php')
 3 SYSTEMPATH\View\View.php(216): CodeIgniter\View\View->CodeIgniter\View\{closure}()
 4 SYSTEMPATH\Common.php(1135): CodeIgniter\View\View->render('keranjang', [], true)
 5 APPPATH\Controllers\Keranjang.php(16): view('keranjang', [...])
 6 SYSTEMPATH\CodeIgniter.php(896): App\Controllers\Keranjang->keranjang()
 7 SYSTEMPATH\CodeIgniter.php(466): CodeIgniter\CodeIgniter->runController(Object(App\Controllers\Keranjang))
 8 SYSTEMPATH\CodeIgniter.php(349): CodeIgniter\CodeIgniter->handleRequest(null, Object(Config\Cache), false)
 9 FCPATH\index.php(55): CodeIgniter\CodeIgniter->run()
10 SYSTEMPATH\Commands\Server\rewrite.php(43): require_once('FCPATH\\index.php')
CRITICAL - 2023-01-31 08:49:04 --> Array to string conversion
in APPPATH\Views\keranjang.php on line 97.
 1 APPPATH\Views\keranjang.php(97): CodeIgniter\Debug\Exceptions->errorHandler(8, 'Array to string conversion', 'APPPATH\\Views\\keranjang.php', 97, [...])
 2 SYSTEMPATH\View\View.php(213): include('APPPATH\\Views\\keranjang.php')
 3 SYSTEMPATH\View\View.php(216): CodeIgniter\View\View->CodeIgniter\View\{closure}()
 4 SYSTEMPATH\Common.php(1135): CodeIgniter\View\View->render('keranjang', [], true)
 5 APPPATH\Controllers\Keranjang.php(16): view('keranjang', [...])
 6 SYSTEMPATH\CodeIgniter.php(896): App\Controllers\Keranjang->keranjang()
 7 SYSTEMPATH\CodeIgniter.php(466): CodeIgniter\CodeIgniter->runController(Object(App\Controllers\Keranjang))
 8 SYSTEMPATH\CodeIgniter.php(349): CodeIgniter\CodeIgniter->handleRequest(null, Object(Config\Cache), false)
 9 FCPATH\index.php(55): CodeIgniter\CodeIgniter->run()
10 SYSTEMPATH\Commands\Server\rewrite.php(43): require_once('FCPATH\\index.php')
CRITICAL - 2023-01-31 08:51:14 --> Undefined index: notes_pesanan
in APPPATH\Controllers\Keranjang.php on line 128.
 1 APPPATH\Controllers\Keranjang.php(128): CodeIgniter\Debug\Exceptions->errorHandler(8, 'Undefined index: notes_pesanan', 'APPPATH\\Controllers\\Keranjang.php', 128, [...])
 2 SYSTEMPATH\CodeIgniter.php(896): App\Controllers\Keranjang->simpan('$1')
 3 SYSTEMPATH\CodeIgniter.php(466): CodeIgniter\CodeIgniter->runController(Object(App\Controllers\Keranjang))
 4 SYSTEMPATH\CodeIgniter.php(349): CodeIgniter\CodeIgniter->handleRequest(null, Object(Config\Cache), false)
 5 FCPATH\index.php(55): CodeIgniter\CodeIgniter->run()
 6 SYSTEMPATH\Commands\Server\rewrite.php(43): require_once('FCPATH\\index.php')
CRITICAL - 2023-01-31 08:56:19 --> Undefined variable: items
in APPPATH\Views\keranjang.php on line 82.
 1 APPPATH\Views\keranjang.php(82): CodeIgniter\Debug\Exceptions->errorHandler(8, 'Undefined variable: items', 'APPPATH\\Views\\keranjang.php', 82, [...])
 2 SYSTEMPATH\View\View.php(213): include('APPPATH\\Views\\keranjang.php')
 3 SYSTEMPATH\View\View.php(216): CodeIgniter\View\View->CodeIgniter\View\{closure}()
 4 SYSTEMPATH\Common.php(1135): CodeIgniter\View\View->render('keranjang', [], true)
 5 APPPATH\Controllers\Keranjang.php(139): view('keranjang', [...])
 6 SYSTEMPATH\CodeIgniter.php(896): App\Controllers\Keranjang->simpan('$1')
 7 SYSTEMPATH\CodeIgniter.php(466): CodeIgniter\CodeIgniter->runController(Object(App\Controllers\Keranjang))
 8 SYSTEMPATH\CodeIgniter.php(349): CodeIgniter\CodeIgniter->handleRequest(null, Object(Config\Cache), false)
 9 FCPATH\index.php(55): CodeIgniter\CodeIgniter->run()
10 SYSTEMPATH\Commands\Server\rewrite.php(43): require_once('FCPATH\\index.php')
CRITICAL - 2023-01-31 08:56:41 --> Undefined variable: items
in APPPATH\Views\keranjang.php on line 82.
 1 APPPATH\Views\keranjang.php(82): CodeIgniter\Debug\Exceptions->errorHandler(8, 'Undefined variable: items', 'APPPATH\\Views\\keranjang.php', 82, [...])
 2 SYSTEMPATH\View\View.php(213): include('APPPATH\\Views\\keranjang.php')
 3 SYSTEMPATH\View\View.php(216): CodeIgniter\View\View->CodeIgniter\View\{closure}()
 4 SYSTEMPATH\Common.php(1135): CodeIgniter\View\View->render('keranjang', [], true)
 5 APPPATH\Controllers\Keranjang.php(139): view('keranjang', [...])
 6 SYSTEMPATH\CodeIgniter.php(896): App\Controllers\Keranjang->simpan('$1')
 7 SYSTEMPATH\CodeIgniter.php(466): CodeIgniter\CodeIgniter->runController(Object(App\Controllers\Keranjang))
 8 SYSTEMPATH\CodeIgniter.php(349): CodeIgniter\CodeIgniter->handleRequest(null, Object(Config\Cache), false)
 9 FCPATH\index.php(55): CodeIgniter\CodeIgniter->run()
10 SYSTEMPATH\Commands\Server\rewrite.php(43): require_once('FCPATH\\index.php')
CRITICAL - 2023-01-31 08:57:54 --> Undefined variable: items
in APPPATH\Views\keranjang.php on line 82.
 1 APPPATH\Views\keranjang.php(82): CodeIgniter\Debug\Exceptions->errorHandler(8, 'Undefined variable: items', 'APPPATH\\Views\\keranjang.php', 82, [...])
 2 SYSTEMPATH\View\View.php(213): include('APPPATH\\Views\\keranjang.php')
 3 SYSTEMPATH\View\View.php(216): CodeIgniter\View\View->CodeIgniter\View\{closure}()
 4 SYSTEMPATH\Common.php(1135): CodeIgniter\View\View->render('keranjang', [], true)
 5 APPPATH\Controllers\Keranjang.php(139): view('keranjang', [...])
 6 SYSTEMPATH\CodeIgniter.php(896): App\Controllers\Keranjang->simpan('$1')
 7 SYSTEMPATH\CodeIgniter.php(466): CodeIgniter\CodeIgniter->runController(Object(App\Controllers\Keranjang))
 8 SYSTEMPATH\CodeIgniter.php(349): CodeIgniter\CodeIgniter->handleRequest(null, Object(Config\Cache), false)
 9 FCPATH\index.php(55): CodeIgniter\CodeIgniter->run()
10 SYSTEMPATH\Commands\Server\rewrite.php(43): require_once('FCPATH\\index.php')
CRITICAL - 2023-01-31 08:58:01 --> Undefined variable: items
in APPPATH\Views\keranjang.php on line 82.
 1 APPPATH\Views\keranjang.php(82): CodeIgniter\Debug\Exceptions->errorHandler(8, 'Undefined variable: items', 'APPPATH\\Views\\keranjang.php', 82, [...])
 2 SYSTEMPATH\View\View.php(213): include('APPPATH\\Views\\keranjang.php')
 3 SYSTEMPATH\View\View.php(216): CodeIgniter\View\View->CodeIgniter\View\{closure}()
 4 SYSTEMPATH\Common.php(1135): CodeIgniter\View\View->render('keranjang', [], true)
 5 APPPATH\Controllers\Keranjang.php(139): view('keranjang', [...])
 6 SYSTEMPATH\CodeIgniter.php(896): App\Controllers\Keranjang->simpan('$1')
 7 SYSTEMPATH\CodeIgniter.php(466): CodeIgniter\CodeIgniter->runController(Object(App\Controllers\Keranjang))
 8 SYSTEMPATH\CodeIgniter.php(349): CodeIgniter\CodeIgniter->handleRequest(null, Object(Config\Cache), false)
 9 FCPATH\index.php(55): CodeIgniter\CodeIgniter->run()
10 SYSTEMPATH\Commands\Server\rewrite.php(43): require_once('FCPATH\\index.php')
CRITICAL - 2023-01-31 20:27:19 --> array_values() expects parameter 1 to be array, null given
in APPPATH\Controllers\Keranjang.php on line 14.
 1 [internal function]: CodeIgniter\Debug\Exceptions->errorHandler(2, 'array_values() expects parameter 1 to be array, null given', 'APPPATH\\Controllers\\Keranjang.php', 14, [])
 2 APPPATH\Controllers\Keranjang.php(14): array_values(null)
 3 SYSTEMPATH\CodeIgniter.php(896): App\Controllers\Keranjang->keranjang()
 4 SYSTEMPATH\CodeIgniter.php(466): CodeIgniter\CodeIgniter->runController(Object(App\Controllers\Keranjang))
 5 SYSTEMPATH\CodeIgniter.php(349): CodeIgniter\CodeIgniter->handleRequest(null, Object(Config\Cache), false)
 6 FCPATH\index.php(55): CodeIgniter\CodeIgniter->run()
 7 SYSTEMPATH\Commands\Server\rewrite.php(43): require_once('FCPATH\\index.php')
CRITICAL - 2023-01-31 20:27:34 --> Undefined index: notes_pesanan
in APPPATH\Controllers\Keranjang.php on line 71.
 1 APPPATH\Controllers\Keranjang.php(71): CodeIgniter\Debug\Exceptions->errorHandler(8, 'Undefined index: notes_pesanan', 'APPPATH\\Controllers\\Keranjang.php', 71, [...])
 2 SYSTEMPATH\CodeIgniter.php(896): App\Controllers\Keranjang->update('$1')
 3 SYSTEMPATH\CodeIgniter.php(466): CodeIgniter\CodeIgniter->runController(Object(App\Controllers\Keranjang))
 4 SYSTEMPATH\CodeIgniter.php(349): CodeIgniter\CodeIgniter->handleRequest(null, Object(Config\Cache), false)
 5 FCPATH\index.php(55): CodeIgniter\CodeIgniter->run()
 6 SYSTEMPATH\Commands\Server\rewrite.php(43): require_once('FCPATH\\index.php')
CRITICAL - 2023-01-31 20:28:55 --> Undefined index: notes_pesanan
in APPPATH\Controllers\Keranjang.php on line 72.
 1 APPPATH\Controllers\Keranjang.php(72): CodeIgniter\Debug\Exceptions->errorHandler(8, 'Undefined index: notes_pesanan', 'APPPATH\\Controllers\\Keranjang.php', 72, [...])
 2 SYSTEMPATH\CodeIgniter.php(896): App\Controllers\Keranjang->update('$1')
 3 SYSTEMPATH\CodeIgniter.php(466): CodeIgniter\CodeIgniter->runController(Object(App\Controllers\Keranjang))
 4 SYSTEMPATH\CodeIgniter.php(349): CodeIgniter\CodeIgniter->handleRequest(null, Object(Config\Cache), false)
 5 FCPATH\index.php(55): CodeIgniter\CodeIgniter->run()
 6 SYSTEMPATH\Commands\Server\rewrite.php(43): require_once('FCPATH\\index.php')
CRITICAL - 2023-01-31 20:29:47 --> Undefined index: notes_pesanan
in APPPATH\Controllers\Keranjang.php on line 72.
 1 APPPATH\Controllers\Keranjang.php(72): CodeIgniter\Debug\Exceptions->errorHandler(8, 'Undefined index: notes_pesanan', 'APPPATH\\Controllers\\Keranjang.php', 72, [...])
 2 SYSTEMPATH\CodeIgniter.php(896): App\Controllers\Keranjang->update('$1')
 3 SYSTEMPATH\CodeIgniter.php(466): CodeIgniter\CodeIgniter->runController(Object(App\Controllers\Keranjang))
 4 SYSTEMPATH\CodeIgniter.php(349): CodeIgniter\CodeIgniter->handleRequest(null, Object(Config\Cache), false)
 5 FCPATH\index.php(55): CodeIgniter\CodeIgniter->run()
 6 SYSTEMPATH\Commands\Server\rewrite.php(43): require_once('FCPATH\\index.php')
CRITICAL - 2023-01-31 20:30:03 --> Undefined index: notes_pesanan
in APPPATH\Controllers\Keranjang.php on line 67.
 1 APPPATH\Controllers\Keranjang.php(67): CodeIgniter\Debug\Exceptions->errorHandler(8, 'Undefined index: notes_pesanan', 'APPPATH\\Controllers\\Keranjang.php', 67, [...])
 2 SYSTEMPATH\CodeIgniter.php(896): App\Controllers\Keranjang->update('$1')
 3 SYSTEMPATH\CodeIgniter.php(466): CodeIgniter\CodeIgniter->runController(Object(App\Controllers\Keranjang))
 4 SYSTEMPATH\CodeIgniter.php(349): CodeIgniter\CodeIgniter->handleRequest(null, Object(Config\Cache), false)
 5 FCPATH\index.php(55): CodeIgniter\CodeIgniter->run()
 6 SYSTEMPATH\Commands\Server\rewrite.php(43): require_once('FCPATH\\index.php')
CRITICAL - 2023-01-31 20:30:26 --> Undefined index: notes_pesanan
in APPPATH\Views\keranjang.php on line 97.
 1 APPPATH\Views\keranjang.php(97): CodeIgniter\Debug\Exceptions->errorHandler(8, 'Undefined index: notes_pesanan', 'APPPATH\\Views\\keranjang.php', 97, [...])
 2 SYSTEMPATH\View\View.php(213): include('APPPATH\\Views\\keranjang.php')
 3 SYSTEMPATH\View\View.php(216): CodeIgniter\View\View->CodeIgniter\View\{closure}()
 4 SYSTEMPATH\Common.php(1135): CodeIgniter\View\View->render('keranjang', [], true)
 5 APPPATH\Controllers\Keranjang.php(16): view('keranjang', [...])
 6 SYSTEMPATH\CodeIgniter.php(896): App\Controllers\Keranjang->keranjang()
 7 SYSTEMPATH\CodeIgniter.php(466): CodeIgniter\CodeIgniter->runController(Object(App\Controllers\Keranjang))
 8 SYSTEMPATH\CodeIgniter.php(349): CodeIgniter\CodeIgniter->handleRequest(null, Object(Config\Cache), false)
 9 FCPATH\index.php(55): CodeIgniter\CodeIgniter->run()
10 SYSTEMPATH\Commands\Server\rewrite.php(43): require_once('FCPATH\\index.php')
CRITICAL - 2023-01-31 20:30:27 --> Undefined index: notes_pesanan
in APPPATH\Views\keranjang.php on line 97.
 1 APPPATH\Views\keranjang.php(97): CodeIgniter\Debug\Exceptions->errorHandler(8, 'Undefined index: notes_pesanan', 'APPPATH\\Views\\keranjang.php', 97, [...])
 2 SYSTEMPATH\View\View.php(213): include('APPPATH\\Views\\keranjang.php')
 3 SYSTEMPATH\View\View.php(216): CodeIgniter\View\View->CodeIgniter\View\{closure}()
 4 SYSTEMPATH\Common.php(1135): CodeIgniter\View\View->render('keranjang', [], true)
 5 APPPATH\Controllers\Keranjang.php(16): view('keranjang', [...])
 6 SYSTEMPATH\CodeIgniter.php(896): App\Controllers\Keranjang->keranjang()
 7 SYSTEMPATH\CodeIgniter.php(466): CodeIgniter\CodeIgniter->runController(Object(App\Controllers\Keranjang))
 8 SYSTEMPATH\CodeIgniter.php(349): CodeIgniter\CodeIgniter->handleRequest(null, Object(Config\Cache), false)
 9 FCPATH\index.php(55): CodeIgniter\CodeIgniter->run()
10 SYSTEMPATH\Commands\Server\rewrite.php(43): require_once('FCPATH\\index.php')
CRITICAL - 2023-01-31 20:33:23 --> array_values() expects parameter 1 to be array, null given
in APPPATH\Controllers\Keranjang.php on line 14.
 1 [internal function]: CodeIgniter\Debug\Exceptions->errorHandler(2, 'array_values() expects parameter 1 to be array, null given', 'APPPATH\\Controllers\\Keranjang.php', 14, [])
 2 APPPATH\Controllers\Keranjang.php(14): array_values(null)
 3 SYSTEMPATH\CodeIgniter.php(896): App\Controllers\Keranjang->keranjang()
 4 SYSTEMPATH\CodeIgniter.php(466): CodeIgniter\CodeIgniter->runController(Object(App\Controllers\Keranjang))
 5 SYSTEMPATH\CodeIgniter.php(349): CodeIgniter\CodeIgniter->handleRequest(null, Object(Config\Cache), false)
 6 FCPATH\index.php(55): CodeIgniter\CodeIgniter->run()
 7 SYSTEMPATH\Commands\Server\rewrite.php(43): require_once('FCPATH\\index.php')
CRITICAL - 2023-01-31 20:33:42 --> array_values() expects parameter 1 to be array, null given
in APPPATH\Controllers\Keranjang.php on line 14.
 1 [internal function]: CodeIgniter\Debug\Exceptions->errorHandler(2, 'array_values() expects parameter 1 to be array, null given', 'APPPATH\\Controllers\\Keranjang.php', 14, [])
 2 APPPATH\Controllers\Keranjang.php(14): array_values(null)
 3 SYSTEMPATH\CodeIgniter.php(896): App\Controllers\Keranjang->keranjang()
 4 SYSTEMPATH\CodeIgniter.php(466): CodeIgniter\CodeIgniter->runController(Object(App\Controllers\Keranjang))
 5 SYSTEMPATH\CodeIgniter.php(349): CodeIgniter\CodeIgniter->handleRequest(null, Object(Config\Cache), false)
 6 FCPATH\index.php(55): CodeIgniter\CodeIgniter->run()
 7 SYSTEMPATH\Commands\Server\rewrite.php(43): require_once('FCPATH\\index.php')
CRITICAL - 2023-01-31 21:23:24 --> Array to string conversion
in APPPATH\Views\keranjang.php on line 97.
 1 APPPATH\Views\keranjang.php(97): CodeIgniter\Debug\Exceptions->errorHandler(8, 'Array to string conversion', 'APPPATH\\Views\\keranjang.php', 97, [...])
 2 SYSTEMPATH\View\View.php(213): include('APPPATH\\Views\\keranjang.php')
 3 SYSTEMPATH\View\View.php(216): CodeIgniter\View\View->CodeIgniter\View\{closure}()
 4 SYSTEMPATH\Common.php(1135): CodeIgniter\View\View->render('keranjang', [], true)
 5 APPPATH\Controllers\Keranjang.php(16): view('keranjang', [...])
 6 SYSTEMPATH\CodeIgniter.php(896): App\Controllers\Keranjang->keranjang()
 7 SYSTEMPATH\CodeIgniter.php(466): CodeIgniter\CodeIgniter->runController(Object(App\Controllers\Keranjang))
 8 SYSTEMPATH\CodeIgniter.php(349): CodeIgniter\CodeIgniter->handleRequest(null, Object(Config\Cache), false)
 9 FCPATH\index.php(55): CodeIgniter\CodeIgniter->run()
10 SYSTEMPATH\Commands\Server\rewrite.php(43): require_once('FCPATH\\index.php')
CRITICAL - 2023-01-31 21:23:52 --> Undefined index: notes_pesanan
in APPPATH\Views\keranjang.php on line 97.
 1 APPPATH\Views\keranjang.php(97): CodeIgniter\Debug\Exceptions->errorHandler(8, 'Undefined index: notes_pesanan', 'APPPATH\\Views\\keranjang.php', 97, [...])
 2 SYSTEMPATH\View\View.php(213): include('APPPATH\\Views\\keranjang.php')
 3 SYSTEMPATH\View\View.php(216): CodeIgniter\View\View->CodeIgniter\View\{closure}()
 4 SYSTEMPATH\Common.php(1135): CodeIgniter\View\View->render('keranjang', [], true)
 5 APPPATH\Controllers\Keranjang.php(16): view('keranjang', [...])
 6 SYSTEMPATH\CodeIgniter.php(896): App\Controllers\Keranjang->keranjang()
 7 SYSTEMPATH\CodeIgniter.php(466): CodeIgniter\CodeIgniter->runController(Object(App\Controllers\Keranjang))
 8 SYSTEMPATH\CodeIgniter.php(349): CodeIgniter\CodeIgniter->handleRequest(null, Object(Config\Cache), false)
 9 FCPATH\index.php(55): CodeIgniter\CodeIgniter->run()
10 SYSTEMPATH\Commands\Server\rewrite.php(43): require_once('FCPATH\\index.php')
CRITICAL - 2023-01-31 21:24:07 --> Array to string conversion
in APPPATH\Views\keranjang.php on line 97.
 1 APPPATH\Views\keranjang.php(97): CodeIgniter\Debug\Exceptions->errorHandler(8, 'Array to string conversion', 'APPPATH\\Views\\keranjang.php', 97, [...])
 2 SYSTEMPATH\View\View.php(213): include('APPPATH\\Views\\keranjang.php')
 3 SYSTEMPATH\View\View.php(216): CodeIgniter\View\View->CodeIgniter\View\{closure}()
 4 SYSTEMPATH\Common.php(1135): CodeIgniter\View\View->render('keranjang', [], true)
 5 APPPATH\Controllers\Keranjang.php(16): view('keranjang', [...])
 6 SYSTEMPATH\CodeIgniter.php(896): App\Controllers\Keranjang->keranjang()
 7 SYSTEMPATH\CodeIgniter.php(466): CodeIgniter\CodeIgniter->runController(Object(App\Controllers\Keranjang))
 8 SYSTEMPATH\CodeIgniter.php(349): CodeIgniter\CodeIgniter->handleRequest(null, Object(Config\Cache), false)
 9 FCPATH\index.php(55): CodeIgniter\CodeIgniter->run()
10 SYSTEMPATH\Commands\Server\rewrite.php(43): require_once('FCPATH\\index.php')
CRITICAL - 2023-01-31 21:24:18 --> Array to string conversion
in APPPATH\Views\keranjang.php on line 97.
 1 APPPATH\Views\keranjang.php(97): CodeIgniter\Debug\Exceptions->errorHandler(8, 'Array to string conversion', 'APPPATH\\Views\\keranjang.php', 97, [...])
 2 SYSTEMPATH\View\View.php(213): include('APPPATH\\Views\\keranjang.php')
 3 SYSTEMPATH\View\View.php(216): CodeIgniter\View\View->CodeIgniter\View\{closure}()
 4 SYSTEMPATH\Common.php(1135): CodeIgniter\View\View->render('keranjang', [], true)
 5 APPPATH\Controllers\Keranjang.php(16): view('keranjang', [...])
 6 SYSTEMPATH\CodeIgniter.php(896): App\Controllers\Keranjang->keranjang()
 7 SYSTEMPATH\CodeIgniter.php(466): CodeIgniter\CodeIgniter->runController(Object(App\Controllers\Keranjang))
 8 SYSTEMPATH\CodeIgniter.php(349): CodeIgniter\CodeIgniter->handleRequest(null, Object(Config\Cache), false)
 9 FCPATH\index.php(55): CodeIgniter\CodeIgniter->run()
10 SYSTEMPATH\Commands\Server\rewrite.php(43): require_once('FCPATH\\index.php')
CRITICAL - 2023-01-31 21:24:20 --> Array to string conversion
in APPPATH\Views\keranjang.php on line 97.
 1 APPPATH\Views\keranjang.php(97): CodeIgniter\Debug\Exceptions->errorHandler(8, 'Array to string conversion', 'APPPATH\\Views\\keranjang.php', 97, [...])
 2 SYSTEMPATH\View\View.php(213): include('APPPATH\\Views\\keranjang.php')
 3 SYSTEMPATH\View\View.php(216): CodeIgniter\View\View->CodeIgniter\View\{closure}()
 4 SYSTEMPATH\Common.php(1135): CodeIgniter\View\View->render('keranjang', [], true)
 5 APPPATH\Controllers\Keranjang.php(16): view('keranjang', [...])
 6 SYSTEMPATH\CodeIgniter.php(896): App\Controllers\Keranjang->keranjang()
 7 SYSTEMPATH\CodeIgniter.php(466): CodeIgniter\CodeIgniter->runController(Object(App\Controllers\Keranjang))
 8 SYSTEMPATH\CodeIgniter.php(349): CodeIgniter\CodeIgniter->handleRequest(null, Object(Config\Cache), false)
 9 FCPATH\index.php(55): CodeIgniter\CodeIgniter->run()
10 SYSTEMPATH\Commands\Server\rewrite.php(43): require_once('FCPATH\\index.php')
CRITICAL - 2023-01-31 21:24:22 --> Array to string conversion
in APPPATH\Views\keranjang.php on line 97.
 1 APPPATH\Views\keranjang.php(97): CodeIgniter\Debug\Exceptions->errorHandler(8, 'Array to string conversion', 'APPPATH\\Views\\keranjang.php', 97, [...])
 2 SYSTEMPATH\View\View.php(213): include('APPPATH\\Views\\keranjang.php')
 3 SYSTEMPATH\View\View.php(216): CodeIgniter\View\View->CodeIgniter\View\{closure}()
 4 SYSTEMPATH\Common.php(1135): CodeIgniter\View\View->render('keranjang', [], true)
 5 APPPATH\Controllers\Keranjang.php(16): view('keranjang', [...])
 6 SYSTEMPATH\CodeIgniter.php(896): App\Controllers\Keranjang->keranjang()
 7 SYSTEMPATH\CodeIgniter.php(466): CodeIgniter\CodeIgniter->runController(Object(App\Controllers\Keranjang))
 8 SYSTEMPATH\CodeIgniter.php(349): CodeIgniter\CodeIgniter->handleRequest(null, Object(Config\Cache), false)
 9 FCPATH\index.php(55): CodeIgniter\CodeIgniter->run()
10 SYSTEMPATH\Commands\Server\rewrite.php(43): require_once('FCPATH\\index.php')
CRITICAL - 2023-01-31 21:24:37 --> Array to string conversion
in APPPATH\Views\keranjang.php on line 97.
 1 APPPATH\Views\keranjang.php(97): CodeIgniter\Debug\Exceptions->errorHandler(8, 'Array to string conversion', 'APPPATH\\Views\\keranjang.php', 97, [...])
 2 SYSTEMPATH\View\View.php(213): include('APPPATH\\Views\\keranjang.php')
 3 SYSTEMPATH\View\View.php(216): CodeIgniter\View\View->CodeIgniter\View\{closure}()
 4 SYSTEMPATH\Common.php(1135): CodeIgniter\View\View->render('keranjang', [], true)
 5 APPPATH\Controllers\Keranjang.php(16): view('keranjang', [...])
 6 SYSTEMPATH\CodeIgniter.php(896): App\Controllers\Keranjang->keranjang()
 7 SYSTEMPATH\CodeIgniter.php(466): CodeIgniter\CodeIgniter->runController(Object(App\Controllers\Keranjang))
 8 SYSTEMPATH\CodeIgniter.php(349): CodeIgniter\CodeIgniter->handleRequest(null, Object(Config\Cache), false)
 9 FCPATH\index.php(55): CodeIgniter\CodeIgniter->run()
10 SYSTEMPATH\Commands\Server\rewrite.php(43): require_once('FCPATH\\index.php')
CRITICAL - 2023-01-31 21:24:39 --> Array to string conversion
in APPPATH\Views\keranjang.php on line 97.
 1 APPPATH\Views\keranjang.php(97): CodeIgniter\Debug\Exceptions->errorHandler(8, 'Array to string conversion', 'APPPATH\\Views\\keranjang.php', 97, [...])
 2 SYSTEMPATH\View\View.php(213): include('APPPATH\\Views\\keranjang.php')
 3 SYSTEMPATH\View\View.php(216): CodeIgniter\View\View->CodeIgniter\View\{closure}()
 4 SYSTEMPATH\Common.php(1135): CodeIgniter\View\View->render('keranjang', [], true)
 5 APPPATH\Controllers\Keranjang.php(16): view('keranjang', [...])
 6 SYSTEMPATH\CodeIgniter.php(896): App\Controllers\Keranjang->keranjang()
 7 SYSTEMPATH\CodeIgniter.php(466): CodeIgniter\CodeIgniter->runController(Object(App\Controllers\Keranjang))
 8 SYSTEMPATH\CodeIgniter.php(349): CodeIgniter\CodeIgniter->handleRequest(null, Object(Config\Cache), false)
 9 FCPATH\index.php(55): CodeIgniter\CodeIgniter->run()
10 SYSTEMPATH\Commands\Server\rewrite.php(43): require_once('FCPATH\\index.php')
CRITICAL - 2023-01-31 21:24:47 --> Array to string conversion
in APPPATH\Views\keranjang.php on line 97.
 1 APPPATH\Views\keranjang.php(97): CodeIgniter\Debug\Exceptions->errorHandler(8, 'Array to string conversion', 'APPPATH\\Views\\keranjang.php', 97, [...])
 2 SYSTEMPATH\View\View.php(213): include('APPPATH\\Views\\keranjang.php')
 3 SYSTEMPATH\View\View.php(216): CodeIgniter\View\View->CodeIgniter\View\{closure}()
 4 SYSTEMPATH\Common.php(1135): CodeIgniter\View\View->render('keranjang', [], true)
 5 APPPATH\Controllers\Keranjang.php(16): view('keranjang', [...])
 6 SYSTEMPATH\CodeIgniter.php(896): App\Controllers\Keranjang->keranjang()
 7 SYSTEMPATH\CodeIgniter.php(466): CodeIgniter\CodeIgniter->runController(Object(App\Controllers\Keranjang))
 8 SYSTEMPATH\CodeIgniter.php(349): CodeIgniter\CodeIgniter->handleRequest(null, Object(Config\Cache), false)
 9 FCPATH\index.php(55): CodeIgniter\CodeIgniter->run()
10 SYSTEMPATH\Commands\Server\rewrite.php(43): require_once('FCPATH\\index.php')
CRITICAL - 2023-01-31 21:25:49 --> Undefined variable: notes_pesanan
in APPPATH\Views\keranjang.php on line 97.
 1 APPPATH\Views\keranjang.php(97): CodeIgniter\Debug\Exceptions->errorHandler(8, 'Undefined variable: notes_pesanan', 'APPPATH\\Views\\keranjang.php', 97, [...])
 2 SYSTEMPATH\View\View.php(213): include('APPPATH\\Views\\keranjang.php')
 3 SYSTEMPATH\View\View.php(216): CodeIgniter\View\View->CodeIgniter\View\{closure}()
 4 SYSTEMPATH\Common.php(1135): CodeIgniter\View\View->render('keranjang', [], true)
 5 APPPATH\Controllers\Keranjang.php(16): view('keranjang', [...])
 6 SYSTEMPATH\CodeIgniter.php(896): App\Controllers\Keranjang->keranjang()
 7 SYSTEMPATH\CodeIgniter.php(466): CodeIgniter\CodeIgniter->runController(Object(App\Controllers\Keranjang))
 8 SYSTEMPATH\CodeIgniter.php(349): CodeIgniter\CodeIgniter->handleRequest(null, Object(Config\Cache), false)
 9 FCPATH\index.php(55): CodeIgniter\CodeIgniter->run()
10 SYSTEMPATH\Commands\Server\rewrite.php(43): require_once('FCPATH\\index.php')
CRITICAL - 2023-01-31 21:26:09 --> Undefined index: notes_pesanan
in APPPATH\Views\keranjang.php on line 97.
 1 APPPATH\Views\keranjang.php(97): CodeIgniter\Debug\Exceptions->errorHandler(8, 'Undefined index: notes_pesanan', 'APPPATH\\Views\\keranjang.php', 97, [...])
 2 SYSTEMPATH\View\View.php(213): include('APPPATH\\Views\\keranjang.php')
 3 SYSTEMPATH\View\View.php(216): CodeIgniter\View\View->CodeIgniter\View\{closure}()
 4 SYSTEMPATH\Common.php(1135): CodeIgniter\View\View->render('keranjang', [], true)
 5 APPPATH\Controllers\Keranjang.php(16): view('keranjang', [...])
 6 SYSTEMPATH\CodeIgniter.php(896): App\Controllers\Keranjang->keranjang()
 7 SYSTEMPATH\CodeIgniter.php(466): CodeIgniter\CodeIgniter->runController(Object(App\Controllers\Keranjang))
 8 SYSTEMPATH\CodeIgniter.php(349): CodeIgniter\CodeIgniter->handleRequest(null, Object(Config\Cache), false)
 9 FCPATH\index.php(55): CodeIgniter\CodeIgniter->run()
10 SYSTEMPATH\Commands\Server\rewrite.php(43): require_once('FCPATH\\index.php')
CRITICAL - 2023-01-31 21:26:42 --> Undefined index: notes_pesanan
in APPPATH\Views\keranjang.php on line 97.
 1 APPPATH\Views\keranjang.php(97): CodeIgniter\Debug\Exceptions->errorHandler(8, 'Undefined index: notes_pesanan', 'APPPATH\\Views\\keranjang.php', 97, [...])
 2 SYSTEMPATH\View\View.php(213): include('APPPATH\\Views\\keranjang.php')
 3 SYSTEMPATH\View\View.php(216): CodeIgniter\View\View->CodeIgniter\View\{closure}()
 4 SYSTEMPATH\Common.php(1135): CodeIgniter\View\View->render('keranjang', [], true)
 5 APPPATH\Controllers\Keranjang.php(16): view('keranjang', [...])
 6 SYSTEMPATH\CodeIgniter.php(896): App\Controllers\Keranjang->keranjang()
 7 SYSTEMPATH\CodeIgniter.php(466): CodeIgniter\CodeIgniter->runController(Object(App\Controllers\Keranjang))
 8 SYSTEMPATH\CodeIgniter.php(349): CodeIgniter\CodeIgniter->handleRequest(null, Object(Config\Cache), false)
 9 FCPATH\index.php(55): CodeIgniter\CodeIgniter->run()
10 SYSTEMPATH\Commands\Server\rewrite.php(43): require_once('FCPATH\\index.php')
CRITICAL - 2023-01-31 21:26:56 --> Undefined index: notes_pesanan
in APPPATH\Views\keranjang.php on line 97.
 1 APPPATH\Views\keranjang.php(97): CodeIgniter\Debug\Exceptions->errorHandler(8, 'Undefined index: notes_pesanan', 'APPPATH\\Views\\keranjang.php', 97, [...])
 2 SYSTEMPATH\View\View.php(213): include('APPPATH\\Views\\keranjang.php')
 3 SYSTEMPATH\View\View.php(216): CodeIgniter\View\View->CodeIgniter\View\{closure}()
 4 SYSTEMPATH\Common.php(1135): CodeIgniter\View\View->render('keranjang', [], true)
 5 APPPATH\Controllers\Keranjang.php(16): view('keranjang', [...])
 6 SYSTEMPATH\CodeIgniter.php(896): App\Controllers\Keranjang->keranjang()
 7 SYSTEMPATH\CodeIgniter.php(466): CodeIgniter\CodeIgniter->runController(Object(App\Controllers\Keranjang))
 8 SYSTEMPATH\CodeIgniter.php(349): CodeIgniter\CodeIgniter->handleRequest(null, Object(Config\Cache), false)
 9 FCPATH\index.php(55): CodeIgniter\CodeIgniter->run()
10 SYSTEMPATH\Commands\Server\rewrite.php(43): require_once('FCPATH\\index.php')
CRITICAL - 2023-01-31 21:27:31 --> Array to string conversion
in APPPATH\Views\keranjang.php on line 97.
 1 APPPATH\Views\keranjang.php(97): CodeIgniter\Debug\Exceptions->errorHandler(8, 'Array to string conversion', 'APPPATH\\Views\\keranjang.php', 97, [...])
 2 SYSTEMPATH\View\View.php(213): include('APPPATH\\Views\\keranjang.php')
 3 SYSTEMPATH\View\View.php(216): CodeIgniter\View\View->CodeIgniter\View\{closure}()
 4 SYSTEMPATH\Common.php(1135): CodeIgniter\View\View->render('keranjang', [], true)
 5 APPPATH\Controllers\Keranjang.php(16): view('keranjang', [...])
 6 SYSTEMPATH\CodeIgniter.php(896): App\Controllers\Keranjang->keranjang()
 7 SYSTEMPATH\CodeIgniter.php(466): CodeIgniter\CodeIgniter->runController(Object(App\Controllers\Keranjang))
 8 SYSTEMPATH\CodeIgniter.php(349): CodeIgniter\CodeIgniter->handleRequest(null, Object(Config\Cache), false)
 9 FCPATH\index.php(55): CodeIgniter\CodeIgniter->run()
10 SYSTEMPATH\Commands\Server\rewrite.php(43): require_once('FCPATH\\index.php')
CRITICAL - 2023-01-31 21:27:46 --> Array to string conversion
in APPPATH\Views\keranjang.php on line 97.
 1 APPPATH\Views\keranjang.php(97): CodeIgniter\Debug\Exceptions->errorHandler(8, 'Array to string conversion', 'APPPATH\\Views\\keranjang.php', 97, [...])
 2 SYSTEMPATH\View\View.php(213): include('APPPATH\\Views\\keranjang.php')
 3 SYSTEMPATH\View\View.php(216): CodeIgniter\View\View->CodeIgniter\View\{closure}()
 4 SYSTEMPATH\Common.php(1135): CodeIgniter\View\View->render('keranjang', [], true)
 5 APPPATH\Controllers\Keranjang.php(16): view('keranjang', [...])
 6 SYSTEMPATH\CodeIgniter.php(896): App\Controllers\Keranjang->keranjang()
 7 SYSTEMPATH\CodeIgniter.php(466): CodeIgniter\CodeIgniter->runController(Object(App\Controllers\Keranjang))
 8 SYSTEMPATH\CodeIgniter.php(349): CodeIgniter\CodeIgniter->handleRequest(null, Object(Config\Cache), false)
 9 FCPATH\index.php(55): CodeIgniter\CodeIgniter->run()
10 SYSTEMPATH\Commands\Server\rewrite.php(43): require_once('FCPATH\\index.php')
CRITICAL - 2023-01-31 21:27:55 --> Array to string conversion
in APPPATH\Views\keranjang.php on line 97.
 1 APPPATH\Views\keranjang.php(97): CodeIgniter\Debug\Exceptions->errorHandler(8, 'Array to string conversion', 'APPPATH\\Views\\keranjang.php', 97, [...])
 2 SYSTEMPATH\View\View.php(213): include('APPPATH\\Views\\keranjang.php')
 3 SYSTEMPATH\View\View.php(216): CodeIgniter\View\View->CodeIgniter\View\{closure}()
 4 SYSTEMPATH\Common.php(1135): CodeIgniter\View\View->render('keranjang', [], true)
 5 APPPATH\Controllers\Keranjang.php(16): view('keranjang', [...])
 6 SYSTEMPATH\CodeIgniter.php(896): App\Controllers\Keranjang->keranjang()
 7 SYSTEMPATH\CodeIgniter.php(466): CodeIgniter\CodeIgniter->runController(Object(App\Controllers\Keranjang))
 8 SYSTEMPATH\CodeIgniter.php(349): CodeIgniter\CodeIgniter->handleRequest(null, Object(Config\Cache), false)
 9 FCPATH\index.php(55): CodeIgniter\CodeIgniter->run()
10 SYSTEMPATH\Commands\Server\rewrite.php(43): require_once('FCPATH\\index.php')
CRITICAL - 2023-01-31 21:28:58 --> Array to string conversion
in APPPATH\Views\keranjang.php on line 97.
 1 APPPATH\Views\keranjang.php(97): CodeIgniter\Debug\Exceptions->errorHandler(8, 'Array to string conversion', 'APPPATH\\Views\\keranjang.php', 97, [...])
 2 SYSTEMPATH\View\View.php(213): include('APPPATH\\Views\\keranjang.php')
 3 SYSTEMPATH\View\View.php(216): CodeIgniter\View\View->CodeIgniter\View\{closure}()
 4 SYSTEMPATH\Common.php(1135): CodeIgniter\View\View->render('keranjang', [], true)
 5 APPPATH\Controllers\Keranjang.php(16): view('keranjang', [...])
 6 SYSTEMPATH\CodeIgniter.php(896): App\Controllers\Keranjang->keranjang()
 7 SYSTEMPATH\CodeIgniter.php(466): CodeIgniter\CodeIgniter->runController(Object(App\Controllers\Keranjang))
 8 SYSTEMPATH\CodeIgniter.php(349): CodeIgniter\CodeIgniter->handleRequest(null, Object(Config\Cache), false)
 9 FCPATH\index.php(55): CodeIgniter\CodeIgniter->run()
10 SYSTEMPATH\Commands\Server\rewrite.php(43): require_once('FCPATH\\index.php')
CRITICAL - 2023-01-31 21:33:09 --> Array to string conversion
in SYSTEMPATH\Database\BaseBuilder.php on line 1842.
 1 [internal function]: CodeIgniter\Debug\Exceptions->errorHandler(8, 'Array to string conversion', 'SYSTEMPATH\\Database\\BaseBuilder.php', 1842, [...])
 2 SYSTEMPATH\Database\BaseBuilder.php(1842): implode(',', [...])
 3 SYSTEMPATH\Database\BaseBuilder.php(1770): CodeIgniter\Database\BaseBuilder->setInsertBatch([...], 'ROOTPATH\\public', true)
 4 SYSTEMPATH\Model.php(311): CodeIgniter\Database\BaseBuilder->insertBatch([...], null, 100)
 5 SYSTEMPATH\BaseModel.php(814): CodeIgniter\Model->doInsertBatch([...], null, 100, false)
 6 APPPATH\Controllers\Keranjang.php(138): CodeIgniter\BaseModel->insertBatch([...])
 7 SYSTEMPATH\CodeIgniter.php(896): App\Controllers\Keranjang->simpan('$1')
 8 SYSTEMPATH\CodeIgniter.php(466): CodeIgniter\CodeIgniter->runController(Object(App\Controllers\Keranjang))
 9 SYSTEMPATH\CodeIgniter.php(349): CodeIgniter\CodeIgniter->handleRequest(null, Object(Config\Cache), false)
10 FCPATH\index.php(55): CodeIgniter\CodeIgniter->run()
11 SYSTEMPATH\Commands\Server\rewrite.php(43): require_once('FCPATH\\index.php')
CRITICAL - 2023-01-31 21:34:17 --> Array to string conversion
in SYSTEMPATH\Database\BaseBuilder.php on line 1842.
 1 [internal function]: CodeIgniter\Debug\Exceptions->errorHandler(8, 'Array to string conversion', 'SYSTEMPATH\\Database\\BaseBuilder.php', 1842, [...])
 2 SYSTEMPATH\Database\BaseBuilder.php(1842): implode(',', [...])
 3 SYSTEMPATH\Database\BaseBuilder.php(1770): CodeIgniter\Database\BaseBuilder->setInsertBatch([...], 'ROOTPATH\\public', true)
 4 SYSTEMPATH\Model.php(311): CodeIgniter\Database\BaseBuilder->insertBatch([...], null, 100)
 5 SYSTEMPATH\BaseModel.php(814): CodeIgniter\Model->doInsertBatch([...], null, 100, false)
 6 APPPATH\Controllers\Keranjang.php(136): CodeIgniter\BaseModel->insertBatch([...])
 7 SYSTEMPATH\CodeIgniter.php(896): App\Controllers\Keranjang->simpan('$1')
 8 SYSTEMPATH\CodeIgniter.php(466): CodeIgniter\CodeIgniter->runController(Object(App\Controllers\Keranjang))
 9 SYSTEMPATH\CodeIgniter.php(349): CodeIgniter\CodeIgniter->handleRequest(null, Object(Config\Cache), false)
10 FCPATH\index.php(55): CodeIgniter\CodeIgniter->run()
11 SYSTEMPATH\Commands\Server\rewrite.php(43): require_once('FCPATH\\index.php')
CRITICAL - 2023-01-31 21:42:41 --> Undefined variable: detail
in APPPATH\Views\layout\v_koki.php on line 100.
 1 APPPATH\Views\layout\v_koki.php(100): CodeIgniter\Debug\Exceptions->errorHandler(8, 'Undefined variable: detail', 'APPPATH\\Views\\layout\\v_koki.php', 100, [...])
 2 SYSTEMPATH\View\View.php(213): include('APPPATH\\Views\\layout\\v_koki.php')
 3 SYSTEMPATH\View\View.php(216): CodeIgniter\View\View->CodeIgniter\View\{closure}()
 4 SYSTEMPATH\Common.php(1135): CodeIgniter\View\View->render('layout/v_koki', [], true)
 5 APPPATH\Controllers\koki\User_koki.php(15): view('layout/v_koki', [...])
 6 SYSTEMPATH\CodeIgniter.php(896): App\Controllers\koki\User_koki->index()
 7 SYSTEMPATH\CodeIgniter.php(466): CodeIgniter\CodeIgniter->runController(Object(App\Controllers\koki\User_koki))
 8 SYSTEMPATH\CodeIgniter.php(349): CodeIgniter\CodeIgniter->handleRequest(null, Object(Config\Cache), false)
 9 FCPATH\index.php(55): CodeIgniter\CodeIgniter->run()
10 SYSTEMPATH\Commands\Server\rewrite.php(43): require_once('FCPATH\\index.php')
CRITICAL - 2023-01-31 21:43:52 --> Undefined variable: detail
in APPPATH\Views\layout\v_koki.php on line 100.
 1 APPPATH\Views\layout\v_koki.php(100): CodeIgniter\Debug\Exceptions->errorHandler(8, 'Undefined variable: detail', 'APPPATH\\Views\\layout\\v_koki.php', 100, [...])
 2 SYSTEMPATH\View\View.php(213): include('APPPATH\\Views\\layout\\v_koki.php')
 3 SYSTEMPATH\View\View.php(216): CodeIgniter\View\View->CodeIgniter\View\{closure}()
 4 SYSTEMPATH\Common.php(1135): CodeIgniter\View\View->render('layout/v_koki', [], true)
 5 APPPATH\Controllers\koki\User_koki.php(16): view('layout/v_koki', [...])
 6 SYSTEMPATH\CodeIgniter.php(896): App\Controllers\koki\User_koki->index()
 7 SYSTEMPATH\CodeIgniter.php(466): CodeIgniter\CodeIgniter->runController(Object(App\Controllers\koki\User_koki))
 8 SYSTEMPATH\CodeIgniter.php(349): CodeIgniter\CodeIgniter->handleRequest(null, Object(Config\Cache), false)
 9 FCPATH\index.php(55): CodeIgniter\CodeIgniter->run()
10 SYSTEMPATH\Commands\Server\rewrite.php(43): require_once('FCPATH\\index.php')
CRITICAL - 2023-01-31 21:44:51 --> Undefined variable: koki
in APPPATH\Views\layout\v_koki.php on line 53.
 1 APPPATH\Views\layout\v_koki.php(53): CodeIgniter\Debug\Exceptions->errorHandler(8, 'Undefined variable: koki', 'APPPATH\\Views\\layout\\v_koki.php', 53, [...])
 2 SYSTEMPATH\View\View.php(213): include('APPPATH\\Views\\layout\\v_koki.php')
 3 SYSTEMPATH\View\View.php(216): CodeIgniter\View\View->CodeIgniter\View\{closure}()
 4 SYSTEMPATH\Common.php(1135): CodeIgniter\View\View->render('layout/v_koki', [...], true)
 5 APPPATH\Controllers\koki\User_koki.php(19): view('layout/v_koki', [...], [...])
 6 SYSTEMPATH\CodeIgniter.php(896): App\Controllers\koki\User_koki->index()
 7 SYSTEMPATH\CodeIgniter.php(466): CodeIgniter\CodeIgniter->runController(Object(App\Controllers\koki\User_koki))
 8 SYSTEMPATH\CodeIgniter.php(349): CodeIgniter\CodeIgniter->handleRequest(null, Object(Config\Cache), false)
 9 FCPATH\index.php(55): CodeIgniter\CodeIgniter->run()
10 SYSTEMPATH\Commands\Server\rewrite.php(43): require_once('FCPATH\\index.php')
CRITICAL - 2023-01-31 21:45:24 --> Undefined variable: koki
in APPPATH\Views\layout\v_koki.php on line 53.
 1 APPPATH\Views\layout\v_koki.php(53): CodeIgniter\Debug\Exceptions->errorHandler(8, 'Undefined variable: koki', 'APPPATH\\Views\\layout\\v_koki.php', 53, [...])
 2 SYSTEMPATH\View\View.php(213): include('APPPATH\\Views\\layout\\v_koki.php')
 3 SYSTEMPATH\View\View.php(216): CodeIgniter\View\View->CodeIgniter\View\{closure}()
 4 SYSTEMPATH\Common.php(1135): CodeIgniter\View\View->render('layout/v_koki', [...], true)
 5 APPPATH\Controllers\koki\User_koki.php(19): view('layout/v_koki', [...], [...])
 6 SYSTEMPATH\CodeIgniter.php(896): App\Controllers\koki\User_koki->index()
 7 SYSTEMPATH\CodeIgniter.php(466): CodeIgniter\CodeIgniter->runController(Object(App\Controllers\koki\User_koki))
 8 SYSTEMPATH\CodeIgniter.php(349): CodeIgniter\CodeIgniter->handleRequest(null, Object(Config\Cache), false)
 9 FCPATH\index.php(55): CodeIgniter\CodeIgniter->run()
10 SYSTEMPATH\Commands\Server\rewrite.php(43): require_once('FCPATH\\index.php')
