CRITICAL - 2022-12-16 09:56:49 --> array_values() expects parameter 1 to be array, null given
in APPPATH\Controllers\Keranjang.php on line 11.
 1 [internal function]: CodeIgniter\Debug\Exceptions->errorHandler(2, 'array_values() expects parameter 1 to be array, null given', 'APPPATH\\Controllers\\Keranjang.php', 11, [])
 2 APPPATH\Controllers\Keranjang.php(11): array_values(null)
 3 SYSTEMPATH\CodeIgniter.php(896): App\Controllers\Keranjang->keranjang()
 4 SYSTEMPATH\CodeIgniter.php(466): CodeIgniter\CodeIgniter->runController(Object(App\Controllers\Keranjang))
 5 SYSTEMPATH\CodeIgniter.php(349): CodeIgniter\CodeIgniter->handleRequest(null, Object(Config\Cache), false)
 6 FCPATH\index.php(55): CodeIgniter\CodeIgniter->run()
 7 SYSTEMPATH\Commands\Server\rewrite.php(43): require_once('FCPATH\\index.php')
CRITICAL - 2022-12-16 10:14:30 --> Uninitialized string offset: 1
in APPPATH\Controllers\Keranjang.php on line 59.
 1 APPPATH\Controllers\Keranjang.php(59): CodeIgniter\Debug\Exceptions->errorHandler(8, 'Uninitialized string offset: 1', 'APPPATH\\Controllers\\Keranjang.php', 59, [...])
 2 SYSTEMPATH\CodeIgniter.php(896): App\Controllers\Keranjang->update('$1')
 3 SYSTEMPATH\CodeIgniter.php(466): CodeIgniter\CodeIgniter->runController(Object(App\Controllers\Keranjang))
 4 SYSTEMPATH\CodeIgniter.php(349): CodeIgniter\CodeIgniter->handleRequest(null, Object(Config\Cache), false)
 5 FCPATH\index.php(55): CodeIgniter\CodeIgniter->run()
 6 SYSTEMPATH\Commands\Server\rewrite.php(43): require_once('FCPATH\\index.php')
CRITICAL - 2022-12-16 10:14:37 --> Uninitialized string offset: 1
in APPPATH\Controllers\Keranjang.php on line 59.
 1 APPPATH\Controllers\Keranjang.php(59): CodeIgniter\Debug\Exceptions->errorHandler(8, 'Uninitialized string offset: 1', 'APPPATH\\Controllers\\Keranjang.php', 59, [...])
 2 SYSTEMPATH\CodeIgniter.php(896): App\Controllers\Keranjang->update('$1')
 3 SYSTEMPATH\CodeIgniter.php(466): CodeIgniter\CodeIgniter->runController(Object(App\Controllers\Keranjang))
 4 SYSTEMPATH\CodeIgniter.php(349): CodeIgniter\CodeIgniter->handleRequest(null, Object(Config\Cache), false)
 5 FCPATH\index.php(55): CodeIgniter\CodeIgniter->run()
 6 SYSTEMPATH\Commands\Server\rewrite.php(43): require_once('FCPATH\\index.php')
CRITICAL - 2022-12-16 11:12:19 --> Undefined variable: items
in APPPATH\Views\menu\navbar.php on line 119.
 1 APPPATH\Views\menu\navbar.php(119): CodeIgniter\Debug\Exceptions->errorHandler(8, 'Undefined variable: items', 'APPPATH\\Views\\menu\\navbar.php', 119, [...])
 2 APPPATH\Views\menu\menu.php(2): include('APPPATH\\Views\\menu\\navbar.php')
 3 APPPATH\Views\menu\maincourse.php(2): include('APPPATH\\Views\\menu\\menu.php')
 4 SYSTEMPATH\View\View.php(213): include('APPPATH\\Views\\menu\\maincourse.php')
 5 SYSTEMPATH\View\View.php(216): CodeIgniter\View\View->CodeIgniter\View\{closure}()
 6 SYSTEMPATH\Common.php(1135): CodeIgniter\View\View->render('menu/maincourse', [], true)
 7 APPPATH\Controllers\Menu.php(14): view('menu/maincourse', [...])
 8 SYSTEMPATH\CodeIgniter.php(896): App\Controllers\Menu->index()
 9 SYSTEMPATH\CodeIgniter.php(466): CodeIgniter\CodeIgniter->runController(Object(App\Controllers\Menu))
10 SYSTEMPATH\CodeIgniter.php(349): CodeIgniter\CodeIgniter->handleRequest(null, Object(Config\Cache), false)
11 FCPATH\index.php(55): CodeIgniter\CodeIgniter->run()
12 SYSTEMPATH\Commands\Server\rewrite.php(43): require_once('FCPATH\\index.php')
CRITICAL - 2022-12-16 11:16:12 --> Undefined variable: items
in APPPATH\Views\menu\navbar.php on line 119.
 1 APPPATH\Views\menu\navbar.php(119): CodeIgniter\Debug\Exceptions->errorHandler(8, 'Undefined variable: items', 'APPPATH\\Views\\menu\\navbar.php', 119, [...])
 2 APPPATH\Views\menu\menu.php(2): include('APPPATH\\Views\\menu\\navbar.php')
 3 APPPATH\Views\menu\maincourse.php(2): include('APPPATH\\Views\\menu\\menu.php')
 4 SYSTEMPATH\View\View.php(213): include('APPPATH\\Views\\menu\\maincourse.php')
 5 SYSTEMPATH\View\View.php(216): CodeIgniter\View\View->CodeIgniter\View\{closure}()
 6 SYSTEMPATH\Common.php(1135): CodeIgniter\View\View->render('menu/maincourse', [], true)
 7 APPPATH\Controllers\Menu.php(14): view('menu/maincourse', [...])
 8 SYSTEMPATH\CodeIgniter.php(896): App\Controllers\Menu->index()
 9 SYSTEMPATH\CodeIgniter.php(466): CodeIgniter\CodeIgniter->runController(Object(App\Controllers\Menu))
10 SYSTEMPATH\CodeIgniter.php(349): CodeIgniter\CodeIgniter->handleRequest(null, Object(Config\Cache), false)
11 FCPATH\index.php(55): CodeIgniter\CodeIgniter->run()
12 SYSTEMPATH\Commands\Server\rewrite.php(43): require_once('FCPATH\\index.php')
CRITICAL - 2022-12-16 11:16:13 --> Undefined variable: items
in APPPATH\Views\menu\navbar.php on line 119.
 1 APPPATH\Views\menu\navbar.php(119): CodeIgniter\Debug\Exceptions->errorHandler(8, 'Undefined variable: items', 'APPPATH\\Views\\menu\\navbar.php', 119, [...])
 2 APPPATH\Views\menu\menu.php(2): include('APPPATH\\Views\\menu\\navbar.php')
 3 APPPATH\Views\menu\maincourse.php(2): include('APPPATH\\Views\\menu\\menu.php')
 4 SYSTEMPATH\View\View.php(213): include('APPPATH\\Views\\menu\\maincourse.php')
 5 SYSTEMPATH\View\View.php(216): CodeIgniter\View\View->CodeIgniter\View\{closure}()
 6 SYSTEMPATH\Common.php(1135): CodeIgniter\View\View->render('menu/maincourse', [], true)
 7 APPPATH\Controllers\Menu.php(14): view('menu/maincourse', [...])
 8 SYSTEMPATH\CodeIgniter.php(896): App\Controllers\Menu->index()
 9 SYSTEMPATH\CodeIgniter.php(466): CodeIgniter\CodeIgniter->runController(Object(App\Controllers\Menu))
10 SYSTEMPATH\CodeIgniter.php(349): CodeIgniter\CodeIgniter->handleRequest(null, Object(Config\Cache), false)
11 FCPATH\index.php(55): CodeIgniter\CodeIgniter->run()
12 SYSTEMPATH\Commands\Server\rewrite.php(43): require_once('FCPATH\\index.php')
CRITICAL - 2022-12-16 11:16:15 --> Undefined variable: items
in APPPATH\Views\menu\navbar.php on line 119.
 1 APPPATH\Views\menu\navbar.php(119): CodeIgniter\Debug\Exceptions->errorHandler(8, 'Undefined variable: items', 'APPPATH\\Views\\menu\\navbar.php', 119, [...])
 2 APPPATH\Views\menu\menu.php(2): include('APPPATH\\Views\\menu\\navbar.php')
 3 APPPATH\Views\menu\maincourse.php(2): include('APPPATH\\Views\\menu\\menu.php')
 4 SYSTEMPATH\View\View.php(213): include('APPPATH\\Views\\menu\\maincourse.php')
 5 SYSTEMPATH\View\View.php(216): CodeIgniter\View\View->CodeIgniter\View\{closure}()
 6 SYSTEMPATH\Common.php(1135): CodeIgniter\View\View->render('menu/maincourse', [], true)
 7 APPPATH\Controllers\Menu.php(14): view('menu/maincourse', [...])
 8 SYSTEMPATH\CodeIgniter.php(896): App\Controllers\Menu->index()
 9 SYSTEMPATH\CodeIgniter.php(466): CodeIgniter\CodeIgniter->runController(Object(App\Controllers\Menu))
10 SYSTEMPATH\CodeIgniter.php(349): CodeIgniter\CodeIgniter->handleRequest(null, Object(Config\Cache), false)
11 FCPATH\index.php(55): CodeIgniter\CodeIgniter->run()
12 SYSTEMPATH\Commands\Server\rewrite.php(43): require_once('FCPATH\\index.php')
CRITICAL - 2022-12-16 11:17:04 --> Undefined variable: items
in APPPATH\Views\menu\navbar.php on line 119.
 1 APPPATH\Views\menu\navbar.php(119): CodeIgniter\Debug\Exceptions->errorHandler(8, 'Undefined variable: items', 'APPPATH\\Views\\menu\\navbar.php', 119, [...])
 2 APPPATH\Views\menu\menu.php(2): include('APPPATH\\Views\\menu\\navbar.php')
 3 APPPATH\Views\menu\maincourse.php(2): include('APPPATH\\Views\\menu\\menu.php')
 4 SYSTEMPATH\View\View.php(213): include('APPPATH\\Views\\menu\\maincourse.php')
 5 SYSTEMPATH\View\View.php(216): CodeIgniter\View\View->CodeIgniter\View\{closure}()
 6 SYSTEMPATH\Common.php(1135): CodeIgniter\View\View->render('menu/maincourse', [], true)
 7 APPPATH\Controllers\Menu.php(14): view('menu/maincourse', [...])
 8 SYSTEMPATH\CodeIgniter.php(896): App\Controllers\Menu->index()
 9 SYSTEMPATH\CodeIgniter.php(466): CodeIgniter\CodeIgniter->runController(Object(App\Controllers\Menu))
10 SYSTEMPATH\CodeIgniter.php(349): CodeIgniter\CodeIgniter->handleRequest(null, Object(Config\Cache), false)
11 FCPATH\index.php(55): CodeIgniter\CodeIgniter->run()
12 SYSTEMPATH\Commands\Server\rewrite.php(43): require_once('FCPATH\\index.php')
CRITICAL - 2022-12-16 11:18:11 --> Undefined variable: items
in APPPATH\Views\menu\navbar.php on line 120.
 1 APPPATH\Views\menu\navbar.php(120): CodeIgniter\Debug\Exceptions->errorHandler(8, 'Undefined variable: items', 'APPPATH\\Views\\menu\\navbar.php', 120, [...])
 2 APPPATH\Views\menu\menu.php(2): include('APPPATH\\Views\\menu\\navbar.php')
 3 APPPATH\Views\menu\maincourse.php(2): include('APPPATH\\Views\\menu\\menu.php')
 4 SYSTEMPATH\View\View.php(213): include('APPPATH\\Views\\menu\\maincourse.php')
 5 SYSTEMPATH\View\View.php(216): CodeIgniter\View\View->CodeIgniter\View\{closure}()
 6 SYSTEMPATH\Common.php(1135): CodeIgniter\View\View->render('menu/maincourse', [], true)
 7 APPPATH\Controllers\Menu.php(14): view('menu/maincourse', [...])
 8 SYSTEMPATH\CodeIgniter.php(896): App\Controllers\Menu->index()
 9 SYSTEMPATH\CodeIgniter.php(466): CodeIgniter\CodeIgniter->runController(Object(App\Controllers\Menu))
10 SYSTEMPATH\CodeIgniter.php(349): CodeIgniter\CodeIgniter->handleRequest(null, Object(Config\Cache), false)
11 FCPATH\index.php(55): CodeIgniter\CodeIgniter->run()
12 SYSTEMPATH\Commands\Server\rewrite.php(43): require_once('FCPATH\\index.php')
CRITICAL - 2022-12-16 11:18:13 --> Undefined variable: items
in APPPATH\Views\menu\navbar.php on line 120.
 1 APPPATH\Views\menu\navbar.php(120): CodeIgniter\Debug\Exceptions->errorHandler(8, 'Undefined variable: items', 'APPPATH\\Views\\menu\\navbar.php', 120, [...])
 2 APPPATH\Views\menu\menu.php(2): include('APPPATH\\Views\\menu\\navbar.php')
 3 APPPATH\Views\menu\maincourse.php(2): include('APPPATH\\Views\\menu\\menu.php')
 4 SYSTEMPATH\View\View.php(213): include('APPPATH\\Views\\menu\\maincourse.php')
 5 SYSTEMPATH\View\View.php(216): CodeIgniter\View\View->CodeIgniter\View\{closure}()
 6 SYSTEMPATH\Common.php(1135): CodeIgniter\View\View->render('menu/maincourse', [], true)
 7 APPPATH\Controllers\Menu.php(14): view('menu/maincourse', [...])
 8 SYSTEMPATH\CodeIgniter.php(896): App\Controllers\Menu->index()
 9 SYSTEMPATH\CodeIgniter.php(466): CodeIgniter\CodeIgniter->runController(Object(App\Controllers\Menu))
10 SYSTEMPATH\CodeIgniter.php(349): CodeIgniter\CodeIgniter->handleRequest(null, Object(Config\Cache), false)
11 FCPATH\index.php(55): CodeIgniter\CodeIgniter->run()
12 SYSTEMPATH\Commands\Server\rewrite.php(43): require_once('FCPATH\\index.php')
CRITICAL - 2022-12-16 11:18:23 --> Undefined variable: items
in APPPATH\Views\menu\navbar.php on line 119.
 1 APPPATH\Views\menu\navbar.php(119): CodeIgniter\Debug\Exceptions->errorHandler(8, 'Undefined variable: items', 'APPPATH\\Views\\menu\\navbar.php', 119, [...])
 2 APPPATH\Views\menu\menu.php(2): include('APPPATH\\Views\\menu\\navbar.php')
 3 APPPATH\Views\menu\maincourse.php(2): include('APPPATH\\Views\\menu\\menu.php')
 4 SYSTEMPATH\View\View.php(213): include('APPPATH\\Views\\menu\\maincourse.php')
 5 SYSTEMPATH\View\View.php(216): CodeIgniter\View\View->CodeIgniter\View\{closure}()
 6 SYSTEMPATH\Common.php(1135): CodeIgniter\View\View->render('menu/maincourse', [], true)
 7 APPPATH\Controllers\Menu.php(14): view('menu/maincourse', [...])
 8 SYSTEMPATH\CodeIgniter.php(896): App\Controllers\Menu->index()
 9 SYSTEMPATH\CodeIgniter.php(466): CodeIgniter\CodeIgniter->runController(Object(App\Controllers\Menu))
10 SYSTEMPATH\CodeIgniter.php(349): CodeIgniter\CodeIgniter->handleRequest(null, Object(Config\Cache), false)
11 FCPATH\index.php(55): CodeIgniter\CodeIgniter->run()
12 SYSTEMPATH\Commands\Server\rewrite.php(43): require_once('FCPATH\\index.php')
