CRITICAL - 2023-02-19 05:43:11 --> Undefined index: id-user
in APPPATH\Views\layout\v_kasir.php on line 89.
 1 APPPATH\Views\layout\v_kasir.php(89): CodeIgniter\Debug\Exceptions->errorHandler(8, 'Undefined index: id-user', 'APPPATH\\Views\\layout\\v_kasir.php', 89, [...])
 2 SYSTEMPATH\View\View.php(213): include('APPPATH\\Views\\layout\\v_kasir.php')
 3 SYSTEMPATH\View\View.php(216): CodeIgniter\View\View->CodeIgniter\View\{closure}()
 4 SYSTEMPATH\Common.php(1135): CodeIgniter\View\View->render('layout/v_kasir', [], true)
 5 APPPATH\Controllers\koki\User_kasir.php(19): view('layout/v_kasir', [...])
 6 SYSTEMPATH\CodeIgniter.php(896): App\Controllers\koki\User_kasir->index()
 7 SYSTEMPATH\CodeIgniter.php(466): CodeIgniter\CodeIgniter->runController(Object(App\Controllers\koki\User_kasir))
 8 SYSTEMPATH\CodeIgniter.php(349): CodeIgniter\CodeIgniter->handleRequest(null, Object(Config\Cache), false)
 9 FCPATH\index.php(55): CodeIgniter\CodeIgniter->run()
10 SYSTEMPATH\Commands\Server\rewrite.php(43): require_once('FCPATH\\index.php')
CRITICAL - 2023-02-19 05:43:29 --> Undefined index: id_user
in APPPATH\Views\layout\v_kasir.php on line 89.
 1 APPPATH\Views\layout\v_kasir.php(89): CodeIgniter\Debug\Exceptions->errorHandler(8, 'Undefined index: id_user', 'APPPATH\\Views\\layout\\v_kasir.php', 89, [...])
 2 SYSTEMPATH\View\View.php(213): include('APPPATH\\Views\\layout\\v_kasir.php')
 3 SYSTEMPATH\View\View.php(216): CodeIgniter\View\View->CodeIgniter\View\{closure}()
 4 SYSTEMPATH\Common.php(1135): CodeIgniter\View\View->render('layout/v_kasir', [], true)
 5 APPPATH\Controllers\koki\User_kasir.php(19): view('layout/v_kasir', [...])
 6 SYSTEMPATH\CodeIgniter.php(896): App\Controllers\koki\User_kasir->index()
 7 SYSTEMPATH\CodeIgniter.php(466): CodeIgniter\CodeIgniter->runController(Object(App\Controllers\koki\User_kasir))
 8 SYSTEMPATH\CodeIgniter.php(349): CodeIgniter\CodeIgniter->handleRequest(null, Object(Config\Cache), false)
 9 FCPATH\index.php(55): CodeIgniter\CodeIgniter->run()
10 SYSTEMPATH\Commands\Server\rewrite.php(43): require_once('FCPATH\\index.php')
CRITICAL - 2023-02-19 18:44:11 --> Undefined index: id_user
in APPPATH\Controllers\koki\User_kasir.php on line 38.
 1 APPPATH\Controllers\koki\User_kasir.php(38): CodeIgniter\Debug\Exceptions->errorHandler(8, 'Undefined index: id_user', 'APPPATH\\Controllers\\koki\\User_kasir.php', 38, [...])
 2 SYSTEMPATH\CodeIgniter.php(896): App\Controllers\koki\User_kasir->bayar('s1')
 3 SYSTEMPATH\CodeIgniter.php(466): CodeIgniter\CodeIgniter->runController(Object(App\Controllers\koki\User_kasir))
 4 SYSTEMPATH\CodeIgniter.php(349): CodeIgniter\CodeIgniter->handleRequest(null, Object(Config\Cache), false)
 5 FCPATH\index.php(55): CodeIgniter\CodeIgniter->run()
 6 SYSTEMPATH\Commands\Server\rewrite.php(43): require_once('FCPATH\\index.php')
CRITICAL - 2023-02-19 06:06:39 --> Call to undefined method App\Models\M_transaksi::getCoba
in SYSTEMPATH\Model.php on line 773.
 1 APPPATH\Controllers\koki\User_kasir.php(59): CodeIgniter\Model->__call('getCoba', [])
 2 SYSTEMPATH\CodeIgniter.php(896): App\Controllers\koki\User_kasir->laporan()
 3 SYSTEMPATH\CodeIgniter.php(466): CodeIgniter\CodeIgniter->runController(Object(App\Controllers\koki\User_kasir))
 4 SYSTEMPATH\CodeIgniter.php(349): CodeIgniter\CodeIgniter->handleRequest(null, Object(Config\Cache), false)
 5 FCPATH\index.php(55): CodeIgniter\CodeIgniter->run()
 6 SYSTEMPATH\Commands\Server\rewrite.php(43): require_once('FCPATH\\index.php')
CRITICAL - 2023-02-19 09:05:26 --> Too few arguments to function App\Controllers\koki\User_kasir::laporan(), 0 passed in C:\xampp\htdocs\mansure\system\CodeIgniter.php on line 896 and exactly 2 expected
in APPPATH\Controllers\koki\User_kasir.php on line 56.
 1 SYSTEMPATH\CodeIgniter.php(896): App\Controllers\koki\User_kasir->laporan()
 2 SYSTEMPATH\CodeIgniter.php(466): CodeIgniter\CodeIgniter->runController(Object(App\Controllers\koki\User_kasir))
 3 SYSTEMPATH\CodeIgniter.php(349): CodeIgniter\CodeIgniter->handleRequest(null, Object(Config\Cache), false)
 4 FCPATH\index.php(55): CodeIgniter\CodeIgniter->run()
 5 SYSTEMPATH\Commands\Server\rewrite.php(43): require_once('FCPATH\\index.php')
CRITICAL - 2023-02-19 10:29:33 --> Undefined index: harga_menu
in APPPATH\Views\struk.php on line 24.
 1 APPPATH\Views\struk.php(24): CodeIgniter\Debug\Exceptions->errorHandler(8, 'Undefined index: harga_menu', 'APPPATH\\Views\\struk.php', 24, [...])
 2 SYSTEMPATH\View\View.php(213): include('APPPATH\\Views\\struk.php')
 3 SYSTEMPATH\View\View.php(216): CodeIgniter\View\View->CodeIgniter\View\{closure}()
 4 SYSTEMPATH\Common.php(1135): CodeIgniter\View\View->render('struk', [], true)
 5 APPPATH\Controllers\koki\User_kasir.php(61): view('struk', [...])
 6 SYSTEMPATH\CodeIgniter.php(896): App\Controllers\koki\User_kasir->struk('s1')
 7 SYSTEMPATH\CodeIgniter.php(466): CodeIgniter\CodeIgniter->runController(Object(App\Controllers\koki\User_kasir))
 8 SYSTEMPATH\CodeIgniter.php(349): CodeIgniter\CodeIgniter->handleRequest(null, Object(Config\Cache), false)
 9 FCPATH\index.php(55): CodeIgniter\CodeIgniter->run()
10 SYSTEMPATH\Commands\Server\rewrite.php(43): require_once('FCPATH\\index.php')
CRITICAL - 2023-02-19 20:12:41 --> Too few arguments to function App\Controllers\koki\User_kasir::laporan(), 0 passed in C:\xampp\htdocs\mansure\system\CodeIgniter.php on line 896 and exactly 2 expected
in APPPATH\Controllers\koki\User_kasir.php on line 64.
 1 SYSTEMPATH\CodeIgniter.php(896): App\Controllers\koki\User_kasir->laporan()
 2 SYSTEMPATH\CodeIgniter.php(466): CodeIgniter\CodeIgniter->runController(Object(App\Controllers\koki\User_kasir))
 3 SYSTEMPATH\CodeIgniter.php(349): CodeIgniter\CodeIgniter->handleRequest(null, Object(Config\Cache), false)
 4 FCPATH\index.php(55): CodeIgniter\CodeIgniter->run()
 5 SYSTEMPATH\Commands\Server\rewrite.php(43): require_once('FCPATH\\index.php')
CRITICAL - 2023-02-19 20:33:55 --> Too few arguments to function App\Controllers\koki\User_kasir::laporan(), 0 passed in C:\xampp\htdocs\mansure\system\CodeIgniter.php on line 896 and exactly 2 expected
in APPPATH\Controllers\koki\User_kasir.php on line 64.
 1 SYSTEMPATH\CodeIgniter.php(896): App\Controllers\koki\User_kasir->laporan()
 2 SYSTEMPATH\CodeIgniter.php(466): CodeIgniter\CodeIgniter->runController(Object(App\Controllers\koki\User_kasir))
 3 SYSTEMPATH\CodeIgniter.php(349): CodeIgniter\CodeIgniter->handleRequest(null, Object(Config\Cache), false)
 4 FCPATH\index.php(55): CodeIgniter\CodeIgniter->run()
 5 SYSTEMPATH\Commands\Server\rewrite.php(43): require_once('FCPATH\\index.php')
CRITICAL - 2023-02-19 20:48:38 --> Undefined variable: transaksi
in APPPATH\Views\struk.php on line 22.
 1 APPPATH\Views\struk.php(22): CodeIgniter\Debug\Exceptions->errorHandler(8, 'Undefined variable: transaksi', 'APPPATH\\Views\\struk.php', 22, [...])
 2 SYSTEMPATH\View\View.php(213): include('APPPATH\\Views\\struk.php')
 3 SYSTEMPATH\View\View.php(216): CodeIgniter\View\View->CodeIgniter\View\{closure}()
 4 SYSTEMPATH\Common.php(1135): CodeIgniter\View\View->render('struk', [], true)
 5 APPPATH\Controllers\koki\User_kasir.php(62): view('struk', [...])
 6 SYSTEMPATH\CodeIgniter.php(896): App\Controllers\koki\User_kasir->struk('s1')
 7 SYSTEMPATH\CodeIgniter.php(466): CodeIgniter\CodeIgniter->runController(Object(App\Controllers\koki\User_kasir))
 8 SYSTEMPATH\CodeIgniter.php(349): CodeIgniter\CodeIgniter->handleRequest(null, Object(Config\Cache), false)
 9 FCPATH\index.php(55): CodeIgniter\CodeIgniter->run()
10 SYSTEMPATH\Commands\Server\rewrite.php(43): require_once('FCPATH\\index.php')
CRITICAL - 2023-02-19 20:55:01 --> Undefined variable: transaksi
in APPPATH\Views\struk.php on line 10.
 1 APPPATH\Views\struk.php(10): CodeIgniter\Debug\Exceptions->errorHandler(8, 'Undefined variable: transaksi', 'APPPATH\\Views\\struk.php', 10, [...])
 2 SYSTEMPATH\View\View.php(213): include('APPPATH\\Views\\struk.php')
 3 SYSTEMPATH\View\View.php(216): CodeIgniter\View\View->CodeIgniter\View\{closure}()
 4 SYSTEMPATH\Common.php(1135): CodeIgniter\View\View->render('struk', [], true)
 5 APPPATH\Controllers\koki\User_kasir.php(62): view('struk', [...])
 6 SYSTEMPATH\CodeIgniter.php(896): App\Controllers\koki\User_kasir->struk('s1')
 7 SYSTEMPATH\CodeIgniter.php(466): CodeIgniter\CodeIgniter->runController(Object(App\Controllers\koki\User_kasir))
 8 SYSTEMPATH\CodeIgniter.php(349): CodeIgniter\CodeIgniter->handleRequest(null, Object(Config\Cache), false)
 9 FCPATH\index.php(55): CodeIgniter\CodeIgniter->run()
10 SYSTEMPATH\Commands\Server\rewrite.php(43): require_once('FCPATH\\index.php')
CRITICAL - 2023-02-19 21:17:38 --> Undefined index: id_pesanan
in APPPATH\Controllers\koki\User_kasir.php on line 63.
 1 APPPATH\Controllers\koki\User_kasir.php(63): CodeIgniter\Debug\Exceptions->errorHandler(8, 'Undefined index: id_pesanan', 'APPPATH\\Controllers\\koki\\User_kasir.php', 63, [...])
 2 SYSTEMPATH\CodeIgniter.php(896): App\Controllers\koki\User_kasir->struk('s1')
 3 SYSTEMPATH\CodeIgniter.php(466): CodeIgniter\CodeIgniter->runController(Object(App\Controllers\koki\User_kasir))
 4 SYSTEMPATH\CodeIgniter.php(349): CodeIgniter\CodeIgniter->handleRequest(null, Object(Config\Cache), false)
 5 FCPATH\index.php(55): CodeIgniter\CodeIgniter->run()
 6 SYSTEMPATH\Commands\Server\rewrite.php(43): require_once('FCPATH\\index.php')
ERROR - 2023-02-19 21:19:23 --> Unknown column 'transaksi.id' in 'where clause'
CRITICAL - 2023-02-19 21:19:23 --> Unknown column 'transaksi.id' in 'where clause'
in SYSTEMPATH\Database\MySQLi\Connection.php on line 292.
 1 SYSTEMPATH\Database\MySQLi\Connection.php(292): mysqli->query('SELECT *
FROM `transaksi`
WHERE `transaksi`.`id` = \'s1\'', 0)
 2 SYSTEMPATH\Database\BaseConnection.php(695): CodeIgniter\Database\MySQLi\Connection->execute('SELECT *
FROM `transaksi`
WHERE `transaksi`.`id` = \'s1\'')
 3 SYSTEMPATH\Database\BaseConnection.php(609): CodeIgniter\Database\BaseConnection->simpleQuery('SELECT *
FROM `transaksi`
WHERE `transaksi`.`id` = \'s1\'')
 4 SYSTEMPATH\Database\BaseBuilder.php(1585): CodeIgniter\Database\BaseConnection->query('SELECT *
FROM `transaksi`
WHERE `transaksi`.`id` = :transaksi.id:', [...], false)
 5 SYSTEMPATH\Model.php(181): CodeIgniter\Database\BaseBuilder->get()
 6 SYSTEMPATH\BaseModel.php(523): CodeIgniter\Model->doFind(true, 's1')
 7 APPPATH\Controllers\koki\User_kasir.php(62): CodeIgniter\BaseModel->find('s1')
 8 SYSTEMPATH\CodeIgniter.php(896): App\Controllers\koki\User_kasir->struk('s1')
 9 SYSTEMPATH\CodeIgniter.php(466): CodeIgniter\CodeIgniter->runController(Object(App\Controllers\koki\User_kasir))
10 SYSTEMPATH\CodeIgniter.php(349): CodeIgniter\CodeIgniter->handleRequest(null, Object(Config\Cache), false)
11 FCPATH\index.php(55): CodeIgniter\CodeIgniter->run()
12 SYSTEMPATH\Commands\Server\rewrite.php(43): require_once('FCPATH\\index.php')
ERROR - 2023-02-19 21:21:46 --> Column 'id_pesanan' in where clause is ambiguous
CRITICAL - 2023-02-19 21:21:46 --> Column 'id_pesanan' in where clause is ambiguous
in SYSTEMPATH\Database\MySQLi\Connection.php on line 292.
 1 SYSTEMPATH\Database\MySQLi\Connection.php(292): mysqli->query('SELECT *
FROM `transaksi`
JOIN `pesanan` ON `pesanan`.`id_pesanan`=`transaksi`.`id_pesanan`
WHERE `id_pesanan` = \'id-pesanan\'', 0)
 2 SYSTEMPATH\Database\BaseConnection.php(695): CodeIgniter\Database\MySQLi\Connection->execute('SELECT *
FROM `transaksi`
JOIN `pesanan` ON `pesanan`.`id_pesanan`=`transaksi`.`id_pesanan`
WHERE `id_pesanan` = \'id-pesanan\'')
 3 SYSTEMPATH\Database\BaseConnection.php(609): CodeIgniter\Database\BaseConnection->simpleQuery('SELECT *
FROM `transaksi`
JOIN `pesanan` ON `pesanan`.`id_pesanan`=`transaksi`.`id_pesanan`
WHERE `id_pesanan` = \'id-pesanan\'')
 4 SYSTEMPATH\Database\BaseBuilder.php(1585): CodeIgniter\Database\BaseConnection->query('SELECT *
FROM `transaksi`
JOIN `pesanan` ON `pesanan`.`id_pesanan`=`transaksi`.`id_pesanan`
WHERE `id_pesanan` = :id_pesanan:', [...], false)
 5 APPPATH\Models\M_transaksi.php(32): CodeIgniter\Database\BaseBuilder->get()
 6 APPPATH\Controllers\koki\User_kasir.php(61): App\Models\M_transaksi->getLaporan()
 7 SYSTEMPATH\CodeIgniter.php(896): App\Controllers\koki\User_kasir->struk('s1')
 8 SYSTEMPATH\CodeIgniter.php(466): CodeIgniter\CodeIgniter->runController(Object(App\Controllers\koki\User_kasir))
 9 SYSTEMPATH\CodeIgniter.php(349): CodeIgniter\CodeIgniter->handleRequest(null, Object(Config\Cache), false)
10 FCPATH\index.php(55): CodeIgniter\CodeIgniter->run()
11 SYSTEMPATH\Commands\Server\rewrite.php(43): require_once('FCPATH\\index.php')
ERROR - 2023-02-19 21:22:17 --> Unknown column 'transaksi.id' in 'where clause'
CRITICAL - 2023-02-19 21:22:17 --> Unknown column 'transaksi.id' in 'where clause'
in SYSTEMPATH\Database\MySQLi\Connection.php on line 292.
 1 SYSTEMPATH\Database\MySQLi\Connection.php(292): mysqli->query('SELECT *
FROM `transaksi`
WHERE `transaksi`.`id` = \'s1\'', 0)
 2 SYSTEMPATH\Database\BaseConnection.php(695): CodeIgniter\Database\MySQLi\Connection->execute('SELECT *
FROM `transaksi`
WHERE `transaksi`.`id` = \'s1\'')
 3 SYSTEMPATH\Database\BaseConnection.php(609): CodeIgniter\Database\BaseConnection->simpleQuery('SELECT *
FROM `transaksi`
WHERE `transaksi`.`id` = \'s1\'')
 4 SYSTEMPATH\Database\BaseBuilder.php(1585): CodeIgniter\Database\BaseConnection->query('SELECT *
FROM `transaksi`
WHERE `transaksi`.`id` = :transaksi.id:', [...], false)
 5 SYSTEMPATH\Model.php(181): CodeIgniter\Database\BaseBuilder->get()
 6 SYSTEMPATH\BaseModel.php(523): CodeIgniter\Model->doFind(true, 's1')
 7 APPPATH\Controllers\koki\User_kasir.php(62): CodeIgniter\BaseModel->find('s1')
 8 SYSTEMPATH\CodeIgniter.php(896): App\Controllers\koki\User_kasir->struk('s1')
 9 SYSTEMPATH\CodeIgniter.php(466): CodeIgniter\CodeIgniter->runController(Object(App\Controllers\koki\User_kasir))
10 SYSTEMPATH\CodeIgniter.php(349): CodeIgniter\CodeIgniter->handleRequest(null, Object(Config\Cache), false)
11 FCPATH\index.php(55): CodeIgniter\CodeIgniter->run()
12 SYSTEMPATH\Commands\Server\rewrite.php(43): require_once('FCPATH\\index.php')
ERROR - 2023-02-19 21:22:37 --> Unknown column 'transaksi.id' in 'where clause'
CRITICAL - 2023-02-19 21:22:37 --> Unknown column 'transaksi.id' in 'where clause'
in SYSTEMPATH\Database\MySQLi\Connection.php on line 292.
 1 SYSTEMPATH\Database\MySQLi\Connection.php(292): mysqli->query('SELECT *
FROM `transaksi`
WHERE `transaksi`.`id` = \'s1\'', 0)
 2 SYSTEMPATH\Database\BaseConnection.php(695): CodeIgniter\Database\MySQLi\Connection->execute('SELECT *
FROM `transaksi`
WHERE `transaksi`.`id` = \'s1\'')
 3 SYSTEMPATH\Database\BaseConnection.php(609): CodeIgniter\Database\BaseConnection->simpleQuery('SELECT *
FROM `transaksi`
WHERE `transaksi`.`id` = \'s1\'')
 4 SYSTEMPATH\Database\BaseBuilder.php(1585): CodeIgniter\Database\BaseConnection->query('SELECT *
FROM `transaksi`
WHERE `transaksi`.`id` = :transaksi.id:', [...], false)
 5 SYSTEMPATH\Model.php(181): CodeIgniter\Database\BaseBuilder->get()
 6 SYSTEMPATH\BaseModel.php(523): CodeIgniter\Model->doFind(true, 's1')
 7 APPPATH\Controllers\koki\User_kasir.php(62): CodeIgniter\BaseModel->find('s1')
 8 SYSTEMPATH\CodeIgniter.php(896): App\Controllers\koki\User_kasir->struk('s1')
 9 SYSTEMPATH\CodeIgniter.php(466): CodeIgniter\CodeIgniter->runController(Object(App\Controllers\koki\User_kasir))
10 SYSTEMPATH\CodeIgniter.php(349): CodeIgniter\CodeIgniter->handleRequest(null, Object(Config\Cache), false)
11 FCPATH\index.php(55): CodeIgniter\CodeIgniter->run()
12 SYSTEMPATH\Commands\Server\rewrite.php(43): require_once('FCPATH\\index.php')
ERROR - 2023-02-19 21:25:42 --> Unknown column 'transaksi.id' in 'where clause'
CRITICAL - 2023-02-19 21:25:42 --> Unknown column 'transaksi.id' in 'where clause'
in SYSTEMPATH\Database\MySQLi\Connection.php on line 292.
 1 SYSTEMPATH\Database\MySQLi\Connection.php(292): mysqli->query('SELECT *
FROM `transaksi`
WHERE `transaksi`.`id` = \'s1\'', 0)
 2 SYSTEMPATH\Database\BaseConnection.php(695): CodeIgniter\Database\MySQLi\Connection->execute('SELECT *
FROM `transaksi`
WHERE `transaksi`.`id` = \'s1\'')
 3 SYSTEMPATH\Database\BaseConnection.php(609): CodeIgniter\Database\BaseConnection->simpleQuery('SELECT *
FROM `transaksi`
WHERE `transaksi`.`id` = \'s1\'')
 4 SYSTEMPATH\Database\BaseBuilder.php(1585): CodeIgniter\Database\BaseConnection->query('SELECT *
FROM `transaksi`
WHERE `transaksi`.`id` = :transaksi.id:', [...], false)
 5 SYSTEMPATH\Model.php(181): CodeIgniter\Database\BaseBuilder->get()
 6 SYSTEMPATH\BaseModel.php(523): CodeIgniter\Model->doFind(true, 's1')
 7 APPPATH\Controllers\koki\User_kasir.php(61): CodeIgniter\BaseModel->find('s1')
 8 SYSTEMPATH\CodeIgniter.php(896): App\Controllers\koki\User_kasir->struk('s1')
 9 SYSTEMPATH\CodeIgniter.php(466): CodeIgniter\CodeIgniter->runController(Object(App\Controllers\koki\User_kasir))
10 SYSTEMPATH\CodeIgniter.php(349): CodeIgniter\CodeIgniter->handleRequest(null, Object(Config\Cache), false)
11 FCPATH\index.php(55): CodeIgniter\CodeIgniter->run()
12 SYSTEMPATH\Commands\Server\rewrite.php(43): require_once('FCPATH\\index.php')
ERROR - 2023-02-19 21:30:58 --> Unknown column 'transaksi.id' in 'where clause'
CRITICAL - 2023-02-19 21:30:58 --> Unknown column 'transaksi.id' in 'where clause'
in SYSTEMPATH\Database\MySQLi\Connection.php on line 292.
 1 SYSTEMPATH\Database\MySQLi\Connection.php(292): mysqli->query('SELECT *
FROM `transaksi`
WHERE `transaksi`.`id` = \'s1\'', 0)
 2 SYSTEMPATH\Database\BaseConnection.php(695): CodeIgniter\Database\MySQLi\Connection->execute('SELECT *
FROM `transaksi`
WHERE `transaksi`.`id` = \'s1\'')
 3 SYSTEMPATH\Database\BaseConnection.php(609): CodeIgniter\Database\BaseConnection->simpleQuery('SELECT *
FROM `transaksi`
WHERE `transaksi`.`id` = \'s1\'')
 4 SYSTEMPATH\Database\BaseBuilder.php(1585): CodeIgniter\Database\BaseConnection->query('SELECT *
FROM `transaksi`
WHERE `transaksi`.`id` = :transaksi.id:', [...], false)
 5 SYSTEMPATH\Model.php(181): CodeIgniter\Database\BaseBuilder->get()
 6 SYSTEMPATH\BaseModel.php(523): CodeIgniter\Model->doFind(true, 's1')
 7 APPPATH\Controllers\koki\User_kasir.php(61): CodeIgniter\BaseModel->find('s1')
 8 SYSTEMPATH\CodeIgniter.php(896): App\Controllers\koki\User_kasir->struk('s1')
 9 SYSTEMPATH\CodeIgniter.php(466): CodeIgniter\CodeIgniter->runController(Object(App\Controllers\koki\User_kasir))
10 SYSTEMPATH\CodeIgniter.php(349): CodeIgniter\CodeIgniter->handleRequest(null, Object(Config\Cache), false)
11 FCPATH\index.php(55): CodeIgniter\CodeIgniter->run()
12 SYSTEMPATH\Commands\Server\rewrite.php(43): require_once('FCPATH\\index.php')
CRITICAL - 2023-02-19 21:33:49 --> Undefined variable: detail
in APPPATH\Views\struk.php on line 11.
 1 APPPATH\Views\struk.php(11): CodeIgniter\Debug\Exceptions->errorHandler(8, 'Undefined variable: detail', 'APPPATH\\Views\\struk.php', 11, [...])
 2 SYSTEMPATH\View\View.php(213): include('APPPATH\\Views\\struk.php')
 3 SYSTEMPATH\View\View.php(216): CodeIgniter\View\View->CodeIgniter\View\{closure}()
 4 SYSTEMPATH\Common.php(1135): CodeIgniter\View\View->render('struk', [], true)
 5 APPPATH\Controllers\koki\User_kasir.php(62): view('struk', [...])
 6 SYSTEMPATH\CodeIgniter.php(896): App\Controllers\koki\User_kasir->struk('s1')
 7 SYSTEMPATH\CodeIgniter.php(466): CodeIgniter\CodeIgniter->runController(Object(App\Controllers\koki\User_kasir))
 8 SYSTEMPATH\CodeIgniter.php(349): CodeIgniter\CodeIgniter->handleRequest(null, Object(Config\Cache), false)
 9 FCPATH\index.php(55): CodeIgniter\CodeIgniter->run()
10 SYSTEMPATH\Commands\Server\rewrite.php(43): require_once('FCPATH\\index.php')
CRITICAL - 2023-02-19 21:34:15 --> syntax error, unexpected 'endforeach' (T_ENDFOREACH), expecting elseif (T_ELSEIF) or else (T_ELSE) or endif (T_ENDIF)
in APPPATH\Views\struk.php on line 32.
 1 SYSTEMPATH\View\View.php(216): CodeIgniter\View\View->CodeIgniter\View\{closure}()
 2 SYSTEMPATH\Common.php(1135): CodeIgniter\View\View->render('struk', [], true)
 3 APPPATH\Controllers\koki\User_kasir.php(62): view('struk', [...])
 4 SYSTEMPATH\CodeIgniter.php(896): App\Controllers\koki\User_kasir->struk('s1')
 5 SYSTEMPATH\CodeIgniter.php(466): CodeIgniter\CodeIgniter->runController(Object(App\Controllers\koki\User_kasir))
 6 SYSTEMPATH\CodeIgniter.php(349): CodeIgniter\CodeIgniter->handleRequest(null, Object(Config\Cache), false)
 7 FCPATH\index.php(55): CodeIgniter\CodeIgniter->run()
 8 SYSTEMPATH\Commands\Server\rewrite.php(43): require_once('FCPATH\\index.php')
ERROR - 2023-02-19 22:06:28 --> Column 'id_pesanan' in where clause is ambiguous
CRITICAL - 2023-02-19 22:06:28 --> Column 'id_pesanan' in where clause is ambiguous
in SYSTEMPATH\Database\MySQLi\Connection.php on line 292.
 1 SYSTEMPATH\Database\MySQLi\Connection.php(292): mysqli->query('SELECT *
FROM `transaksi`
JOIN `pesanan` ON `pesanan`.`id_pesanan`=`transaksi`.`id_pesanan`
WHERE `id_pesanan` = 94', 0)
 2 SYSTEMPATH\Database\BaseConnection.php(695): CodeIgniter\Database\MySQLi\Connection->execute('SELECT *
FROM `transaksi`
JOIN `pesanan` ON `pesanan`.`id_pesanan`=`transaksi`.`id_pesanan`
WHERE `id_pesanan` = 94')
 3 SYSTEMPATH\Database\BaseConnection.php(609): CodeIgniter\Database\BaseConnection->simpleQuery('SELECT *
FROM `transaksi`
JOIN `pesanan` ON `pesanan`.`id_pesanan`=`transaksi`.`id_pesanan`
WHERE `id_pesanan` = 94')
 4 SYSTEMPATH\Database\BaseBuilder.php(1585): CodeIgniter\Database\BaseConnection->query('SELECT *
FROM `transaksi`
JOIN `pesanan` ON `pesanan`.`id_pesanan`=`transaksi`.`id_pesanan`
WHERE `id_pesanan` = :id_pesanan:', [...], false)
 5 APPPATH\Models\M_transaksi.php(32): CodeIgniter\Database\BaseBuilder->get()
 6 APPPATH\Controllers\koki\User_kasir.php(61): App\Models\M_transaksi->getLaporan()
 7 SYSTEMPATH\CodeIgniter.php(896): App\Controllers\koki\User_kasir->struk('s1')
 8 SYSTEMPATH\CodeIgniter.php(466): CodeIgniter\CodeIgniter->runController(Object(App\Controllers\koki\User_kasir))
 9 SYSTEMPATH\CodeIgniter.php(349): CodeIgniter\CodeIgniter->handleRequest(null, Object(Config\Cache), false)
10 FCPATH\index.php(55): CodeIgniter\CodeIgniter->run()
11 SYSTEMPATH\Commands\Server\rewrite.php(43): require_once('FCPATH\\index.php')
CRITICAL - 2023-02-19 22:14:37 --> Too few arguments to function App\Models\M_transaksi::getLaporan(), 0 passed in C:\xampp\htdocs\mansure\app\Controllers\koki\User_kasir.php on line 61 and exactly 1 expected
in APPPATH\Models\M_transaksi.php on line 27.
 1 APPPATH\Controllers\koki\User_kasir.php(61): App\Models\M_transaksi->getLaporan()
 2 SYSTEMPATH\CodeIgniter.php(896): App\Controllers\koki\User_kasir->struk('s1')
 3 SYSTEMPATH\CodeIgniter.php(466): CodeIgniter\CodeIgniter->runController(Object(App\Controllers\koki\User_kasir))
 4 SYSTEMPATH\CodeIgniter.php(349): CodeIgniter\CodeIgniter->handleRequest(null, Object(Config\Cache), false)
 5 FCPATH\index.php(55): CodeIgniter\CodeIgniter->run()
 6 SYSTEMPATH\Commands\Server\rewrite.php(43): require_once('FCPATH\\index.php')
CRITICAL - 2023-02-19 22:21:26 --> Too few arguments to function App\Models\M_detailpesanan::getRincian(), 0 passed in C:\xampp\htdocs\mansure\app\Controllers\koki\User_kasir.php on line 60 and exactly 1 expected
in APPPATH\Models\M_detailpesanan.php on line 22.
 1 APPPATH\Controllers\koki\User_kasir.php(60): App\Models\M_detailpesanan->getRincian()
 2 SYSTEMPATH\CodeIgniter.php(896): App\Controllers\koki\User_kasir->struk('s1')
 3 SYSTEMPATH\CodeIgniter.php(466): CodeIgniter\CodeIgniter->runController(Object(App\Controllers\koki\User_kasir))
 4 SYSTEMPATH\CodeIgniter.php(349): CodeIgniter\CodeIgniter->handleRequest(null, Object(Config\Cache), false)
 5 FCPATH\index.php(55): CodeIgniter\CodeIgniter->run()
 6 SYSTEMPATH\Commands\Server\rewrite.php(43): require_once('FCPATH\\index.php')
ERROR - 2023-02-19 22:21:46 --> Column 'id_pesanan' in where clause is ambiguous
CRITICAL - 2023-02-19 22:21:46 --> Column 'id_pesanan' in where clause is ambiguous
in SYSTEMPATH\Database\MySQLi\Connection.php on line 292.
 1 SYSTEMPATH\Database\MySQLi\Connection.php(292): mysqli->query('SELECT *
FROM `detail_pesanan`
JOIN `menu` ON `menu`.`id_menu`=`detail_pesanan`.`id_menu`
JOIN `pesanan` ON `pesanan`.`id_pesanan`=`detail_pesanan`.`id_pesanan`
WHERE `id_pesanan` = \'s1\'', 0)
 2 SYSTEMPATH\Database\BaseConnection.php(695): CodeIgniter\Database\MySQLi\Connection->execute('SELECT *
FROM `detail_pesanan`
JOIN `menu` ON `menu`.`id_menu`=`detail_pesanan`.`id_menu`
JOIN `pesanan` ON `pesanan`.`id_pesanan`=`detail_pesanan`.`id_pesanan`
WHERE `id_pesanan` = \'s1\'')
 3 SYSTEMPATH\Database\BaseConnection.php(609): CodeIgniter\Database\BaseConnection->simpleQuery('SELECT *
FROM `detail_pesanan`
JOIN `menu` ON `menu`.`id_menu`=`detail_pesanan`.`id_menu`
JOIN `pesanan` ON `pesanan`.`id_pesanan`=`detail_pesanan`.`id_pesanan`
WHERE `id_pesanan` = \'s1\'')
 4 SYSTEMPATH\Database\BaseBuilder.php(1585): CodeIgniter\Database\BaseConnection->query('SELECT *
FROM `detail_pesanan`
JOIN `menu` ON `menu`.`id_menu`=`detail_pesanan`.`id_menu`
JOIN `pesanan` ON `pesanan`.`id_pesanan`=`detail_pesanan`.`id_pesanan`
WHERE `id_pesanan` = :id_pesanan:', [...], false)
 5 APPPATH\Models\M_detailpesanan.php(27): CodeIgniter\Database\BaseBuilder->get()
 6 APPPATH\Controllers\koki\User_kasir.php(60): App\Models\M_detailpesanan->getRincian('s1')
 7 SYSTEMPATH\CodeIgniter.php(896): App\Controllers\koki\User_kasir->struk('s1')
 8 SYSTEMPATH\CodeIgniter.php(466): CodeIgniter\CodeIgniter->runController(Object(App\Controllers\koki\User_kasir))
 9 SYSTEMPATH\CodeIgniter.php(349): CodeIgniter\CodeIgniter->handleRequest(null, Object(Config\Cache), false)
10 FCPATH\index.php(55): CodeIgniter\CodeIgniter->run()
11 SYSTEMPATH\Commands\Server\rewrite.php(43): require_once('FCPATH\\index.php')
CRITICAL - 2023-02-19 22:53:35 --> Too few arguments to function App\Controllers\koki\User_kasir::index(), 0 passed in C:\xampp\htdocs\mansure\system\CodeIgniter.php on line 896 and exactly 1 expected
in APPPATH\Controllers\koki\User_kasir.php on line 13.
 1 SYSTEMPATH\CodeIgniter.php(896): App\Controllers\koki\User_kasir->index()
 2 SYSTEMPATH\CodeIgniter.php(466): CodeIgniter\CodeIgniter->runController(Object(App\Controllers\koki\User_kasir))
 3 SYSTEMPATH\CodeIgniter.php(349): CodeIgniter\CodeIgniter->handleRequest(null, Object(Config\Cache), false)
 4 FCPATH\index.php(55): CodeIgniter\CodeIgniter->run()
 5 SYSTEMPATH\Commands\Server\rewrite.php(43): require_once('FCPATH\\index.php')
CRITICAL - 2023-02-19 22:56:14 --> Undefined variable: pesanan
in APPPATH\Views\layout\v_kasir.php on line 53.
 1 APPPATH\Views\layout\v_kasir.php(53): CodeIgniter\Debug\Exceptions->errorHandler(8, 'Undefined variable: pesanan', 'APPPATH\\Views\\layout\\v_kasir.php', 53, [...])
 2 SYSTEMPATH\View\View.php(213): include('APPPATH\\Views\\layout\\v_kasir.php')
 3 SYSTEMPATH\View\View.php(216): CodeIgniter\View\View->CodeIgniter\View\{closure}()
 4 SYSTEMPATH\Common.php(1135): CodeIgniter\View\View->render('layout/v_kasir', [], true)
 5 APPPATH\Controllers\koki\User_kasir.php(20): view('layout/v_kasir', [...])
 6 SYSTEMPATH\CodeIgniter.php(896): App\Controllers\koki\User_kasir->index('s1')
 7 SYSTEMPATH\CodeIgniter.php(466): CodeIgniter\CodeIgniter->runController(Object(App\Controllers\koki\User_kasir))
 8 SYSTEMPATH\CodeIgniter.php(349): CodeIgniter\CodeIgniter->handleRequest(null, Object(Config\Cache), false)
 9 FCPATH\index.php(55): CodeIgniter\CodeIgniter->run()
10 SYSTEMPATH\Commands\Server\rewrite.php(43): require_once('FCPATH\\index.php')
CRITICAL - 2023-02-19 22:57:21 --> Undefined index: nama_menu
in APPPATH\Views\layout\v_kasir.php on line 111.
 1 APPPATH\Views\layout\v_kasir.php(111): CodeIgniter\Debug\Exceptions->errorHandler(8, 'Undefined index: nama_menu', 'APPPATH\\Views\\layout\\v_kasir.php', 111, [...])
 2 SYSTEMPATH\View\View.php(213): include('APPPATH\\Views\\layout\\v_kasir.php')
 3 SYSTEMPATH\View\View.php(216): CodeIgniter\View\View->CodeIgniter\View\{closure}()
 4 SYSTEMPATH\Common.php(1135): CodeIgniter\View\View->render('layout/v_kasir', [], true)
 5 APPPATH\Controllers\koki\User_kasir.php(20): view('layout/v_kasir', [...])
 6 SYSTEMPATH\CodeIgniter.php(896): App\Controllers\koki\User_kasir->index('s1')
 7 SYSTEMPATH\CodeIgniter.php(466): CodeIgniter\CodeIgniter->runController(Object(App\Controllers\koki\User_kasir))
 8 SYSTEMPATH\CodeIgniter.php(349): CodeIgniter\CodeIgniter->handleRequest(null, Object(Config\Cache), false)
 9 FCPATH\index.php(55): CodeIgniter\CodeIgniter->run()
10 SYSTEMPATH\Commands\Server\rewrite.php(43): require_once('FCPATH\\index.php')
CRITICAL - 2023-02-19 22:57:56 --> Undefined index: nama_menu
in APPPATH\Views\layout\v_kasir.php on line 111.
 1 APPPATH\Views\layout\v_kasir.php(111): CodeIgniter\Debug\Exceptions->errorHandler(8, 'Undefined index: nama_menu', 'APPPATH\\Views\\layout\\v_kasir.php', 111, [...])
 2 SYSTEMPATH\View\View.php(213): include('APPPATH\\Views\\layout\\v_kasir.php')
 3 SYSTEMPATH\View\View.php(216): CodeIgniter\View\View->CodeIgniter\View\{closure}()
 4 SYSTEMPATH\Common.php(1135): CodeIgniter\View\View->render('layout/v_kasir', [], true)
 5 APPPATH\Controllers\koki\User_kasir.php(20): view('layout/v_kasir', [...])
 6 SYSTEMPATH\CodeIgniter.php(896): App\Controllers\koki\User_kasir->index('s1')
 7 SYSTEMPATH\CodeIgniter.php(466): CodeIgniter\CodeIgniter->runController(Object(App\Controllers\koki\User_kasir))
 8 SYSTEMPATH\CodeIgniter.php(349): CodeIgniter\CodeIgniter->handleRequest(null, Object(Config\Cache), false)
 9 FCPATH\index.php(55): CodeIgniter\CodeIgniter->run()
10 SYSTEMPATH\Commands\Server\rewrite.php(43): require_once('FCPATH\\index.php')
CRITICAL - 2023-02-19 22:58:11 --> Undefined index: nama_menu
in APPPATH\Views\layout\v_kasir.php on line 111.
 1 APPPATH\Views\layout\v_kasir.php(111): CodeIgniter\Debug\Exceptions->errorHandler(8, 'Undefined index: nama_menu', 'APPPATH\\Views\\layout\\v_kasir.php', 111, [...])
 2 SYSTEMPATH\View\View.php(213): include('APPPATH\\Views\\layout\\v_kasir.php')
 3 SYSTEMPATH\View\View.php(216): CodeIgniter\View\View->CodeIgniter\View\{closure}()
 4 SYSTEMPATH\Common.php(1135): CodeIgniter\View\View->render('layout/v_kasir', [], true)
 5 APPPATH\Controllers\koki\User_kasir.php(20): view('layout/v_kasir', [...])
 6 SYSTEMPATH\CodeIgniter.php(896): App\Controllers\koki\User_kasir->index()
 7 SYSTEMPATH\CodeIgniter.php(466): CodeIgniter\CodeIgniter->runController(Object(App\Controllers\koki\User_kasir))
 8 SYSTEMPATH\CodeIgniter.php(349): CodeIgniter\CodeIgniter->handleRequest(null, Object(Config\Cache), false)
 9 FCPATH\index.php(55): CodeIgniter\CodeIgniter->run()
10 SYSTEMPATH\Commands\Server\rewrite.php(43): require_once('FCPATH\\index.php')
CRITICAL - 2023-02-19 23:00:00 --> Undefined variable: pesanan
in APPPATH\Views\layout\v_kasir.php on line 53.
 1 APPPATH\Views\layout\v_kasir.php(53): CodeIgniter\Debug\Exceptions->errorHandler(8, 'Undefined variable: pesanan', 'APPPATH\\Views\\layout\\v_kasir.php', 53, [...])
 2 SYSTEMPATH\View\View.php(213): include('APPPATH\\Views\\layout\\v_kasir.php')
 3 SYSTEMPATH\View\View.php(216): CodeIgniter\View\View->CodeIgniter\View\{closure}()
 4 SYSTEMPATH\Common.php(1135): CodeIgniter\View\View->render('layout/v_kasir', [], true)
 5 APPPATH\Controllers\koki\User_kasir.php(20): view('layout/v_kasir', [...])
 6 SYSTEMPATH\CodeIgniter.php(896): App\Controllers\koki\User_kasir->index()
 7 SYSTEMPATH\CodeIgniter.php(466): CodeIgniter\CodeIgniter->runController(Object(App\Controllers\koki\User_kasir))
 8 SYSTEMPATH\CodeIgniter.php(349): CodeIgniter\CodeIgniter->handleRequest(null, Object(Config\Cache), false)
 9 FCPATH\index.php(55): CodeIgniter\CodeIgniter->run()
10 SYSTEMPATH\Commands\Server\rewrite.php(43): require_once('FCPATH\\index.php')
CRITICAL - 2023-02-19 23:03:26 --> Undefined variable: pesanan
in APPPATH\Views\layout\v_kasir.php on line 53.
 1 APPPATH\Views\layout\v_kasir.php(53): CodeIgniter\Debug\Exceptions->errorHandler(8, 'Undefined variable: pesanan', 'APPPATH\\Views\\layout\\v_kasir.php', 53, [...])
 2 SYSTEMPATH\View\View.php(213): include('APPPATH\\Views\\layout\\v_kasir.php')
 3 SYSTEMPATH\View\View.php(216): CodeIgniter\View\View->CodeIgniter\View\{closure}()
 4 SYSTEMPATH\Common.php(1135): CodeIgniter\View\View->render('layout/v_kasir', [], true)
 5 APPPATH\Controllers\koki\User_kasir.php(18): view('layout/v_kasir', [...])
 6 SYSTEMPATH\CodeIgniter.php(896): App\Controllers\koki\User_kasir->index()
 7 SYSTEMPATH\CodeIgniter.php(466): CodeIgniter\CodeIgniter->runController(Object(App\Controllers\koki\User_kasir))
 8 SYSTEMPATH\CodeIgniter.php(349): CodeIgniter\CodeIgniter->handleRequest(null, Object(Config\Cache), false)
 9 FCPATH\index.php(55): CodeIgniter\CodeIgniter->run()
10 SYSTEMPATH\Commands\Server\rewrite.php(43): require_once('FCPATH\\index.php')
CRITICAL - 2023-02-19 23:13:40 --> Undefined variable: items
in APPPATH\Views\layout\v_kasir.php on line 110.
 1 APPPATH\Views\layout\v_kasir.php(110): CodeIgniter\Debug\Exceptions->errorHandler(8, 'Undefined variable: items', 'APPPATH\\Views\\layout\\v_kasir.php', 110, [...])
 2 SYSTEMPATH\View\View.php(213): include('APPPATH\\Views\\layout\\v_kasir.php')
 3 SYSTEMPATH\View\View.php(216): CodeIgniter\View\View->CodeIgniter\View\{closure}()
 4 SYSTEMPATH\Common.php(1135): CodeIgniter\View\View->render('layout/v_kasir', [], true)
 5 APPPATH\Controllers\koki\User_kasir.php(17): view('layout/v_kasir', [...])
 6 SYSTEMPATH\CodeIgniter.php(896): App\Controllers\koki\User_kasir->index()
 7 SYSTEMPATH\CodeIgniter.php(466): CodeIgniter\CodeIgniter->runController(Object(App\Controllers\koki\User_kasir))
 8 SYSTEMPATH\CodeIgniter.php(349): CodeIgniter\CodeIgniter->handleRequest(null, Object(Config\Cache), false)
 9 FCPATH\index.php(55): CodeIgniter\CodeIgniter->run()
10 SYSTEMPATH\Commands\Server\rewrite.php(43): require_once('FCPATH\\index.php')
CRITICAL - 2023-02-19 23:17:42 --> syntax error, unexpected 'endforeach' (T_ENDFOREACH), expecting elseif (T_ELSEIF) or else (T_ELSE) or endif (T_ENDIF)
in APPPATH\Views\layout\v_kasir.php on line 152.
 1 SYSTEMPATH\View\View.php(216): CodeIgniter\View\View->CodeIgniter\View\{closure}()
 2 SYSTEMPATH\Common.php(1135): CodeIgniter\View\View->render('layout/v_kasir', [], true)
 3 APPPATH\Controllers\koki\User_kasir.php(17): view('layout/v_kasir', [...])
 4 SYSTEMPATH\CodeIgniter.php(896): App\Controllers\koki\User_kasir->index()
 5 SYSTEMPATH\CodeIgniter.php(466): CodeIgniter\CodeIgniter->runController(Object(App\Controllers\koki\User_kasir))
 6 SYSTEMPATH\CodeIgniter.php(349): CodeIgniter\CodeIgniter->handleRequest(null, Object(Config\Cache), false)
 7 FCPATH\index.php(55): CodeIgniter\CodeIgniter->run()
 8 SYSTEMPATH\Commands\Server\rewrite.php(43): require_once('FCPATH\\index.php')
CRITICAL - 2023-02-19 23:38:02 --> Undefined variable: rincian
in APPPATH\Views\layout\v_kasir.php on line 55.
 1 APPPATH\Views\layout\v_kasir.php(55): CodeIgniter\Debug\Exceptions->errorHandler(8, 'Undefined variable: rincian', 'APPPATH\\Views\\layout\\v_kasir.php', 55, [...])
 2 SYSTEMPATH\View\View.php(213): include('APPPATH\\Views\\layout\\v_kasir.php')
 3 SYSTEMPATH\View\View.php(216): CodeIgniter\View\View->CodeIgniter\View\{closure}()
 4 SYSTEMPATH\Common.php(1135): CodeIgniter\View\View->render('layout/v_kasir', [], true)
 5 APPPATH\Controllers\koki\User_kasir.php(17): view('layout/v_kasir', [...])
 6 SYSTEMPATH\CodeIgniter.php(896): App\Controllers\koki\User_kasir->index()
 7 SYSTEMPATH\CodeIgniter.php(466): CodeIgniter\CodeIgniter->runController(Object(App\Controllers\koki\User_kasir))
 8 SYSTEMPATH\CodeIgniter.php(349): CodeIgniter\CodeIgniter->handleRequest(null, Object(Config\Cache), false)
 9 FCPATH\index.php(55): CodeIgniter\CodeIgniter->run()
10 SYSTEMPATH\Commands\Server\rewrite.php(43): require_once('FCPATH\\index.php')
CRITICAL - 2023-02-19 23:47:45 --> Undefined variable: item
in APPPATH\Views\layout\v_kasir.php on line 54.
 1 APPPATH\Views\layout\v_kasir.php(54): CodeIgniter\Debug\Exceptions->errorHandler(8, 'Undefined variable: item', 'APPPATH\\Views\\layout\\v_kasir.php', 54, [...])
 2 SYSTEMPATH\View\View.php(213): include('APPPATH\\Views\\layout\\v_kasir.php')
 3 SYSTEMPATH\View\View.php(216): CodeIgniter\View\View->CodeIgniter\View\{closure}()
 4 SYSTEMPATH\Common.php(1135): CodeIgniter\View\View->render('layout/v_kasir', [], true)
 5 APPPATH\Controllers\koki\User_kasir.php(17): view('layout/v_kasir', [...])
 6 SYSTEMPATH\CodeIgniter.php(896): App\Controllers\koki\User_kasir->index()
 7 SYSTEMPATH\CodeIgniter.php(466): CodeIgniter\CodeIgniter->runController(Object(App\Controllers\koki\User_kasir))
 8 SYSTEMPATH\CodeIgniter.php(349): CodeIgniter\CodeIgniter->handleRequest(null, Object(Config\Cache), false)
 9 FCPATH\index.php(55): CodeIgniter\CodeIgniter->run()
10 SYSTEMPATH\Commands\Server\rewrite.php(43): require_once('FCPATH\\index.php')
CRITICAL - 2023-02-19 23:49:02 --> Cannot use object of type stdClass as array
in APPPATH\Views\layout\v_kasir.php on line 58.
 1 SYSTEMPATH\View\View.php(213): include()
 2 SYSTEMPATH\View\View.php(216): CodeIgniter\View\View->CodeIgniter\View\{closure}()
 3 SYSTEMPATH\Common.php(1135): CodeIgniter\View\View->render('layout/v_kasir', [], true)
 4 APPPATH\Controllers\koki\User_kasir.php(17): view('layout/v_kasir', [...])
 5 SYSTEMPATH\CodeIgniter.php(896): App\Controllers\koki\User_kasir->index()
 6 SYSTEMPATH\CodeIgniter.php(466): CodeIgniter\CodeIgniter->runController(Object(App\Controllers\koki\User_kasir))
 7 SYSTEMPATH\CodeIgniter.php(349): CodeIgniter\CodeIgniter->handleRequest(null, Object(Config\Cache), false)
 8 FCPATH\index.php(55): CodeIgniter\CodeIgniter->run()
 9 SYSTEMPATH\Commands\Server\rewrite.php(43): require_once('FCPATH\\index.php')
CRITICAL - 2023-02-19 23:49:19 --> Call to undefined method CodeIgniter\Database\MySQLi\Builder::getResultArray()
in APPPATH\Models\M_detailpesanan.php on line 27.
 1 APPPATH\Controllers\koki\User_kasir.php(16): App\Models\M_detailpesanan->getRincian()
 2 SYSTEMPATH\CodeIgniter.php(896): App\Controllers\koki\User_kasir->index()
 3 SYSTEMPATH\CodeIgniter.php(466): CodeIgniter\CodeIgniter->runController(Object(App\Controllers\koki\User_kasir))
 4 SYSTEMPATH\CodeIgniter.php(349): CodeIgniter\CodeIgniter->handleRequest(null, Object(Config\Cache), false)
 5 FCPATH\index.php(55): CodeIgniter\CodeIgniter->run()
 6 SYSTEMPATH\Commands\Server\rewrite.php(43): require_once('FCPATH\\index.php')
CRITICAL - 2023-02-19 23:58:43 --> syntax error, unexpected end of file
in APPPATH\Views\layout\v_kasir.php on line 74.
 1 SYSTEMPATH\View\View.php(216): CodeIgniter\View\View->CodeIgniter\View\{closure}()
 2 SYSTEMPATH\Common.php(1135): CodeIgniter\View\View->render('layout/v_kasir', [], true)
 3 APPPATH\Controllers\koki\User_kasir.php(19): view('layout/v_kasir', [...])
 4 SYSTEMPATH\CodeIgniter.php(896): App\Controllers\koki\User_kasir->index()
 5 SYSTEMPATH\CodeIgniter.php(466): CodeIgniter\CodeIgniter->runController(Object(App\Controllers\koki\User_kasir))
 6 SYSTEMPATH\CodeIgniter.php(349): CodeIgniter\CodeIgniter->handleRequest(null, Object(Config\Cache), false)
 7 FCPATH\index.php(55): CodeIgniter\CodeIgniter->run()
 8 SYSTEMPATH\Commands\Server\rewrite.php(43): require_once('FCPATH\\index.php')
CRITICAL - 2023-02-19 23:58:55 --> Undefined variable: pesanan
in APPPATH\Views\layout\v_kasir.php on line 53.
 1 APPPATH\Views\layout\v_kasir.php(53): CodeIgniter\Debug\Exceptions->errorHandler(8, 'Undefined variable: pesanan', 'APPPATH\\Views\\layout\\v_kasir.php', 53, [...])
 2 SYSTEMPATH\View\View.php(213): include('APPPATH\\Views\\layout\\v_kasir.php')
 3 SYSTEMPATH\View\View.php(216): CodeIgniter\View\View->CodeIgniter\View\{closure}()
 4 SYSTEMPATH\Common.php(1135): CodeIgniter\View\View->render('layout/v_kasir', [], true)
 5 APPPATH\Controllers\koki\User_kasir.php(19): view('layout/v_kasir', [...])
 6 SYSTEMPATH\CodeIgniter.php(896): App\Controllers\koki\User_kasir->index()
 7 SYSTEMPATH\CodeIgniter.php(466): CodeIgniter\CodeIgniter->runController(Object(App\Controllers\koki\User_kasir))
 8 SYSTEMPATH\CodeIgniter.php(349): CodeIgniter\CodeIgniter->handleRequest(null, Object(Config\Cache), false)
 9 FCPATH\index.php(55): CodeIgniter\CodeIgniter->run()
10 SYSTEMPATH\Commands\Server\rewrite.php(43): require_once('FCPATH\\index.php')
