CRITICAL - 2022-11-29 00:14:57 --> Undefined variable $imageName
in APPPATH\Controllers\kasir\Menukasir.php on line 101.
 1 APPPATH\Controllers\kasir\Menukasir.php(101): CodeIgniter\Debug\Exceptions->errorHandler(2, 'Undefined variable $imageName', 'APPPATH\\Controllers\\kasir\\Menukasir.php', 101)
 2 SYSTEMPATH\CodeIgniter.php(896): App\Controllers\kasir\Menukasir->daftar()
 3 SYSTEMPATH\CodeIgniter.php(466): CodeIgniter\CodeIgniter->runController(Object(App\Controllers\kasir\Menukasir))
 4 SYSTEMPATH\CodeIgniter.php(349): CodeIgniter\CodeIgniter->handleRequest(null, Object(Config\Cache), false)
 5 FCPATH\index.php(55): CodeIgniter\CodeIgniter->run()
 6 SYSTEMPATH\Commands\Server\rewrite.php(43): require_once('FCPATH\\index.php')
CRITICAL - 2022-11-29 00:37:01 --> Undefined variable $item
in APPPATH\Views\menu.php on line 70.
 1 APPPATH\Views\menu.php(70): CodeIgniter\Debug\Exceptions->errorHandler(2, 'Undefined variable $item', 'APPPATH\\Views\\menu.php', 70)
 2 SYSTEMPATH\View\View.php(213): include('APPPATH\\Views\\menu.php')
 3 SYSTEMPATH\View\View.php(216): CodeIgniter\View\View->CodeIgniter\View\{closure}()
 4 SYSTEMPATH\Common.php(1135): CodeIgniter\View\View->render('menu', [], true)
 5 APPPATH\Controllers\Home.php(18): view('menu', [...])
 6 SYSTEMPATH\CodeIgniter.php(896): App\Controllers\Home->menu()
 7 SYSTEMPATH\CodeIgniter.php(466): CodeIgniter\CodeIgniter->runController(Object(App\Controllers\Home))
 8 SYSTEMPATH\CodeIgniter.php(349): CodeIgniter\CodeIgniter->handleRequest(null, Object(Config\Cache), false)
 9 FCPATH\index.php(55): CodeIgniter\CodeIgniter->run()
10 SYSTEMPATH\Commands\Server\rewrite.php(43): require_once('FCPATH\\index.php')
