ERROR - 2022-11-24 00:16:37 --> Error connecting to the database: Unknown database 'db_mansure'
CRITICAL - 2022-11-24 00:16:37 --> Unable to connect to the database.
Main connection [MySQLi]: Unknown database 'db_mansure'
in SYSTEMPATH\Database\BaseConnection.php on line 416.
 1 SYSTEMPATH\Database\BaseConnection.php(586): CodeIgniter\Database\BaseConnection->initialize()
 2 SYSTEMPATH\Database\BaseBuilder.php(1585): CodeIgniter\Database\BaseConnection->query('SELECT *
FROM `menu`
ORDER BY `id_menu` DESC', [], false)
 3 SYSTEMPATH\Model.php(222): CodeIgniter\Database\BaseBuilder->get()
 4 SYSTEMPATH\BaseModel.php(584): CodeIgniter\Model->doFindAll(0, 0)
 5 APPPATH\Controllers\kasir\Menukasir.php(19): CodeIgniter\BaseModel->findAll()
 6 SYSTEMPATH\CodeIgniter.php(896): App\Controllers\kasir\Menukasir->index()
 7 SYSTEMPATH\CodeIgniter.php(466): CodeIgniter\CodeIgniter->runController(Object(App\Controllers\kasir\Menukasir))
 8 SYSTEMPATH\CodeIgniter.php(349): CodeIgniter\CodeIgniter->handleRequest(null, Object(Config\Cache), false)
 9 FCPATH\index.php(55): CodeIgniter\CodeIgniter->run()
10 SYSTEMPATH\Commands\Server\rewrite.php(43): require_once('FCPATH\\index.php')
CRITICAL - 2022-11-24 00:34:27 --> Undefined variable: products
in APPPATH\Views\menu.php on line 78.
 1 APPPATH\Views\menu.php(78): CodeIgniter\Debug\Exceptions->errorHandler(8, 'Undefined variable: products', 'APPPATH\\Views\\menu.php', 78, [])
 2 SYSTEMPATH\View\View.php(213): include('APPPATH\\Views\\menu.php')
 3 SYSTEMPATH\View\View.php(216): CodeIgniter\View\View->CodeIgniter\View\{closure}()
 4 SYSTEMPATH\Common.php(1135): CodeIgniter\View\View->render('menu', [], true)
 5 APPPATH\Controllers\Home.php(14): view('menu')
 6 SYSTEMPATH\CodeIgniter.php(896): App\Controllers\Home->menu()
 7 SYSTEMPATH\CodeIgniter.php(466): CodeIgniter\CodeIgniter->runController(Object(App\Controllers\Home))
 8 SYSTEMPATH\CodeIgniter.php(349): CodeIgniter\CodeIgniter->handleRequest(null, Object(Config\Cache), false)
 9 FCPATH\index.php(55): CodeIgniter\CodeIgniter->run()
10 SYSTEMPATH\Commands\Server\rewrite.php(43): require_once('FCPATH\\index.php')
CRITICAL - 2022-11-24 00:36:35 --> Undefined variable: products
in APPPATH\Views\menu.php on line 78.
 1 APPPATH\Views\menu.php(78): CodeIgniter\Debug\Exceptions->errorHandler(8, 'Undefined variable: products', 'APPPATH\\Views\\menu.php', 78, [])
 2 SYSTEMPATH\View\View.php(213): include('APPPATH\\Views\\menu.php')
 3 SYSTEMPATH\View\View.php(216): CodeIgniter\View\View->CodeIgniter\View\{closure}()
 4 SYSTEMPATH\Common.php(1135): CodeIgniter\View\View->render('menu', [], true)
 5 APPPATH\Controllers\Home.php(16): view('menu')
 6 SYSTEMPATH\CodeIgniter.php(896): App\Controllers\Home->menu()
 7 SYSTEMPATH\CodeIgniter.php(466): CodeIgniter\CodeIgniter->runController(Object(App\Controllers\Home))
 8 SYSTEMPATH\CodeIgniter.php(349): CodeIgniter\CodeIgniter->handleRequest(null, Object(Config\Cache), false)
 9 FCPATH\index.php(55): CodeIgniter\CodeIgniter->run()
10 SYSTEMPATH\Commands\Server\rewrite.php(43): require_once('FCPATH\\index.php')
CRITICAL - 2022-11-24 00:40:03 --> Undefined variable: products
in APPPATH\Views\menu.php on line 78.
 1 APPPATH\Views\menu.php(78): CodeIgniter\Debug\Exceptions->errorHandler(8, 'Undefined variable: products', 'APPPATH\\Views\\menu.php', 78, [])
 2 SYSTEMPATH\View\View.php(213): include('APPPATH\\Views\\menu.php')
 3 SYSTEMPATH\View\View.php(216): CodeIgniter\View\View->CodeIgniter\View\{closure}()
 4 SYSTEMPATH\Common.php(1135): CodeIgniter\View\View->render('menu', [], true)
 5 APPPATH\Controllers\Home.php(16): view('menu')
 6 SYSTEMPATH\CodeIgniter.php(896): App\Controllers\Home->menu()
 7 SYSTEMPATH\CodeIgniter.php(466): CodeIgniter\CodeIgniter->runController(Object(App\Controllers\Home))
 8 SYSTEMPATH\CodeIgniter.php(349): CodeIgniter\CodeIgniter->handleRequest(null, Object(Config\Cache), false)
 9 FCPATH\index.php(55): CodeIgniter\CodeIgniter->run()
10 SYSTEMPATH\Commands\Server\rewrite.php(43): require_once('FCPATH\\index.php')
CRITICAL - 2022-11-24 01:03:10 --> Undefined variable: products
in APPPATH\Views\menu.php on line 78.
 1 APPPATH\Views\menu.php(78): CodeIgniter\Debug\Exceptions->errorHandler(8, 'Undefined variable: products', 'APPPATH\\Views\\menu.php', 78, [])
 2 SYSTEMPATH\View\View.php(213): include('APPPATH\\Views\\menu.php')
 3 SYSTEMPATH\View\View.php(216): CodeIgniter\View\View->CodeIgniter\View\{closure}()
 4 SYSTEMPATH\Common.php(1135): CodeIgniter\View\View->render('menu', [], true)
 5 APPPATH\Controllers\Home.php(16): view('menu')
 6 SYSTEMPATH\CodeIgniter.php(896): App\Controllers\Home->menu()
 7 SYSTEMPATH\CodeIgniter.php(466): CodeIgniter\CodeIgniter->runController(Object(App\Controllers\Home))
 8 SYSTEMPATH\CodeIgniter.php(349): CodeIgniter\CodeIgniter->handleRequest(null, Object(Config\Cache), false)
 9 FCPATH\index.php(55): CodeIgniter\CodeIgniter->run()
10 SYSTEMPATH\Commands\Server\rewrite.php(43): require_once('FCPATH\\index.php')
CRITICAL - 2022-11-24 09:45:17 --> The framework needs the following extension(s) installed and loaded: intl.
in SYSTEMPATH\CodeIgniter.php on line 231.
 1 SYSTEMPATH\CodeIgniter.php(231): CodeIgniter\Exceptions\FrameworkException::forMissingExtension('intl')
 2 SYSTEMPATH\CodeIgniter.php(189): CodeIgniter\CodeIgniter->resolvePlatformExtensions()
 3 ROOTPATH\spark(71): CodeIgniter\CodeIgniter->initialize()
CRITICAL - 2022-11-24 22:34:26 --> unlink(uploads/): Is a directory
in APPPATH\Controllers\kasir\Menukasir.php on line 69.
 1 [internal function]: CodeIgniter\Debug\Exceptions->errorHandler(2, 'unlink(uploads/): Is a directory', 'APPPATH\\Controllers\\kasir\\Menukasir.php', 69)
 2 APPPATH\Controllers\kasir\Menukasir.php(69): unlink('FCPATH\\uploads')
 3 SYSTEMPATH\CodeIgniter.php(896): App\Controllers\kasir\Menukasir->update('8')
 4 SYSTEMPATH\CodeIgniter.php(466): CodeIgniter\CodeIgniter->runController(Object(App\Controllers\kasir\Menukasir))
 5 SYSTEMPATH\CodeIgniter.php(349): CodeIgniter\CodeIgniter->handleRequest(null, Object(Config\Cache), false)
 6 FCPATH\index.php(55): CodeIgniter\CodeIgniter->run()
 7 SYSTEMPATH\Commands\Server\rewrite.php(43): require_once('FCPATH\\index.php')
CRITICAL - 2022-11-24 22:36:48 --> unlink(uploads/): Is a directory
in APPPATH\Controllers\kasir\Menukasir.php on line 69.
 1 [internal function]: CodeIgniter\Debug\Exceptions->errorHandler(2, 'unlink(uploads/): Is a directory', 'APPPATH\\Controllers\\kasir\\Menukasir.php', 69)
 2 APPPATH\Controllers\kasir\Menukasir.php(69): unlink('FCPATH\\uploads')
 3 SYSTEMPATH\CodeIgniter.php(896): App\Controllers\kasir\Menukasir->update('8')
 4 SYSTEMPATH\CodeIgniter.php(466): CodeIgniter\CodeIgniter->runController(Object(App\Controllers\kasir\Menukasir))
 5 SYSTEMPATH\CodeIgniter.php(349): CodeIgniter\CodeIgniter->handleRequest(null, Object(Config\Cache), false)
 6 FCPATH\index.php(55): CodeIgniter\CodeIgniter->run()
 7 SYSTEMPATH\Commands\Server\rewrite.php(43): require_once('FCPATH\\index.php')
