ERROR - 2022-12-10 02:13:00 --> Error connecting to the database: No connection could be made because the target machine actively refused it.

CRITICAL - 2022-12-10 02:13:00 --> Unable to connect to the database.
Main connection [MySQLi]: No connection could be made because the target machine actively refused it.

in SYSTEMPATH\Database\BaseConnection.php on line 416.
 1 SYSTEMPATH\Database\BaseConnection.php(586): CodeIgniter\Database\BaseConnection->initialize()
 2 SYSTEMPATH\Database\BaseBuilder.php(1669): CodeIgniter\Database\BaseConnection->query('SELECT COUNT(*) AS `numrows`
FROM `menu`', [], false)
 3 APPPATH\Models\M_menu.php(28): CodeIgniter\Database\BaseBuilder->countAllResults()
 4 APPPATH\Controllers\kasir\Menukasir.php(20): App\Models\M_menu->total_daftar_menu()
 5 SYSTEMPATH\CodeIgniter.php(896): App\Controllers\kasir\Menukasir->dashboard()
 6 SYSTEMPATH\CodeIgniter.php(466): CodeIgniter\CodeIgniter->runController(Object(App\Controllers\kasir\Menukasir))
 7 SYSTEMPATH\CodeIgniter.php(349): CodeIgniter\CodeIgniter->handleRequest(null, Object(Config\Cache), false)
 8 FCPATH\index.php(55): CodeIgniter\CodeIgniter->run()
 9 SYSTEMPATH\Commands\Server\rewrite.php(43): require_once('FCPATH\\index.php')
CRITICAL - 2022-12-10 08:47:05 --> Undefined variable: koneksi
in APPPATH\Views\layout\tambahmenu.php on line 50.
 1 APPPATH\Views\layout\tambahmenu.php(50): CodeIgniter\Debug\Exceptions->errorHandler(8, 'Undefined variable: koneksi', 'APPPATH\\Views\\layout\\tambahmenu.php', 50, [])
 2 SYSTEMPATH\View\View.php(213): include('APPPATH\\Views\\layout\\tambahmenu.php')
 3 SYSTEMPATH\View\View.php(216): CodeIgniter\View\View->CodeIgniter\View\{closure}()
 4 SYSTEMPATH\Common.php(1135): CodeIgniter\View\View->render('layout/tambahmenu', [], true)
 5 APPPATH\Controllers\kasir\Menukasir.php(39): view('layout/tambahmenu')
 6 SYSTEMPATH\CodeIgniter.php(896): App\Controllers\kasir\Menukasir->create()
 7 SYSTEMPATH\CodeIgniter.php(466): CodeIgniter\CodeIgniter->runController(Object(App\Controllers\kasir\Menukasir))
 8 SYSTEMPATH\CodeIgniter.php(349): CodeIgniter\CodeIgniter->handleRequest(null, Object(Config\Cache), false)
 9 FCPATH\index.php(55): CodeIgniter\CodeIgniter->run()
10 SYSTEMPATH\Commands\Server\rewrite.php(43): require_once('FCPATH\\index.php')
CRITICAL - 2022-12-10 08:47:07 --> Undefined variable: koneksi
in APPPATH\Views\layout\tambahmenu.php on line 50.
 1 APPPATH\Views\layout\tambahmenu.php(50): CodeIgniter\Debug\Exceptions->errorHandler(8, 'Undefined variable: koneksi', 'APPPATH\\Views\\layout\\tambahmenu.php', 50, [])
 2 SYSTEMPATH\View\View.php(213): include('APPPATH\\Views\\layout\\tambahmenu.php')
 3 SYSTEMPATH\View\View.php(216): CodeIgniter\View\View->CodeIgniter\View\{closure}()
 4 SYSTEMPATH\Common.php(1135): CodeIgniter\View\View->render('layout/tambahmenu', [], true)
 5 APPPATH\Controllers\kasir\Menukasir.php(39): view('layout/tambahmenu')
 6 SYSTEMPATH\CodeIgniter.php(896): App\Controllers\kasir\Menukasir->create()
 7 SYSTEMPATH\CodeIgniter.php(466): CodeIgniter\CodeIgniter->runController(Object(App\Controllers\kasir\Menukasir))
 8 SYSTEMPATH\CodeIgniter.php(349): CodeIgniter\CodeIgniter->handleRequest(null, Object(Config\Cache), false)
 9 FCPATH\index.php(55): CodeIgniter\CodeIgniter->run()
10 SYSTEMPATH\Commands\Server\rewrite.php(43): require_once('FCPATH\\index.php')
CRITICAL - 2022-12-10 08:48:18 --> Undefined variable: koneksi
in APPPATH\Views\layout\tambahmenu.php on line 51.
 1 APPPATH\Views\layout\tambahmenu.php(51): CodeIgniter\Debug\Exceptions->errorHandler(8, 'Undefined variable: koneksi', 'APPPATH\\Views\\layout\\tambahmenu.php', 51, [])
 2 SYSTEMPATH\View\View.php(213): include('APPPATH\\Views\\layout\\tambahmenu.php')
 3 SYSTEMPATH\View\View.php(216): CodeIgniter\View\View->CodeIgniter\View\{closure}()
 4 SYSTEMPATH\Common.php(1135): CodeIgniter\View\View->render('layout/tambahmenu', [], true)
 5 APPPATH\Controllers\kasir\Menukasir.php(39): view('layout/tambahmenu')
 6 SYSTEMPATH\CodeIgniter.php(896): App\Controllers\kasir\Menukasir->create()
 7 SYSTEMPATH\CodeIgniter.php(466): CodeIgniter\CodeIgniter->runController(Object(App\Controllers\kasir\Menukasir))
 8 SYSTEMPATH\CodeIgniter.php(349): CodeIgniter\CodeIgniter->handleRequest(null, Object(Config\Cache), false)
 9 FCPATH\index.php(55): CodeIgniter\CodeIgniter->run()
10 SYSTEMPATH\Commands\Server\rewrite.php(43): require_once('FCPATH\\index.php')
CRITICAL - 2022-12-10 08:48:19 --> Undefined variable: koneksi
in APPPATH\Views\layout\tambahmenu.php on line 51.
 1 APPPATH\Views\layout\tambahmenu.php(51): CodeIgniter\Debug\Exceptions->errorHandler(8, 'Undefined variable: koneksi', 'APPPATH\\Views\\layout\\tambahmenu.php', 51, [])
 2 SYSTEMPATH\View\View.php(213): include('APPPATH\\Views\\layout\\tambahmenu.php')
 3 SYSTEMPATH\View\View.php(216): CodeIgniter\View\View->CodeIgniter\View\{closure}()
 4 SYSTEMPATH\Common.php(1135): CodeIgniter\View\View->render('layout/tambahmenu', [], true)
 5 APPPATH\Controllers\kasir\Menukasir.php(39): view('layout/tambahmenu')
 6 SYSTEMPATH\CodeIgniter.php(896): App\Controllers\kasir\Menukasir->create()
 7 SYSTEMPATH\CodeIgniter.php(466): CodeIgniter\CodeIgniter->runController(Object(App\Controllers\kasir\Menukasir))
 8 SYSTEMPATH\CodeIgniter.php(349): CodeIgniter\CodeIgniter->handleRequest(null, Object(Config\Cache), false)
 9 FCPATH\index.php(55): CodeIgniter\CodeIgniter->run()
10 SYSTEMPATH\Commands\Server\rewrite.php(43): require_once('FCPATH\\index.php')
CRITICAL - 2022-12-10 08:48:37 --> Call to a member function fetch_assoc() on bool
in APPPATH\Views\layout\tambahmenu.php on line 52.
 1 SYSTEMPATH\View\View.php(213): include()
 2 SYSTEMPATH\View\View.php(216): CodeIgniter\View\View->CodeIgniter\View\{closure}()
 3 SYSTEMPATH\Common.php(1135): CodeIgniter\View\View->render('layout/tambahmenu', [], true)
 4 APPPATH\Controllers\kasir\Menukasir.php(39): view('layout/tambahmenu')
 5 SYSTEMPATH\CodeIgniter.php(896): App\Controllers\kasir\Menukasir->create()
 6 SYSTEMPATH\CodeIgniter.php(466): CodeIgniter\CodeIgniter->runController(Object(App\Controllers\kasir\Menukasir))
 7 SYSTEMPATH\CodeIgniter.php(349): CodeIgniter\CodeIgniter->handleRequest(null, Object(Config\Cache), false)
 8 FCPATH\index.php(55): CodeIgniter\CodeIgniter->run()
 9 SYSTEMPATH\Commands\Server\rewrite.php(43): require_once('FCPATH\\index.php')
CRITICAL - 2022-12-10 08:48:39 --> Call to a member function fetch_assoc() on bool
in APPPATH\Views\layout\tambahmenu.php on line 52.
 1 SYSTEMPATH\View\View.php(213): include()
 2 SYSTEMPATH\View\View.php(216): CodeIgniter\View\View->CodeIgniter\View\{closure}()
 3 SYSTEMPATH\Common.php(1135): CodeIgniter\View\View->render('layout/tambahmenu', [], true)
 4 APPPATH\Controllers\kasir\Menukasir.php(39): view('layout/tambahmenu')
 5 SYSTEMPATH\CodeIgniter.php(896): App\Controllers\kasir\Menukasir->create()
 6 SYSTEMPATH\CodeIgniter.php(466): CodeIgniter\CodeIgniter->runController(Object(App\Controllers\kasir\Menukasir))
 7 SYSTEMPATH\CodeIgniter.php(349): CodeIgniter\CodeIgniter->handleRequest(null, Object(Config\Cache), false)
 8 FCPATH\index.php(55): CodeIgniter\CodeIgniter->run()
 9 SYSTEMPATH\Commands\Server\rewrite.php(43): require_once('FCPATH\\index.php')
CRITICAL - 2022-12-10 09:18:51 --> Undefined variable: item
in APPPATH\Views\layout\tambah_user.php on line 79.
 1 APPPATH\Views\layout\tambah_user.php(79): CodeIgniter\Debug\Exceptions->errorHandler(8, 'Undefined variable: item', 'APPPATH\\Views\\layout\\tambah_user.php', 79, [...])
 2 SYSTEMPATH\View\View.php(213): include('APPPATH\\Views\\layout\\tambah_user.php')
 3 SYSTEMPATH\View\View.php(216): CodeIgniter\View\View->CodeIgniter\View\{closure}()
 4 SYSTEMPATH\Common.php(1135): CodeIgniter\View\View->render('layout/tambah_user', [], true)
 5 APPPATH\Controllers\Login.php(16): view('layout/tambah_user', [...])
 6 SYSTEMPATH\CodeIgniter.php(896): App\Controllers\Login->tambahuser()
 7 SYSTEMPATH\CodeIgniter.php(466): CodeIgniter\CodeIgniter->runController(Object(App\Controllers\Login))
 8 SYSTEMPATH\CodeIgniter.php(349): CodeIgniter\CodeIgniter->handleRequest(null, Object(Config\Cache), false)
 9 FCPATH\index.php(55): CodeIgniter\CodeIgniter->run()
10 SYSTEMPATH\Commands\Server\rewrite.php(43): require_once('FCPATH\\index.php')
CRITICAL - 2022-12-10 09:57:34 --> Undefined property: App\Controllers\Login::$input
in APPPATH\Controllers\Login.php on line 43.
 1 APPPATH\Controllers\Login.php(43): CodeIgniter\Debug\Exceptions->errorHandler(8, 'Undefined property: App\\Controllers\\Login::$input', 'APPPATH\\Controllers\\Login.php', 43, [])
 2 SYSTEMPATH\CodeIgniter.php(896): App\Controllers\Login->process()
 3 SYSTEMPATH\CodeIgniter.php(466): CodeIgniter\CodeIgniter->runController(Object(App\Controllers\Login))
 4 SYSTEMPATH\CodeIgniter.php(349): CodeIgniter\CodeIgniter->handleRequest(null, Object(Config\Cache), false)
 5 FCPATH\index.php(55): CodeIgniter\CodeIgniter->run()
 6 SYSTEMPATH\Commands\Server\rewrite.php(43): require_once('FCPATH\\index.php')
CRITICAL - 2022-12-10 09:58:09 --> Undefined property: App\Controllers\Login::$input
in APPPATH\Controllers\Login.php on line 43.
 1 APPPATH\Controllers\Login.php(43): CodeIgniter\Debug\Exceptions->errorHandler(8, 'Undefined property: App\\Controllers\\Login::$input', 'APPPATH\\Controllers\\Login.php', 43, [])
 2 SYSTEMPATH\CodeIgniter.php(896): App\Controllers\Login->process()
 3 SYSTEMPATH\CodeIgniter.php(466): CodeIgniter\CodeIgniter->runController(Object(App\Controllers\Login))
 4 SYSTEMPATH\CodeIgniter.php(349): CodeIgniter\CodeIgniter->handleRequest(null, Object(Config\Cache), false)
 5 FCPATH\index.php(55): CodeIgniter\CodeIgniter->run()
 6 SYSTEMPATH\Commands\Server\rewrite.php(43): require_once('FCPATH\\index.php')
CRITICAL - 2022-12-10 09:58:55 --> Undefined property: App\Controllers\Login::$input
in APPPATH\Controllers\Login.php on line 43.
 1 APPPATH\Controllers\Login.php(43): CodeIgniter\Debug\Exceptions->errorHandler(8, 'Undefined property: App\\Controllers\\Login::$input', 'APPPATH\\Controllers\\Login.php', 43, [])
 2 SYSTEMPATH\CodeIgniter.php(896): App\Controllers\Login->process()
 3 SYSTEMPATH\CodeIgniter.php(466): CodeIgniter\CodeIgniter->runController(Object(App\Controllers\Login))
 4 SYSTEMPATH\CodeIgniter.php(349): CodeIgniter\CodeIgniter->handleRequest(null, Object(Config\Cache), false)
 5 FCPATH\index.php(55): CodeIgniter\CodeIgniter->run()
 6 SYSTEMPATH\Commands\Server\rewrite.php(43): require_once('FCPATH\\index.php')
