CRITICAL - 2022-12-07 03:29:11 --> Undefined variable: products
in APPPATH\Views\menu.php on line 139.
 1 APPPATH\Views\menu.php(139): CodeIgniter\Debug\Exceptions->errorHandler(8, 'Undefined variable: products', 'APPPATH\\Views\\menu.php', 139, [])
 2 APPPATH\Views\uncaanmansure.php(2): include('APPPATH\\Views\\menu.php')
 3 SYSTEMPATH\View\View.php(213): include('APPPATH\\Views\\uncaanmansure.php')
 4 SYSTEMPATH\View\View.php(216): CodeIgniter\View\View->CodeIgniter\View\{closure}()
 5 SYSTEMPATH\Common.php(1135): CodeIgniter\View\View->render('uncaanmansure', [], true)
 6 APPPATH\Controllers\Menu.php(17): view('uncaanmansure')
 7 SYSTEMPATH\CodeIgniter.php(896): App\Controllers\Menu->uncaanmansure()
 8 SYSTEMPATH\CodeIgniter.php(466): CodeIgniter\CodeIgniter->runController(Object(App\Controllers\Menu))
 9 SYSTEMPATH\CodeIgniter.php(349): CodeIgniter\CodeIgniter->handleRequest(null, Object(Config\Cache), false)
10 FCPATH\index.php(55): CodeIgniter\CodeIgniter->run()
11 SYSTEMPATH\Commands\Server\rewrite.php(43): require_once('FCPATH\\index.php')
CRITICAL - 2022-12-07 03:58:05 --> Undefined variable: tgl_awal
in APPPATH\Views\layout\v_laporan.php on line 18.
 1 APPPATH\Views\layout\v_laporan.php(18): CodeIgniter\Debug\Exceptions->errorHandler(8, 'Undefined variable: tgl_awal', 'APPPATH\\Views\\layout\\v_laporan.php', 18, [])
 2 SYSTEMPATH\View\View.php(213): include('APPPATH\\Views\\layout\\v_laporan.php')
 3 SYSTEMPATH\View\View.php(216): CodeIgniter\View\View->CodeIgniter\View\{closure}()
 4 SYSTEMPATH\Common.php(1135): CodeIgniter\View\View->render('layout/v_laporan', [], true)
 5 APPPATH\Controllers\koki\User_kasir.php(16): view('layout/v_laporan')
 6 SYSTEMPATH\CodeIgniter.php(896): App\Controllers\koki\User_kasir->laporan()
 7 SYSTEMPATH\CodeIgniter.php(466): CodeIgniter\CodeIgniter->runController(Object(App\Controllers\koki\User_kasir))
 8 SYSTEMPATH\CodeIgniter.php(349): CodeIgniter\CodeIgniter->handleRequest(null, Object(Config\Cache), false)
 9 FCPATH\index.php(55): CodeIgniter\CodeIgniter->run()
10 SYSTEMPATH\Commands\Server\rewrite.php(43): require_once('FCPATH\\index.php')
CRITICAL - 2022-12-07 03:58:21 --> Undefined variable: tgl_awal
in APPPATH\Views\layout\v_laporan.php on line 18.
 1 APPPATH\Views\layout\v_laporan.php(18): CodeIgniter\Debug\Exceptions->errorHandler(8, 'Undefined variable: tgl_awal', 'APPPATH\\Views\\layout\\v_laporan.php', 18, [])
 2 SYSTEMPATH\View\View.php(213): include('APPPATH\\Views\\layout\\v_laporan.php')
 3 SYSTEMPATH\View\View.php(216): CodeIgniter\View\View->CodeIgniter\View\{closure}()
 4 SYSTEMPATH\Common.php(1135): CodeIgniter\View\View->render('layout/v_laporan', [], true)
 5 APPPATH\Controllers\koki\User_kasir.php(16): view('layout/v_laporan')
 6 SYSTEMPATH\CodeIgniter.php(896): App\Controllers\koki\User_kasir->laporan()
 7 SYSTEMPATH\CodeIgniter.php(466): CodeIgniter\CodeIgniter->runController(Object(App\Controllers\koki\User_kasir))
 8 SYSTEMPATH\CodeIgniter.php(349): CodeIgniter\CodeIgniter->handleRequest(null, Object(Config\Cache), false)
 9 FCPATH\index.php(55): CodeIgniter\CodeIgniter->run()
10 SYSTEMPATH\Commands\Server\rewrite.php(43): require_once('FCPATH\\index.php')
CRITICAL - 2022-12-07 03:58:22 --> Undefined variable: tgl_awal
in APPPATH\Views\layout\v_laporan.php on line 18.
 1 APPPATH\Views\layout\v_laporan.php(18): CodeIgniter\Debug\Exceptions->errorHandler(8, 'Undefined variable: tgl_awal', 'APPPATH\\Views\\layout\\v_laporan.php', 18, [])
 2 SYSTEMPATH\View\View.php(213): include('APPPATH\\Views\\layout\\v_laporan.php')
 3 SYSTEMPATH\View\View.php(216): CodeIgniter\View\View->CodeIgniter\View\{closure}()
 4 SYSTEMPATH\Common.php(1135): CodeIgniter\View\View->render('layout/v_laporan', [], true)
 5 APPPATH\Controllers\koki\User_kasir.php(16): view('layout/v_laporan')
 6 SYSTEMPATH\CodeIgniter.php(896): App\Controllers\koki\User_kasir->laporan()
 7 SYSTEMPATH\CodeIgniter.php(466): CodeIgniter\CodeIgniter->runController(Object(App\Controllers\koki\User_kasir))
 8 SYSTEMPATH\CodeIgniter.php(349): CodeIgniter\CodeIgniter->handleRequest(null, Object(Config\Cache), false)
 9 FCPATH\index.php(55): CodeIgniter\CodeIgniter->run()
10 SYSTEMPATH\Commands\Server\rewrite.php(43): require_once('FCPATH\\index.php')
CRITICAL - 2022-12-07 03:58:35 --> Undefined variable: tgl_akhir
in APPPATH\Views\layout\v_laporan.php on line 18.
 1 APPPATH\Views\layout\v_laporan.php(18): CodeIgniter\Debug\Exceptions->errorHandler(8, 'Undefined variable: tgl_akhir', 'APPPATH\\Views\\layout\\v_laporan.php', 18, [])
 2 SYSTEMPATH\View\View.php(213): include('APPPATH\\Views\\layout\\v_laporan.php')
 3 SYSTEMPATH\View\View.php(216): CodeIgniter\View\View->CodeIgniter\View\{closure}()
 4 SYSTEMPATH\Common.php(1135): CodeIgniter\View\View->render('layout/v_laporan', [], true)
 5 APPPATH\Controllers\koki\User_kasir.php(16): view('layout/v_laporan')
 6 SYSTEMPATH\CodeIgniter.php(896): App\Controllers\koki\User_kasir->laporan()
 7 SYSTEMPATH\CodeIgniter.php(466): CodeIgniter\CodeIgniter->runController(Object(App\Controllers\koki\User_kasir))
 8 SYSTEMPATH\CodeIgniter.php(349): CodeIgniter\CodeIgniter->handleRequest(null, Object(Config\Cache), false)
 9 FCPATH\index.php(55): CodeIgniter\CodeIgniter->run()
10 SYSTEMPATH\Commands\Server\rewrite.php(43): require_once('FCPATH\\index.php')
CRITICAL - 2022-12-07 03:58:44 --> Undefined variable: tgl_awal
in APPPATH\Views\layout\v_laporan.php on line 21.
 1 APPPATH\Views\layout\v_laporan.php(21): CodeIgniter\Debug\Exceptions->errorHandler(8, 'Undefined variable: tgl_awal', 'APPPATH\\Views\\layout\\v_laporan.php', 21, [])
 2 SYSTEMPATH\View\View.php(213): include('APPPATH\\Views\\layout\\v_laporan.php')
 3 SYSTEMPATH\View\View.php(216): CodeIgniter\View\View->CodeIgniter\View\{closure}()
 4 SYSTEMPATH\Common.php(1135): CodeIgniter\View\View->render('layout/v_laporan', [], true)
 5 APPPATH\Controllers\koki\User_kasir.php(16): view('layout/v_laporan')
 6 SYSTEMPATH\CodeIgniter.php(896): App\Controllers\koki\User_kasir->laporan()
 7 SYSTEMPATH\CodeIgniter.php(466): CodeIgniter\CodeIgniter->runController(Object(App\Controllers\koki\User_kasir))
 8 SYSTEMPATH\CodeIgniter.php(349): CodeIgniter\CodeIgniter->handleRequest(null, Object(Config\Cache), false)
 9 FCPATH\index.php(55): CodeIgniter\CodeIgniter->run()
10 SYSTEMPATH\Commands\Server\rewrite.php(43): require_once('FCPATH\\index.php')
ERROR - 2022-12-07 08:47:42 --> Error connecting to the database: No connection could be made because the target machine actively refused it.

CRITICAL - 2022-12-07 08:47:42 --> Unable to connect to the database.
Main connection [MySQLi]: No connection could be made because the target machine actively refused it.

in SYSTEMPATH\Database\BaseConnection.php on line 416.
 1 SYSTEMPATH\Database\BaseConnection.php(586): CodeIgniter\Database\BaseConnection->initialize()
 2 SYSTEMPATH\Database\BaseBuilder.php(1669): CodeIgniter\Database\BaseConnection->query('SELECT COUNT(*) AS `numrows`
FROM `menu`', [], false)
 3 APPPATH\Models\M_menu.php(28): CodeIgniter\Database\BaseBuilder->countAllResults()
 4 APPPATH\Controllers\kasir\Menukasir.php(20): App\Models\M_menu->total_daftar_menu()
 5 SYSTEMPATH\CodeIgniter.php(896): App\Controllers\kasir\Menukasir->dashboard()
 6 SYSTEMPATH\CodeIgniter.php(466): CodeIgniter\CodeIgniter->runController(Object(App\Controllers\kasir\Menukasir))
 7 SYSTEMPATH\CodeIgniter.php(349): CodeIgniter\CodeIgniter->handleRequest(null, Object(Config\Cache), false)
 8 FCPATH\index.php(55): CodeIgniter\CodeIgniter->run()
 9 SYSTEMPATH\Commands\Server\rewrite.php(43): require_once('FCPATH\\index.php')
ERROR - 2022-12-07 21:39:03 --> Error connecting to the database: No connection could be made because the target machine actively refused it.

CRITICAL - 2022-12-07 21:39:03 --> Unable to connect to the database.
Main connection [MySQLi]: No connection could be made because the target machine actively refused it.

in SYSTEMPATH\Database\BaseConnection.php on line 416.
 1 SYSTEMPATH\Database\BaseConnection.php(586): CodeIgniter\Database\BaseConnection->initialize()
 2 SYSTEMPATH\Database\BaseBuilder.php(1669): CodeIgniter\Database\BaseConnection->query('SELECT COUNT(*) AS `numrows`
FROM `menu`', [], false)
 3 APPPATH\Models\M_menu.php(28): CodeIgniter\Database\BaseBuilder->countAllResults()
 4 APPPATH\Controllers\kasir\Menukasir.php(20): App\Models\M_menu->total_daftar_menu()
 5 SYSTEMPATH\CodeIgniter.php(896): App\Controllers\kasir\Menukasir->dashboard()
 6 SYSTEMPATH\CodeIgniter.php(466): CodeIgniter\CodeIgniter->runController(Object(App\Controllers\kasir\Menukasir))
 7 SYSTEMPATH\CodeIgniter.php(349): CodeIgniter\CodeIgniter->handleRequest(null, Object(Config\Cache), false)
 8 FCPATH\index.php(55): CodeIgniter\CodeIgniter->run()
 9 SYSTEMPATH\Commands\Server\rewrite.php(43): require_once('FCPATH\\index.php')
ERROR - 2022-12-07 21:39:08 --> Error connecting to the database: No connection could be made because the target machine actively refused it.

CRITICAL - 2022-12-07 21:39:08 --> Unable to connect to the database.
Main connection [MySQLi]: No connection could be made because the target machine actively refused it.

in SYSTEMPATH\Database\BaseConnection.php on line 416.
 1 SYSTEMPATH\Database\BaseConnection.php(586): CodeIgniter\Database\BaseConnection->initialize()
 2 SYSTEMPATH\Database\BaseBuilder.php(1669): CodeIgniter\Database\BaseConnection->query('SELECT COUNT(*) AS `numrows`
FROM `menu`', [], false)
 3 APPPATH\Models\M_menu.php(28): CodeIgniter\Database\BaseBuilder->countAllResults()
 4 APPPATH\Controllers\kasir\Menukasir.php(20): App\Models\M_menu->total_daftar_menu()
 5 SYSTEMPATH\CodeIgniter.php(896): App\Controllers\kasir\Menukasir->dashboard()
 6 SYSTEMPATH\CodeIgniter.php(466): CodeIgniter\CodeIgniter->runController(Object(App\Controllers\kasir\Menukasir))
 7 SYSTEMPATH\CodeIgniter.php(349): CodeIgniter\CodeIgniter->handleRequest(null, Object(Config\Cache), false)
 8 FCPATH\index.php(55): CodeIgniter\CodeIgniter->run()
 9 SYSTEMPATH\Commands\Server\rewrite.php(43): require_once('FCPATH\\index.php')
ERROR - 2022-12-07 22:04:18 --> Unknown column 'jenis_beverages' in 'field list'
CRITICAL - 2022-12-07 22:04:18 --> Unknown column 'jenis_beverages' in 'field list'
in SYSTEMPATH\Database\MySQLi\Connection.php on line 292.
 1 SYSTEMPATH\Database\MySQLi\Connection.php(292): mysqli->query('INSERT INTO `menu` (`nama_menu`, `jenis_menu`, `harga`, `status_stok_menu`, `deskripsi`, `jenis_beverages`, `gambar`) VALUES (\'spageti\', \'Pasta\', \'30000\', \'kosong\', \'enak cok\', \'Pilih Jenis Beverages\', \'1670472258_893d13476396fd27dc03.png\')', 0)
 2 SYSTEMPATH\Database\BaseConnection.php(695): CodeIgniter\Database\MySQLi\Connection->execute('INSERT INTO `menu` (`nama_menu`, `jenis_menu`, `harga`, `status_stok_menu`, `deskripsi`, `jenis_beverages`, `gambar`) VALUES (\'spageti\', \'Pasta\', \'30000\', \'kosong\', \'enak cok\', \'Pilih Jenis Beverages\', \'1670472258_893d13476396fd27dc03.png\')')
 3 SYSTEMPATH\Database\BaseConnection.php(609): CodeIgniter\Database\BaseConnection->simpleQuery('INSERT INTO `menu` (`nama_menu`, `jenis_menu`, `harga`, `status_stok_menu`, `deskripsi`, `jenis_beverages`, `gambar`) VALUES (\'spageti\', \'Pasta\', \'30000\', \'kosong\', \'enak cok\', \'Pilih Jenis Beverages\', \'1670472258_893d13476396fd27dc03.png\')')
 4 SYSTEMPATH\Database\BaseBuilder.php(1904): CodeIgniter\Database\BaseConnection->query('INSERT INTO `menu` (`nama_menu`, `jenis_menu`, `harga`, `status_stok_menu`, `deskripsi`, `jenis_beverages`, `gambar`) VALUES (:nama_menu:, :jenis_menu:, :harga:, :status_stok_menu:, :deskripsi:, :jenis_beverages:, :gambar:)', [...], false)
 5 SYSTEMPATH\Model.php(278): CodeIgniter\Database\BaseBuilder->insert()
 6 SYSTEMPATH\BaseModel.php(738): CodeIgniter\Model->doInsert([...])
 7 SYSTEMPATH\Model.php(666): CodeIgniter\BaseModel->insert([...], false)
 8 SYSTEMPATH\BaseModel.php(658): CodeIgniter\Model->insert([...], false)
 9 APPPATH\Controllers\kasir\Menukasir.php(104): CodeIgniter\BaseModel->save([...])
10 SYSTEMPATH\CodeIgniter.php(896): App\Controllers\kasir\Menukasir->daftar()
11 SYSTEMPATH\CodeIgniter.php(466): CodeIgniter\CodeIgniter->runController(Object(App\Controllers\kasir\Menukasir))
12 SYSTEMPATH\CodeIgniter.php(349): CodeIgniter\CodeIgniter->handleRequest(null, Object(Config\Cache), false)
13 FCPATH\index.php(55): CodeIgniter\CodeIgniter->run()
14 SYSTEMPATH\Commands\Server\rewrite.php(43): require_once('FCPATH\\index.php')
