CRITICAL - 2023-02-20 00:02:21 --> Undefined index: nama_menu
in APPPATH\Views\layout\v_kasir.php on line 111.
 1 APPPATH\Views\layout\v_kasir.php(111): CodeIgniter\Debug\Exceptions->errorHandler(8, 'Undefined index: nama_menu', 'APPPATH\\Views\\layout\\v_kasir.php', 111, [...])
 2 SYSTEMPATH\View\View.php(213): include('APPPATH\\Views\\layout\\v_kasir.php')
 3 SYSTEMPATH\View\View.php(216): CodeIgniter\View\View->CodeIgniter\View\{closure}()
 4 SYSTEMPATH\Common.php(1135): CodeIgniter\View\View->render('layout/v_kasir', [], true)
 5 APPPATH\Controllers\koki\User_kasir.php(19): view('layout/v_kasir', [...])
 6 SYSTEMPATH\CodeIgniter.php(896): App\Controllers\koki\User_kasir->index()
 7 SYSTEMPATH\CodeIgniter.php(466): CodeIgniter\CodeIgniter->runController(Object(App\Controllers\koki\User_kasir))
 8 SYSTEMPATH\CodeIgniter.php(349): CodeIgniter\CodeIgniter->handleRequest(null, Object(Config\Cache), false)
 9 FCPATH\index.php(55): CodeIgniter\CodeIgniter->run()
10 SYSTEMPATH\Commands\Server\rewrite.php(43): require_once('FCPATH\\index.php')
CRITICAL - 2023-02-20 00:12:09 --> Too few arguments to function App\Controllers\koki\User_kasir::index(), 0 passed in C:\xampp\htdocs\mansure\system\CodeIgniter.php on line 896 and exactly 1 expected
in APPPATH\Controllers\koki\User_kasir.php on line 13.
 1 SYSTEMPATH\CodeIgniter.php(896): App\Controllers\koki\User_kasir->index()
 2 SYSTEMPATH\CodeIgniter.php(466): CodeIgniter\CodeIgniter->runController(Object(App\Controllers\koki\User_kasir))
 3 SYSTEMPATH\CodeIgniter.php(349): CodeIgniter\CodeIgniter->handleRequest(null, Object(Config\Cache), false)
 4 FCPATH\index.php(55): CodeIgniter\CodeIgniter->run()
 5 SYSTEMPATH\Commands\Server\rewrite.php(43): require_once('FCPATH\\index.php')
CRITICAL - 2023-02-20 04:10:09 --> A non well formed numeric value encountered
in APPPATH\Views\struk.php on line 11.
 1 [internal function]: CodeIgniter\Debug\Exceptions->errorHandler(8, 'A non well formed numeric value encountered', 'APPPATH\\Views\\struk.php', 11, [...])
 2 APPPATH\Views\struk.php(11): date('d-m-y', '2023-02-20 16:56:33')
 3 SYSTEMPATH\View\View.php(213): include('APPPATH\\Views\\struk.php')
 4 SYSTEMPATH\View\View.php(216): CodeIgniter\View\View->CodeIgniter\View\{closure}()
 5 SYSTEMPATH\Common.php(1135): CodeIgniter\View\View->render('struk', [], true)
 6 APPPATH\Controllers\koki\User_kasir.php(63): view('struk', [...])
 7 SYSTEMPATH\CodeIgniter.php(896): App\Controllers\koki\User_kasir->struk('95')
 8 SYSTEMPATH\CodeIgniter.php(466): CodeIgniter\CodeIgniter->runController(Object(App\Controllers\koki\User_kasir))
 9 SYSTEMPATH\CodeIgniter.php(349): CodeIgniter\CodeIgniter->handleRequest(null, Object(Config\Cache), false)
10 FCPATH\index.php(55): CodeIgniter\CodeIgniter->run()
11 SYSTEMPATH\Commands\Server\rewrite.php(43): require_once('FCPATH\\index.php')
CRITICAL - 2023-02-20 04:54:12 --> Undefined variable: transaksi
in APPPATH\Views\v_pdf.php on line 26.
 1 APPPATH\Views\v_pdf.php(26): CodeIgniter\Debug\Exceptions->errorHandler(8, 'Undefined variable: transaksi', 'APPPATH\\Views\\v_pdf.php', 26, [...])
 2 SYSTEMPATH\View\View.php(213): include('APPPATH\\Views\\v_pdf.php')
 3 SYSTEMPATH\View\View.php(216): CodeIgniter\View\View->CodeIgniter\View\{closure}()
 4 SYSTEMPATH\Common.php(1135): CodeIgniter\View\View->render('v_pdf', [], true)
 5 APPPATH\Controllers\koki\User_kasir.php(74): view('v_pdf')
 6 SYSTEMPATH\CodeIgniter.php(896): App\Controllers\koki\User_kasir->exportPDF()
 7 SYSTEMPATH\CodeIgniter.php(466): CodeIgniter\CodeIgniter->runController(Object(App\Controllers\koki\User_kasir))
 8 SYSTEMPATH\CodeIgniter.php(349): CodeIgniter\CodeIgniter->handleRequest(null, Object(Config\Cache), false)
 9 FCPATH\index.php(55): CodeIgniter\CodeIgniter->run()
10 SYSTEMPATH\Commands\Server\rewrite.php(43): require_once('FCPATH\\index.php')
CRITICAL - 2023-02-20 04:54:31 --> Undefined variable: transaksi
in APPPATH\Views\v_pdf.php on line 26.
 1 APPPATH\Views\v_pdf.php(26): CodeIgniter\Debug\Exceptions->errorHandler(8, 'Undefined variable: transaksi', 'APPPATH\\Views\\v_pdf.php', 26, [...])
 2 SYSTEMPATH\View\View.php(213): include('APPPATH\\Views\\v_pdf.php')
 3 SYSTEMPATH\View\View.php(216): CodeIgniter\View\View->CodeIgniter\View\{closure}()
 4 SYSTEMPATH\Common.php(1135): CodeIgniter\View\View->render('v_pdf', [], true)
 5 APPPATH\Controllers\koki\User_kasir.php(74): view('v_pdf')
 6 SYSTEMPATH\CodeIgniter.php(896): App\Controllers\koki\User_kasir->exportPDF()
 7 SYSTEMPATH\CodeIgniter.php(466): CodeIgniter\CodeIgniter->runController(Object(App\Controllers\koki\User_kasir))
 8 SYSTEMPATH\CodeIgniter.php(349): CodeIgniter\CodeIgniter->handleRequest(null, Object(Config\Cache), false)
 9 FCPATH\index.php(55): CodeIgniter\CodeIgniter->run()
10 SYSTEMPATH\Commands\Server\rewrite.php(43): require_once('FCPATH\\index.php')
CRITICAL - 2023-02-20 05:03:56 --> count(): Parameter must be an array or an object that implements Countable
in APPPATH\Views\v_pdf.php on line 41.
 1 APPPATH\Views\v_pdf.php(41): CodeIgniter\Debug\Exceptions->errorHandler(2, 'count(): Parameter must be an array or an object that implements Countable', 'APPPATH\\Views\\v_pdf.php', 41, [...])
 2 SYSTEMPATH\View\View.php(213): include('APPPATH\\Views\\v_pdf.php')
 3 SYSTEMPATH\View\View.php(216): CodeIgniter\View\View->CodeIgniter\View\{closure}()
 4 SYSTEMPATH\Common.php(1135): CodeIgniter\View\View->render('v_pdf', [], true)
 5 APPPATH\Controllers\koki\User_kasir.php(76): view('v_pdf', [...])
 6 SYSTEMPATH\CodeIgniter.php(896): App\Controllers\koki\User_kasir->exportPDF()
 7 SYSTEMPATH\CodeIgniter.php(466): CodeIgniter\CodeIgniter->runController(Object(App\Controllers\koki\User_kasir))
 8 SYSTEMPATH\CodeIgniter.php(349): CodeIgniter\CodeIgniter->handleRequest(null, Object(Config\Cache), false)
 9 FCPATH\index.php(55): CodeIgniter\CodeIgniter->run()
10 SYSTEMPATH\Commands\Server\rewrite.php(43): require_once('FCPATH\\index.php')
CRITICAL - 2023-02-20 05:07:48 --> Undefined index: SUM(total_harga_seluruh)
in APPPATH\Views\v_pdf.php on line 41.
 1 APPPATH\Views\v_pdf.php(41): CodeIgniter\Debug\Exceptions->errorHandler(8, 'Undefined index: SUM(total_harga_seluruh)', 'APPPATH\\Views\\v_pdf.php', 41, [...])
 2 SYSTEMPATH\View\View.php(213): include('APPPATH\\Views\\v_pdf.php')
 3 SYSTEMPATH\View\View.php(216): CodeIgniter\View\View->CodeIgniter\View\{closure}()
 4 SYSTEMPATH\Common.php(1135): CodeIgniter\View\View->render('v_pdf', [], true)
 5 APPPATH\Controllers\koki\User_kasir.php(76): view('v_pdf', [...])
 6 SYSTEMPATH\CodeIgniter.php(896): App\Controllers\koki\User_kasir->exportPDF()
 7 SYSTEMPATH\CodeIgniter.php(466): CodeIgniter\CodeIgniter->runController(Object(App\Controllers\koki\User_kasir))
 8 SYSTEMPATH\CodeIgniter.php(349): CodeIgniter\CodeIgniter->handleRequest(null, Object(Config\Cache), false)
 9 FCPATH\index.php(55): CodeIgniter\CodeIgniter->run()
10 SYSTEMPATH\Commands\Server\rewrite.php(43): require_once('FCPATH\\index.php')
CRITICAL - 2023-02-20 05:08:20 --> Undefined index: SUM(total_harga_seluruh)
in APPPATH\Views\v_pdf.php on line 41.
 1 APPPATH\Views\v_pdf.php(41): CodeIgniter\Debug\Exceptions->errorHandler(8, 'Undefined index: SUM(total_harga_seluruh)', 'APPPATH\\Views\\v_pdf.php', 41, [...])
 2 SYSTEMPATH\View\View.php(213): include('APPPATH\\Views\\v_pdf.php')
 3 SYSTEMPATH\View\View.php(216): CodeIgniter\View\View->CodeIgniter\View\{closure}()
 4 SYSTEMPATH\Common.php(1135): CodeIgniter\View\View->render('v_pdf', [], true)
 5 APPPATH\Controllers\koki\User_kasir.php(76): view('v_pdf', [...])
 6 SYSTEMPATH\CodeIgniter.php(896): App\Controllers\koki\User_kasir->exportPDF()
 7 SYSTEMPATH\CodeIgniter.php(466): CodeIgniter\CodeIgniter->runController(Object(App\Controllers\koki\User_kasir))
 8 SYSTEMPATH\CodeIgniter.php(349): CodeIgniter\CodeIgniter->handleRequest(null, Object(Config\Cache), false)
 9 FCPATH\index.php(55): CodeIgniter\CodeIgniter->run()
10 SYSTEMPATH\Commands\Server\rewrite.php(43): require_once('FCPATH\\index.php')
CRITICAL - 2023-02-20 05:10:48 --> Undefined index: SUM(total_harga_seluruh)
in APPPATH\Views\v_pdf.php on line 41.
 1 APPPATH\Views\v_pdf.php(41): CodeIgniter\Debug\Exceptions->errorHandler(8, 'Undefined index: SUM(total_harga_seluruh)', 'APPPATH\\Views\\v_pdf.php', 41, [...])
 2 SYSTEMPATH\View\View.php(213): include('APPPATH\\Views\\v_pdf.php')
 3 SYSTEMPATH\View\View.php(216): CodeIgniter\View\View->CodeIgniter\View\{closure}()
 4 SYSTEMPATH\Common.php(1135): CodeIgniter\View\View->render('v_pdf', [], true)
 5 APPPATH\Controllers\koki\User_kasir.php(76): view('v_pdf', [...])
 6 SYSTEMPATH\CodeIgniter.php(896): App\Controllers\koki\User_kasir->exportPDF()
 7 SYSTEMPATH\CodeIgniter.php(466): CodeIgniter\CodeIgniter->runController(Object(App\Controllers\koki\User_kasir))
 8 SYSTEMPATH\CodeIgniter.php(349): CodeIgniter\CodeIgniter->handleRequest(null, Object(Config\Cache), false)
 9 FCPATH\index.php(55): CodeIgniter\CodeIgniter->run()
10 SYSTEMPATH\Commands\Server\rewrite.php(43): require_once('FCPATH\\index.php')
