CRITICAL - 2023-02-16 01:04:44 --> Object of class App\Models\M_menu could not be converted to string
in APPPATH\Controllers\kasir\Menukasir.php on line 20.
 1 SYSTEMPATH\CodeIgniter.php(896): App\Controllers\kasir\Menukasir->dashboard()
 2 SYSTEMPATH\CodeIgniter.php(466): CodeIgniter\CodeIgniter->runController(Object(App\Controllers\kasir\Menukasir))
 3 SYSTEMPATH\CodeIgniter.php(349): CodeIgniter\CodeIgniter->handleRequest(null, Object(Config\Cache), false)
 4 FCPATH\index.php(55): CodeIgniter\CodeIgniter->run()
 5 SYSTEMPATH\Commands\Server\rewrite.php(43): require_once('FCPATH\\index.php')
CRITICAL - 2023-02-16 21:23:05 --> Too few arguments to function App\Controllers\koki\User_kasir::bayar(), 0 passed in C:\xampp\htdocs\mansure\system\CodeIgniter.php on line 896 and exactly 1 expected
in APPPATH\Controllers\koki\User_kasir.php on line 21.
 1 SYSTEMPATH\CodeIgniter.php(896): App\Controllers\koki\User_kasir->bayar()
 2 SYSTEMPATH\CodeIgniter.php(466): CodeIgniter\CodeIgniter->runController(Object(App\Controllers\koki\User_kasir))
 3 SYSTEMPATH\CodeIgniter.php(349): CodeIgniter\CodeIgniter->handleRequest(null, Object(Config\Cache), false)
 4 FCPATH\index.php(55): CodeIgniter\CodeIgniter->run()
 5 SYSTEMPATH\Commands\Server\rewrite.php(43): require_once('FCPATH\\index.php')
CRITICAL - 2023-02-16 21:28:51 --> Too few arguments to function App\Controllers\koki\User_kasir::bayar(), 0 passed in C:\xampp\htdocs\mansure\system\CodeIgniter.php on line 896 and exactly 1 expected
in APPPATH\Controllers\koki\User_kasir.php on line 21.
 1 SYSTEMPATH\CodeIgniter.php(896): App\Controllers\koki\User_kasir->bayar()
 2 SYSTEMPATH\CodeIgniter.php(466): CodeIgniter\CodeIgniter->runController(Object(App\Controllers\koki\User_kasir))
 3 SYSTEMPATH\CodeIgniter.php(349): CodeIgniter\CodeIgniter->handleRequest(null, Object(Config\Cache), false)
 4 FCPATH\index.php(55): CodeIgniter\CodeIgniter->run()
 5 SYSTEMPATH\Commands\Server\rewrite.php(43): require_once('FCPATH\\index.php')
