CRITICAL - 2022-12-18 08:19:00 --> Invalid code
in APPPATH\Libraries\vendor\google\apiclient\src\Google\Client.php on line 207.
 1 APPPATH\Controllers\Home.php(89): Google_Client->fetchAccessTokenWithAuthCode(null)
 2 SYSTEMPATH\CodeIgniter.php(896): App\Controllers\Home->loginWithGoogle()
 3 SYSTEMPATH\CodeIgniter.php(466): CodeIgniter\CodeIgniter->runController(Object(App\Controllers\Home))
 4 SYSTEMPATH\CodeIgniter.php(349): CodeIgniter\CodeIgniter->handleRequest(null, Object(Config\Cache), false)
 5 FCPATH\index.php(55): CodeIgniter\CodeIgniter->run()
 6 SYSTEMPATH\Commands\Server\rewrite.php(43): require_once('FCPATH\\index.php')
CRITICAL - 2022-12-18 08:25:02 --> Undefined variable: googleButton
in APPPATH\Views\login_pelanggan.php on line 223.
 1 APPPATH\Views\login_pelanggan.php(223): CodeIgniter\Debug\Exceptions->errorHandler(8, 'Undefined variable: googleButton', 'APPPATH\\Views\\login_pelanggan.php', 223, [])
 2 SYSTEMPATH\View\View.php(213): include('APPPATH\\Views\\login_pelanggan.php')
 3 SYSTEMPATH\View\View.php(216): CodeIgniter\View\View->CodeIgniter\View\{closure}()
 4 SYSTEMPATH\Common.php(1135): CodeIgniter\View\View->render('login_pelanggan', [], true)
 5 APPPATH\Controllers\Home.php(140): view('login_pelanggan')
 6 SYSTEMPATH\CodeIgniter.php(896): App\Controllers\Home->login_pelanggan()
 7 SYSTEMPATH\CodeIgniter.php(466): CodeIgniter\CodeIgniter->runController(Object(App\Controllers\Home))
 8 SYSTEMPATH\CodeIgniter.php(349): CodeIgniter\CodeIgniter->handleRequest(null, Object(Config\Cache), false)
 9 FCPATH\index.php(55): CodeIgniter\CodeIgniter->run()
10 SYSTEMPATH\Commands\Server\rewrite.php(43): require_once('FCPATH\\index.php')
CRITICAL - 2022-12-18 22:11:10 --> Undefined variable: googleButton
in APPPATH\Views\v_login.php on line 227.
 1 APPPATH\Views\v_login.php(227): CodeIgniter\Debug\Exceptions->errorHandler(8, 'Undefined variable: googleButton', 'APPPATH\\Views\\v_login.php', 227, [])
 2 SYSTEMPATH\View\View.php(213): include('APPPATH\\Views\\v_login.php')
 3 SYSTEMPATH\View\View.php(216): CodeIgniter\View\View->CodeIgniter\View\{closure}()
 4 SYSTEMPATH\Common.php(1135): CodeIgniter\View\View->render('v_login', [], true)
 5 APPPATH\Controllers\Home.php(38): view('v_login')
 6 SYSTEMPATH\CodeIgniter.php(896): App\Controllers\Home->login_halaman()
 7 SYSTEMPATH\CodeIgniter.php(466): CodeIgniter\CodeIgniter->runController(Object(App\Controllers\Home))
 8 SYSTEMPATH\CodeIgniter.php(349): CodeIgniter\CodeIgniter->handleRequest(null, Object(Config\Cache), false)
 9 FCPATH\index.php(55): CodeIgniter\CodeIgniter->run()
10 SYSTEMPATH\Commands\Server\rewrite.php(43): require_once('FCPATH\\index.php')
CRITICAL - 2022-12-18 22:29:01 --> Undefined variable: googleButton
in APPPATH\Views\v_login.php on line 227.
 1 APPPATH\Views\v_login.php(227): CodeIgniter\Debug\Exceptions->errorHandler(8, 'Undefined variable: googleButton', 'APPPATH\\Views\\v_login.php', 227, [])
 2 SYSTEMPATH\View\View.php(213): include('APPPATH\\Views\\v_login.php')
 3 SYSTEMPATH\View\View.php(216): CodeIgniter\View\View->CodeIgniter\View\{closure}()
 4 SYSTEMPATH\Common.php(1135): CodeIgniter\View\View->render('v_login', [], true)
 5 APPPATH\Controllers\Home.php(38): view('v_login')
 6 SYSTEMPATH\CodeIgniter.php(896): App\Controllers\Home->login_halaman()
 7 SYSTEMPATH\CodeIgniter.php(466): CodeIgniter\CodeIgniter->runController(Object(App\Controllers\Home))
 8 SYSTEMPATH\CodeIgniter.php(349): CodeIgniter\CodeIgniter->handleRequest(null, Object(Config\Cache), false)
 9 FCPATH\index.php(55): CodeIgniter\CodeIgniter->run()
10 SYSTEMPATH\Commands\Server\rewrite.php(43): require_once('FCPATH\\index.php')
