CRITICAL - 2022-12-11 08:42:30 --> Call to a member function get() on null
in APPPATH\Controllers\Home.php on line 44.
 1 SYSTEMPATH\CodeIgniter.php(896): App\Controllers\Home->login()
 2 SYSTEMPATH\CodeIgniter.php(466): CodeIgniter\CodeIgniter->runController(Object(App\Controllers\Home))
 3 SYSTEMPATH\CodeIgniter.php(349): CodeIgniter\CodeIgniter->handleRequest(null, Object(Config\Cache), false)
 4 FCPATH\index.php(55): CodeIgniter\CodeIgniter->run()
 5 SYSTEMPATH\Commands\Server\rewrite.php(43): require_once('FCPATH\\index.php')
CRITICAL - 2022-12-11 22:39:57 --> include(navbar.php): failed to open stream: No such file or directory
in APPPATH\Views\menu\beverages.php on line 2.
 1 APPPATH\Views\menu\beverages.php(2): CodeIgniter\Debug\Exceptions->errorHandler(2, 'include(navbar.php): failed to open stream: No such file or directory', 'APPPATH\\Views\\menu\\beverages.php', 2, [...])
 2 APPPATH\Views\menu\beverages.php(2): include()
 3 SYSTEMPATH\View\View.php(213): include('APPPATH\\Views\\menu\\beverages.php')
 4 SYSTEMPATH\View\View.php(216): CodeIgniter\View\View->CodeIgniter\View\{closure}()
 5 SYSTEMPATH\Common.php(1135): CodeIgniter\View\View->render('menu/beverages', [], true)
 6 APPPATH\Controllers\Menu.php(35): view('menu/beverages', [...])
 7 SYSTEMPATH\CodeIgniter.php(896): App\Controllers\Menu->beverages()
 8 SYSTEMPATH\CodeIgniter.php(466): CodeIgniter\CodeIgniter->runController(Object(App\Controllers\Menu))
 9 SYSTEMPATH\CodeIgniter.php(349): CodeIgniter\CodeIgniter->handleRequest(null, Object(Config\Cache), false)
10 FCPATH\index.php(55): CodeIgniter\CodeIgniter->run()
11 SYSTEMPATH\Commands\Server\rewrite.php(43): require_once('FCPATH\\index.php')
CRITICAL - 2022-12-11 22:40:26 --> include(../navbar.php): failed to open stream: No such file or directory
in APPPATH\Views\menu\beverages.php on line 2.
 1 APPPATH\Views\menu\beverages.php(2): CodeIgniter\Debug\Exceptions->errorHandler(2, 'include(../navbar.php): failed to open stream: No such file or directory', 'APPPATH\\Views\\menu\\beverages.php', 2, [...])
 2 APPPATH\Views\menu\beverages.php(2): include()
 3 SYSTEMPATH\View\View.php(213): include('APPPATH\\Views\\menu\\beverages.php')
 4 SYSTEMPATH\View\View.php(216): CodeIgniter\View\View->CodeIgniter\View\{closure}()
 5 SYSTEMPATH\Common.php(1135): CodeIgniter\View\View->render('menu/beverages', [], true)
 6 APPPATH\Controllers\Menu.php(35): view('menu/beverages', [...])
 7 SYSTEMPATH\CodeIgniter.php(896): App\Controllers\Menu->beverages()
 8 SYSTEMPATH\CodeIgniter.php(466): CodeIgniter\CodeIgniter->runController(Object(App\Controllers\Menu))
 9 SYSTEMPATH\CodeIgniter.php(349): CodeIgniter\CodeIgniter->handleRequest(null, Object(Config\Cache), false)
10 FCPATH\index.php(55): CodeIgniter\CodeIgniter->run()
11 SYSTEMPATH\Commands\Server\rewrite.php(43): require_once('FCPATH\\index.php')
CRITICAL - 2022-12-11 22:40:27 --> include(../navbar.php): failed to open stream: No such file or directory
in APPPATH\Views\menu\beverages.php on line 2.
 1 APPPATH\Views\menu\beverages.php(2): CodeIgniter\Debug\Exceptions->errorHandler(2, 'include(../navbar.php): failed to open stream: No such file or directory', 'APPPATH\\Views\\menu\\beverages.php', 2, [...])
 2 APPPATH\Views\menu\beverages.php(2): include()
 3 SYSTEMPATH\View\View.php(213): include('APPPATH\\Views\\menu\\beverages.php')
 4 SYSTEMPATH\View\View.php(216): CodeIgniter\View\View->CodeIgniter\View\{closure}()
 5 SYSTEMPATH\Common.php(1135): CodeIgniter\View\View->render('menu/beverages', [], true)
 6 APPPATH\Controllers\Menu.php(35): view('menu/beverages', [...])
 7 SYSTEMPATH\CodeIgniter.php(896): App\Controllers\Menu->beverages()
 8 SYSTEMPATH\CodeIgniter.php(466): CodeIgniter\CodeIgniter->runController(Object(App\Controllers\Menu))
 9 SYSTEMPATH\CodeIgniter.php(349): CodeIgniter\CodeIgniter->handleRequest(null, Object(Config\Cache), false)
10 FCPATH\index.php(55): CodeIgniter\CodeIgniter->run()
11 SYSTEMPATH\Commands\Server\rewrite.php(43): require_once('FCPATH\\index.php')
CRITICAL - 2022-12-11 22:40:37 --> include(.../navbar.php): failed to open stream: No such file or directory
in APPPATH\Views\menu\beverages.php on line 2.
 1 APPPATH\Views\menu\beverages.php(2): CodeIgniter\Debug\Exceptions->errorHandler(2, 'include(.../navbar.php): failed to open stream: No such file or directory', 'APPPATH\\Views\\menu\\beverages.php', 2, [...])
 2 APPPATH\Views\menu\beverages.php(2): include()
 3 SYSTEMPATH\View\View.php(213): include('APPPATH\\Views\\menu\\beverages.php')
 4 SYSTEMPATH\View\View.php(216): CodeIgniter\View\View->CodeIgniter\View\{closure}()
 5 SYSTEMPATH\Common.php(1135): CodeIgniter\View\View->render('menu/beverages', [], true)
 6 APPPATH\Controllers\Menu.php(35): view('menu/beverages', [...])
 7 SYSTEMPATH\CodeIgniter.php(896): App\Controllers\Menu->beverages()
 8 SYSTEMPATH\CodeIgniter.php(466): CodeIgniter\CodeIgniter->runController(Object(App\Controllers\Menu))
 9 SYSTEMPATH\CodeIgniter.php(349): CodeIgniter\CodeIgniter->handleRequest(null, Object(Config\Cache), false)
10 FCPATH\index.php(55): CodeIgniter\CodeIgniter->run()
11 SYSTEMPATH\Commands\Server\rewrite.php(43): require_once('FCPATH\\index.php')
CRITICAL - 2022-12-11 22:41:21 --> include(navbar.php): failed to open stream: No such file or directory
in APPPATH\Views\menu\beverages.php on line 2.
 1 APPPATH\Views\menu\beverages.php(2): CodeIgniter\Debug\Exceptions->errorHandler(2, 'include(navbar.php): failed to open stream: No such file or directory', 'APPPATH\\Views\\menu\\beverages.php', 2, [...])
 2 APPPATH\Views\menu\beverages.php(2): include()
 3 SYSTEMPATH\View\View.php(213): include('APPPATH\\Views\\menu\\beverages.php')
 4 SYSTEMPATH\View\View.php(216): CodeIgniter\View\View->CodeIgniter\View\{closure}()
 5 SYSTEMPATH\Common.php(1135): CodeIgniter\View\View->render('menu/beverages', [], true)
 6 APPPATH\Controllers\Menu.php(35): view('menu/beverages', [...])
 7 SYSTEMPATH\CodeIgniter.php(896): App\Controllers\Menu->beverages()
 8 SYSTEMPATH\CodeIgniter.php(466): CodeIgniter\CodeIgniter->runController(Object(App\Controllers\Menu))
 9 SYSTEMPATH\CodeIgniter.php(349): CodeIgniter\CodeIgniter->handleRequest(null, Object(Config\Cache), false)
10 FCPATH\index.php(55): CodeIgniter\CodeIgniter->run()
11 SYSTEMPATH\Commands\Server\rewrite.php(43): require_once('FCPATH\\index.php')
CRITICAL - 2022-12-11 22:41:45 --> include(/../navbar.php): failed to open stream: No such file or directory
in APPPATH\Views\menu\beverages.php on line 2.
 1 APPPATH\Views\menu\beverages.php(2): CodeIgniter\Debug\Exceptions->errorHandler(2, 'include(/../navbar.php): failed to open stream: No such file or directory', 'APPPATH\\Views\\menu\\beverages.php', 2, [...])
 2 APPPATH\Views\menu\beverages.php(2): include()
 3 SYSTEMPATH\View\View.php(213): include('APPPATH\\Views\\menu\\beverages.php')
 4 SYSTEMPATH\View\View.php(216): CodeIgniter\View\View->CodeIgniter\View\{closure}()
 5 SYSTEMPATH\Common.php(1135): CodeIgniter\View\View->render('menu/beverages', [], true)
 6 APPPATH\Controllers\Menu.php(35): view('menu/beverages', [...])
 7 SYSTEMPATH\CodeIgniter.php(896): App\Controllers\Menu->beverages()
 8 SYSTEMPATH\CodeIgniter.php(466): CodeIgniter\CodeIgniter->runController(Object(App\Controllers\Menu))
 9 SYSTEMPATH\CodeIgniter.php(349): CodeIgniter\CodeIgniter->handleRequest(null, Object(Config\Cache), false)
10 FCPATH\index.php(55): CodeIgniter\CodeIgniter->run()
11 SYSTEMPATH\Commands\Server\rewrite.php(43): require_once('FCPATH\\index.php')
CRITICAL - 2022-12-11 22:41:56 --> include(/navbar.php): failed to open stream: No such file or directory
in APPPATH\Views\menu\beverages.php on line 2.
 1 APPPATH\Views\menu\beverages.php(2): CodeIgniter\Debug\Exceptions->errorHandler(2, 'include(/navbar.php): failed to open stream: No such file or directory', 'APPPATH\\Views\\menu\\beverages.php', 2, [...])
 2 APPPATH\Views\menu\beverages.php(2): include()
 3 SYSTEMPATH\View\View.php(213): include('APPPATH\\Views\\menu\\beverages.php')
 4 SYSTEMPATH\View\View.php(216): CodeIgniter\View\View->CodeIgniter\View\{closure}()
 5 SYSTEMPATH\Common.php(1135): CodeIgniter\View\View->render('menu/beverages', [], true)
 6 APPPATH\Controllers\Menu.php(35): view('menu/beverages', [...])
 7 SYSTEMPATH\CodeIgniter.php(896): App\Controllers\Menu->beverages()
 8 SYSTEMPATH\CodeIgniter.php(466): CodeIgniter\CodeIgniter->runController(Object(App\Controllers\Menu))
 9 SYSTEMPATH\CodeIgniter.php(349): CodeIgniter\CodeIgniter->handleRequest(null, Object(Config\Cache), false)
10 FCPATH\index.php(55): CodeIgniter\CodeIgniter->run()
11 SYSTEMPATH\Commands\Server\rewrite.php(43): require_once('FCPATH\\index.php')
CRITICAL - 2022-12-11 22:42:59 --> include(/navbar.php): failed to open stream: No such file or directory
in APPPATH\Views\menu\beverages.php on line 2.
 1 APPPATH\Views\menu\beverages.php(2): CodeIgniter\Debug\Exceptions->errorHandler(2, 'include(/navbar.php): failed to open stream: No such file or directory', 'APPPATH\\Views\\menu\\beverages.php', 2, [...])
 2 APPPATH\Views\menu\beverages.php(2): include()
 3 SYSTEMPATH\View\View.php(213): include('APPPATH\\Views\\menu\\beverages.php')
 4 SYSTEMPATH\View\View.php(216): CodeIgniter\View\View->CodeIgniter\View\{closure}()
 5 SYSTEMPATH\Common.php(1135): CodeIgniter\View\View->render('menu/beverages', [], true)
 6 APPPATH\Controllers\Menu.php(35): view('menu/beverages', [...])
 7 SYSTEMPATH\CodeIgniter.php(896): App\Controllers\Menu->beverages()
 8 SYSTEMPATH\CodeIgniter.php(466): CodeIgniter\CodeIgniter->runController(Object(App\Controllers\Menu))
 9 SYSTEMPATH\CodeIgniter.php(349): CodeIgniter\CodeIgniter->handleRequest(null, Object(Config\Cache), false)
10 FCPATH\index.php(55): CodeIgniter\CodeIgniter->run()
11 SYSTEMPATH\Commands\Server\rewrite.php(43): require_once('FCPATH\\index.php')
CRITICAL - 2022-12-11 22:43:00 --> include(/navbar.php): failed to open stream: No such file or directory
in APPPATH\Views\menu\beverages.php on line 2.
 1 APPPATH\Views\menu\beverages.php(2): CodeIgniter\Debug\Exceptions->errorHandler(2, 'include(/navbar.php): failed to open stream: No such file or directory', 'APPPATH\\Views\\menu\\beverages.php', 2, [...])
 2 APPPATH\Views\menu\beverages.php(2): include()
 3 SYSTEMPATH\View\View.php(213): include('APPPATH\\Views\\menu\\beverages.php')
 4 SYSTEMPATH\View\View.php(216): CodeIgniter\View\View->CodeIgniter\View\{closure}()
 5 SYSTEMPATH\Common.php(1135): CodeIgniter\View\View->render('menu/beverages', [], true)
 6 APPPATH\Controllers\Menu.php(35): view('menu/beverages', [...])
 7 SYSTEMPATH\CodeIgniter.php(896): App\Controllers\Menu->beverages()
 8 SYSTEMPATH\CodeIgniter.php(466): CodeIgniter\CodeIgniter->runController(Object(App\Controllers\Menu))
 9 SYSTEMPATH\CodeIgniter.php(349): CodeIgniter\CodeIgniter->handleRequest(null, Object(Config\Cache), false)
10 FCPATH\index.php(55): CodeIgniter\CodeIgniter->run()
11 SYSTEMPATH\Commands\Server\rewrite.php(43): require_once('FCPATH\\index.php')
CRITICAL - 2022-12-11 22:43:02 --> include(/navbar.php): failed to open stream: No such file or directory
in APPPATH\Views\menu\beverages.php on line 2.
 1 APPPATH\Views\menu\beverages.php(2): CodeIgniter\Debug\Exceptions->errorHandler(2, 'include(/navbar.php): failed to open stream: No such file or directory', 'APPPATH\\Views\\menu\\beverages.php', 2, [...])
 2 APPPATH\Views\menu\beverages.php(2): include()
 3 SYSTEMPATH\View\View.php(213): include('APPPATH\\Views\\menu\\beverages.php')
 4 SYSTEMPATH\View\View.php(216): CodeIgniter\View\View->CodeIgniter\View\{closure}()
 5 SYSTEMPATH\Common.php(1135): CodeIgniter\View\View->render('menu/beverages', [], true)
 6 APPPATH\Controllers\Menu.php(35): view('menu/beverages', [...])
 7 SYSTEMPATH\CodeIgniter.php(896): App\Controllers\Menu->beverages()
 8 SYSTEMPATH\CodeIgniter.php(466): CodeIgniter\CodeIgniter->runController(Object(App\Controllers\Menu))
 9 SYSTEMPATH\CodeIgniter.php(349): CodeIgniter\CodeIgniter->handleRequest(null, Object(Config\Cache), false)
10 FCPATH\index.php(55): CodeIgniter\CodeIgniter->run()
11 SYSTEMPATH\Commands\Server\rewrite.php(43): require_once('FCPATH\\index.php')
CRITICAL - 2022-12-11 22:43:03 --> include(/navbar.php): failed to open stream: No such file or directory
in APPPATH\Views\menu\beverages.php on line 2.
 1 APPPATH\Views\menu\beverages.php(2): CodeIgniter\Debug\Exceptions->errorHandler(2, 'include(/navbar.php): failed to open stream: No such file or directory', 'APPPATH\\Views\\menu\\beverages.php', 2, [...])
 2 APPPATH\Views\menu\beverages.php(2): include()
 3 SYSTEMPATH\View\View.php(213): include('APPPATH\\Views\\menu\\beverages.php')
 4 SYSTEMPATH\View\View.php(216): CodeIgniter\View\View->CodeIgniter\View\{closure}()
 5 SYSTEMPATH\Common.php(1135): CodeIgniter\View\View->render('menu/beverages', [], true)
 6 APPPATH\Controllers\Menu.php(35): view('menu/beverages', [...])
 7 SYSTEMPATH\CodeIgniter.php(896): App\Controllers\Menu->beverages()
 8 SYSTEMPATH\CodeIgniter.php(466): CodeIgniter\CodeIgniter->runController(Object(App\Controllers\Menu))
 9 SYSTEMPATH\CodeIgniter.php(349): CodeIgniter\CodeIgniter->handleRequest(null, Object(Config\Cache), false)
10 FCPATH\index.php(55): CodeIgniter\CodeIgniter->run()
11 SYSTEMPATH\Commands\Server\rewrite.php(43): require_once('FCPATH\\index.php')
CRITICAL - 2022-12-11 22:43:23 --> include(Views/navbar.php): failed to open stream: No such file or directory
in APPPATH\Views\menu\beverages.php on line 2.
 1 APPPATH\Views\menu\beverages.php(2): CodeIgniter\Debug\Exceptions->errorHandler(2, 'include(Views/navbar.php): failed to open stream: No such file or directory', 'APPPATH\\Views\\menu\\beverages.php', 2, [...])
 2 APPPATH\Views\menu\beverages.php(2): include()
 3 SYSTEMPATH\View\View.php(213): include('APPPATH\\Views\\menu\\beverages.php')
 4 SYSTEMPATH\View\View.php(216): CodeIgniter\View\View->CodeIgniter\View\{closure}()
 5 SYSTEMPATH\Common.php(1135): CodeIgniter\View\View->render('menu/beverages', [], true)
 6 APPPATH\Controllers\Menu.php(35): view('menu/beverages', [...])
 7 SYSTEMPATH\CodeIgniter.php(896): App\Controllers\Menu->beverages()
 8 SYSTEMPATH\CodeIgniter.php(466): CodeIgniter\CodeIgniter->runController(Object(App\Controllers\Menu))
 9 SYSTEMPATH\CodeIgniter.php(349): CodeIgniter\CodeIgniter->handleRequest(null, Object(Config\Cache), false)
10 FCPATH\index.php(55): CodeIgniter\CodeIgniter->run()
11 SYSTEMPATH\Commands\Server\rewrite.php(43): require_once('FCPATH\\index.php')
CRITICAL - 2022-12-11 22:43:24 --> include(Views/navbar.php): failed to open stream: No such file or directory
in APPPATH\Views\menu\beverages.php on line 2.
 1 APPPATH\Views\menu\beverages.php(2): CodeIgniter\Debug\Exceptions->errorHandler(2, 'include(Views/navbar.php): failed to open stream: No such file or directory', 'APPPATH\\Views\\menu\\beverages.php', 2, [...])
 2 APPPATH\Views\menu\beverages.php(2): include()
 3 SYSTEMPATH\View\View.php(213): include('APPPATH\\Views\\menu\\beverages.php')
 4 SYSTEMPATH\View\View.php(216): CodeIgniter\View\View->CodeIgniter\View\{closure}()
 5 SYSTEMPATH\Common.php(1135): CodeIgniter\View\View->render('menu/beverages', [], true)
 6 APPPATH\Controllers\Menu.php(35): view('menu/beverages', [...])
 7 SYSTEMPATH\CodeIgniter.php(896): App\Controllers\Menu->beverages()
 8 SYSTEMPATH\CodeIgniter.php(466): CodeIgniter\CodeIgniter->runController(Object(App\Controllers\Menu))
 9 SYSTEMPATH\CodeIgniter.php(349): CodeIgniter\CodeIgniter->handleRequest(null, Object(Config\Cache), false)
10 FCPATH\index.php(55): CodeIgniter\CodeIgniter->run()
11 SYSTEMPATH\Commands\Server\rewrite.php(43): require_once('FCPATH\\index.php')
CRITICAL - 2022-12-11 22:44:05 --> include(../navbar.php): failed to open stream: No such file or directory
in APPPATH\Views\menu\beverages.php on line 2.
 1 APPPATH\Views\menu\beverages.php(2): CodeIgniter\Debug\Exceptions->errorHandler(2, 'include(../navbar.php): failed to open stream: No such file or directory', 'APPPATH\\Views\\menu\\beverages.php', 2, [...])
 2 APPPATH\Views\menu\beverages.php(2): include()
 3 SYSTEMPATH\View\View.php(213): include('APPPATH\\Views\\menu\\beverages.php')
 4 SYSTEMPATH\View\View.php(216): CodeIgniter\View\View->CodeIgniter\View\{closure}()
 5 SYSTEMPATH\Common.php(1135): CodeIgniter\View\View->render('menu/beverages', [], true)
 6 APPPATH\Controllers\Menu.php(35): view('menu/beverages', [...])
 7 SYSTEMPATH\CodeIgniter.php(896): App\Controllers\Menu->beverages()
 8 SYSTEMPATH\CodeIgniter.php(466): CodeIgniter\CodeIgniter->runController(Object(App\Controllers\Menu))
 9 SYSTEMPATH\CodeIgniter.php(349): CodeIgniter\CodeIgniter->handleRequest(null, Object(Config\Cache), false)
10 FCPATH\index.php(55): CodeIgniter\CodeIgniter->run()
11 SYSTEMPATH\Commands\Server\rewrite.php(43): require_once('FCPATH\\index.php')
CRITICAL - 2022-12-11 22:44:07 --> include(../navbar.php): failed to open stream: No such file or directory
in APPPATH\Views\menu\beverages.php on line 2.
 1 APPPATH\Views\menu\beverages.php(2): CodeIgniter\Debug\Exceptions->errorHandler(2, 'include(../navbar.php): failed to open stream: No such file or directory', 'APPPATH\\Views\\menu\\beverages.php', 2, [...])
 2 APPPATH\Views\menu\beverages.php(2): include()
 3 SYSTEMPATH\View\View.php(213): include('APPPATH\\Views\\menu\\beverages.php')
 4 SYSTEMPATH\View\View.php(216): CodeIgniter\View\View->CodeIgniter\View\{closure}()
 5 SYSTEMPATH\Common.php(1135): CodeIgniter\View\View->render('menu/beverages', [], true)
 6 APPPATH\Controllers\Menu.php(35): view('menu/beverages', [...])
 7 SYSTEMPATH\CodeIgniter.php(896): App\Controllers\Menu->beverages()
 8 SYSTEMPATH\CodeIgniter.php(466): CodeIgniter\CodeIgniter->runController(Object(App\Controllers\Menu))
 9 SYSTEMPATH\CodeIgniter.php(349): CodeIgniter\CodeIgniter->handleRequest(null, Object(Config\Cache), false)
10 FCPATH\index.php(55): CodeIgniter\CodeIgniter->run()
11 SYSTEMPATH\Commands\Server\rewrite.php(43): require_once('FCPATH\\index.php')
CRITICAL - 2022-12-11 22:44:56 --> include(../../navbar.php): failed to open stream: No such file or directory
in APPPATH\Views\menu\beverages.php on line 2.
 1 APPPATH\Views\menu\beverages.php(2): CodeIgniter\Debug\Exceptions->errorHandler(2, 'include(../../navbar.php): failed to open stream: No such file or directory', 'APPPATH\\Views\\menu\\beverages.php', 2, [...])
 2 APPPATH\Views\menu\beverages.php(2): include()
 3 SYSTEMPATH\View\View.php(213): include('APPPATH\\Views\\menu\\beverages.php')
 4 SYSTEMPATH\View\View.php(216): CodeIgniter\View\View->CodeIgniter\View\{closure}()
 5 SYSTEMPATH\Common.php(1135): CodeIgniter\View\View->render('menu/beverages', [], true)
 6 APPPATH\Controllers\Menu.php(35): view('menu/beverages', [...])
 7 SYSTEMPATH\CodeIgniter.php(896): App\Controllers\Menu->beverages()
 8 SYSTEMPATH\CodeIgniter.php(466): CodeIgniter\CodeIgniter->runController(Object(App\Controllers\Menu))
 9 SYSTEMPATH\CodeIgniter.php(349): CodeIgniter\CodeIgniter->handleRequest(null, Object(Config\Cache), false)
10 FCPATH\index.php(55): CodeIgniter\CodeIgniter->run()
11 SYSTEMPATH\Commands\Server\rewrite.php(43): require_once('FCPATH\\index.php')
CRITICAL - 2022-12-11 22:44:57 --> include(../../navbar.php): failed to open stream: No such file or directory
in APPPATH\Views\menu\beverages.php on line 2.
 1 APPPATH\Views\menu\beverages.php(2): CodeIgniter\Debug\Exceptions->errorHandler(2, 'include(../../navbar.php): failed to open stream: No such file or directory', 'APPPATH\\Views\\menu\\beverages.php', 2, [...])
 2 APPPATH\Views\menu\beverages.php(2): include()
 3 SYSTEMPATH\View\View.php(213): include('APPPATH\\Views\\menu\\beverages.php')
 4 SYSTEMPATH\View\View.php(216): CodeIgniter\View\View->CodeIgniter\View\{closure}()
 5 SYSTEMPATH\Common.php(1135): CodeIgniter\View\View->render('menu/beverages', [], true)
 6 APPPATH\Controllers\Menu.php(35): view('menu/beverages', [...])
 7 SYSTEMPATH\CodeIgniter.php(896): App\Controllers\Menu->beverages()
 8 SYSTEMPATH\CodeIgniter.php(466): CodeIgniter\CodeIgniter->runController(Object(App\Controllers\Menu))
 9 SYSTEMPATH\CodeIgniter.php(349): CodeIgniter\CodeIgniter->handleRequest(null, Object(Config\Cache), false)
10 FCPATH\index.php(55): CodeIgniter\CodeIgniter->run()
11 SYSTEMPATH\Commands\Server\rewrite.php(43): require_once('FCPATH\\index.php')
CRITICAL - 2022-12-11 22:45:07 --> include(../navbar.php): failed to open stream: No such file or directory
in APPPATH\Views\menu\beverages.php on line 2.
 1 APPPATH\Views\menu\beverages.php(2): CodeIgniter\Debug\Exceptions->errorHandler(2, 'include(../navbar.php): failed to open stream: No such file or directory', 'APPPATH\\Views\\menu\\beverages.php', 2, [...])
 2 APPPATH\Views\menu\beverages.php(2): include()
 3 SYSTEMPATH\View\View.php(213): include('APPPATH\\Views\\menu\\beverages.php')
 4 SYSTEMPATH\View\View.php(216): CodeIgniter\View\View->CodeIgniter\View\{closure}()
 5 SYSTEMPATH\Common.php(1135): CodeIgniter\View\View->render('menu/beverages', [], true)
 6 APPPATH\Controllers\Menu.php(35): view('menu/beverages', [...])
 7 SYSTEMPATH\CodeIgniter.php(896): App\Controllers\Menu->beverages()
 8 SYSTEMPATH\CodeIgniter.php(466): CodeIgniter\CodeIgniter->runController(Object(App\Controllers\Menu))
 9 SYSTEMPATH\CodeIgniter.php(349): CodeIgniter\CodeIgniter->handleRequest(null, Object(Config\Cache), false)
10 FCPATH\index.php(55): CodeIgniter\CodeIgniter->run()
11 SYSTEMPATH\Commands\Server\rewrite.php(43): require_once('FCPATH\\index.php')
CRITICAL - 2022-12-11 22:46:53 --> include(../navbar.php): failed to open stream: No such file or directory
in APPPATH\Views\menu\menu.php on line 2.
 1 APPPATH\Views\menu\menu.php(2): CodeIgniter\Debug\Exceptions->errorHandler(2, 'include(../navbar.php): failed to open stream: No such file or directory', 'APPPATH\\Views\\menu\\menu.php', 2, [...])
 2 APPPATH\Views\menu\menu.php(2): include()
 3 SYSTEMPATH\View\View.php(213): include('APPPATH\\Views\\menu\\menu.php')
 4 SYSTEMPATH\View\View.php(216): CodeIgniter\View\View->CodeIgniter\View\{closure}()
 5 SYSTEMPATH\Common.php(1135): CodeIgniter\View\View->render('menu/menu', [], true)
 6 APPPATH\Controllers\Menu.php(14): view('menu/menu', [...])
 7 SYSTEMPATH\CodeIgniter.php(896): App\Controllers\Menu->index()
 8 SYSTEMPATH\CodeIgniter.php(466): CodeIgniter\CodeIgniter->runController(Object(App\Controllers\Menu))
 9 SYSTEMPATH\CodeIgniter.php(349): CodeIgniter\CodeIgniter->handleRequest(null, Object(Config\Cache), false)
10 FCPATH\index.php(55): CodeIgniter\CodeIgniter->run()
11 SYSTEMPATH\Commands\Server\rewrite.php(43): require_once('FCPATH\\index.php')
