CRITICAL - 2022-12-06 05:47:26 --> Undefined variable: products
in APPPATH\Views\menu.php on line 139.
 1 APPPATH\Views\menu.php(139): CodeIgniter\Debug\Exceptions->errorHandler(8, 'Undefined variable: products', 'APPPATH\\Views\\menu.php', 139, [])
 2 APPPATH\Views\uncaanmansure.php(2): include('APPPATH\\Views\\menu.php')
 3 SYSTEMPATH\View\View.php(213): include('APPPATH\\Views\\uncaanmansure.php')
 4 SYSTEMPATH\View\View.php(216): CodeIgniter\View\View->CodeIgniter\View\{closure}()
 5 SYSTEMPATH\Common.php(1135): CodeIgniter\View\View->render('uncaanmansure', [], true)
 6 APPPATH\Controllers\Menu.php(17): view('uncaanmansure')
 7 SYSTEMPATH\CodeIgniter.php(896): App\Controllers\Menu->uncaanmansure()
 8 SYSTEMPATH\CodeIgniter.php(466): CodeIgniter\CodeIgniter->runController(Object(App\Controllers\Menu))
 9 SYSTEMPATH\CodeIgniter.php(349): CodeIgniter\CodeIgniter->handleRequest(null, Object(Config\Cache), false)
10 FCPATH\index.php(55): CodeIgniter\CodeIgniter->run()
11 SYSTEMPATH\Commands\Server\rewrite.php(43): require_once('FCPATH\\index.php')
CRITICAL - 2022-12-06 05:49:45 --> Undefined variable: products
in APPPATH\Views\menu.php on line 139.
 1 APPPATH\Views\menu.php(139): CodeIgniter\Debug\Exceptions->errorHandler(8, 'Undefined variable: products', 'APPPATH\\Views\\menu.php', 139, [])
 2 APPPATH\Views\uncaanmansure.php(2): include('APPPATH\\Views\\menu.php')
 3 SYSTEMPATH\View\View.php(213): include('APPPATH\\Views\\uncaanmansure.php')
 4 SYSTEMPATH\View\View.php(216): CodeIgniter\View\View->CodeIgniter\View\{closure}()
 5 SYSTEMPATH\Common.php(1135): CodeIgniter\View\View->render('uncaanmansure', [], true)
 6 APPPATH\Controllers\Menu.php(17): view('uncaanmansure')
 7 SYSTEMPATH\CodeIgniter.php(896): App\Controllers\Menu->uncaanmansure()
 8 SYSTEMPATH\CodeIgniter.php(466): CodeIgniter\CodeIgniter->runController(Object(App\Controllers\Menu))
 9 SYSTEMPATH\CodeIgniter.php(349): CodeIgniter\CodeIgniter->handleRequest(null, Object(Config\Cache), false)
10 FCPATH\index.php(55): CodeIgniter\CodeIgniter->run()
11 SYSTEMPATH\Commands\Server\rewrite.php(43): require_once('FCPATH\\index.php')
CRITICAL - 2022-12-06 05:50:09 --> Trying to access array offset on value of type null
in APPPATH\Views\menu.php on line 143.
 1 APPPATH\Views\menu.php(143): CodeIgniter\Debug\Exceptions->errorHandler(8, 'Trying to access array offset on value of type null', 'APPPATH\\Views\\menu.php', 143, [...])
 2 APPPATH\Views\snacks.php(2): include('APPPATH\\Views\\menu.php')
 3 SYSTEMPATH\View\View.php(213): include('APPPATH\\Views\\snacks.php')
 4 SYSTEMPATH\View\View.php(216): CodeIgniter\View\View->CodeIgniter\View\{closure}()
 5 SYSTEMPATH\Common.php(1135): CodeIgniter\View\View->render('snacks', [], true)
 6 APPPATH\Controllers\Menu.php(39): view('snacks', [...])
 7 SYSTEMPATH\CodeIgniter.php(896): App\Controllers\Menu->snacks()
 8 SYSTEMPATH\CodeIgniter.php(466): CodeIgniter\CodeIgniter->runController(Object(App\Controllers\Menu))
 9 SYSTEMPATH\CodeIgniter.php(349): CodeIgniter\CodeIgniter->handleRequest(null, Object(Config\Cache), false)
10 FCPATH\index.php(55): CodeIgniter\CodeIgniter->run()
11 SYSTEMPATH\Commands\Server\rewrite.php(43): require_once('FCPATH\\index.php')
CRITICAL - 2022-12-06 05:57:57 --> Undefined variable: products
in APPPATH\Views\menu.php on line 139.
 1 APPPATH\Views\menu.php(139): CodeIgniter\Debug\Exceptions->errorHandler(8, 'Undefined variable: products', 'APPPATH\\Views\\menu.php', 139, [])
 2 APPPATH\Views\uncaanmansure.php(2): include('APPPATH\\Views\\menu.php')
 3 SYSTEMPATH\View\View.php(213): include('APPPATH\\Views\\uncaanmansure.php')
 4 SYSTEMPATH\View\View.php(216): CodeIgniter\View\View->CodeIgniter\View\{closure}()
 5 SYSTEMPATH\Common.php(1135): CodeIgniter\View\View->render('uncaanmansure', [], true)
 6 APPPATH\Controllers\Menu.php(17): view('uncaanmansure')
 7 SYSTEMPATH\CodeIgniter.php(896): App\Controllers\Menu->uncaanmansure()
 8 SYSTEMPATH\CodeIgniter.php(466): CodeIgniter\CodeIgniter->runController(Object(App\Controllers\Menu))
 9 SYSTEMPATH\CodeIgniter.php(349): CodeIgniter\CodeIgniter->handleRequest(null, Object(Config\Cache), false)
10 FCPATH\index.php(55): CodeIgniter\CodeIgniter->run()
11 SYSTEMPATH\Commands\Server\rewrite.php(43): require_once('FCPATH\\index.php')
CRITICAL - 2022-12-06 07:42:56 --> syntax error, unexpected 'endif' (T_ENDIF)
in APPPATH\Views\beverages.php on line 157.
 1 SYSTEMPATH\View\View.php(216): CodeIgniter\View\View->CodeIgniter\View\{closure}()
 2 SYSTEMPATH\Common.php(1135): CodeIgniter\View\View->render('beverages', [], true)
 3 APPPATH\Controllers\Menu.php(35): view('beverages', [...])
 4 SYSTEMPATH\CodeIgniter.php(896): App\Controllers\Menu->beverages()
 5 SYSTEMPATH\CodeIgniter.php(466): CodeIgniter\CodeIgniter->runController(Object(App\Controllers\Menu))
 6 SYSTEMPATH\CodeIgniter.php(349): CodeIgniter\CodeIgniter->handleRequest(null, Object(Config\Cache), false)
 7 FCPATH\index.php(55): CodeIgniter\CodeIgniter->run()
 8 SYSTEMPATH\Commands\Server\rewrite.php(43): require_once('FCPATH\\index.php')
