CRITICAL - 2023-02-15 01:16:08 --> Trying to access array offset on value of type null
in APPPATH\Views\tagihan.php on line 66.
 1 APPPATH\Views\tagihan.php(66): CodeIgniter\Debug\Exceptions->errorHandler(8, 'Trying to access array offset on value of type null', 'APPPATH\\Views\\tagihan.php', 66, [...])
 2 SYSTEMPATH\View\View.php(213): include('APPPATH\\Views\\tagihan.php')
 3 SYSTEMPATH\View\View.php(216): CodeIgniter\View\View->CodeIgniter\View\{closure}()
 4 SYSTEMPATH\Common.php(1135): CodeIgniter\View\View->render('tagihan', [], true)
 5 APPPATH\Controllers\Keranjang.php(165): view('tagihan', [...])
 6 SYSTEMPATH\CodeIgniter.php(896): App\Controllers\Keranjang->tagihan()
 7 SYSTEMPATH\CodeIgniter.php(466): CodeIgniter\CodeIgniter->runController(Object(App\Controllers\Keranjang))
 8 SYSTEMPATH\CodeIgniter.php(349): CodeIgniter\CodeIgniter->handleRequest(null, Object(Config\Cache), false)
 9 FCPATH\index.php(55): CodeIgniter\CodeIgniter->run()
10 SYSTEMPATH\Commands\Server\rewrite.php(43): require_once('FCPATH\\index.php')
CRITICAL - 2023-02-15 07:05:44 --> Undefined index: id_menu
in APPPATH\Views\layout\v_koki.php on line 92.
 1 APPPATH\Views\layout\v_koki.php(92): CodeIgniter\Debug\Exceptions->errorHandler(8, 'Undefined index: id_menu', 'APPPATH\\Views\\layout\\v_koki.php', 92, [...])
 2 SYSTEMPATH\View\View.php(213): include('APPPATH\\Views\\layout\\v_koki.php')
 3 SYSTEMPATH\View\View.php(216): CodeIgniter\View\View->CodeIgniter\View\{closure}()
 4 SYSTEMPATH\Common.php(1135): CodeIgniter\View\View->render('layout/v_koki', [], true)
 5 APPPATH\Controllers\koki\User_koki.php(20): view('layout/v_koki', [...])
 6 SYSTEMPATH\CodeIgniter.php(896): App\Controllers\koki\User_koki->index()
 7 SYSTEMPATH\CodeIgniter.php(466): CodeIgniter\CodeIgniter->runController(Object(App\Controllers\koki\User_koki))
 8 SYSTEMPATH\CodeIgniter.php(349): CodeIgniter\CodeIgniter->handleRequest(null, Object(Config\Cache), false)
 9 FCPATH\index.php(55): CodeIgniter\CodeIgniter->run()
10 SYSTEMPATH\Commands\Server\rewrite.php(43): require_once('FCPATH\\index.php')
CRITICAL - 2023-02-15 07:06:28 --> There is no data to update.
in SYSTEMPATH\BaseModel.php on line 1576.
 1 SYSTEMPATH\BaseModel.php(1576): CodeIgniter\Database\Exceptions\DataException::forEmptyDataset('update')
 2 SYSTEMPATH\BaseModel.php(832): CodeIgniter\BaseModel->transformDataToArray(null, 'update')
 3 SYSTEMPATH\Model.php(692): CodeIgniter\BaseModel->update([...], null)
 4 APPPATH\Controllers\koki\User_koki.php(81): CodeIgniter\Model->update([...])
 5 SYSTEMPATH\CodeIgniter.php(896): App\Controllers\koki\User_koki->status()
 6 SYSTEMPATH\CodeIgniter.php(466): CodeIgniter\CodeIgniter->runController(Object(App\Controllers\koki\User_koki))
 7 SYSTEMPATH\CodeIgniter.php(349): CodeIgniter\CodeIgniter->handleRequest(null, Object(Config\Cache), false)
 8 FCPATH\index.php(55): CodeIgniter\CodeIgniter->run()
 9 SYSTEMPATH\Commands\Server\rewrite.php(43): require_once('FCPATH\\index.php')
CRITICAL - 2023-02-15 08:52:37 --> Trying to access array offset on value of type null
in APPPATH\Views\layout\v_kasir.php on line 56.
 1 APPPATH\Views\layout\v_kasir.php(56): CodeIgniter\Debug\Exceptions->errorHandler(8, 'Trying to access array offset on value of type null', 'APPPATH\\Views\\layout\\v_kasir.php', 56, [...])
 2 SYSTEMPATH\View\View.php(213): include('APPPATH\\Views\\layout\\v_kasir.php')
 3 SYSTEMPATH\View\View.php(216): CodeIgniter\View\View->CodeIgniter\View\{closure}()
 4 SYSTEMPATH\Common.php(1135): CodeIgniter\View\View->render('layout/v_kasir', [], true)
 5 APPPATH\Controllers\koki\User_kasir.php(17): view('layout/v_kasir', [...])
 6 SYSTEMPATH\CodeIgniter.php(896): App\Controllers\koki\User_kasir->index()
 7 SYSTEMPATH\CodeIgniter.php(466): CodeIgniter\CodeIgniter->runController(Object(App\Controllers\koki\User_kasir))
 8 SYSTEMPATH\CodeIgniter.php(349): CodeIgniter\CodeIgniter->handleRequest(null, Object(Config\Cache), false)
 9 FCPATH\index.php(55): CodeIgniter\CodeIgniter->run()
10 SYSTEMPATH\Commands\Server\rewrite.php(43): require_once('FCPATH\\index.php')
CRITICAL - 2023-02-15 08:54:09 --> Trying to access array offset on value of type null
in APPPATH\Views\layout\v_kasir.php on line 56.
 1 APPPATH\Views\layout\v_kasir.php(56): CodeIgniter\Debug\Exceptions->errorHandler(8, 'Trying to access array offset on value of type null', 'APPPATH\\Views\\layout\\v_kasir.php', 56, [...])
 2 SYSTEMPATH\View\View.php(213): include('APPPATH\\Views\\layout\\v_kasir.php')
 3 SYSTEMPATH\View\View.php(216): CodeIgniter\View\View->CodeIgniter\View\{closure}()
 4 SYSTEMPATH\Common.php(1135): CodeIgniter\View\View->render('layout/v_kasir', [], true)
 5 APPPATH\Controllers\koki\User_kasir.php(17): view('layout/v_kasir', [...])
 6 SYSTEMPATH\CodeIgniter.php(896): App\Controllers\koki\User_kasir->index()
 7 SYSTEMPATH\CodeIgniter.php(466): CodeIgniter\CodeIgniter->runController(Object(App\Controllers\koki\User_kasir))
 8 SYSTEMPATH\CodeIgniter.php(349): CodeIgniter\CodeIgniter->handleRequest(null, Object(Config\Cache), false)
 9 FCPATH\index.php(55): CodeIgniter\CodeIgniter->run()
10 SYSTEMPATH\Commands\Server\rewrite.php(43): require_once('FCPATH\\index.php')
CRITICAL - 2023-02-15 08:57:24 --> Trying to access array offset on value of type null
in APPPATH\Views\layout\v_kasir.php on line 56.
 1 APPPATH\Views\layout\v_kasir.php(56): CodeIgniter\Debug\Exceptions->errorHandler(8, 'Trying to access array offset on value of type null', 'APPPATH\\Views\\layout\\v_kasir.php', 56, [...])
 2 SYSTEMPATH\View\View.php(213): include('APPPATH\\Views\\layout\\v_kasir.php')
 3 SYSTEMPATH\View\View.php(216): CodeIgniter\View\View->CodeIgniter\View\{closure}()
 4 SYSTEMPATH\Common.php(1135): CodeIgniter\View\View->render('layout/v_kasir', [], true)
 5 APPPATH\Controllers\koki\User_kasir.php(18): view('layout/v_kasir', [...])
 6 SYSTEMPATH\CodeIgniter.php(896): App\Controllers\koki\User_kasir->index()
 7 SYSTEMPATH\CodeIgniter.php(466): CodeIgniter\CodeIgniter->runController(Object(App\Controllers\koki\User_kasir))
 8 SYSTEMPATH\CodeIgniter.php(349): CodeIgniter\CodeIgniter->handleRequest(null, Object(Config\Cache), false)
 9 FCPATH\index.php(55): CodeIgniter\CodeIgniter->run()
10 SYSTEMPATH\Commands\Server\rewrite.php(43): require_once('FCPATH\\index.php')
