CRITICAL - 2023-02-01 00:46:24 --> Undefined variable: page
in APPPATH\Views\layout\v_koki.php on line 55.
 1 APPPATH\Views\layout\v_koki.php(55): CodeIgniter\Debug\Exceptions->errorHandler(8, 'Undefined variable: page', 'APPPATH\\Views\\layout\\v_koki.php', 55, [...])
 2 SYSTEMPATH\View\View.php(213): include('APPPATH\\Views\\layout\\v_koki.php')
 3 SYSTEMPATH\View\View.php(216): CodeIgniter\View\View->CodeIgniter\View\{closure}()
 4 SYSTEMPATH\Common.php(1135): CodeIgniter\View\View->render('layout/v_koki', [], true)
 5 APPPATH\Controllers\koki\User_koki.php(17): view('layout/v_koki', [...])
 6 SYSTEMPATH\CodeIgniter.php(896): App\Controllers\koki\User_koki->index()
 7 SYSTEMPATH\CodeIgniter.php(466): CodeIgniter\CodeIgniter->runController(Object(App\Controllers\koki\User_koki))
 8 SYSTEMPATH\CodeIgniter.php(349): CodeIgniter\CodeIgniter->handleRequest(null, Object(Config\Cache), false)
 9 FCPATH\index.php(55): CodeIgniter\CodeIgniter->run()
10 SYSTEMPATH\Commands\Server\rewrite.php(43): require_once('FCPATH\\index.php')
CRITICAL - 2023-02-01 00:47:32 --> Undefined variable: page
in APPPATH\Views\layout\v_koki.php on line 55.
 1 APPPATH\Views\layout\v_koki.php(55): CodeIgniter\Debug\Exceptions->errorHandler(8, 'Undefined variable: page', 'APPPATH\\Views\\layout\\v_koki.php', 55, [...])
 2 SYSTEMPATH\View\View.php(213): include('APPPATH\\Views\\layout\\v_koki.php')
 3 SYSTEMPATH\View\View.php(216): CodeIgniter\View\View->CodeIgniter\View\{closure}()
 4 SYSTEMPATH\Common.php(1135): CodeIgniter\View\View->render('layout/v_koki', [], true)
 5 APPPATH\Controllers\koki\User_koki.php(17): view('layout/v_koki', [...])
 6 SYSTEMPATH\CodeIgniter.php(896): App\Controllers\koki\User_koki->index()
 7 SYSTEMPATH\CodeIgniter.php(466): CodeIgniter\CodeIgniter->runController(Object(App\Controllers\koki\User_koki))
 8 SYSTEMPATH\CodeIgniter.php(349): CodeIgniter\CodeIgniter->handleRequest(null, Object(Config\Cache), false)
 9 FCPATH\index.php(55): CodeIgniter\CodeIgniter->run()
10 SYSTEMPATH\Commands\Server\rewrite.php(43): require_once('FCPATH\\index.php')
CRITICAL - 2023-02-01 00:47:35 --> Undefined variable: page
in APPPATH\Views\layout\v_koki.php on line 55.
 1 APPPATH\Views\layout\v_koki.php(55): CodeIgniter\Debug\Exceptions->errorHandler(8, 'Undefined variable: page', 'APPPATH\\Views\\layout\\v_koki.php', 55, [...])
 2 SYSTEMPATH\View\View.php(213): include('APPPATH\\Views\\layout\\v_koki.php')
 3 SYSTEMPATH\View\View.php(216): CodeIgniter\View\View->CodeIgniter\View\{closure}()
 4 SYSTEMPATH\Common.php(1135): CodeIgniter\View\View->render('layout/v_koki', [], true)
 5 APPPATH\Controllers\koki\User_koki.php(17): view('layout/v_koki', [...])
 6 SYSTEMPATH\CodeIgniter.php(896): App\Controllers\koki\User_koki->index()
 7 SYSTEMPATH\CodeIgniter.php(466): CodeIgniter\CodeIgniter->runController(Object(App\Controllers\koki\User_koki))
 8 SYSTEMPATH\CodeIgniter.php(349): CodeIgniter\CodeIgniter->handleRequest(null, Object(Config\Cache), false)
 9 FCPATH\index.php(55): CodeIgniter\CodeIgniter->run()
10 SYSTEMPATH\Commands\Server\rewrite.php(43): require_once('FCPATH\\index.php')
CRITICAL - 2023-02-01 00:48:18 --> Undefined variable: page
in APPPATH\Views\layout\v_koki.php on line 55.
 1 APPPATH\Views\layout\v_koki.php(55): CodeIgniter\Debug\Exceptions->errorHandler(8, 'Undefined variable: page', 'APPPATH\\Views\\layout\\v_koki.php', 55, [...])
 2 SYSTEMPATH\View\View.php(213): include('APPPATH\\Views\\layout\\v_koki.php')
 3 SYSTEMPATH\View\View.php(216): CodeIgniter\View\View->CodeIgniter\View\{closure}()
 4 SYSTEMPATH\Common.php(1135): CodeIgniter\View\View->render('layout/v_koki', [], true)
 5 APPPATH\Controllers\koki\User_koki.php(34): view('layout/v_koki', [...])
 6 SYSTEMPATH\CodeIgniter.php(896): App\Controllers\koki\User_koki->index()
 7 SYSTEMPATH\CodeIgniter.php(466): CodeIgniter\CodeIgniter->runController(Object(App\Controllers\koki\User_koki))
 8 SYSTEMPATH\CodeIgniter.php(349): CodeIgniter\CodeIgniter->handleRequest(null, Object(Config\Cache), false)
 9 FCPATH\index.php(55): CodeIgniter\CodeIgniter->run()
10 SYSTEMPATH\Commands\Server\rewrite.php(43): require_once('FCPATH\\index.php')
CRITICAL - 2023-02-01 05:16:18 --> array_values() expects parameter 1 to be array, null given
in APPPATH\Controllers\Keranjang.php on line 14.
 1 [internal function]: CodeIgniter\Debug\Exceptions->errorHandler(2, 'array_values() expects parameter 1 to be array, null given', 'APPPATH\\Controllers\\Keranjang.php', 14, [])
 2 APPPATH\Controllers\Keranjang.php(14): array_values(null)
 3 SYSTEMPATH\CodeIgniter.php(896): App\Controllers\Keranjang->keranjang()
 4 SYSTEMPATH\CodeIgniter.php(466): CodeIgniter\CodeIgniter->runController(Object(App\Controllers\Keranjang))
 5 SYSTEMPATH\CodeIgniter.php(349): CodeIgniter\CodeIgniter->handleRequest(null, Object(Config\Cache), false)
 6 FCPATH\index.php(55): CodeIgniter\CodeIgniter->run()
 7 SYSTEMPATH\Commands\Server\rewrite.php(43): require_once('FCPATH\\index.php')
