CRITICAL - 2023-02-05 20:33:18 --> array_values() expects parameter 1 to be array, null given
in APPPATH\Controllers\Keranjang.php on line 151.
 1 [internal function]: CodeIgniter\Debug\Exceptions->errorHandler(2, 'array_values() expects parameter 1 to be array, null given', 'APPPATH\\Controllers\\Keranjang.php', 151, [])
 2 APPPATH\Controllers\Keranjang.php(151): array_values(null)
 3 SYSTEMPATH\CodeIgniter.php(896): App\Controllers\Keranjang->tagihan()
 4 SYSTEMPATH\CodeIgniter.php(466): CodeIgniter\CodeIgniter->runController(Object(App\Controllers\Keranjang))
 5 SYSTEMPATH\CodeIgniter.php(349): CodeIgniter\CodeIgniter->handleRequest(null, Object(Config\Cache), false)
 6 FCPATH\index.php(55): CodeIgniter\CodeIgniter->run()
 7 SYSTEMPATH\Commands\Server\rewrite.php(43): require_once('FCPATH\\index.php')
CRITICAL - 2023-02-05 20:40:24 --> Array to string conversion
in SYSTEMPATH\Database\BaseBuilder.php on line 1842.
 1 [internal function]: CodeIgniter\Debug\Exceptions->errorHandler(8, 'Array to string conversion', 'SYSTEMPATH\\Database\\BaseBuilder.php', 1842, [...])
 2 SYSTEMPATH\Database\BaseBuilder.php(1842): implode(',', [...])
 3 SYSTEMPATH\Database\BaseBuilder.php(1770): CodeIgniter\Database\BaseBuilder->setInsertBatch([...], 'ROOTPATH\\public', true)
 4 SYSTEMPATH\Model.php(311): CodeIgniter\Database\BaseBuilder->insertBatch([...], null, 100)
 5 SYSTEMPATH\BaseModel.php(814): CodeIgniter\Model->doInsertBatch([...], null, 100, false)
 6 APPPATH\Controllers\Keranjang.php(141): CodeIgniter\BaseModel->insertBatch([...])
 7 SYSTEMPATH\CodeIgniter.php(896): App\Controllers\Keranjang->simpan('$1')
 8 SYSTEMPATH\CodeIgniter.php(466): CodeIgniter\CodeIgniter->runController(Object(App\Controllers\Keranjang))
 9 SYSTEMPATH\CodeIgniter.php(349): CodeIgniter\CodeIgniter->handleRequest(null, Object(Config\Cache), false)
10 FCPATH\index.php(55): CodeIgniter\CodeIgniter->run()
11 SYSTEMPATH\Commands\Server\rewrite.php(43): require_once('FCPATH\\index.php')
CRITICAL - 2023-02-05 20:42:00 --> Array to string conversion
in SYSTEMPATH\Database\BaseBuilder.php on line 1842.
 1 [internal function]: CodeIgniter\Debug\Exceptions->errorHandler(8, 'Array to string conversion', 'SYSTEMPATH\\Database\\BaseBuilder.php', 1842, [...])
 2 SYSTEMPATH\Database\BaseBuilder.php(1842): implode(',', [...])
 3 SYSTEMPATH\Database\BaseBuilder.php(1770): CodeIgniter\Database\BaseBuilder->setInsertBatch([...], 'ROOTPATH\\public', true)
 4 SYSTEMPATH\Model.php(311): CodeIgniter\Database\BaseBuilder->insertBatch([...], null, 100)
 5 SYSTEMPATH\BaseModel.php(814): CodeIgniter\Model->doInsertBatch([...], null, 100, false)
 6 APPPATH\Controllers\Keranjang.php(141): CodeIgniter\BaseModel->insertBatch([...])
 7 SYSTEMPATH\CodeIgniter.php(896): App\Controllers\Keranjang->simpan('$1')
 8 SYSTEMPATH\CodeIgniter.php(466): CodeIgniter\CodeIgniter->runController(Object(App\Controllers\Keranjang))
 9 SYSTEMPATH\CodeIgniter.php(349): CodeIgniter\CodeIgniter->handleRequest(null, Object(Config\Cache), false)
10 FCPATH\index.php(55): CodeIgniter\CodeIgniter->run()
11 SYSTEMPATH\Commands\Server\rewrite.php(43): require_once('FCPATH\\index.php')
CRITICAL - 2023-02-05 20:43:57 --> Array to string conversion
in SYSTEMPATH\Database\BaseBuilder.php on line 1842.
 1 [internal function]: CodeIgniter\Debug\Exceptions->errorHandler(8, 'Array to string conversion', 'SYSTEMPATH\\Database\\BaseBuilder.php', 1842, [...])
 2 SYSTEMPATH\Database\BaseBuilder.php(1842): implode(',', [...])
 3 SYSTEMPATH\Database\BaseBuilder.php(1770): CodeIgniter\Database\BaseBuilder->setInsertBatch([...], 'ROOTPATH\\public', true)
 4 SYSTEMPATH\Model.php(311): CodeIgniter\Database\BaseBuilder->insertBatch([...], null, 100)
 5 SYSTEMPATH\BaseModel.php(814): CodeIgniter\Model->doInsertBatch([...], null, 100, false)
 6 APPPATH\Controllers\Keranjang.php(141): CodeIgniter\BaseModel->insertBatch([...])
 7 SYSTEMPATH\CodeIgniter.php(896): App\Controllers\Keranjang->simpan('$1')
 8 SYSTEMPATH\CodeIgniter.php(466): CodeIgniter\CodeIgniter->runController(Object(App\Controllers\Keranjang))
 9 SYSTEMPATH\CodeIgniter.php(349): CodeIgniter\CodeIgniter->handleRequest(null, Object(Config\Cache), false)
10 FCPATH\index.php(55): CodeIgniter\CodeIgniter->run()
11 SYSTEMPATH\Commands\Server\rewrite.php(43): require_once('FCPATH\\index.php')
CRITICAL - 2023-02-05 20:44:11 --> Array to string conversion
in SYSTEMPATH\Database\BaseBuilder.php on line 1842.
 1 [internal function]: CodeIgniter\Debug\Exceptions->errorHandler(8, 'Array to string conversion', 'SYSTEMPATH\\Database\\BaseBuilder.php', 1842, [...])
 2 SYSTEMPATH\Database\BaseBuilder.php(1842): implode(',', [...])
 3 SYSTEMPATH\Database\BaseBuilder.php(1770): CodeIgniter\Database\BaseBuilder->setInsertBatch([...], 'ROOTPATH\\public', true)
 4 SYSTEMPATH\Model.php(311): CodeIgniter\Database\BaseBuilder->insertBatch([...], null, 100)
 5 SYSTEMPATH\BaseModel.php(814): CodeIgniter\Model->doInsertBatch([...], null, 100, false)
 6 APPPATH\Controllers\Keranjang.php(141): CodeIgniter\BaseModel->insertBatch([...])
 7 SYSTEMPATH\CodeIgniter.php(896): App\Controllers\Keranjang->simpan('$1')
 8 SYSTEMPATH\CodeIgniter.php(466): CodeIgniter\CodeIgniter->runController(Object(App\Controllers\Keranjang))
 9 SYSTEMPATH\CodeIgniter.php(349): CodeIgniter\CodeIgniter->handleRequest(null, Object(Config\Cache), false)
10 FCPATH\index.php(55): CodeIgniter\CodeIgniter->run()
11 SYSTEMPATH\Commands\Server\rewrite.php(43): require_once('FCPATH\\index.php')
CRITICAL - 2023-02-05 20:44:26 --> Array to string conversion
in SYSTEMPATH\Database\BaseBuilder.php on line 1842.
 1 [internal function]: CodeIgniter\Debug\Exceptions->errorHandler(8, 'Array to string conversion', 'SYSTEMPATH\\Database\\BaseBuilder.php', 1842, [...])
 2 SYSTEMPATH\Database\BaseBuilder.php(1842): implode(',', [...])
 3 SYSTEMPATH\Database\BaseBuilder.php(1770): CodeIgniter\Database\BaseBuilder->setInsertBatch([...], 'ROOTPATH\\public', true)
 4 SYSTEMPATH\Model.php(311): CodeIgniter\Database\BaseBuilder->insertBatch([...], null, 100)
 5 SYSTEMPATH\BaseModel.php(814): CodeIgniter\Model->doInsertBatch([...], null, 100, false)
 6 APPPATH\Controllers\Keranjang.php(141): CodeIgniter\BaseModel->insertBatch([...])
 7 SYSTEMPATH\CodeIgniter.php(896): App\Controllers\Keranjang->simpan('$1')
 8 SYSTEMPATH\CodeIgniter.php(466): CodeIgniter\CodeIgniter->runController(Object(App\Controllers\Keranjang))
 9 SYSTEMPATH\CodeIgniter.php(349): CodeIgniter\CodeIgniter->handleRequest(null, Object(Config\Cache), false)
10 FCPATH\index.php(55): CodeIgniter\CodeIgniter->run()
11 SYSTEMPATH\Commands\Server\rewrite.php(43): require_once('FCPATH\\index.php')
CRITICAL - 2023-02-05 20:45:10 --> Array to string conversion
in SYSTEMPATH\Database\BaseBuilder.php on line 1842.
 1 [internal function]: CodeIgniter\Debug\Exceptions->errorHandler(8, 'Array to string conversion', 'SYSTEMPATH\\Database\\BaseBuilder.php', 1842, [...])
 2 SYSTEMPATH\Database\BaseBuilder.php(1842): implode(',', [...])
 3 SYSTEMPATH\Database\BaseBuilder.php(1770): CodeIgniter\Database\BaseBuilder->setInsertBatch([...], 'ROOTPATH\\public', true)
 4 SYSTEMPATH\Model.php(311): CodeIgniter\Database\BaseBuilder->insertBatch([...], null, 100)
 5 SYSTEMPATH\BaseModel.php(814): CodeIgniter\Model->doInsertBatch([...], null, 100, false)
 6 APPPATH\Controllers\Keranjang.php(141): CodeIgniter\BaseModel->insertBatch([...])
 7 SYSTEMPATH\CodeIgniter.php(896): App\Controllers\Keranjang->simpan('$1')
 8 SYSTEMPATH\CodeIgniter.php(466): CodeIgniter\CodeIgniter->runController(Object(App\Controllers\Keranjang))
 9 SYSTEMPATH\CodeIgniter.php(349): CodeIgniter\CodeIgniter->handleRequest(null, Object(Config\Cache), false)
10 FCPATH\index.php(55): CodeIgniter\CodeIgniter->run()
11 SYSTEMPATH\Commands\Server\rewrite.php(43): require_once('FCPATH\\index.php')
ERROR - 2023-02-05 20:49:40 --> Column 'no_meja' cannot be null
CRITICAL - 2023-02-05 20:49:40 --> Column 'no_meja' cannot be null
in SYSTEMPATH\Database\MySQLi\Connection.php on line 292.
 1 SYSTEMPATH\Database\MySQLi\Connection.php(292): mysqli->query('INSERT INTO `pesanan` (`no_meja`, `jml_pesanan`, `status_pesanan`, `tanggal`, `total_harga_seluruh`) VALUES (NULL, 2, \'menunggu\', \'2023-02-05 20:49:40\', 1550000)', 0)
 2 SYSTEMPATH\Database\BaseConnection.php(695): CodeIgniter\Database\MySQLi\Connection->execute('INSERT INTO `pesanan` (`no_meja`, `jml_pesanan`, `status_pesanan`, `tanggal`, `total_harga_seluruh`) VALUES (NULL, 2, \'menunggu\', \'2023-02-05 20:49:40\', 1550000)')
 3 SYSTEMPATH\Database\BaseConnection.php(609): CodeIgniter\Database\BaseConnection->simpleQuery('INSERT INTO `pesanan` (`no_meja`, `jml_pesanan`, `status_pesanan`, `tanggal`, `total_harga_seluruh`) VALUES (NULL, 2, \'menunggu\', \'2023-02-05 20:49:40\', 1550000)')
 4 SYSTEMPATH\Database\BaseBuilder.php(1904): CodeIgniter\Database\BaseConnection->query('INSERT INTO `pesanan` (`no_meja`, `jml_pesanan`, `status_pesanan`, `tanggal`, `total_harga_seluruh`) VALUES (:no_meja:, :jml_pesanan:, :status_pesanan:, :tanggal:, :total_harga_seluruh:)', [...], false)
 5 SYSTEMPATH\Model.php(278): CodeIgniter\Database\BaseBuilder->insert()
 6 SYSTEMPATH\BaseModel.php(738): CodeIgniter\Model->doInsert([...])
 7 SYSTEMPATH\Model.php(666): CodeIgniter\BaseModel->insert([...], true)
 8 APPPATH\Controllers\Keranjang.php(125): CodeIgniter\Model->insert([...])
 9 SYSTEMPATH\CodeIgniter.php(896): App\Controllers\Keranjang->simpan('$1')
10 SYSTEMPATH\CodeIgniter.php(466): CodeIgniter\CodeIgniter->runController(Object(App\Controllers\Keranjang))
11 SYSTEMPATH\CodeIgniter.php(349): CodeIgniter\CodeIgniter->handleRequest(null, Object(Config\Cache), false)
12 FCPATH\index.php(55): CodeIgniter\CodeIgniter->run()
13 SYSTEMPATH\Commands\Server\rewrite.php(43): require_once('FCPATH\\index.php')
CRITICAL - 2023-02-05 20:50:24 --> Array to string conversion
in SYSTEMPATH\Database\BaseBuilder.php on line 1842.
 1 [internal function]: CodeIgniter\Debug\Exceptions->errorHandler(8, 'Array to string conversion', 'SYSTEMPATH\\Database\\BaseBuilder.php', 1842, [...])
 2 SYSTEMPATH\Database\BaseBuilder.php(1842): implode(',', [...])
 3 SYSTEMPATH\Database\BaseBuilder.php(1770): CodeIgniter\Database\BaseBuilder->setInsertBatch([...], 'ROOTPATH\\public', true)
 4 SYSTEMPATH\Model.php(311): CodeIgniter\Database\BaseBuilder->insertBatch([...], null, 100)
 5 SYSTEMPATH\BaseModel.php(814): CodeIgniter\Model->doInsertBatch([...], null, 100, false)
 6 APPPATH\Controllers\Keranjang.php(141): CodeIgniter\BaseModel->insertBatch([...])
 7 SYSTEMPATH\CodeIgniter.php(896): App\Controllers\Keranjang->simpan('$1')
 8 SYSTEMPATH\CodeIgniter.php(466): CodeIgniter\CodeIgniter->runController(Object(App\Controllers\Keranjang))
 9 SYSTEMPATH\CodeIgniter.php(349): CodeIgniter\CodeIgniter->handleRequest(null, Object(Config\Cache), false)
10 FCPATH\index.php(55): CodeIgniter\CodeIgniter->run()
11 SYSTEMPATH\Commands\Server\rewrite.php(43): require_once('FCPATH\\index.php')
CRITICAL - 2023-02-05 20:51:40 --> Undefined index: notes_pesanan
in APPPATH\Views\tagihan.php on line 101.
 1 APPPATH\Views\tagihan.php(101): CodeIgniter\Debug\Exceptions->errorHandler(8, 'Undefined index: notes_pesanan', 'APPPATH\\Views\\tagihan.php', 101, [...])
 2 SYSTEMPATH\View\View.php(213): include('APPPATH\\Views\\tagihan.php')
 3 SYSTEMPATH\View\View.php(216): CodeIgniter\View\View->CodeIgniter\View\{closure}()
 4 SYSTEMPATH\Common.php(1135): CodeIgniter\View\View->render('tagihan', [], true)
 5 APPPATH\Controllers\Keranjang.php(165): view('tagihan', [...])
 6 SYSTEMPATH\CodeIgniter.php(896): App\Controllers\Keranjang->tagihan()
 7 SYSTEMPATH\CodeIgniter.php(466): CodeIgniter\CodeIgniter->runController(Object(App\Controllers\Keranjang))
 8 SYSTEMPATH\CodeIgniter.php(349): CodeIgniter\CodeIgniter->handleRequest(null, Object(Config\Cache), false)
 9 FCPATH\index.php(55): CodeIgniter\CodeIgniter->run()
10 SYSTEMPATH\Commands\Server\rewrite.php(43): require_once('FCPATH\\index.php')
CRITICAL - 2023-02-05 20:51:46 --> Undefined index: notes_pesanan
in APPPATH\Views\tagihan.php on line 101.
 1 APPPATH\Views\tagihan.php(101): CodeIgniter\Debug\Exceptions->errorHandler(8, 'Undefined index: notes_pesanan', 'APPPATH\\Views\\tagihan.php', 101, [...])
 2 SYSTEMPATH\View\View.php(213): include('APPPATH\\Views\\tagihan.php')
 3 SYSTEMPATH\View\View.php(216): CodeIgniter\View\View->CodeIgniter\View\{closure}()
 4 SYSTEMPATH\Common.php(1135): CodeIgniter\View\View->render('tagihan', [], true)
 5 APPPATH\Controllers\Keranjang.php(165): view('tagihan', [...])
 6 SYSTEMPATH\CodeIgniter.php(896): App\Controllers\Keranjang->tagihan()
 7 SYSTEMPATH\CodeIgniter.php(466): CodeIgniter\CodeIgniter->runController(Object(App\Controllers\Keranjang))
 8 SYSTEMPATH\CodeIgniter.php(349): CodeIgniter\CodeIgniter->handleRequest(null, Object(Config\Cache), false)
 9 FCPATH\index.php(55): CodeIgniter\CodeIgniter->run()
10 SYSTEMPATH\Commands\Server\rewrite.php(43): require_once('FCPATH\\index.php')
CRITICAL - 2023-02-05 20:52:06 --> Undefined index: notes_pesanan
in APPPATH\Views\tagihan.php on line 101.
 1 APPPATH\Views\tagihan.php(101): CodeIgniter\Debug\Exceptions->errorHandler(8, 'Undefined index: notes_pesanan', 'APPPATH\\Views\\tagihan.php', 101, [...])
 2 SYSTEMPATH\View\View.php(213): include('APPPATH\\Views\\tagihan.php')
 3 SYSTEMPATH\View\View.php(216): CodeIgniter\View\View->CodeIgniter\View\{closure}()
 4 SYSTEMPATH\Common.php(1135): CodeIgniter\View\View->render('tagihan', [], true)
 5 APPPATH\Controllers\Keranjang.php(165): view('tagihan', [...])
 6 SYSTEMPATH\CodeIgniter.php(896): App\Controllers\Keranjang->tagihan()
 7 SYSTEMPATH\CodeIgniter.php(466): CodeIgniter\CodeIgniter->runController(Object(App\Controllers\Keranjang))
 8 SYSTEMPATH\CodeIgniter.php(349): CodeIgniter\CodeIgniter->handleRequest(null, Object(Config\Cache), false)
 9 FCPATH\index.php(55): CodeIgniter\CodeIgniter->run()
10 SYSTEMPATH\Commands\Server\rewrite.php(43): require_once('FCPATH\\index.php')
CRITICAL - 2023-02-05 20:52:52 --> Undefined index: notes_pesanan
in APPPATH\Views\tagihan.php on line 101.
 1 APPPATH\Views\tagihan.php(101): CodeIgniter\Debug\Exceptions->errorHandler(8, 'Undefined index: notes_pesanan', 'APPPATH\\Views\\tagihan.php', 101, [...])
 2 SYSTEMPATH\View\View.php(213): include('APPPATH\\Views\\tagihan.php')
 3 SYSTEMPATH\View\View.php(216): CodeIgniter\View\View->CodeIgniter\View\{closure}()
 4 SYSTEMPATH\Common.php(1135): CodeIgniter\View\View->render('tagihan', [], true)
 5 APPPATH\Controllers\Keranjang.php(165): view('tagihan', [...])
 6 SYSTEMPATH\CodeIgniter.php(896): App\Controllers\Keranjang->tagihan()
 7 SYSTEMPATH\CodeIgniter.php(466): CodeIgniter\CodeIgniter->runController(Object(App\Controllers\Keranjang))
 8 SYSTEMPATH\CodeIgniter.php(349): CodeIgniter\CodeIgniter->handleRequest(null, Object(Config\Cache), false)
 9 FCPATH\index.php(55): CodeIgniter\CodeIgniter->run()
10 SYSTEMPATH\Commands\Server\rewrite.php(43): require_once('FCPATH\\index.php')
CRITICAL - 2023-02-05 20:53:27 --> Undefined index: notes_pesanan
in APPPATH\Views\tagihan.php on line 92.
 1 APPPATH\Views\tagihan.php(92): CodeIgniter\Debug\Exceptions->errorHandler(8, 'Undefined index: notes_pesanan', 'APPPATH\\Views\\tagihan.php', 92, [...])
 2 SYSTEMPATH\View\View.php(213): include('APPPATH\\Views\\tagihan.php')
 3 SYSTEMPATH\View\View.php(216): CodeIgniter\View\View->CodeIgniter\View\{closure}()
 4 SYSTEMPATH\Common.php(1135): CodeIgniter\View\View->render('tagihan', [], true)
 5 APPPATH\Controllers\Keranjang.php(165): view('tagihan', [...])
 6 SYSTEMPATH\CodeIgniter.php(896): App\Controllers\Keranjang->tagihan()
 7 SYSTEMPATH\CodeIgniter.php(466): CodeIgniter\CodeIgniter->runController(Object(App\Controllers\Keranjang))
 8 SYSTEMPATH\CodeIgniter.php(349): CodeIgniter\CodeIgniter->handleRequest(null, Object(Config\Cache), false)
 9 FCPATH\index.php(55): CodeIgniter\CodeIgniter->run()
10 SYSTEMPATH\Commands\Server\rewrite.php(43): require_once('FCPATH\\index.php')
CRITICAL - 2023-02-05 20:54:00 --> Undefined index: notes_pesanan
in APPPATH\Views\tagihan.php on line 100.
 1 APPPATH\Views\tagihan.php(100): CodeIgniter\Debug\Exceptions->errorHandler(8, 'Undefined index: notes_pesanan', 'APPPATH\\Views\\tagihan.php', 100, [...])
 2 SYSTEMPATH\View\View.php(213): include('APPPATH\\Views\\tagihan.php')
 3 SYSTEMPATH\View\View.php(216): CodeIgniter\View\View->CodeIgniter\View\{closure}()
 4 SYSTEMPATH\Common.php(1135): CodeIgniter\View\View->render('tagihan', [], true)
 5 APPPATH\Controllers\Keranjang.php(165): view('tagihan', [...])
 6 SYSTEMPATH\CodeIgniter.php(896): App\Controllers\Keranjang->tagihan()
 7 SYSTEMPATH\CodeIgniter.php(466): CodeIgniter\CodeIgniter->runController(Object(App\Controllers\Keranjang))
 8 SYSTEMPATH\CodeIgniter.php(349): CodeIgniter\CodeIgniter->handleRequest(null, Object(Config\Cache), false)
 9 FCPATH\index.php(55): CodeIgniter\CodeIgniter->run()
10 SYSTEMPATH\Commands\Server\rewrite.php(43): require_once('FCPATH\\index.php')
ERROR - 2023-02-05 20:56:03 --> Column 'nama_pelanggan' cannot be null
CRITICAL - 2023-02-05 20:56:03 --> Column 'nama_pelanggan' cannot be null
in SYSTEMPATH\Database\MySQLi\Connection.php on line 292.
 1 SYSTEMPATH\Database\MySQLi\Connection.php(292): mysqli->query('INSERT INTO `pesanan` (`no_meja`, `nama_pelanggan`, `jml_pesanan`, `status_pesanan`, `tanggal`, `total_harga_seluruh`) VALUES (\'1\', NULL, 2, \'menunggu\', \'2023-02-05 20:56:03\', 144000)', 0)
 2 SYSTEMPATH\Database\BaseConnection.php(695): CodeIgniter\Database\MySQLi\Connection->execute('INSERT INTO `pesanan` (`no_meja`, `nama_pelanggan`, `jml_pesanan`, `status_pesanan`, `tanggal`, `total_harga_seluruh`) VALUES (\'1\', NULL, 2, \'menunggu\', \'2023-02-05 20:56:03\', 144000)')
 3 SYSTEMPATH\Database\BaseConnection.php(609): CodeIgniter\Database\BaseConnection->simpleQuery('INSERT INTO `pesanan` (`no_meja`, `nama_pelanggan`, `jml_pesanan`, `status_pesanan`, `tanggal`, `total_harga_seluruh`) VALUES (\'1\', NULL, 2, \'menunggu\', \'2023-02-05 20:56:03\', 144000)')
 4 SYSTEMPATH\Database\BaseBuilder.php(1904): CodeIgniter\Database\BaseConnection->query('INSERT INTO `pesanan` (`no_meja`, `nama_pelanggan`, `jml_pesanan`, `status_pesanan`, `tanggal`, `total_harga_seluruh`) VALUES (:no_meja:, :nama_pelanggan:, :jml_pesanan:, :status_pesanan:, :tanggal:, :total_harga_seluruh:)', [...], false)
 5 SYSTEMPATH\Model.php(278): CodeIgniter\Database\BaseBuilder->insert()
 6 SYSTEMPATH\BaseModel.php(738): CodeIgniter\Model->doInsert([...])
 7 SYSTEMPATH\Model.php(666): CodeIgniter\BaseModel->insert([...], true)
 8 APPPATH\Controllers\Keranjang.php(125): CodeIgniter\Model->insert([...])
 9 SYSTEMPATH\CodeIgniter.php(896): App\Controllers\Keranjang->simpan('$1')
10 SYSTEMPATH\CodeIgniter.php(466): CodeIgniter\CodeIgniter->runController(Object(App\Controllers\Keranjang))
11 SYSTEMPATH\CodeIgniter.php(349): CodeIgniter\CodeIgniter->handleRequest(null, Object(Config\Cache), false)
12 FCPATH\index.php(55): CodeIgniter\CodeIgniter->run()
13 SYSTEMPATH\Commands\Server\rewrite.php(43): require_once('FCPATH\\index.php')
CRITICAL - 2023-02-05 20:56:26 --> Array to string conversion
in SYSTEMPATH\Database\BaseBuilder.php on line 1842.
 1 [internal function]: CodeIgniter\Debug\Exceptions->errorHandler(8, 'Array to string conversion', 'SYSTEMPATH\\Database\\BaseBuilder.php', 1842, [...])
 2 SYSTEMPATH\Database\BaseBuilder.php(1842): implode(',', [...])
 3 SYSTEMPATH\Database\BaseBuilder.php(1770): CodeIgniter\Database\BaseBuilder->setInsertBatch([...], 'ROOTPATH\\public', true)
 4 SYSTEMPATH\Model.php(311): CodeIgniter\Database\BaseBuilder->insertBatch([...], null, 100)
 5 SYSTEMPATH\BaseModel.php(814): CodeIgniter\Model->doInsertBatch([...], null, 100, false)
 6 APPPATH\Controllers\Keranjang.php(141): CodeIgniter\BaseModel->insertBatch([...])
 7 SYSTEMPATH\CodeIgniter.php(896): App\Controllers\Keranjang->simpan('$1')
 8 SYSTEMPATH\CodeIgniter.php(466): CodeIgniter\CodeIgniter->runController(Object(App\Controllers\Keranjang))
 9 SYSTEMPATH\CodeIgniter.php(349): CodeIgniter\CodeIgniter->handleRequest(null, Object(Config\Cache), false)
10 FCPATH\index.php(55): CodeIgniter\CodeIgniter->run()
11 SYSTEMPATH\Commands\Server\rewrite.php(43): require_once('FCPATH\\index.php')
CRITICAL - 2023-02-05 20:57:02 --> Undefined index: note
in APPPATH\Controllers\Keranjang.php on line 133.
 1 APPPATH\Controllers\Keranjang.php(133): CodeIgniter\Debug\Exceptions->errorHandler(8, 'Undefined index: note', 'APPPATH\\Controllers\\Keranjang.php', 133, [...])
 2 SYSTEMPATH\CodeIgniter.php(896): App\Controllers\Keranjang->simpan('$1')
 3 SYSTEMPATH\CodeIgniter.php(466): CodeIgniter\CodeIgniter->runController(Object(App\Controllers\Keranjang))
 4 SYSTEMPATH\CodeIgniter.php(349): CodeIgniter\CodeIgniter->handleRequest(null, Object(Config\Cache), false)
 5 FCPATH\index.php(55): CodeIgniter\CodeIgniter->run()
 6 SYSTEMPATH\Commands\Server\rewrite.php(43): require_once('FCPATH\\index.php')
CRITICAL - 2023-02-05 20:59:49 --> Undefined index: notes_pesanan
in APPPATH\Views\tagihan.php on line 91.
 1 APPPATH\Views\tagihan.php(91): CodeIgniter\Debug\Exceptions->errorHandler(8, 'Undefined index: notes_pesanan', 'APPPATH\\Views\\tagihan.php', 91, [...])
 2 SYSTEMPATH\View\View.php(213): include('APPPATH\\Views\\tagihan.php')
 3 SYSTEMPATH\View\View.php(216): CodeIgniter\View\View->CodeIgniter\View\{closure}()
 4 SYSTEMPATH\Common.php(1135): CodeIgniter\View\View->render('tagihan', [], true)
 5 APPPATH\Controllers\Keranjang.php(156): view('tagihan', [...])
 6 SYSTEMPATH\CodeIgniter.php(896): App\Controllers\Keranjang->tagihan()
 7 SYSTEMPATH\CodeIgniter.php(466): CodeIgniter\CodeIgniter->runController(Object(App\Controllers\Keranjang))
 8 SYSTEMPATH\CodeIgniter.php(349): CodeIgniter\CodeIgniter->handleRequest(null, Object(Config\Cache), false)
 9 FCPATH\index.php(55): CodeIgniter\CodeIgniter->run()
10 SYSTEMPATH\Commands\Server\rewrite.php(43): require_once('FCPATH\\index.php')
CRITICAL - 2023-02-05 21:00:25 --> Undefined index: notes_pesanan
in APPPATH\Views\tagihan.php on line 91.
 1 APPPATH\Views\tagihan.php(91): CodeIgniter\Debug\Exceptions->errorHandler(8, 'Undefined index: notes_pesanan', 'APPPATH\\Views\\tagihan.php', 91, [...])
 2 SYSTEMPATH\View\View.php(213): include('APPPATH\\Views\\tagihan.php')
 3 SYSTEMPATH\View\View.php(216): CodeIgniter\View\View->CodeIgniter\View\{closure}()
 4 SYSTEMPATH\Common.php(1135): CodeIgniter\View\View->render('tagihan', [], true)
 5 APPPATH\Controllers\Keranjang.php(156): view('tagihan', [...])
 6 SYSTEMPATH\CodeIgniter.php(896): App\Controllers\Keranjang->tagihan()
 7 SYSTEMPATH\CodeIgniter.php(466): CodeIgniter\CodeIgniter->runController(Object(App\Controllers\Keranjang))
 8 SYSTEMPATH\CodeIgniter.php(349): CodeIgniter\CodeIgniter->handleRequest(null, Object(Config\Cache), false)
 9 FCPATH\index.php(55): CodeIgniter\CodeIgniter->run()
10 SYSTEMPATH\Commands\Server\rewrite.php(43): require_once('FCPATH\\index.php')
CRITICAL - 2023-02-05 21:13:07 --> array_values() expects parameter 1 to be array, null given
in APPPATH\Controllers\Keranjang.php on line 151.
 1 [internal function]: CodeIgniter\Debug\Exceptions->errorHandler(2, 'array_values() expects parameter 1 to be array, null given', 'APPPATH\\Controllers\\Keranjang.php', 151, [])
 2 APPPATH\Controllers\Keranjang.php(151): array_values(null)
 3 SYSTEMPATH\CodeIgniter.php(896): App\Controllers\Keranjang->tagihan()
 4 SYSTEMPATH\CodeIgniter.php(466): CodeIgniter\CodeIgniter->runController(Object(App\Controllers\Keranjang))
 5 SYSTEMPATH\CodeIgniter.php(349): CodeIgniter\CodeIgniter->handleRequest(null, Object(Config\Cache), false)
 6 FCPATH\index.php(55): CodeIgniter\CodeIgniter->run()
 7 SYSTEMPATH\Commands\Server\rewrite.php(43): require_once('FCPATH\\index.php')
