CRITICAL - 2023-01-28 00:37:54 --> Undefined variable: total_daftar_menu
in APPPATH\Views\layout\index.php on line 45.
 1 APPPATH\Views\layout\index.php(45): CodeIgniter\Debug\Exceptions->errorHandler(8, 'Undefined variable: total_daftar_menu', 'APPPATH\\Views\\layout\\index.php', 45, [])
 2 SYSTEMPATH\View\View.php(213): include('APPPATH\\Views\\layout\\index.php')
 3 SYSTEMPATH\View\View.php(216): CodeIgniter\View\View->CodeIgniter\View\{closure}()
 4 SYSTEMPATH\Common.php(1135): CodeIgniter\View\View->render('layout/index', [], true)
 5 APPPATH\Controllers\kasir\Menukasir.php(27): view('layout/index')
 6 SYSTEMPATH\CodeIgniter.php(896): App\Controllers\kasir\Menukasir->dashboard()
 7 SYSTEMPATH\CodeIgniter.php(466): CodeIgniter\CodeIgniter->runController(Object(App\Controllers\kasir\Menukasir))
 8 SYSTEMPATH\CodeIgniter.php(349): CodeIgniter\CodeIgniter->handleRequest(null, Object(Config\Cache), false)
 9 FCPATH\index.php(55): CodeIgniter\CodeIgniter->run()
10 SYSTEMPATH\Commands\Server\rewrite.php(43): require_once('FCPATH\\index.php')
CRITICAL - 2023-01-28 00:50:26 --> array_values() expects parameter 1 to be array, null given
in APPPATH\Controllers\Keranjang.php on line 14.
 1 [internal function]: CodeIgniter\Debug\Exceptions->errorHandler(2, 'array_values() expects parameter 1 to be array, null given', 'APPPATH\\Controllers\\Keranjang.php', 14, [])
 2 APPPATH\Controllers\Keranjang.php(14): array_values(null)
 3 SYSTEMPATH\CodeIgniter.php(896): App\Controllers\Keranjang->keranjang()
 4 SYSTEMPATH\CodeIgniter.php(466): CodeIgniter\CodeIgniter->runController(Object(App\Controllers\Keranjang))
 5 SYSTEMPATH\CodeIgniter.php(349): CodeIgniter\CodeIgniter->handleRequest(null, Object(Config\Cache), false)
 6 FCPATH\index.php(55): CodeIgniter\CodeIgniter->run()
 7 SYSTEMPATH\Commands\Server\rewrite.php(43): require_once('FCPATH\\index.php')
CRITICAL - 2023-01-28 00:53:36 --> Undefined variable: items
in APPPATH\Views\keranjang.php on line 82.
 1 APPPATH\Views\keranjang.php(82): CodeIgniter\Debug\Exceptions->errorHandler(8, 'Undefined variable: items', 'APPPATH\\Views\\keranjang.php', 82, [...])
 2 SYSTEMPATH\View\View.php(213): include('APPPATH\\Views\\keranjang.php')
 3 SYSTEMPATH\View\View.php(216): CodeIgniter\View\View->CodeIgniter\View\{closure}()
 4 SYSTEMPATH\Common.php(1135): CodeIgniter\View\View->render('keranjang', [], true)
 5 APPPATH\Controllers\Keranjang.php(13): view('keranjang')
 6 SYSTEMPATH\CodeIgniter.php(896): App\Controllers\Keranjang->indexkeranjang()
 7 SYSTEMPATH\CodeIgniter.php(466): CodeIgniter\CodeIgniter->runController(Object(App\Controllers\Keranjang))
 8 SYSTEMPATH\CodeIgniter.php(349): CodeIgniter\CodeIgniter->handleRequest(null, Object(Config\Cache), false)
 9 FCPATH\index.php(55): CodeIgniter\CodeIgniter->run()
10 SYSTEMPATH\Commands\Server\rewrite.php(43): require_once('FCPATH\\index.php')
CRITICAL - 2023-01-28 02:27:42 --> array_values() expects parameter 1 to be array, null given
in APPPATH\Controllers\Keranjang.php on line 23.
 1 [internal function]: CodeIgniter\Debug\Exceptions->errorHandler(2, 'array_values() expects parameter 1 to be array, null given', 'APPPATH\\Controllers\\Keranjang.php', 23, [])
 2 APPPATH\Controllers\Keranjang.php(23): array_values(null)
 3 SYSTEMPATH\CodeIgniter.php(896): App\Controllers\Keranjang->keranjang()
 4 SYSTEMPATH\CodeIgniter.php(466): CodeIgniter\CodeIgniter->runController(Object(App\Controllers\Keranjang))
 5 SYSTEMPATH\CodeIgniter.php(349): CodeIgniter\CodeIgniter->handleRequest(null, Object(Config\Cache), false)
 6 FCPATH\index.php(55): CodeIgniter\CodeIgniter->run()
 7 SYSTEMPATH\Commands\Server\rewrite.php(43): require_once('FCPATH\\index.php')
CRITICAL - 2023-01-28 02:29:44 --> Undefined index: notes_pesanan
in APPPATH\Controllers\Keranjang.php on line 135.
 1 APPPATH\Controllers\Keranjang.php(135): CodeIgniter\Debug\Exceptions->errorHandler(8, 'Undefined index: notes_pesanan', 'APPPATH\\Controllers\\Keranjang.php', 135, [...])
 2 SYSTEMPATH\CodeIgniter.php(896): App\Controllers\Keranjang->simpan('$1')
 3 SYSTEMPATH\CodeIgniter.php(466): CodeIgniter\CodeIgniter->runController(Object(App\Controllers\Keranjang))
 4 SYSTEMPATH\CodeIgniter.php(349): CodeIgniter\CodeIgniter->handleRequest(null, Object(Config\Cache), false)
 5 FCPATH\index.php(55): CodeIgniter\CodeIgniter->run()
 6 SYSTEMPATH\Commands\Server\rewrite.php(43): require_once('FCPATH\\index.php')
CRITICAL - 2023-01-28 02:33:24 --> Array to string conversion
in APPPATH\Views\keranjang.php on line 97.
 1 APPPATH\Views\keranjang.php(97): CodeIgniter\Debug\Exceptions->errorHandler(8, 'Array to string conversion', 'APPPATH\\Views\\keranjang.php', 97, [...])
 2 SYSTEMPATH\View\View.php(213): include('APPPATH\\Views\\keranjang.php')
 3 SYSTEMPATH\View\View.php(216): CodeIgniter\View\View->CodeIgniter\View\{closure}()
 4 SYSTEMPATH\Common.php(1135): CodeIgniter\View\View->render('keranjang', [], true)
 5 APPPATH\Controllers\Keranjang.php(25): view('keranjang', [...])
 6 SYSTEMPATH\CodeIgniter.php(896): App\Controllers\Keranjang->keranjang()
 7 SYSTEMPATH\CodeIgniter.php(466): CodeIgniter\CodeIgniter->runController(Object(App\Controllers\Keranjang))
 8 SYSTEMPATH\CodeIgniter.php(349): CodeIgniter\CodeIgniter->handleRequest(null, Object(Config\Cache), false)
 9 FCPATH\index.php(55): CodeIgniter\CodeIgniter->run()
10 SYSTEMPATH\Commands\Server\rewrite.php(43): require_once('FCPATH\\index.php')
CRITICAL - 2023-01-28 02:33:35 --> Array to string conversion
in APPPATH\Views\keranjang.php on line 97.
 1 APPPATH\Views\keranjang.php(97): CodeIgniter\Debug\Exceptions->errorHandler(8, 'Array to string conversion', 'APPPATH\\Views\\keranjang.php', 97, [...])
 2 SYSTEMPATH\View\View.php(213): include('APPPATH\\Views\\keranjang.php')
 3 SYSTEMPATH\View\View.php(216): CodeIgniter\View\View->CodeIgniter\View\{closure}()
 4 SYSTEMPATH\Common.php(1135): CodeIgniter\View\View->render('keranjang', [], true)
 5 APPPATH\Controllers\Keranjang.php(25): view('keranjang', [...])
 6 SYSTEMPATH\CodeIgniter.php(896): App\Controllers\Keranjang->keranjang()
 7 SYSTEMPATH\CodeIgniter.php(466): CodeIgniter\CodeIgniter->runController(Object(App\Controllers\Keranjang))
 8 SYSTEMPATH\CodeIgniter.php(349): CodeIgniter\CodeIgniter->handleRequest(null, Object(Config\Cache), false)
 9 FCPATH\index.php(55): CodeIgniter\CodeIgniter->run()
10 SYSTEMPATH\Commands\Server\rewrite.php(43): require_once('FCPATH\\index.php')
CRITICAL - 2023-01-28 02:33:37 --> Array to string conversion
in APPPATH\Views\keranjang.php on line 97.
 1 APPPATH\Views\keranjang.php(97): CodeIgniter\Debug\Exceptions->errorHandler(8, 'Array to string conversion', 'APPPATH\\Views\\keranjang.php', 97, [...])
 2 SYSTEMPATH\View\View.php(213): include('APPPATH\\Views\\keranjang.php')
 3 SYSTEMPATH\View\View.php(216): CodeIgniter\View\View->CodeIgniter\View\{closure}()
 4 SYSTEMPATH\Common.php(1135): CodeIgniter\View\View->render('keranjang', [], true)
 5 APPPATH\Controllers\Keranjang.php(25): view('keranjang', [...])
 6 SYSTEMPATH\CodeIgniter.php(896): App\Controllers\Keranjang->keranjang()
 7 SYSTEMPATH\CodeIgniter.php(466): CodeIgniter\CodeIgniter->runController(Object(App\Controllers\Keranjang))
 8 SYSTEMPATH\CodeIgniter.php(349): CodeIgniter\CodeIgniter->handleRequest(null, Object(Config\Cache), false)
 9 FCPATH\index.php(55): CodeIgniter\CodeIgniter->run()
10 SYSTEMPATH\Commands\Server\rewrite.php(43): require_once('FCPATH\\index.php')
CRITICAL - 2023-01-28 02:34:23 --> Array to string conversion
in APPPATH\Views\keranjang.php on line 97.
 1 APPPATH\Views\keranjang.php(97): CodeIgniter\Debug\Exceptions->errorHandler(8, 'Array to string conversion', 'APPPATH\\Views\\keranjang.php', 97, [...])
 2 SYSTEMPATH\View\View.php(213): include('APPPATH\\Views\\keranjang.php')
 3 SYSTEMPATH\View\View.php(216): CodeIgniter\View\View->CodeIgniter\View\{closure}()
 4 SYSTEMPATH\Common.php(1135): CodeIgniter\View\View->render('keranjang', [], true)
 5 APPPATH\Controllers\Keranjang.php(25): view('keranjang', [...])
 6 SYSTEMPATH\CodeIgniter.php(896): App\Controllers\Keranjang->keranjang()
 7 SYSTEMPATH\CodeIgniter.php(466): CodeIgniter\CodeIgniter->runController(Object(App\Controllers\Keranjang))
 8 SYSTEMPATH\CodeIgniter.php(349): CodeIgniter\CodeIgniter->handleRequest(null, Object(Config\Cache), false)
 9 FCPATH\index.php(55): CodeIgniter\CodeIgniter->run()
10 SYSTEMPATH\Commands\Server\rewrite.php(43): require_once('FCPATH\\index.php')
CRITICAL - 2023-01-28 02:36:17 --> Array to string conversion
in APPPATH\Views\keranjang.php on line 97.
 1 APPPATH\Views\keranjang.php(97): CodeIgniter\Debug\Exceptions->errorHandler(8, 'Array to string conversion', 'APPPATH\\Views\\keranjang.php', 97, [...])
 2 SYSTEMPATH\View\View.php(213): include('APPPATH\\Views\\keranjang.php')
 3 SYSTEMPATH\View\View.php(216): CodeIgniter\View\View->CodeIgniter\View\{closure}()
 4 SYSTEMPATH\Common.php(1135): CodeIgniter\View\View->render('keranjang', [], true)
 5 APPPATH\Controllers\Keranjang.php(25): view('keranjang', [...])
 6 SYSTEMPATH\CodeIgniter.php(896): App\Controllers\Keranjang->keranjang()
 7 SYSTEMPATH\CodeIgniter.php(466): CodeIgniter\CodeIgniter->runController(Object(App\Controllers\Keranjang))
 8 SYSTEMPATH\CodeIgniter.php(349): CodeIgniter\CodeIgniter->handleRequest(null, Object(Config\Cache), false)
 9 FCPATH\index.php(55): CodeIgniter\CodeIgniter->run()
10 SYSTEMPATH\Commands\Server\rewrite.php(43): require_once('FCPATH\\index.php')
CRITICAL - 2023-01-28 02:36:19 --> Array to string conversion
in APPPATH\Views\keranjang.php on line 97.
 1 APPPATH\Views\keranjang.php(97): CodeIgniter\Debug\Exceptions->errorHandler(8, 'Array to string conversion', 'APPPATH\\Views\\keranjang.php', 97, [...])
 2 SYSTEMPATH\View\View.php(213): include('APPPATH\\Views\\keranjang.php')
 3 SYSTEMPATH\View\View.php(216): CodeIgniter\View\View->CodeIgniter\View\{closure}()
 4 SYSTEMPATH\Common.php(1135): CodeIgniter\View\View->render('keranjang', [], true)
 5 APPPATH\Controllers\Keranjang.php(25): view('keranjang', [...])
 6 SYSTEMPATH\CodeIgniter.php(896): App\Controllers\Keranjang->keranjang()
 7 SYSTEMPATH\CodeIgniter.php(466): CodeIgniter\CodeIgniter->runController(Object(App\Controllers\Keranjang))
 8 SYSTEMPATH\CodeIgniter.php(349): CodeIgniter\CodeIgniter->handleRequest(null, Object(Config\Cache), false)
 9 FCPATH\index.php(55): CodeIgniter\CodeIgniter->run()
10 SYSTEMPATH\Commands\Server\rewrite.php(43): require_once('FCPATH\\index.php')
CRITICAL - 2023-01-28 02:36:21 --> Array to string conversion
in APPPATH\Views\keranjang.php on line 97.
 1 APPPATH\Views\keranjang.php(97): CodeIgniter\Debug\Exceptions->errorHandler(8, 'Array to string conversion', 'APPPATH\\Views\\keranjang.php', 97, [...])
 2 SYSTEMPATH\View\View.php(213): include('APPPATH\\Views\\keranjang.php')
 3 SYSTEMPATH\View\View.php(216): CodeIgniter\View\View->CodeIgniter\View\{closure}()
 4 SYSTEMPATH\Common.php(1135): CodeIgniter\View\View->render('keranjang', [], true)
 5 APPPATH\Controllers\Keranjang.php(25): view('keranjang', [...])
 6 SYSTEMPATH\CodeIgniter.php(896): App\Controllers\Keranjang->keranjang()
 7 SYSTEMPATH\CodeIgniter.php(466): CodeIgniter\CodeIgniter->runController(Object(App\Controllers\Keranjang))
 8 SYSTEMPATH\CodeIgniter.php(349): CodeIgniter\CodeIgniter->handleRequest(null, Object(Config\Cache), false)
 9 FCPATH\index.php(55): CodeIgniter\CodeIgniter->run()
10 SYSTEMPATH\Commands\Server\rewrite.php(43): require_once('FCPATH\\index.php')
CRITICAL - 2023-01-28 02:37:00 --> Array to string conversion
in APPPATH\Views\keranjang.php on line 97.
 1 APPPATH\Views\keranjang.php(97): CodeIgniter\Debug\Exceptions->errorHandler(8, 'Array to string conversion', 'APPPATH\\Views\\keranjang.php', 97, [...])
 2 SYSTEMPATH\View\View.php(213): include('APPPATH\\Views\\keranjang.php')
 3 SYSTEMPATH\View\View.php(216): CodeIgniter\View\View->CodeIgniter\View\{closure}()
 4 SYSTEMPATH\Common.php(1135): CodeIgniter\View\View->render('keranjang', [], true)
 5 APPPATH\Controllers\Keranjang.php(25): view('keranjang', [...])
 6 SYSTEMPATH\CodeIgniter.php(896): App\Controllers\Keranjang->keranjang()
 7 SYSTEMPATH\CodeIgniter.php(466): CodeIgniter\CodeIgniter->runController(Object(App\Controllers\Keranjang))
 8 SYSTEMPATH\CodeIgniter.php(349): CodeIgniter\CodeIgniter->handleRequest(null, Object(Config\Cache), false)
 9 FCPATH\index.php(55): CodeIgniter\CodeIgniter->run()
10 SYSTEMPATH\Commands\Server\rewrite.php(43): require_once('FCPATH\\index.php')
CRITICAL - 2023-01-28 05:40:24 --> Array to string conversion
in APPPATH\Views\keranjang.php on line 97.
 1 APPPATH\Views\keranjang.php(97): CodeIgniter\Debug\Exceptions->errorHandler(8, 'Array to string conversion', 'APPPATH\\Views\\keranjang.php', 97, [...])
 2 SYSTEMPATH\View\View.php(213): include('APPPATH\\Views\\keranjang.php')
 3 SYSTEMPATH\View\View.php(216): CodeIgniter\View\View->CodeIgniter\View\{closure}()
 4 SYSTEMPATH\Common.php(1135): CodeIgniter\View\View->render('keranjang', [], true)
 5 APPPATH\Controllers\Keranjang.php(56): view('keranjang', [...])
 6 SYSTEMPATH\CodeIgniter.php(896): App\Controllers\Keranjang->keranjang()
 7 SYSTEMPATH\CodeIgniter.php(466): CodeIgniter\CodeIgniter->runController(Object(App\Controllers\Keranjang))
 8 SYSTEMPATH\CodeIgniter.php(349): CodeIgniter\CodeIgniter->handleRequest(null, Object(Config\Cache), false)
 9 FCPATH\index.php(55): CodeIgniter\CodeIgniter->run()
10 SYSTEMPATH\Commands\Server\rewrite.php(43): require_once('FCPATH\\index.php')
CRITICAL - 2023-01-28 05:44:28 --> Undefined variable: item_menu
in APPPATH\Views\menu\pasta.php on line 52.
 1 APPPATH\Views\menu\pasta.php(52): CodeIgniter\Debug\Exceptions->errorHandler(8, 'Undefined variable: item_menu', 'APPPATH\\Views\\menu\\pasta.php', 52, [...])
 2 SYSTEMPATH\View\View.php(213): include('APPPATH\\Views\\menu\\pasta.php')
 3 SYSTEMPATH\View\View.php(216): CodeIgniter\View\View->CodeIgniter\View\{closure}()
 4 SYSTEMPATH\Common.php(1135): CodeIgniter\View\View->render('menu/pasta', [], true)
 5 APPPATH\Controllers\Menu.php(28): view('menu/pasta', [...])
 6 SYSTEMPATH\CodeIgniter.php(896): App\Controllers\Menu->pasta()
 7 SYSTEMPATH\CodeIgniter.php(466): CodeIgniter\CodeIgniter->runController(Object(App\Controllers\Menu))
 8 SYSTEMPATH\CodeIgniter.php(349): CodeIgniter\CodeIgniter->handleRequest(null, Object(Config\Cache), false)
 9 FCPATH\index.php(55): CodeIgniter\CodeIgniter->run()
10 SYSTEMPATH\Commands\Server\rewrite.php(43): require_once('FCPATH\\index.php')
ERROR - 2023-01-28 05:48:10 --> Column 'nama_pelanggan' cannot be null
CRITICAL - 2023-01-28 05:48:10 --> Column 'nama_pelanggan' cannot be null
in SYSTEMPATH\Database\MySQLi\Connection.php on line 292.
 1 SYSTEMPATH\Database\MySQLi\Connection.php(292): mysqli->query('INSERT INTO `pesanan` (`no_meja`, `nama_pelanggan`, `status_pesanan`, `tanggal`, `total_harga_seluruh`) VALUES (\'\', NULL, \'menunggu\', \'2023-01-28 05:48:10\', 2000)', 0)
 2 SYSTEMPATH\Database\BaseConnection.php(695): CodeIgniter\Database\MySQLi\Connection->execute('INSERT INTO `pesanan` (`no_meja`, `nama_pelanggan`, `status_pesanan`, `tanggal`, `total_harga_seluruh`) VALUES (\'\', NULL, \'menunggu\', \'2023-01-28 05:48:10\', 2000)')
 3 SYSTEMPATH\Database\BaseConnection.php(609): CodeIgniter\Database\BaseConnection->simpleQuery('INSERT INTO `pesanan` (`no_meja`, `nama_pelanggan`, `status_pesanan`, `tanggal`, `total_harga_seluruh`) VALUES (\'\', NULL, \'menunggu\', \'2023-01-28 05:48:10\', 2000)')
 4 SYSTEMPATH\Database\BaseBuilder.php(1904): CodeIgniter\Database\BaseConnection->query('INSERT INTO `pesanan` (`no_meja`, `nama_pelanggan`, `status_pesanan`, `tanggal`, `total_harga_seluruh`) VALUES (:no_meja:, :nama_pelanggan:, :status_pesanan:, :tanggal:, :total_harga_seluruh:)', [...], false)
 5 SYSTEMPATH\Model.php(278): CodeIgniter\Database\BaseBuilder->insert()
 6 SYSTEMPATH\BaseModel.php(738): CodeIgniter\Model->doInsert([...])
 7 SYSTEMPATH\Model.php(666): CodeIgniter\BaseModel->insert([...], true)
 8 APPPATH\Controllers\Keranjang.php(30): CodeIgniter\Model->insert([...])
 9 SYSTEMPATH\CodeIgniter.php(896): App\Controllers\Keranjang->tambah('97')
10 SYSTEMPATH\CodeIgniter.php(466): CodeIgniter\CodeIgniter->runController(Object(App\Controllers\Keranjang))
11 SYSTEMPATH\CodeIgniter.php(349): CodeIgniter\CodeIgniter->handleRequest(null, Object(Config\Cache), false)
12 FCPATH\index.php(55): CodeIgniter\CodeIgniter->run()
13 SYSTEMPATH\Commands\Server\rewrite.php(43): require_once('FCPATH\\index.php')
CRITICAL - 2023-01-28 05:48:26 --> Invalid argument supplied for foreach()
in APPPATH\Controllers\Keranjang.php on line 33.
 1 APPPATH\Controllers\Keranjang.php(33): CodeIgniter\Debug\Exceptions->errorHandler(2, 'Invalid argument supplied for foreach()', 'APPPATH\\Controllers\\Keranjang.php', 33, [...])
 2 SYSTEMPATH\CodeIgniter.php(896): App\Controllers\Keranjang->tambah('97')
 3 SYSTEMPATH\CodeIgniter.php(466): CodeIgniter\CodeIgniter->runController(Object(App\Controllers\Keranjang))
 4 SYSTEMPATH\CodeIgniter.php(349): CodeIgniter\CodeIgniter->handleRequest(null, Object(Config\Cache), false)
 5 FCPATH\index.php(55): CodeIgniter\CodeIgniter->run()
 6 SYSTEMPATH\Commands\Server\rewrite.php(43): require_once('FCPATH\\index.php')
CRITICAL - 2023-01-28 06:08:32 --> Uninitialized string offset: 0
in APPPATH\Controllers\Keranjang.php on line 167.
 1 APPPATH\Controllers\Keranjang.php(167): CodeIgniter\Debug\Exceptions->errorHandler(8, 'Uninitialized string offset: 0', 'APPPATH\\Controllers\\Keranjang.php', 167, [...])
 2 SYSTEMPATH\CodeIgniter.php(896): App\Controllers\Keranjang->simpan('$1')
 3 SYSTEMPATH\CodeIgniter.php(466): CodeIgniter\CodeIgniter->runController(Object(App\Controllers\Keranjang))
 4 SYSTEMPATH\CodeIgniter.php(349): CodeIgniter\CodeIgniter->handleRequest(null, Object(Config\Cache), false)
 5 FCPATH\index.php(55): CodeIgniter\CodeIgniter->run()
 6 SYSTEMPATH\Commands\Server\rewrite.php(43): require_once('FCPATH\\index.php')
CRITICAL - 2023-01-28 06:16:32 --> Undefined index: notes
in APPPATH\Views\keranjang.php on line 99.
 1 APPPATH\Views\keranjang.php(99): CodeIgniter\Debug\Exceptions->errorHandler(8, 'Undefined index: notes', 'APPPATH\\Views\\keranjang.php', 99, [...])
 2 SYSTEMPATH\View\View.php(213): include('APPPATH\\Views\\keranjang.php')
 3 SYSTEMPATH\View\View.php(216): CodeIgniter\View\View->CodeIgniter\View\{closure}()
 4 SYSTEMPATH\Common.php(1135): CodeIgniter\View\View->render('keranjang', [], true)
 5 APPPATH\Controllers\Keranjang.php(56): view('keranjang', [...])
 6 SYSTEMPATH\CodeIgniter.php(896): App\Controllers\Keranjang->keranjang()
 7 SYSTEMPATH\CodeIgniter.php(466): CodeIgniter\CodeIgniter->runController(Object(App\Controllers\Keranjang))
 8 SYSTEMPATH\CodeIgniter.php(349): CodeIgniter\CodeIgniter->handleRequest(null, Object(Config\Cache), false)
 9 FCPATH\index.php(55): CodeIgniter\CodeIgniter->run()
10 SYSTEMPATH\Commands\Server\rewrite.php(43): require_once('FCPATH\\index.php')
CRITICAL - 2023-01-28 06:16:34 --> Undefined index: notes
in APPPATH\Views\keranjang.php on line 99.
 1 APPPATH\Views\keranjang.php(99): CodeIgniter\Debug\Exceptions->errorHandler(8, 'Undefined index: notes', 'APPPATH\\Views\\keranjang.php', 99, [...])
 2 SYSTEMPATH\View\View.php(213): include('APPPATH\\Views\\keranjang.php')
 3 SYSTEMPATH\View\View.php(216): CodeIgniter\View\View->CodeIgniter\View\{closure}()
 4 SYSTEMPATH\Common.php(1135): CodeIgniter\View\View->render('keranjang', [], true)
 5 APPPATH\Controllers\Keranjang.php(56): view('keranjang', [...])
 6 SYSTEMPATH\CodeIgniter.php(896): App\Controllers\Keranjang->keranjang()
 7 SYSTEMPATH\CodeIgniter.php(466): CodeIgniter\CodeIgniter->runController(Object(App\Controllers\Keranjang))
 8 SYSTEMPATH\CodeIgniter.php(349): CodeIgniter\CodeIgniter->handleRequest(null, Object(Config\Cache), false)
 9 FCPATH\index.php(55): CodeIgniter\CodeIgniter->run()
10 SYSTEMPATH\Commands\Server\rewrite.php(43): require_once('FCPATH\\index.php')
CRITICAL - 2023-01-28 06:16:35 --> Undefined index: notes
in APPPATH\Views\keranjang.php on line 99.
 1 APPPATH\Views\keranjang.php(99): CodeIgniter\Debug\Exceptions->errorHandler(8, 'Undefined index: notes', 'APPPATH\\Views\\keranjang.php', 99, [...])
 2 SYSTEMPATH\View\View.php(213): include('APPPATH\\Views\\keranjang.php')
 3 SYSTEMPATH\View\View.php(216): CodeIgniter\View\View->CodeIgniter\View\{closure}()
 4 SYSTEMPATH\Common.php(1135): CodeIgniter\View\View->render('keranjang', [], true)
 5 APPPATH\Controllers\Keranjang.php(56): view('keranjang', [...])
 6 SYSTEMPATH\CodeIgniter.php(896): App\Controllers\Keranjang->keranjang()
 7 SYSTEMPATH\CodeIgniter.php(466): CodeIgniter\CodeIgniter->runController(Object(App\Controllers\Keranjang))
 8 SYSTEMPATH\CodeIgniter.php(349): CodeIgniter\CodeIgniter->handleRequest(null, Object(Config\Cache), false)
 9 FCPATH\index.php(55): CodeIgniter\CodeIgniter->run()
10 SYSTEMPATH\Commands\Server\rewrite.php(43): require_once('FCPATH\\index.php')
CRITICAL - 2023-01-28 06:17:11 --> Undefined index: notes
in APPPATH\Views\keranjang.php on line 99.
 1 APPPATH\Views\keranjang.php(99): CodeIgniter\Debug\Exceptions->errorHandler(8, 'Undefined index: notes', 'APPPATH\\Views\\keranjang.php', 99, [...])
 2 SYSTEMPATH\View\View.php(213): include('APPPATH\\Views\\keranjang.php')
 3 SYSTEMPATH\View\View.php(216): CodeIgniter\View\View->CodeIgniter\View\{closure}()
 4 SYSTEMPATH\Common.php(1135): CodeIgniter\View\View->render('keranjang', [], true)
 5 APPPATH\Controllers\Keranjang.php(56): view('keranjang', [...])
 6 SYSTEMPATH\CodeIgniter.php(896): App\Controllers\Keranjang->keranjang()
 7 SYSTEMPATH\CodeIgniter.php(466): CodeIgniter\CodeIgniter->runController(Object(App\Controllers\Keranjang))
 8 SYSTEMPATH\CodeIgniter.php(349): CodeIgniter\CodeIgniter->handleRequest(null, Object(Config\Cache), false)
 9 FCPATH\index.php(55): CodeIgniter\CodeIgniter->run()
10 SYSTEMPATH\Commands\Server\rewrite.php(43): require_once('FCPATH\\index.php')
CRITICAL - 2023-01-28 06:37:33 --> Undefined variable: session
in APPPATH\Views\keranjang.php on line 97.
 1 APPPATH\Views\keranjang.php(97): CodeIgniter\Debug\Exceptions->errorHandler(8, 'Undefined variable: session', 'APPPATH\\Views\\keranjang.php', 97, [...])
 2 SYSTEMPATH\View\View.php(213): include('APPPATH\\Views\\keranjang.php')
 3 SYSTEMPATH\View\View.php(216): CodeIgniter\View\View->CodeIgniter\View\{closure}()
 4 SYSTEMPATH\Common.php(1135): CodeIgniter\View\View->render('keranjang', [], true)
 5 APPPATH\Controllers\Keranjang.php(57): view('keranjang', [...])
 6 SYSTEMPATH\CodeIgniter.php(896): App\Controllers\Keranjang->keranjang()
 7 SYSTEMPATH\CodeIgniter.php(466): CodeIgniter\CodeIgniter->runController(Object(App\Controllers\Keranjang))
 8 SYSTEMPATH\CodeIgniter.php(349): CodeIgniter\CodeIgniter->handleRequest(null, Object(Config\Cache), false)
 9 FCPATH\index.php(55): CodeIgniter\CodeIgniter->run()
10 SYSTEMPATH\Commands\Server\rewrite.php(43): require_once('FCPATH\\index.php')
CRITICAL - 2023-01-28 06:38:25 --> Undefined variable: session
in APPPATH\Views\keranjang.php on line 97.
 1 APPPATH\Views\keranjang.php(97): CodeIgniter\Debug\Exceptions->errorHandler(8, 'Undefined variable: session', 'APPPATH\\Views\\keranjang.php', 97, [...])
 2 SYSTEMPATH\View\View.php(213): include('APPPATH\\Views\\keranjang.php')
 3 SYSTEMPATH\View\View.php(216): CodeIgniter\View\View->CodeIgniter\View\{closure}()
 4 SYSTEMPATH\Common.php(1135): CodeIgniter\View\View->render('keranjang', [], true)
 5 APPPATH\Controllers\Keranjang.php(57): view('keranjang', [...])
 6 SYSTEMPATH\CodeIgniter.php(896): App\Controllers\Keranjang->keranjang()
 7 SYSTEMPATH\CodeIgniter.php(466): CodeIgniter\CodeIgniter->runController(Object(App\Controllers\Keranjang))
 8 SYSTEMPATH\CodeIgniter.php(349): CodeIgniter\CodeIgniter->handleRequest(null, Object(Config\Cache), false)
 9 FCPATH\index.php(55): CodeIgniter\CodeIgniter->run()
10 SYSTEMPATH\Commands\Server\rewrite.php(43): require_once('FCPATH\\index.php')
CRITICAL - 2023-01-28 06:57:25 --> Undefined variable: notes
in APPPATH\Views\keranjang.php on line 97.
 1 APPPATH\Views\keranjang.php(97): CodeIgniter\Debug\Exceptions->errorHandler(8, 'Undefined variable: notes', 'APPPATH\\Views\\keranjang.php', 97, [...])
 2 SYSTEMPATH\View\View.php(213): include('APPPATH\\Views\\keranjang.php')
 3 SYSTEMPATH\View\View.php(216): CodeIgniter\View\View->CodeIgniter\View\{closure}()
 4 SYSTEMPATH\Common.php(1135): CodeIgniter\View\View->render('keranjang', [], true)
 5 APPPATH\Controllers\Keranjang.php(57): view('keranjang', [...])
 6 SYSTEMPATH\CodeIgniter.php(896): App\Controllers\Keranjang->keranjang()
 7 SYSTEMPATH\CodeIgniter.php(466): CodeIgniter\CodeIgniter->runController(Object(App\Controllers\Keranjang))
 8 SYSTEMPATH\CodeIgniter.php(349): CodeIgniter\CodeIgniter->handleRequest(null, Object(Config\Cache), false)
 9 FCPATH\index.php(55): CodeIgniter\CodeIgniter->run()
10 SYSTEMPATH\Commands\Server\rewrite.php(43): require_once('FCPATH\\index.php')
