CRITICAL - 2022-11-22 01:02:36 --> unlink(uploads/): Is a directory
in APPPATH\Controllers\kasir\Menukasir.php on line 69.
 1 [internal function]: CodeIgniter\Debug\Exceptions->errorHandler(2, 'unlink(uploads/): Is a directory', 'APPPATH\\Controllers\\kasir\\Menukasir.php', 69, [...])
 2 APPPATH\Controllers\kasir\Menukasir.php(69): unlink('FCPATH\\uploads')
 3 SYSTEMPATH\CodeIgniter.php(896): App\Controllers\kasir\Menukasir->update('2')
 4 SYSTEMPATH\CodeIgniter.php(466): CodeIgniter\CodeIgniter->runController(Object(App\Controllers\kasir\Menukasir))
 5 SYSTEMPATH\CodeIgniter.php(349): CodeIgniter\CodeIgniter->handleRequest(null, Object(Config\Cache), false)
 6 FCPATH\index.php(55): CodeIgniter\CodeIgniter->run()
 7 SYSTEMPATH\Commands\Server\rewrite.php(43): require_once('FCPATH\\index.php')
CRITICAL - 2022-11-22 01:03:34 --> unlink(uploads/): Is a directory
in APPPATH\Controllers\kasir\Menukasir.php on line 69.
 1 [internal function]: CodeIgniter\Debug\Exceptions->errorHandler(2, 'unlink(uploads/): Is a directory', 'APPPATH\\Controllers\\kasir\\Menukasir.php', 69, [...])
 2 APPPATH\Controllers\kasir\Menukasir.php(69): unlink('FCPATH\\uploads')
 3 SYSTEMPATH\CodeIgniter.php(896): App\Controllers\kasir\Menukasir->update('2')
 4 SYSTEMPATH\CodeIgniter.php(466): CodeIgniter\CodeIgniter->runController(Object(App\Controllers\kasir\Menukasir))
 5 SYSTEMPATH\CodeIgniter.php(349): CodeIgniter\CodeIgniter->handleRequest(null, Object(Config\Cache), false)
 6 FCPATH\index.php(55): CodeIgniter\CodeIgniter->run()
 7 SYSTEMPATH\Commands\Server\rewrite.php(43): require_once('FCPATH\\index.php')
CRITICAL - 2022-11-22 01:05:25 --> unlink(uploads/): Is a directory
in APPPATH\Controllers\kasir\Menukasir.php on line 69.
 1 [internal function]: CodeIgniter\Debug\Exceptions->errorHandler(2, 'unlink(uploads/): Is a directory', 'APPPATH\\Controllers\\kasir\\Menukasir.php', 69, [...])
 2 APPPATH\Controllers\kasir\Menukasir.php(69): unlink('FCPATH\\uploads')
 3 SYSTEMPATH\CodeIgniter.php(896): App\Controllers\kasir\Menukasir->update('2')
 4 SYSTEMPATH\CodeIgniter.php(466): CodeIgniter\CodeIgniter->runController(Object(App\Controllers\kasir\Menukasir))
 5 SYSTEMPATH\CodeIgniter.php(349): CodeIgniter\CodeIgniter->handleRequest(null, Object(Config\Cache), false)
 6 FCPATH\index.php(55): CodeIgniter\CodeIgniter->run()
 7 SYSTEMPATH\Commands\Server\rewrite.php(43): require_once('FCPATH\\index.php')
CRITICAL - 2022-11-22 01:05:39 --> unlink(uploads/): Is a directory
in APPPATH\Controllers\kasir\Menukasir.php on line 69.
 1 [internal function]: CodeIgniter\Debug\Exceptions->errorHandler(2, 'unlink(uploads/): Is a directory', 'APPPATH\\Controllers\\kasir\\Menukasir.php', 69, [...])
 2 APPPATH\Controllers\kasir\Menukasir.php(69): unlink('FCPATH\\uploads')
 3 SYSTEMPATH\CodeIgniter.php(896): App\Controllers\kasir\Menukasir->update('2')
 4 SYSTEMPATH\CodeIgniter.php(466): CodeIgniter\CodeIgniter->runController(Object(App\Controllers\kasir\Menukasir))
 5 SYSTEMPATH\CodeIgniter.php(349): CodeIgniter\CodeIgniter->handleRequest(null, Object(Config\Cache), false)
 6 FCPATH\index.php(55): CodeIgniter\CodeIgniter->run()
 7 SYSTEMPATH\Commands\Server\rewrite.php(43): require_once('FCPATH\\index.php')
CRITICAL - 2022-11-22 01:13:53 --> syntax error, unexpected '"?"' (T_CONSTANT_ENCAPSED_STRING), expecting ';' or ','
in APPPATH\Views\layout\home_kasir.php on line 67.
 1 SYSTEMPATH\View\View.php(216): CodeIgniter\View\View->CodeIgniter\View\{closure}()
 2 SYSTEMPATH\Common.php(1135): CodeIgniter\View\View->render('layout/home_kasir', [], true)
 3 APPPATH\Controllers\kasir\Menukasir.php(20): view('layout/home_kasir', [...])
 4 SYSTEMPATH\CodeIgniter.php(896): App\Controllers\kasir\Menukasir->index()
 5 SYSTEMPATH\CodeIgniter.php(466): CodeIgniter\CodeIgniter->runController(Object(App\Controllers\kasir\Menukasir))
 6 SYSTEMPATH\CodeIgniter.php(349): CodeIgniter\CodeIgniter->handleRequest(null, Object(Config\Cache), false)
 7 FCPATH\index.php(55): CodeIgniter\CodeIgniter->run()
 8 SYSTEMPATH\Commands\Server\rewrite.php(43): require_once('FCPATH\\index.php')
