CRITICAL - 2022-12-23 04:37:36 --> Invalid file: login.php
in SYSTEMPATH\Exceptions\FrameworkException.php on line 33.
 1 SYSTEMPATH\View\View.php(201): CodeIgniter\Exceptions\FrameworkException::forInvalidFile('login.php')
 2 SYSTEMPATH\Common.php(1135): CodeIgniter\View\View->render('login', [], true)
 3 APPPATH\Controllers\Home.php(75): view('login')
 4 SYSTEMPATH\CodeIgniter.php(896): App\Controllers\Home->login_pelayan()
 5 SYSTEMPATH\CodeIgniter.php(466): CodeIgniter\CodeIgniter->runController(Object(App\Controllers\Home))
 6 SYSTEMPATH\CodeIgniter.php(349): CodeIgniter\CodeIgniter->handleRequest(null, Object(Config\Cache), false)
 7 FCPATH\index.php(55): CodeIgniter\CodeIgniter->run()
 8 SYSTEMPATH\Commands\Server\rewrite.php(43): require_once('FCPATH\\index.php')
CRITICAL - 2022-12-23 04:38:13 --> Undefined variable: googleButton
in APPPATH\Views\v_login.php on line 230.
 1 APPPATH\Views\v_login.php(230): CodeIgniter\Debug\Exceptions->errorHandler(8, 'Undefined variable: googleButton', 'APPPATH\\Views\\v_login.php', 230, [])
 2 SYSTEMPATH\View\View.php(213): include('APPPATH\\Views\\v_login.php')
 3 SYSTEMPATH\View\View.php(216): CodeIgniter\View\View->CodeIgniter\View\{closure}()
 4 SYSTEMPATH\Common.php(1135): CodeIgniter\View\View->render('v_login', [], true)
 5 APPPATH\Controllers\Home.php(75): view('v_login')
 6 SYSTEMPATH\CodeIgniter.php(896): App\Controllers\Home->login_pelayan()
 7 SYSTEMPATH\CodeIgniter.php(466): CodeIgniter\CodeIgniter->runController(Object(App\Controllers\Home))
 8 SYSTEMPATH\CodeIgniter.php(349): CodeIgniter\CodeIgniter->handleRequest(null, Object(Config\Cache), false)
 9 FCPATH\index.php(55): CodeIgniter\CodeIgniter->run()
10 SYSTEMPATH\Commands\Server\rewrite.php(43): require_once('FCPATH\\index.php')
CRITICAL - 2022-12-23 04:39:07 --> Undefined variable: googleButton
in APPPATH\Views\v_login.php on line 230.
 1 APPPATH\Views\v_login.php(230): CodeIgniter\Debug\Exceptions->errorHandler(8, 'Undefined variable: googleButton', 'APPPATH\\Views\\v_login.php', 230, [])
 2 SYSTEMPATH\View\View.php(213): include('APPPATH\\Views\\v_login.php')
 3 SYSTEMPATH\View\View.php(216): CodeIgniter\View\View->CodeIgniter\View\{closure}()
 4 SYSTEMPATH\Common.php(1135): CodeIgniter\View\View->render('v_login', [], true)
 5 APPPATH\Controllers\Home.php(75): view('v_login')
 6 SYSTEMPATH\CodeIgniter.php(896): App\Controllers\Home->login_pelayan()
 7 SYSTEMPATH\CodeIgniter.php(466): CodeIgniter\CodeIgniter->runController(Object(App\Controllers\Home))
 8 SYSTEMPATH\CodeIgniter.php(349): CodeIgniter\CodeIgniter->handleRequest(null, Object(Config\Cache), false)
 9 FCPATH\index.php(55): CodeIgniter\CodeIgniter->run()
10 SYSTEMPATH\Commands\Server\rewrite.php(43): require_once('FCPATH\\index.php')
CRITICAL - 2022-12-23 07:24:17 --> Call to undefined method App\Models\M_login::login
in SYSTEMPATH\Model.php on line 773.
 1 APPPATH\Controllers\Home.php(100): CodeIgniter\Model->__call('login', [...])
 2 SYSTEMPATH\CodeIgniter.php(896): App\Controllers\Home->cek_login_pelayan()
 3 SYSTEMPATH\CodeIgniter.php(466): CodeIgniter\CodeIgniter->runController(Object(App\Controllers\Home))
 4 SYSTEMPATH\CodeIgniter.php(349): CodeIgniter\CodeIgniter->handleRequest(null, Object(Config\Cache), false)
 5 FCPATH\index.php(55): CodeIgniter\CodeIgniter->run()
 6 SYSTEMPATH\Commands\Server\rewrite.php(43): require_once('FCPATH\\index.php')
CRITICAL - 2022-12-23 09:38:13 --> Uninitialized string offset: 1
in APPPATH\Controllers\Keranjang.php on line 59.
 1 APPPATH\Controllers\Keranjang.php(59): CodeIgniter\Debug\Exceptions->errorHandler(8, 'Uninitialized string offset: 1', 'APPPATH\\Controllers\\Keranjang.php', 59, [...])
 2 SYSTEMPATH\CodeIgniter.php(896): App\Controllers\Keranjang->update('$1')
 3 SYSTEMPATH\CodeIgniter.php(466): CodeIgniter\CodeIgniter->runController(Object(App\Controllers\Keranjang))
 4 SYSTEMPATH\CodeIgniter.php(349): CodeIgniter\CodeIgniter->handleRequest(null, Object(Config\Cache), false)
 5 FCPATH\index.php(55): CodeIgniter\CodeIgniter->run()
 6 SYSTEMPATH\Commands\Server\rewrite.php(43): require_once('FCPATH\\index.php')
