CRITICAL - 2022-11-16 00:51:12 --> include(navbar.php): failed to open stream: No such file or directory
in APPPATH\Views\menu\uncaanmansure.php on line 2.
 1 APPPATH\Views\menu\uncaanmansure.php(2): CodeIgniter\Debug\Exceptions->errorHandler(2, 'include(navbar.php): failed to open stream: No such file or directory', 'APPPATH\\Views\\menu\\uncaanmansure.php', 2, [])
 2 APPPATH\Views\menu\uncaanmansure.php(2): include()
 3 SYSTEMPATH\View\View.php(213): include('APPPATH\\Views\\menu\\uncaanmansure.php')
 4 SYSTEMPATH\View\View.php(216): CodeIgniter\View\View->CodeIgniter\View\{closure}()
 5 SYSTEMPATH\Common.php(1135): CodeIgniter\View\View->render('menu/uncaanmansure', [], true)
 6 APPPATH\Controllers\Home.php(18): view('menu/uncaanmansure')
 7 SYSTEMPATH\CodeIgniter.php(896): App\Controllers\Home->uncaanmansure()
 8 SYSTEMPATH\CodeIgniter.php(466): CodeIgniter\CodeIgniter->runController(Object(App\Controllers\Home))
 9 SYSTEMPATH\CodeIgniter.php(349): CodeIgniter\CodeIgniter->handleRequest(null, Object(Config\Cache), false)
10 FCPATH\index.php(55): CodeIgniter\CodeIgniter->run()
11 SYSTEMPATH\Commands\Server\rewrite.php(43): require_once('FCPATH\\index.php')
CRITICAL - 2022-11-16 00:51:24 --> include(../navbar.php): failed to open stream: No such file or directory
in APPPATH\Views\menu\uncaanmansure.php on line 2.
 1 APPPATH\Views\menu\uncaanmansure.php(2): CodeIgniter\Debug\Exceptions->errorHandler(2, 'include(../navbar.php): failed to open stream: No such file or directory', 'APPPATH\\Views\\menu\\uncaanmansure.php', 2, [])
 2 APPPATH\Views\menu\uncaanmansure.php(2): include()
 3 SYSTEMPATH\View\View.php(213): include('APPPATH\\Views\\menu\\uncaanmansure.php')
 4 SYSTEMPATH\View\View.php(216): CodeIgniter\View\View->CodeIgniter\View\{closure}()
 5 SYSTEMPATH\Common.php(1135): CodeIgniter\View\View->render('menu/uncaanmansure', [], true)
 6 APPPATH\Controllers\Home.php(18): view('menu/uncaanmansure')
 7 SYSTEMPATH\CodeIgniter.php(896): App\Controllers\Home->uncaanmansure()
 8 SYSTEMPATH\CodeIgniter.php(466): CodeIgniter\CodeIgniter->runController(Object(App\Controllers\Home))
 9 SYSTEMPATH\CodeIgniter.php(349): CodeIgniter\CodeIgniter->handleRequest(null, Object(Config\Cache), false)
10 FCPATH\index.php(55): CodeIgniter\CodeIgniter->run()
11 SYSTEMPATH\Commands\Server\rewrite.php(43): require_once('FCPATH\\index.php')
CRITICAL - 2022-11-16 00:51:26 --> include(../navbar.php): failed to open stream: No such file or directory
in APPPATH\Views\menu\uncaanmansure.php on line 2.
 1 APPPATH\Views\menu\uncaanmansure.php(2): CodeIgniter\Debug\Exceptions->errorHandler(2, 'include(../navbar.php): failed to open stream: No such file or directory', 'APPPATH\\Views\\menu\\uncaanmansure.php', 2, [])
 2 APPPATH\Views\menu\uncaanmansure.php(2): include()
 3 SYSTEMPATH\View\View.php(213): include('APPPATH\\Views\\menu\\uncaanmansure.php')
 4 SYSTEMPATH\View\View.php(216): CodeIgniter\View\View->CodeIgniter\View\{closure}()
 5 SYSTEMPATH\Common.php(1135): CodeIgniter\View\View->render('menu/uncaanmansure', [], true)
 6 APPPATH\Controllers\Home.php(18): view('menu/uncaanmansure')
 7 SYSTEMPATH\CodeIgniter.php(896): App\Controllers\Home->uncaanmansure()
 8 SYSTEMPATH\CodeIgniter.php(466): CodeIgniter\CodeIgniter->runController(Object(App\Controllers\Home))
 9 SYSTEMPATH\CodeIgniter.php(349): CodeIgniter\CodeIgniter->handleRequest(null, Object(Config\Cache), false)
10 FCPATH\index.php(55): CodeIgniter\CodeIgniter->run()
11 SYSTEMPATH\Commands\Server\rewrite.php(43): require_once('FCPATH\\index.php')
CRITICAL - 2022-11-16 00:52:57 --> include(../navbar.php): failed to open stream: No such file or directory
in APPPATH\Views\menu\uncaanmansure.php on line 1.
 1 APPPATH\Views\menu\uncaanmansure.php(1): CodeIgniter\Debug\Exceptions->errorHandler(2, 'include(../navbar.php): failed to open stream: No such file or directory', 'APPPATH\\Views\\menu\\uncaanmansure.php', 1, [])
 2 APPPATH\Views\menu\uncaanmansure.php(1): include()
 3 SYSTEMPATH\View\View.php(213): include('APPPATH\\Views\\menu\\uncaanmansure.php')
 4 SYSTEMPATH\View\View.php(216): CodeIgniter\View\View->CodeIgniter\View\{closure}()
 5 SYSTEMPATH\Common.php(1135): CodeIgniter\View\View->render('menu/uncaanmansure', [], true)
 6 APPPATH\Controllers\Home.php(18): view('menu/uncaanmansure')
 7 SYSTEMPATH\CodeIgniter.php(896): App\Controllers\Home->uncaanmansure()
 8 SYSTEMPATH\CodeIgniter.php(466): CodeIgniter\CodeIgniter->runController(Object(App\Controllers\Home))
 9 SYSTEMPATH\CodeIgniter.php(349): CodeIgniter\CodeIgniter->handleRequest(null, Object(Config\Cache), false)
10 FCPATH\index.php(55): CodeIgniter\CodeIgniter->run()
11 SYSTEMPATH\Commands\Server\rewrite.php(43): require_once('FCPATH\\index.php')
CRITICAL - 2022-11-16 00:52:58 --> include(../navbar.php): failed to open stream: No such file or directory
in APPPATH\Views\menu\uncaanmansure.php on line 1.
 1 APPPATH\Views\menu\uncaanmansure.php(1): CodeIgniter\Debug\Exceptions->errorHandler(2, 'include(../navbar.php): failed to open stream: No such file or directory', 'APPPATH\\Views\\menu\\uncaanmansure.php', 1, [])
 2 APPPATH\Views\menu\uncaanmansure.php(1): include()
 3 SYSTEMPATH\View\View.php(213): include('APPPATH\\Views\\menu\\uncaanmansure.php')
 4 SYSTEMPATH\View\View.php(216): CodeIgniter\View\View->CodeIgniter\View\{closure}()
 5 SYSTEMPATH\Common.php(1135): CodeIgniter\View\View->render('menu/uncaanmansure', [], true)
 6 APPPATH\Controllers\Home.php(18): view('menu/uncaanmansure')
 7 SYSTEMPATH\CodeIgniter.php(896): App\Controllers\Home->uncaanmansure()
 8 SYSTEMPATH\CodeIgniter.php(466): CodeIgniter\CodeIgniter->runController(Object(App\Controllers\Home))
 9 SYSTEMPATH\CodeIgniter.php(349): CodeIgniter\CodeIgniter->handleRequest(null, Object(Config\Cache), false)
10 FCPATH\index.php(55): CodeIgniter\CodeIgniter->run()
11 SYSTEMPATH\Commands\Server\rewrite.php(43): require_once('FCPATH\\index.php')
CRITICAL - 2022-11-16 00:53:33 --> include(.../navbar.php): failed to open stream: No such file or directory
in APPPATH\Views\menu\uncaanmansure.php on line 2.
 1 APPPATH\Views\menu\uncaanmansure.php(2): CodeIgniter\Debug\Exceptions->errorHandler(2, 'include(.../navbar.php): failed to open stream: No such file or directory', 'APPPATH\\Views\\menu\\uncaanmansure.php', 2, [])
 2 APPPATH\Views\menu\uncaanmansure.php(2): include()
 3 SYSTEMPATH\View\View.php(213): include('APPPATH\\Views\\menu\\uncaanmansure.php')
 4 SYSTEMPATH\View\View.php(216): CodeIgniter\View\View->CodeIgniter\View\{closure}()
 5 SYSTEMPATH\Common.php(1135): CodeIgniter\View\View->render('menu/uncaanmansure', [], true)
 6 APPPATH\Controllers\Home.php(18): view('menu/uncaanmansure')
 7 SYSTEMPATH\CodeIgniter.php(896): App\Controllers\Home->uncaanmansure()
 8 SYSTEMPATH\CodeIgniter.php(466): CodeIgniter\CodeIgniter->runController(Object(App\Controllers\Home))
 9 SYSTEMPATH\CodeIgniter.php(349): CodeIgniter\CodeIgniter->handleRequest(null, Object(Config\Cache), false)
10 FCPATH\index.php(55): CodeIgniter\CodeIgniter->run()
11 SYSTEMPATH\Commands\Server\rewrite.php(43): require_once('FCPATH\\index.php')
CRITICAL - 2022-11-16 00:53:34 --> include(.../navbar.php): failed to open stream: No such file or directory
in APPPATH\Views\menu\uncaanmansure.php on line 2.
 1 APPPATH\Views\menu\uncaanmansure.php(2): CodeIgniter\Debug\Exceptions->errorHandler(2, 'include(.../navbar.php): failed to open stream: No such file or directory', 'APPPATH\\Views\\menu\\uncaanmansure.php', 2, [])
 2 APPPATH\Views\menu\uncaanmansure.php(2): include()
 3 SYSTEMPATH\View\View.php(213): include('APPPATH\\Views\\menu\\uncaanmansure.php')
 4 SYSTEMPATH\View\View.php(216): CodeIgniter\View\View->CodeIgniter\View\{closure}()
 5 SYSTEMPATH\Common.php(1135): CodeIgniter\View\View->render('menu/uncaanmansure', [], true)
 6 APPPATH\Controllers\Home.php(18): view('menu/uncaanmansure')
 7 SYSTEMPATH\CodeIgniter.php(896): App\Controllers\Home->uncaanmansure()
 8 SYSTEMPATH\CodeIgniter.php(466): CodeIgniter\CodeIgniter->runController(Object(App\Controllers\Home))
 9 SYSTEMPATH\CodeIgniter.php(349): CodeIgniter\CodeIgniter->handleRequest(null, Object(Config\Cache), false)
10 FCPATH\index.php(55): CodeIgniter\CodeIgniter->run()
11 SYSTEMPATH\Commands\Server\rewrite.php(43): require_once('FCPATH\\index.php')
CRITICAL - 2022-11-16 00:53:47 --> include(menu/navbar.php): failed to open stream: No such file or directory
in APPPATH\Views\menu\uncaanmansure.php on line 2.
 1 APPPATH\Views\menu\uncaanmansure.php(2): CodeIgniter\Debug\Exceptions->errorHandler(2, 'include(menu/navbar.php): failed to open stream: No such file or directory', 'APPPATH\\Views\\menu\\uncaanmansure.php', 2, [])
 2 APPPATH\Views\menu\uncaanmansure.php(2): include()
 3 SYSTEMPATH\View\View.php(213): include('APPPATH\\Views\\menu\\uncaanmansure.php')
 4 SYSTEMPATH\View\View.php(216): CodeIgniter\View\View->CodeIgniter\View\{closure}()
 5 SYSTEMPATH\Common.php(1135): CodeIgniter\View\View->render('menu/uncaanmansure', [], true)
 6 APPPATH\Controllers\Home.php(18): view('menu/uncaanmansure')
 7 SYSTEMPATH\CodeIgniter.php(896): App\Controllers\Home->uncaanmansure()
 8 SYSTEMPATH\CodeIgniter.php(466): CodeIgniter\CodeIgniter->runController(Object(App\Controllers\Home))
 9 SYSTEMPATH\CodeIgniter.php(349): CodeIgniter\CodeIgniter->handleRequest(null, Object(Config\Cache), false)
10 FCPATH\index.php(55): CodeIgniter\CodeIgniter->run()
11 SYSTEMPATH\Commands\Server\rewrite.php(43): require_once('FCPATH\\index.php')
CRITICAL - 2022-11-16 00:54:00 --> include(/../navbar.php): failed to open stream: No such file or directory
in APPPATH\Views\menu\uncaanmansure.php on line 2.
 1 APPPATH\Views\menu\uncaanmansure.php(2): CodeIgniter\Debug\Exceptions->errorHandler(2, 'include(/../navbar.php): failed to open stream: No such file or directory', 'APPPATH\\Views\\menu\\uncaanmansure.php', 2, [])
 2 APPPATH\Views\menu\uncaanmansure.php(2): include()
 3 SYSTEMPATH\View\View.php(213): include('APPPATH\\Views\\menu\\uncaanmansure.php')
 4 SYSTEMPATH\View\View.php(216): CodeIgniter\View\View->CodeIgniter\View\{closure}()
 5 SYSTEMPATH\Common.php(1135): CodeIgniter\View\View->render('menu/uncaanmansure', [], true)
 6 APPPATH\Controllers\Home.php(18): view('menu/uncaanmansure')
 7 SYSTEMPATH\CodeIgniter.php(896): App\Controllers\Home->uncaanmansure()
 8 SYSTEMPATH\CodeIgniter.php(466): CodeIgniter\CodeIgniter->runController(Object(App\Controllers\Home))
 9 SYSTEMPATH\CodeIgniter.php(349): CodeIgniter\CodeIgniter->handleRequest(null, Object(Config\Cache), false)
10 FCPATH\index.php(55): CodeIgniter\CodeIgniter->run()
11 SYSTEMPATH\Commands\Server\rewrite.php(43): require_once('FCPATH\\index.php')
CRITICAL - 2022-11-16 00:54:35 --> include(/../navbar.php): failed to open stream: No such file or directory
in APPPATH\Views\menu\uncaanmansure.php on line 2.
 1 APPPATH\Views\menu\uncaanmansure.php(2): CodeIgniter\Debug\Exceptions->errorHandler(2, 'include(/../navbar.php): failed to open stream: No such file or directory', 'APPPATH\\Views\\menu\\uncaanmansure.php', 2, [])
 2 APPPATH\Views\menu\uncaanmansure.php(2): include()
 3 SYSTEMPATH\View\View.php(213): include('APPPATH\\Views\\menu\\uncaanmansure.php')
 4 SYSTEMPATH\View\View.php(216): CodeIgniter\View\View->CodeIgniter\View\{closure}()
 5 SYSTEMPATH\Common.php(1135): CodeIgniter\View\View->render('menu/uncaanmansure', [], true)
 6 APPPATH\Controllers\Home.php(18): view('menu/uncaanmansure')
 7 SYSTEMPATH\CodeIgniter.php(896): App\Controllers\Home->uncaanmansure()
 8 SYSTEMPATH\CodeIgniter.php(466): CodeIgniter\CodeIgniter->runController(Object(App\Controllers\Home))
 9 SYSTEMPATH\CodeIgniter.php(349): CodeIgniter\CodeIgniter->handleRequest(null, Object(Config\Cache), false)
10 FCPATH\index.php(55): CodeIgniter\CodeIgniter->run()
11 SYSTEMPATH\Commands\Server\rewrite.php(43): require_once('FCPATH\\index.php')
CRITICAL - 2022-11-16 00:54:40 --> include(/../navbar.php): failed to open stream: No such file or directory
in APPPATH\Views\menu\uncaanmansure.php on line 2.
 1 APPPATH\Views\menu\uncaanmansure.php(2): CodeIgniter\Debug\Exceptions->errorHandler(2, 'include(/../navbar.php): failed to open stream: No such file or directory', 'APPPATH\\Views\\menu\\uncaanmansure.php', 2, [])
 2 APPPATH\Views\menu\uncaanmansure.php(2): include()
 3 SYSTEMPATH\View\View.php(213): include('APPPATH\\Views\\menu\\uncaanmansure.php')
 4 SYSTEMPATH\View\View.php(216): CodeIgniter\View\View->CodeIgniter\View\{closure}()
 5 SYSTEMPATH\Common.php(1135): CodeIgniter\View\View->render('menu/uncaanmansure', [], true)
 6 APPPATH\Controllers\Home.php(18): view('menu/uncaanmansure')
 7 SYSTEMPATH\CodeIgniter.php(896): App\Controllers\Home->uncaanmansure()
 8 SYSTEMPATH\CodeIgniter.php(466): CodeIgniter\CodeIgniter->runController(Object(App\Controllers\Home))
 9 SYSTEMPATH\CodeIgniter.php(349): CodeIgniter\CodeIgniter->handleRequest(null, Object(Config\Cache), false)
10 FCPATH\index.php(55): CodeIgniter\CodeIgniter->run()
11 SYSTEMPATH\Commands\Server\rewrite.php(43): require_once('FCPATH\\index.php')
CRITICAL - 2022-11-16 00:54:53 --> include(/../navbar.php): failed to open stream: No such file or directory
in APPPATH\Views\menu\uncaanmansure.php on line 2.
 1 APPPATH\Views\menu\uncaanmansure.php(2): CodeIgniter\Debug\Exceptions->errorHandler(2, 'include(/../navbar.php): failed to open stream: No such file or directory', 'APPPATH\\Views\\menu\\uncaanmansure.php', 2, [])
 2 APPPATH\Views\menu\uncaanmansure.php(2): include()
 3 SYSTEMPATH\View\View.php(213): include('APPPATH\\Views\\menu\\uncaanmansure.php')
 4 SYSTEMPATH\View\View.php(216): CodeIgniter\View\View->CodeIgniter\View\{closure}()
 5 SYSTEMPATH\Common.php(1135): CodeIgniter\View\View->render('menu/uncaanmansure', [], true)
 6 APPPATH\Controllers\Home.php(18): view('menu/uncaanmansure')
 7 SYSTEMPATH\CodeIgniter.php(896): App\Controllers\Home->uncaanmansure()
 8 SYSTEMPATH\CodeIgniter.php(466): CodeIgniter\CodeIgniter->runController(Object(App\Controllers\Home))
 9 SYSTEMPATH\CodeIgniter.php(349): CodeIgniter\CodeIgniter->handleRequest(null, Object(Config\Cache), false)
10 FCPATH\index.php(55): CodeIgniter\CodeIgniter->run()
11 SYSTEMPATH\Commands\Server\rewrite.php(43): require_once('FCPATH\\index.php')
CRITICAL - 2022-11-16 00:55:22 --> include(Views/navbar.php): failed to open stream: No such file or directory
in APPPATH\Views\menu\uncaanmansure.php on line 2.
 1 APPPATH\Views\menu\uncaanmansure.php(2): CodeIgniter\Debug\Exceptions->errorHandler(2, 'include(Views/navbar.php): failed to open stream: No such file or directory', 'APPPATH\\Views\\menu\\uncaanmansure.php', 2, [])
 2 APPPATH\Views\menu\uncaanmansure.php(2): include()
 3 SYSTEMPATH\View\View.php(213): include('APPPATH\\Views\\menu\\uncaanmansure.php')
 4 SYSTEMPATH\View\View.php(216): CodeIgniter\View\View->CodeIgniter\View\{closure}()
 5 SYSTEMPATH\Common.php(1135): CodeIgniter\View\View->render('menu/uncaanmansure', [], true)
 6 APPPATH\Controllers\Home.php(18): view('menu/uncaanmansure')
 7 SYSTEMPATH\CodeIgniter.php(896): App\Controllers\Home->uncaanmansure()
 8 SYSTEMPATH\CodeIgniter.php(466): CodeIgniter\CodeIgniter->runController(Object(App\Controllers\Home))
 9 SYSTEMPATH\CodeIgniter.php(349): CodeIgniter\CodeIgniter->handleRequest(null, Object(Config\Cache), false)
10 FCPATH\index.php(55): CodeIgniter\CodeIgniter->run()
11 SYSTEMPATH\Commands\Server\rewrite.php(43): require_once('FCPATH\\index.php')
CRITICAL - 2022-11-16 00:55:23 --> include(Views/navbar.php): failed to open stream: No such file or directory
in APPPATH\Views\menu\uncaanmansure.php on line 2.
 1 APPPATH\Views\menu\uncaanmansure.php(2): CodeIgniter\Debug\Exceptions->errorHandler(2, 'include(Views/navbar.php): failed to open stream: No such file or directory', 'APPPATH\\Views\\menu\\uncaanmansure.php', 2, [])
 2 APPPATH\Views\menu\uncaanmansure.php(2): include()
 3 SYSTEMPATH\View\View.php(213): include('APPPATH\\Views\\menu\\uncaanmansure.php')
 4 SYSTEMPATH\View\View.php(216): CodeIgniter\View\View->CodeIgniter\View\{closure}()
 5 SYSTEMPATH\Common.php(1135): CodeIgniter\View\View->render('menu/uncaanmansure', [], true)
 6 APPPATH\Controllers\Home.php(18): view('menu/uncaanmansure')
 7 SYSTEMPATH\CodeIgniter.php(896): App\Controllers\Home->uncaanmansure()
 8 SYSTEMPATH\CodeIgniter.php(466): CodeIgniter\CodeIgniter->runController(Object(App\Controllers\Home))
 9 SYSTEMPATH\CodeIgniter.php(349): CodeIgniter\CodeIgniter->handleRequest(null, Object(Config\Cache), false)
10 FCPATH\index.php(55): CodeIgniter\CodeIgniter->run()
11 SYSTEMPATH\Commands\Server\rewrite.php(43): require_once('FCPATH\\index.php')
CRITICAL - 2022-11-16 00:55:52 --> Invalid file: menu/uncaanmansure.php
in SYSTEMPATH\Exceptions\FrameworkException.php on line 33.
 1 SYSTEMPATH\View\View.php(201): CodeIgniter\Exceptions\FrameworkException::forInvalidFile('menu/uncaanmansure.php')
 2 SYSTEMPATH\Common.php(1135): CodeIgniter\View\View->render('menu/uncaanmansure', [], true)
 3 APPPATH\Controllers\Home.php(18): view('menu/uncaanmansure')
 4 SYSTEMPATH\CodeIgniter.php(896): App\Controllers\Home->uncaanmansure()
 5 SYSTEMPATH\CodeIgniter.php(466): CodeIgniter\CodeIgniter->runController(Object(App\Controllers\Home))
 6 SYSTEMPATH\CodeIgniter.php(349): CodeIgniter\CodeIgniter->handleRequest(null, Object(Config\Cache), false)
 7 FCPATH\index.php(55): CodeIgniter\CodeIgniter->run()
 8 SYSTEMPATH\Commands\Server\rewrite.php(43): require_once('FCPATH\\index.php')
CRITICAL - 2022-11-16 00:55:54 --> Invalid file: menu/uncaanmansure.php
in SYSTEMPATH\Exceptions\FrameworkException.php on line 33.
 1 SYSTEMPATH\View\View.php(201): CodeIgniter\Exceptions\FrameworkException::forInvalidFile('menu/uncaanmansure.php')
 2 SYSTEMPATH\Common.php(1135): CodeIgniter\View\View->render('menu/uncaanmansure', [], true)
 3 APPPATH\Controllers\Home.php(18): view('menu/uncaanmansure')
 4 SYSTEMPATH\CodeIgniter.php(896): App\Controllers\Home->uncaanmansure()
 5 SYSTEMPATH\CodeIgniter.php(466): CodeIgniter\CodeIgniter->runController(Object(App\Controllers\Home))
 6 SYSTEMPATH\CodeIgniter.php(349): CodeIgniter\CodeIgniter->handleRequest(null, Object(Config\Cache), false)
 7 FCPATH\index.php(55): CodeIgniter\CodeIgniter->run()
 8 SYSTEMPATH\Commands\Server\rewrite.php(43): require_once('FCPATH\\index.php')
CRITICAL - 2022-11-16 01:08:07 --> Invalid file: pasta.php
in SYSTEMPATH\Exceptions\FrameworkException.php on line 33.
 1 SYSTEMPATH\View\View.php(201): CodeIgniter\Exceptions\FrameworkException::forInvalidFile('pasta.php')
 2 SYSTEMPATH\Common.php(1135): CodeIgniter\View\View->render('pasta', [], true)
 3 APPPATH\Controllers\Menu.php(17): view('pasta')
 4 SYSTEMPATH\CodeIgniter.php(896): App\Controllers\Menu->pasta()
 5 SYSTEMPATH\CodeIgniter.php(466): CodeIgniter\CodeIgniter->runController(Object(App\Controllers\Menu))
 6 SYSTEMPATH\CodeIgniter.php(349): CodeIgniter\CodeIgniter->handleRequest(null, Object(Config\Cache), false)
 7 FCPATH\index.php(55): CodeIgniter\CodeIgniter->run()
 8 SYSTEMPATH\Commands\Server\rewrite.php(43): require_once('FCPATH\\index.php')
CRITICAL - 2022-11-16 01:45:26 --> Invalid file: pasta.php
in SYSTEMPATH\Exceptions\FrameworkException.php on line 33.
 1 SYSTEMPATH\View\View.php(201): CodeIgniter\Exceptions\FrameworkException::forInvalidFile('pasta.php')
 2 SYSTEMPATH\Common.php(1135): CodeIgniter\View\View->render('pasta', [], true)
 3 APPPATH\Controllers\Menu.php(17): view('pasta')
 4 SYSTEMPATH\CodeIgniter.php(896): App\Controllers\Menu->pasta()
 5 SYSTEMPATH\CodeIgniter.php(466): CodeIgniter\CodeIgniter->runController(Object(App\Controllers\Menu))
 6 SYSTEMPATH\CodeIgniter.php(349): CodeIgniter\CodeIgniter->handleRequest(null, Object(Config\Cache), false)
 7 FCPATH\index.php(55): CodeIgniter\CodeIgniter->run()
 8 SYSTEMPATH\Commands\Server\rewrite.php(43): require_once('FCPATH\\index.php')
CRITICAL - 2022-11-16 02:54:10 --> Invalid file: nav_menu.php
in SYSTEMPATH\Exceptions\FrameworkException.php on line 33.
 1 SYSTEMPATH\View\View.php(201): CodeIgniter\Exceptions\FrameworkException::forInvalidFile('nav_menu.php')
 2 SYSTEMPATH\Common.php(1135): CodeIgniter\View\View->render('nav_menu', [], true)
 3 APPPATH\Controllers\Home.php(14): view('nav_menu')
 4 SYSTEMPATH\CodeIgniter.php(896): App\Controllers\Home->menu()
 5 SYSTEMPATH\CodeIgniter.php(466): CodeIgniter\CodeIgniter->runController(Object(App\Controllers\Home))
 6 SYSTEMPATH\CodeIgniter.php(349): CodeIgniter\CodeIgniter->handleRequest(null, Object(Config\Cache), false)
 7 FCPATH\index.php(55): CodeIgniter\CodeIgniter->run()
 8 SYSTEMPATH\Commands\Server\rewrite.php(43): require_once('FCPATH\\index.php')
CRITICAL - 2022-11-16 02:54:11 --> Invalid file: nav_menu.php
in SYSTEMPATH\Exceptions\FrameworkException.php on line 33.
 1 SYSTEMPATH\View\View.php(201): CodeIgniter\Exceptions\FrameworkException::forInvalidFile('nav_menu.php')
 2 SYSTEMPATH\Common.php(1135): CodeIgniter\View\View->render('nav_menu', [], true)
 3 APPPATH\Controllers\Home.php(14): view('nav_menu')
 4 SYSTEMPATH\CodeIgniter.php(896): App\Controllers\Home->menu()
 5 SYSTEMPATH\CodeIgniter.php(466): CodeIgniter\CodeIgniter->runController(Object(App\Controllers\Home))
 6 SYSTEMPATH\CodeIgniter.php(349): CodeIgniter\CodeIgniter->handleRequest(null, Object(Config\Cache), false)
 7 FCPATH\index.php(55): CodeIgniter\CodeIgniter->run()
 8 SYSTEMPATH\Commands\Server\rewrite.php(43): require_once('FCPATH\\index.php')
CRITICAL - 2022-11-16 02:55:34 --> Invalid file: nav_menu.php
in SYSTEMPATH\Exceptions\FrameworkException.php on line 33.
 1 SYSTEMPATH\View\View.php(201): CodeIgniter\Exceptions\FrameworkException::forInvalidFile('nav_menu.php')
 2 SYSTEMPATH\Common.php(1135): CodeIgniter\View\View->render('nav_menu', [], true)
 3 APPPATH\Controllers\Home.php(14): view('nav_menu')
 4 SYSTEMPATH\CodeIgniter.php(896): App\Controllers\Home->menu()
 5 SYSTEMPATH\CodeIgniter.php(466): CodeIgniter\CodeIgniter->runController(Object(App\Controllers\Home))
 6 SYSTEMPATH\CodeIgniter.php(349): CodeIgniter\CodeIgniter->handleRequest(null, Object(Config\Cache), false)
 7 FCPATH\index.php(55): CodeIgniter\CodeIgniter->run()
 8 SYSTEMPATH\Commands\Server\rewrite.php(43): require_once('FCPATH\\index.php')
ERROR - 2022-11-16 03:06:21 --> Error connecting to the database: Access denied for user ''@'localhost' (using password: NO)
CRITICAL - 2022-11-16 03:06:21 --> Unable to connect to the database.
Main connection [MySQLi]: Access denied for user ''@'localhost' (using password: NO)
in SYSTEMPATH\Database\BaseConnection.php on line 416.
 1 SYSTEMPATH\Database\BaseConnection.php(586): CodeIgniter\Database\BaseConnection->initialize()
 2 SYSTEMPATH\Database\BaseBuilder.php(1585): CodeIgniter\Database\BaseConnection->query('SELECT *
FROM `menu`', [], false)
 3 SYSTEMPATH\Model.php(222): CodeIgniter\Database\BaseBuilder->get()
 4 SYSTEMPATH\BaseModel.php(584): CodeIgniter\Model->doFindAll(0, 0)
 5 APPPATH\Controllers\kasir\Tambahmenu.php(16): CodeIgniter\BaseModel->findAll()
 6 SYSTEMPATH\CodeIgniter.php(896): App\Controllers\kasir\Tambahmenu->index()
 7 SYSTEMPATH\CodeIgniter.php(466): CodeIgniter\CodeIgniter->runController(Object(App\Controllers\kasir\Tambahmenu))
 8 SYSTEMPATH\CodeIgniter.php(349): CodeIgniter\CodeIgniter->handleRequest(null, Object(Config\Cache), false)
 9 FCPATH\index.php(55): CodeIgniter\CodeIgniter->run()
10 SYSTEMPATH\Commands\Server\rewrite.php(43): require_once('FCPATH\\index.php')
ERROR - 2022-11-16 08:26:31 --> Error connecting to the database: Access denied for user ''@'localhost' (using password: NO)
CRITICAL - 2022-11-16 08:26:31 --> Unable to connect to the database.
Main connection [MySQLi]: Access denied for user ''@'localhost' (using password: NO)
in SYSTEMPATH\Database\BaseConnection.php on line 416.
 1 SYSTEMPATH\Database\BaseConnection.php(586): CodeIgniter\Database\BaseConnection->initialize()
 2 SYSTEMPATH\Database\BaseBuilder.php(1585): CodeIgniter\Database\BaseConnection->query('SELECT *
FROM `menu`', [], false)
 3 SYSTEMPATH\Model.php(222): CodeIgniter\Database\BaseBuilder->get()
 4 SYSTEMPATH\BaseModel.php(584): CodeIgniter\Model->doFindAll(0, 0)
 5 APPPATH\Controllers\kasir\Tambahmenu.php(16): CodeIgniter\BaseModel->findAll()
 6 SYSTEMPATH\CodeIgniter.php(896): App\Controllers\kasir\Tambahmenu->index()
 7 SYSTEMPATH\CodeIgniter.php(466): CodeIgniter\CodeIgniter->runController(Object(App\Controllers\kasir\Tambahmenu))
 8 SYSTEMPATH\CodeIgniter.php(349): CodeIgniter\CodeIgniter->handleRequest(null, Object(Config\Cache), false)
 9 FCPATH\index.php(55): CodeIgniter\CodeIgniter->run()
10 SYSTEMPATH\Commands\Server\rewrite.php(43): require_once('FCPATH\\index.php')
ERROR - 2022-11-16 08:27:36 --> Error connecting to the database: Access denied for user ''@'localhost' (using password: NO)
CRITICAL - 2022-11-16 08:27:36 --> Unable to connect to the database.
Main connection [MySQLi]: Access denied for user ''@'localhost' (using password: NO)
in SYSTEMPATH\Database\BaseConnection.php on line 416.
 1 SYSTEMPATH\Database\BaseConnection.php(586): CodeIgniter\Database\BaseConnection->initialize()
 2 SYSTEMPATH\Database\BaseBuilder.php(1585): CodeIgniter\Database\BaseConnection->query('SELECT *
FROM `menu`', [], false)
 3 SYSTEMPATH\Model.php(222): CodeIgniter\Database\BaseBuilder->get()
 4 SYSTEMPATH\BaseModel.php(584): CodeIgniter\Model->doFindAll(0, 0)
 5 APPPATH\Controllers\kasir\Tambahmenu.php(16): CodeIgniter\BaseModel->findAll()
 6 SYSTEMPATH\CodeIgniter.php(896): App\Controllers\kasir\Tambahmenu->index()
 7 SYSTEMPATH\CodeIgniter.php(466): CodeIgniter\CodeIgniter->runController(Object(App\Controllers\kasir\Tambahmenu))
 8 SYSTEMPATH\CodeIgniter.php(349): CodeIgniter\CodeIgniter->handleRequest(null, Object(Config\Cache), false)
 9 FCPATH\index.php(55): CodeIgniter\CodeIgniter->run()
10 SYSTEMPATH\Commands\Server\rewrite.php(43): require_once('FCPATH\\index.php')
ERROR - 2022-11-16 08:27:37 --> Error connecting to the database: Access denied for user ''@'localhost' (using password: NO)
CRITICAL - 2022-11-16 08:27:37 --> Unable to connect to the database.
Main connection [MySQLi]: Access denied for user ''@'localhost' (using password: NO)
in SYSTEMPATH\Database\BaseConnection.php on line 416.
 1 SYSTEMPATH\Database\BaseConnection.php(586): CodeIgniter\Database\BaseConnection->initialize()
 2 SYSTEMPATH\Database\BaseBuilder.php(1585): CodeIgniter\Database\BaseConnection->query('SELECT *
FROM `menu`', [], false)
 3 SYSTEMPATH\Model.php(222): CodeIgniter\Database\BaseBuilder->get()
 4 SYSTEMPATH\BaseModel.php(584): CodeIgniter\Model->doFindAll(0, 0)
 5 APPPATH\Controllers\kasir\Tambahmenu.php(16): CodeIgniter\BaseModel->findAll()
 6 SYSTEMPATH\CodeIgniter.php(896): App\Controllers\kasir\Tambahmenu->index()
 7 SYSTEMPATH\CodeIgniter.php(466): CodeIgniter\CodeIgniter->runController(Object(App\Controllers\kasir\Tambahmenu))
 8 SYSTEMPATH\CodeIgniter.php(349): CodeIgniter\CodeIgniter->handleRequest(null, Object(Config\Cache), false)
 9 FCPATH\index.php(55): CodeIgniter\CodeIgniter->run()
10 SYSTEMPATH\Commands\Server\rewrite.php(43): require_once('FCPATH\\index.php')
ERROR - 2022-11-16 23:09:05 --> Error connecting to the database: Access denied for user ''@'localhost' (using password: NO)
CRITICAL - 2022-11-16 23:09:05 --> Unable to connect to the database.
Main connection [MySQLi]: Access denied for user ''@'localhost' (using password: NO)
in SYSTEMPATH\Database\BaseConnection.php on line 416.
 1 SYSTEMPATH\Database\BaseConnection.php(586): CodeIgniter\Database\BaseConnection->initialize()
 2 SYSTEMPATH\Database\BaseBuilder.php(1585): CodeIgniter\Database\BaseConnection->query('SELECT *
FROM `menu`', [], false)
 3 SYSTEMPATH\Model.php(222): CodeIgniter\Database\BaseBuilder->get()
 4 SYSTEMPATH\BaseModel.php(584): CodeIgniter\Model->doFindAll(0, 0)
 5 APPPATH\Controllers\kasir\Tambahmenu.php(16): CodeIgniter\BaseModel->findAll()
 6 SYSTEMPATH\CodeIgniter.php(896): App\Controllers\kasir\Tambahmenu->index()
 7 SYSTEMPATH\CodeIgniter.php(466): CodeIgniter\CodeIgniter->runController(Object(App\Controllers\kasir\Tambahmenu))
 8 SYSTEMPATH\CodeIgniter.php(349): CodeIgniter\CodeIgniter->handleRequest(null, Object(Config\Cache), false)
 9 FCPATH\index.php(55): CodeIgniter\CodeIgniter->run()
10 SYSTEMPATH\Commands\Server\rewrite.php(43): require_once('FCPATH\\index.php')
ERROR - 2022-11-16 23:09:05 --> Error connecting to the database: Access denied for user ''@'localhost' (using password: NO)
CRITICAL - 2022-11-16 23:09:05 --> Unable to connect to the database.
Main connection [MySQLi]: Access denied for user ''@'localhost' (using password: NO)
in SYSTEMPATH\Database\BaseConnection.php on line 416.
 1 SYSTEMPATH\Database\BaseConnection.php(586): CodeIgniter\Database\BaseConnection->initialize()
 2 SYSTEMPATH\Database\BaseBuilder.php(1585): CodeIgniter\Database\BaseConnection->query('SELECT *
FROM `menu`', [], false)
 3 SYSTEMPATH\Model.php(222): CodeIgniter\Database\BaseBuilder->get()
 4 SYSTEMPATH\BaseModel.php(584): CodeIgniter\Model->doFindAll(0, 0)
 5 APPPATH\Controllers\kasir\Tambahmenu.php(16): CodeIgniter\BaseModel->findAll()
 6 SYSTEMPATH\CodeIgniter.php(896): App\Controllers\kasir\Tambahmenu->index()
 7 SYSTEMPATH\CodeIgniter.php(466): CodeIgniter\CodeIgniter->runController(Object(App\Controllers\kasir\Tambahmenu))
 8 SYSTEMPATH\CodeIgniter.php(349): CodeIgniter\CodeIgniter->handleRequest(null, Object(Config\Cache), false)
 9 FCPATH\index.php(55): CodeIgniter\CodeIgniter->run()
10 SYSTEMPATH\Commands\Server\rewrite.php(43): require_once('FCPATH\\index.php')
